[2026-04-29 14:44:20] [File: C:\xampp\htdocs\GCA-Production\portal\modules\reports\financial\transport-fees.php] [Line: 215] PHP DEPRECATED: htmlspecialchars(): Passing null to parameter #1 ($string) of type string is deprecated | User ID: 31 | URI: /portal/modules/reports/financial/transport-fees
[2026-04-29 14:44:20] [File: C:\xampp\htdocs\GCA-Production\portal\modules\reports\financial\transport-fees.php] [Line: 215] PHP DEPRECATED: htmlspecialchars(): Passing null to parameter #1 ($string) of type string is deprecated | User ID: 31 | URI: /portal/modules/reports/financial/transport-fees
[2026-04-29 14:44:20] [File: C:\xampp\htdocs\GCA-Production\portal\modules\reports\financial\transport-fees.php] [Line: 215] PHP DEPRECATED: htmlspecialchars(): Passing null to parameter #1 ($string) of type string is deprecated | User ID: 31 | URI: /portal/modules/reports/financial/transport-fees
[2026-04-29 14:44:20] [File: C:\xampp\htdocs\GCA-Production\portal\modules\reports\financial\transport-fees.php] [Line: 215] PHP DEPRECATED: htmlspecialchars(): Passing null to parameter #1 ($string) of type string is deprecated | User ID: 31 | URI: /portal/modules/reports/financial/transport-fees
[2026-04-29 14:44:24] [File: C:\xampp\htdocs\GCA-Production\portal\modules\reports\financial\transport-fees.php] [Line: 215] PHP DEPRECATED: htmlspecialchars(): Passing null to parameter #1 ($string) of type string is deprecated | User ID: 31 | URI: /portal/modules/reports/financial/transport-fees?search=&gender=&from_date=2026-04-01&to_date=2026-04-29
[2026-04-29 14:44:24] [File: C:\xampp\htdocs\GCA-Production\portal\modules\reports\financial\transport-fees.php] [Line: 215] PHP DEPRECATED: htmlspecialchars(): Passing null to parameter #1 ($string) of type string is deprecated | User ID: 31 | URI: /portal/modules/reports/financial/transport-fees?search=&gender=&from_date=2026-04-01&to_date=2026-04-29
[2026-04-29 14:44:24] [File: C:\xampp\htdocs\GCA-Production\portal\modules\reports\financial\transport-fees.php] [Line: 215] PHP DEPRECATED: htmlspecialchars(): Passing null to parameter #1 ($string) of type string is deprecated | User ID: 31 | URI: /portal/modules/reports/financial/transport-fees?search=&gender=&from_date=2026-04-01&to_date=2026-04-29
[2026-04-29 14:44:24] [File: C:\xampp\htdocs\GCA-Production\portal\modules\reports\financial\transport-fees.php] [Line: 215] PHP DEPRECATED: htmlspecialchars(): Passing null to parameter #1 ($string) of type string is deprecated | User ID: 31 | URI: /portal/modules/reports/financial/transport-fees?search=&gender=&from_date=2026-04-01&to_date=2026-04-29
[2026-04-29 14:44:38] [File: C:\xampp\htdocs\GCA-Production\portal\modules\reports\financial\transport-fees.php] [Line: 215] PHP DEPRECATED: htmlspecialchars(): Passing null to parameter #1 ($string) of type string is deprecated | User ID: 31 | URI: /portal/modules/reports/financial/transport-fees
[2026-04-29 14:44:38] [File: C:\xampp\htdocs\GCA-Production\portal\modules\reports\financial\transport-fees.php] [Line: 215] PHP DEPRECATED: htmlspecialchars(): Passing null to parameter #1 ($string) of type string is deprecated | User ID: 31 | URI: /portal/modules/reports/financial/transport-fees
[2026-04-29 14:44:38] [File: C:\xampp\htdocs\GCA-Production\portal\modules\reports\financial\transport-fees.php] [Line: 215] PHP DEPRECATED: htmlspecialchars(): Passing null to parameter #1 ($string) of type string is deprecated | User ID: 31 | URI: /portal/modules/reports/financial/transport-fees
[2026-04-29 14:44:38] [File: C:\xampp\htdocs\GCA-Production\portal\modules\reports\financial\transport-fees.php] [Line: 215] PHP DEPRECATED: htmlspecialchars(): Passing null to parameter #1 ($string) of type string is deprecated | User ID: 31 | URI: /portal/modules/reports/financial/transport-fees
[2026-04-29 15:13:08] Student login successful | Student ID: 1429 | Name: VELANI RAHI DIPESHKUMAR | IP: 127.0.0.1 | URI: /portal/modules/student-portal/student-login-process.php
[2026-04-29 15:51:07] Student login successful | Student ID: 1429 | Name: VELANI RAHI DIPESHKUMAR | IP: 172.69.166.116 | User ID: 31 | URI: /portal/modules/student-portal/student-login-process.php
[2026-04-29 15:53:07] Student login successful | Student ID: 1632 | Name: SOLANKI AUM MEHUL | IP: 172.69.166.116 | URI: /portal/modules/student-portal/student-login-process.php
[2026-04-29 15:56:00] Student login successful | Student ID: 1632 | Name: SOLANKI AUM MEHUL | IP: 127.0.0.1 | URI: /portal/modules/student-portal/student-login-process.php
[2026-04-29 15:57:08] Student login successful | Student ID: 1632 | Name: SOLANKI AUM MEHUL | IP: 172.69.166.117 | URI: /portal/modules/student-portal/student-login-process.php
[2026-04-29 16:00:29] Student login successful | Student ID: 1632 | Name: SOLANKI AUM MEHUL | IP: 172.69.166.117 | URI: /portal/modules/student-portal/student-login-process.php
[2026-04-29 16:02:03] [File: C:\xampp\htdocs\GCA-Production\portal\modules\establishment\docs.php] [Line: 206] PHP WARNING: Undefined array key "fathers_name" | User ID: 38 | URI: /portal/modules/establishment/docs?student_id=21&search=patel
[2026-04-29 16:04:59] Student login successful | Student ID: 1429 | Name: VELANI RAHI DIPESHKUMAR | IP: 127.0.0.1 | URI: /portal/modules/student-portal/student-login-process.php
[2026-04-29 17:07:36] Student login successful | Student ID: 1266 | Name: LAKHANI VARNI RAJESHBHAI | IP: 172.70.92.201 | User ID: 42 | URI: /dev/portal/modules/student-portal/student-login-process.php
[2026-04-29 18:05:03] [File: C:\xampp\htdocs\GCA-Production\portal\modules\reports\financial\transport-fees.php] [Line: 215] PHP DEPRECATED: htmlspecialchars(): Passing null to parameter #1 ($string) of type string is deprecated | User ID: 1 | URI: /portal/modules/reports/financial/transport-fees
[2026-04-29 18:05:03] [File: C:\xampp\htdocs\GCA-Production\portal\modules\reports\financial\transport-fees.php] [Line: 215] PHP DEPRECATED: htmlspecialchars(): Passing null to parameter #1 ($string) of type string is deprecated | User ID: 1 | URI: /portal/modules/reports/financial/transport-fees
[2026-04-29 18:05:03] [File: C:\xampp\htdocs\GCA-Production\portal\modules\reports\financial\transport-fees.php] [Line: 215] PHP DEPRECATED: htmlspecialchars(): Passing null to parameter #1 ($string) of type string is deprecated | User ID: 1 | URI: /portal/modules/reports/financial/transport-fees
[2026-04-29 18:05:03] [File: C:\xampp\htdocs\GCA-Production\portal\modules\reports\financial\transport-fees.php] [Line: 215] PHP DEPRECATED: htmlspecialchars(): Passing null to parameter #1 ($string) of type string is deprecated | User ID: 1 | URI: /portal/modules/reports/financial/transport-fees
[2026-04-29 18:05:05] [File: C:\xampp\htdocs\GCA-Production\portal\modules\reports\financial\transport-fees.php] [Line: 215] PHP DEPRECATED: htmlspecialchars(): Passing null to parameter #1 ($string) of type string is deprecated | User ID: 1 | URI: /portal/modules/reports/financial/transport-fees?&page=12
[2026-04-29 18:05:05] [File: C:\xampp\htdocs\GCA-Production\portal\modules\reports\financial\transport-fees.php] [Line: 215] PHP DEPRECATED: htmlspecialchars(): Passing null to parameter #1 ($string) of type string is deprecated | User ID: 1 | URI: /portal/modules/reports/financial/transport-fees?&page=12
[2026-04-29 18:05:05] [File: C:\xampp\htdocs\GCA-Production\portal\modules\reports\financial\transport-fees.php] [Line: 215] PHP DEPRECATED: htmlspecialchars(): Passing null to parameter #1 ($string) of type string is deprecated | User ID: 1 | URI: /portal/modules/reports/financial/transport-fees?&page=12
[2026-04-29 18:05:05] [File: C:\xampp\htdocs\GCA-Production\portal\modules\reports\financial\transport-fees.php] [Line: 215] PHP DEPRECATED: htmlspecialchars(): Passing null to parameter #1 ($string) of type string is deprecated | User ID: 1 | URI: /portal/modules/reports/financial/transport-fees?&page=12
[2026-04-29 18:05:05] [File: C:\xampp\htdocs\GCA-Production\portal\modules\reports\financial\transport-fees.php] [Line: 215] PHP DEPRECATED: htmlspecialchars(): Passing null to parameter #1 ($string) of type string is deprecated | User ID: 1 | URI: /portal/modules/reports/financial/transport-fees?&page=12
[2026-04-29 18:05:05] [File: C:\xampp\htdocs\GCA-Production\portal\modules\reports\financial\transport-fees.php] [Line: 215] PHP DEPRECATED: htmlspecialchars(): Passing null to parameter #1 ($string) of type string is deprecated | User ID: 1 | URI: /portal/modules/reports/financial/transport-fees?&page=12
[2026-04-29 18:05:08] [File: C:\xampp\htdocs\GCA-Production\portal\modules\reports\financial\transport-fees.php] [Line: 215] PHP DEPRECATED: htmlspecialchars(): Passing null to parameter #1 ($string) of type string is deprecated | User ID: 1 | URI: /portal/modules/reports/financial/transport-fees?&page=11
[2026-04-29 18:05:08] [File: C:\xampp\htdocs\GCA-Production\portal\modules\reports\financial\transport-fees.php] [Line: 215] PHP DEPRECATED: htmlspecialchars(): Passing null to parameter #1 ($string) of type string is deprecated | User ID: 1 | URI: /portal/modules/reports/financial/transport-fees?&page=11
[2026-04-29 18:05:08] [File: C:\xampp\htdocs\GCA-Production\portal\modules\reports\financial\transport-fees.php] [Line: 215] PHP DEPRECATED: htmlspecialchars(): Passing null to parameter #1 ($string) of type string is deprecated | User ID: 1 | URI: /portal/modules/reports/financial/transport-fees?&page=11
[2026-04-29 18:05:08] [File: C:\xampp\htdocs\GCA-Production\portal\modules\reports\financial\transport-fees.php] [Line: 215] PHP DEPRECATED: htmlspecialchars(): Passing null to parameter #1 ($string) of type string is deprecated | User ID: 1 | URI: /portal/modules/reports/financial/transport-fees?&page=11
[2026-04-29 18:05:08] [File: C:\xampp\htdocs\GCA-Production\portal\modules\reports\financial\transport-fees.php] [Line: 215] PHP DEPRECATED: htmlspecialchars(): Passing null to parameter #1 ($string) of type string is deprecated | User ID: 1 | URI: /portal/modules/reports/financial/transport-fees?&page=11
[2026-04-29 18:05:08] [File: C:\xampp\htdocs\GCA-Production\portal\modules\reports\financial\transport-fees.php] [Line: 215] PHP DEPRECATED: htmlspecialchars(): Passing null to parameter #1 ($string) of type string is deprecated | User ID: 1 | URI: /portal/modules/reports/financial/transport-fees?&page=11
[2026-04-29 18:05:08] [File: C:\xampp\htdocs\GCA-Production\portal\modules\reports\financial\transport-fees.php] [Line: 215] PHP DEPRECATED: htmlspecialchars(): Passing null to parameter #1 ($string) of type string is deprecated | User ID: 1 | URI: /portal/modules/reports/financial/transport-fees?&page=11
[2026-04-29 18:05:08] [File: C:\xampp\htdocs\GCA-Production\portal\modules\reports\financial\transport-fees.php] [Line: 215] PHP DEPRECATED: htmlspecialchars(): Passing null to parameter #1 ($string) of type string is deprecated | User ID: 1 | URI: /portal/modules/reports/financial/transport-fees?&page=11
[2026-04-29 18:05:08] [File: C:\xampp\htdocs\GCA-Production\portal\modules\reports\financial\transport-fees.php] [Line: 215] PHP DEPRECATED: htmlspecialchars(): Passing null to parameter #1 ($string) of type string is deprecated | User ID: 1 | URI: /portal/modules/reports/financial/transport-fees?&page=11
[2026-04-29 18:05:08] [File: C:\xampp\htdocs\GCA-Production\portal\modules\reports\financial\transport-fees.php] [Line: 215] PHP DEPRECATED: htmlspecialchars(): Passing null to parameter #1 ($string) of type string is deprecated | User ID: 1 | URI: /portal/modules/reports/financial/transport-fees?&page=11
