[2026-05-01 06:02:14] Student login successful | Student ID: 1471 | Name: BAMANIA DIRGH ANANDKUMAR | IP: 104.22.14.164 | URI: /portal/modules/student-portal/student-login-process.php
[2026-05-01 10:13:30] [File: C:\xampp\htdocs\GCA-Production\common\helpers\whatsapp_functions.php] [Line: 305] Uncaught Exception: syntax error, unexpected token "else", expecting end of file | Exception: syntax error, unexpected token "else", expecting end of file | Trace: #0 C:\xampp\htdocs\GCA-Production\portal\api\notifications.php(35): require_once()
#1 {main} | User ID: 31 | URI: /portal/api/notifications?action=list&limit=10
[2026-05-01 10:13:41] [File: C:\xampp\htdocs\GCA-Production\common\helpers\whatsapp_functions.php] [Line: 305] Uncaught Exception: syntax error, unexpected token "else", expecting end of file | Exception: syntax error, unexpected token "else", expecting end of file | Trace: #0 C:\xampp\htdocs\GCA-Production\portal\api\notifications.php(35): require_once()
#1 {main} | User ID: 1 | URI: /portal/api/notifications?action=count
[2026-05-01 10:13:47] [File: C:\xampp\htdocs\GCA-Production\common\helpers\whatsapp_functions.php] [Line: 305] Uncaught Exception: syntax error, unexpected token "else", expecting end of file | Exception: syntax error, unexpected token "else", expecting end of file | Trace: #0 C:\xampp\htdocs\GCA-Production\portal\api\notifications.php(35): require_once()
#1 {main} | User ID: 31 | URI: /portal/api/notifications?action=count
[2026-05-01 10:13:55] [File: C:\xampp\htdocs\GCA-Production\common\helpers\whatsapp_functions.php] [Line: 305] Uncaught Exception: syntax error, unexpected token "else", expecting end of file | Exception: syntax error, unexpected token "else", expecting end of file | Trace: #0 C:\xampp\htdocs\GCA-Production\portal\api\notifications.php(35): require_once()
#1 {main} | User ID: 31 | URI: /portal/api/notifications?action=list&limit=10
[2026-05-01 10:14:00] [File: C:\xampp\htdocs\GCA-Production\common\helpers\whatsapp_functions.php] [Line: 305] Uncaught Exception: syntax error, unexpected token "else", expecting end of file | Exception: syntax error, unexpected token "else", expecting end of file | Trace: #0 C:\xampp\htdocs\GCA-Production\portal\api\notifications.php(35): require_once()
#1 {main} | User ID: 31 | URI: /portal/api/notifications?action=count
[2026-05-01 10:14:00] [File: C:\xampp\htdocs\GCA-Production\common\helpers\whatsapp_functions.php] [Line: 305] Uncaught Exception: syntax error, unexpected token "else", expecting end of file | Exception: syntax error, unexpected token "else", expecting end of file | Trace: #0 C:\xampp\htdocs\GCA-Production\portal\api\notifications.php(35): require_once()
#1 {main} | User ID: 31 | URI: /portal/api/notifications?action=list&limit=10
[2026-05-01 10:14:10] [File: C:\xampp\htdocs\GCA-Production\common\helpers\whatsapp_functions.php] [Line: 305] Uncaught Exception: syntax error, unexpected token "else", expecting end of file | Exception: syntax error, unexpected token "else", expecting end of file | Trace: #0 C:\xampp\htdocs\GCA-Production\portal\api\notifications.php(35): require_once()
#1 {main} | User ID: 1 | URI: /portal/api/notifications?action=count
[2026-05-01 10:14:23] [File: C:\xampp\htdocs\GCA-Production\common\helpers\whatsapp_functions.php] [Line: 305] Uncaught Exception: syntax error, unexpected token "else", expecting end of file | Exception: syntax error, unexpected token "else", expecting end of file | Trace: #0 C:\xampp\htdocs\GCA-Production\portal\api\notifications.php(35): require_once()
#1 {main} | User ID: 31 | URI: /portal/api/notifications?action=list&limit=10
[2026-05-01 10:14:26] [File: C:\xampp\htdocs\GCA-Production\common\helpers\whatsapp_functions.php] [Line: 305] Uncaught Exception: syntax error, unexpected token "else", expecting end of file | Exception: syntax error, unexpected token "else", expecting end of file | Trace: #0 C:\xampp\htdocs\GCA-Production\portal\api\notifications.php(35): require_once()
#1 {main} | User ID: 31 | URI: /portal/api/notifications?action=list&limit=10
[2026-05-01 10:14:30] [File: C:\xampp\htdocs\GCA-Production\common\helpers\whatsapp_functions.php] [Line: 305] Uncaught Exception: syntax error, unexpected token "else", expecting end of file | Exception: syntax error, unexpected token "else", expecting end of file | Trace: #0 C:\xampp\htdocs\GCA-Production\portal\api\notifications.php(35): require_once()
#1 {main} | User ID: 31 | URI: /portal/api/notifications?action=count
[2026-05-01 10:14:38] [File: C:\xampp\htdocs\GCA-Production\common\helpers\whatsapp_functions.php] [Line: 305] Uncaught Exception: syntax error, unexpected token "else", expecting end of file | Exception: syntax error, unexpected token "else", expecting end of file | Trace: #0 C:\xampp\htdocs\GCA-Production\counselling-backend\index.php(412): require_once()
#1 {main} | User ID: 1 | URI: /counselling-backend/index.php?route=settings/whatsapp-templates&
[2026-05-01 10:14:38] [File: C:\xampp\htdocs\GCA-Production\common\helpers\whatsapp_functions.php] [Line: 305] Uncaught Exception: syntax error, unexpected token "else", expecting end of file | Exception: syntax error, unexpected token "else", expecting end of file | Trace: #0 C:\xampp\htdocs\GCA-Production\portal\api\notifications.php(35): require_once()
#1 {main} | User ID: 1 | URI: /portal/api/notifications?action=list&limit=10
[2026-05-01 10:14:50] [File: C:\xampp\htdocs\GCA-Production\common\helpers\whatsapp_functions.php] [Line: 322] Uncaught Exception: syntax error, unexpected token "else", expecting end of file | Exception: syntax error, unexpected token "else", expecting end of file | Trace: #0 C:\xampp\htdocs\GCA-Production\counselling-backend\index.php(412): require_once()
#1 {main} | User ID: 1 | URI: /counselling-backend/index.php?route=settings/whatsapp-templates&
[2026-05-01 10:14:50] [File: C:\xampp\htdocs\GCA-Production\common\helpers\whatsapp_functions.php] [Line: 322] Uncaught Exception: syntax error, unexpected token "else", expecting end of file | Exception: syntax error, unexpected token "else", expecting end of file | Trace: #0 C:\xampp\htdocs\GCA-Production\portal\api\notifications.php(35): require_once()
#1 {main} | User ID: 1 | URI: /portal/api/notifications?action=list&limit=10
[2026-05-01 10:14:51] [File: C:\xampp\htdocs\GCA-Production\common\helpers\whatsapp_functions.php] [Line: 322] Uncaught Exception: syntax error, unexpected token "else", expecting end of file | Exception: syntax error, unexpected token "else", expecting end of file | Trace: #0 C:\xampp\htdocs\GCA-Production\counselling-backend\index.php(412): require_once()
#1 {main} | User ID: 31 | URI: /counselling-backend/index.php?route=payments/payment-save
[2026-05-01 10:14:53] [File: C:\xampp\htdocs\GCA-Production\common\helpers\whatsapp_functions.php] [Line: 322] Uncaught Exception: syntax error, unexpected token "else", expecting end of file | Exception: syntax error, unexpected token "else", expecting end of file | Trace: #0 C:\xampp\htdocs\GCA-Production\counselling-backend\index.php(412): require_once()
#1 {main} | User ID: 1 | URI: /counselling-backend/index.php?route=settings/whatsapp-templates&
[2026-05-01 10:14:53] [File: C:\xampp\htdocs\GCA-Production\common\helpers\whatsapp_functions.php] [Line: 322] Uncaught Exception: syntax error, unexpected token "else", expecting end of file | Exception: syntax error, unexpected token "else", expecting end of file | Trace: #0 C:\xampp\htdocs\GCA-Production\portal\api\notifications.php(35): require_once()
#1 {main} | User ID: 1 | URI: /portal/api/notifications?action=list&limit=10
[2026-05-01 10:14:56] [File: C:\xampp\htdocs\GCA-Production\common\helpers\whatsapp_functions.php] [Line: 322] Uncaught Exception: syntax error, unexpected token "else", expecting end of file | Exception: syntax error, unexpected token "else", expecting end of file | Trace: #0 C:\xampp\htdocs\GCA-Production\portal\api\notifications.php(35): require_once()
#1 {main} | User ID: 31 | URI: /portal/api/notifications?action=count
[2026-05-01 10:15:00] [File: C:\xampp\htdocs\GCA-Production\common\helpers\whatsapp_functions.php] [Line: 322] Uncaught Exception: syntax error, unexpected token "else", expecting end of file | Exception: syntax error, unexpected token "else", expecting end of file | Trace: #0 C:\xampp\htdocs\GCA-Production\portal\api\notifications.php(35): require_once()
#1 {main} | User ID: 31 | URI: /portal/api/notifications?action=count
[2026-05-01 10:15:05] [File: C:\xampp\htdocs\GCA-Production\common\helpers\whatsapp_functions.php] [Line: 322] Uncaught Exception: syntax error, unexpected token "else", expecting end of file | Exception: syntax error, unexpected token "else", expecting end of file | Trace: #0 C:\xampp\htdocs\GCA-Production\counselling-backend\index.php(412): require_once()
#1 {main} | User ID: 1 | URI: /counselling-backend/index.php?route=settings/whatsapp-templates&
[2026-05-01 10:15:05] [File: C:\xampp\htdocs\GCA-Production\common\helpers\whatsapp_functions.php] [Line: 322] Uncaught Exception: syntax error, unexpected token "else", expecting end of file | Exception: syntax error, unexpected token "else", expecting end of file | Trace: #0 C:\xampp\htdocs\GCA-Production\portal\api\notifications.php(35): require_once()
#1 {main} | User ID: 1 | URI: /portal/api/notifications?action=list&limit=10
[2026-05-01 10:15:24] [File: C:\xampp\htdocs\GCA-Production\common\helpers\whatsapp_functions.php] [Line: 322] Uncaught Exception: syntax error, unexpected token "else", expecting end of file | Exception: syntax error, unexpected token "else", expecting end of file | Trace: #0 C:\xampp\htdocs\GCA-Production\counselling-backend\index.php(412): require_once()
#1 {main} | User ID: 31 | URI: /counselling-backend/index.php?route=payments/payment-save
[2026-05-01 10:15:26] [File: C:\xampp\htdocs\GCA-Production\common\helpers\whatsapp_functions.php] [Line: 322] Uncaught Exception: syntax error, unexpected token "else", expecting end of file | Exception: syntax error, unexpected token "else", expecting end of file | Trace: #0 C:\xampp\htdocs\GCA-Production\portal\api\notifications.php(35): require_once()
#1 {main} | User ID: 31 | URI: /portal/api/notifications?action=count
[2026-05-01 10:15:30] [File: C:\xampp\htdocs\GCA-Production\common\helpers\whatsapp_functions.php] [Line: 322] Uncaught Exception: syntax error, unexpected token "else", expecting end of file | Exception: syntax error, unexpected token "else", expecting end of file | Trace: #0 C:\xampp\htdocs\GCA-Production\portal\api\notifications.php(35): require_once()
#1 {main} | User ID: 31 | URI: /portal/api/notifications?action=count
[2026-05-01 10:15:34] [File: C:\xampp\htdocs\GCA-Production\common\helpers\whatsapp_functions.php] [Line: 322] Uncaught Exception: syntax error, unexpected token "else", expecting end of file | Exception: syntax error, unexpected token "else", expecting end of file | Trace: #0 C:\xampp\htdocs\GCA-Production\portal\api\notifications.php(35): require_once()
#1 {main} | User ID: 1 | URI: /portal/api/notifications?action=count
[2026-05-01 10:26:01] [File: C:\xampp\htdocs\GCA-Production\brain\15418e89-c6ad-4c7d-b37a-f9e76cb5a2ea\scratch\test_all_templates.php] [Line: 73] Uncaught Exception: Call to undefined function getWhatsAppConfig() | Exception: Call to undefined function getWhatsAppConfig() | Trace: #0 {main}
[2026-05-01 11:12:40] Student login failed - Invalid captcha | Aadhaar: 982493672816 | IP: 104.22.14.164 | URI: /portal/modules/student-portal/student-login-process.php
[2026-05-01 11:13:40] Student login successful | Student ID: 1471 | Name: BAMANIA DIRGH ANANDKUMAR | IP: 104.22.14.165 | URI: /portal/modules/student-portal/student-login-process.php
[2026-05-01 11:18:36] Student login successful | Student ID: 1471 | Name: BAMANIA DIRGH ANANDKUMAR | IP: 104.22.14.165 | URI: /portal/modules/student-portal/student-login-process.php
[2026-05-01 11:52:01] Student login successful | Student ID: 2253 | Name: KHANT SHIV HIRENBHAI | IP: 172.68.242.83 | URI: /portal/modules/student-portal/student-login-process.php
[2026-05-01 14:36:21] Student login successful | Student ID: 1489 | Name: KURKUTIYA JAINIS NARESHBHAI | IP: 172.68.242.82 | URI: /portal/modules/student-portal/student-login-process.php
[2026-05-01 14:42:18] Student login successful | Student ID: 1489 | Name: KURKUTIYA JAINIS NARESHBHAI | IP: 104.23.175.226 | URI: /portal/modules/student-portal/student-login-process.php
