[2026-05-15 11:28:59] INFO: WhatsApp BhashSMS sent successfully to 9979008485. Template: feepaymentsuccess_002.
Variables Sent:
  Var 1: JADAV VISHVAJITSINH JAYENDRASINH
  Var 2: 95440
  Var 3: Cash
  Var 4: <52,318,301>
  Var 5: 15-May-2026
 Message ID: S.574555
API URL: http://bhashsms.com/api/sendmsgutil.php?user=GYANMANJARI_CAREER&pass=********&sender=BUZWAP&phone=9979008485&text=feepaymentsuccess_002&priority=wa&stype=normal&Params=JADAV%20VISHVAJITSINH%20JAYENDRASINH%2C95440%2CCash%2C%3C52%2C318%2C301%3E%2C15-May-2026
--------------------------------------------------

[2026-05-15 11:29:04] INFO: WhatsApp BhashSMS sent successfully to 9998994020. Template: feepaymentsuccess_002.
Variables Sent:
  Var 1: JADAV VISHVAJITSINH JAYENDRASINH
  Var 2: 95440
  Var 3: Cash
  Var 4: <52,318,301>
  Var 5: 15-May-2026
 Message ID: S.767212
API URL: http://bhashsms.com/api/sendmsgutil.php?user=GYANMANJARI_CAREER&pass=********&sender=BUZWAP&phone=9998994020&text=feepaymentsuccess_002&priority=wa&stype=normal&Params=JADAV%20VISHVAJITSINH%20JAYENDRASINH%2C95440%2CCash%2C%3C52%2C318%2C301%3E%2C15-May-2026
--------------------------------------------------

[2026-05-15 11:29:04] INFO: WhatsApp Template message sent successfully to 9979008485. Provider: bhashsms
[2026-05-15 12:31:50] INFO: WhatsApp BhashSMS sent successfully to 9879388076. Template: feepaymentsuccess_002.
Variables Sent:
  Var 1: KRISHNA
  Var 2: 95440
  Var 3: Online
  Var 4: <253,320,303>
  Var 5: 15-May-2026
 Message ID: S.499329
API URL: http://bhashsms.com/api/sendmsgutil.php?user=GYANMANJARI_CAREER&pass=********&sender=BUZWAP&phone=9879388076&text=feepaymentsuccess_002&priority=wa&stype=normal&Params=KRISHNA%2C95440%2COnline%2C%3C253%2C320%2C303%3E%2C15-May-2026
--------------------------------------------------

[2026-05-15 12:31:53] INFO: WhatsApp BhashSMS sent successfully to 9998994020. Template: feepaymentsuccess_002.
Variables Sent:
  Var 1: KRISHNA
  Var 2: 95440
  Var 3: Online
  Var 4: <253,320,303>
  Var 5: 15-May-2026
 Message ID: S.880768
API URL: http://bhashsms.com/api/sendmsgutil.php?user=GYANMANJARI_CAREER&pass=********&sender=BUZWAP&phone=9998994020&text=feepaymentsuccess_002&priority=wa&stype=normal&Params=KRISHNA%2C95440%2COnline%2C%3C253%2C320%2C303%3E%2C15-May-2026
--------------------------------------------------

[2026-05-15 12:31:53] INFO: WhatsApp Template message sent successfully to 9879388076. Provider: bhashsms
[2026-05-15 13:32:16] INFO: WhatsApp BhashSMS sent successfully to 9924068580. Template: feepaymentsuccess_002.
Variables Sent:
  Var 1: SHUKLA DEVANGEEBEN DHARMENDRAKUMAR
  Var 2: 95440
  Var 3: Cash
  Var 4: <254,321,304>
  Var 5: 15-May-2026
 Message ID: S.831574
API URL: http://bhashsms.com/api/sendmsgutil.php?user=GYANMANJARI_CAREER&pass=********&sender=BUZWAP&phone=9924068580&text=feepaymentsuccess_002&priority=wa&stype=normal&Params=SHUKLA%20DEVANGEEBEN%20DHARMENDRAKUMAR%2C95440%2CCash%2C%3C254%2C321%2C304%3E%2C15-May-2026
--------------------------------------------------

[2026-05-15 13:32:17] INFO: WhatsApp BhashSMS sent successfully to 9998994020. Template: feepaymentsuccess_002.
Variables Sent:
  Var 1: SHUKLA DEVANGEEBEN DHARMENDRAKUMAR
  Var 2: 95440
  Var 3: Cash
  Var 4: <254,321,304>
  Var 5: 15-May-2026
 Message ID: S.537964
API URL: http://bhashsms.com/api/sendmsgutil.php?user=GYANMANJARI_CAREER&pass=********&sender=BUZWAP&phone=9998994020&text=feepaymentsuccess_002&priority=wa&stype=normal&Params=SHUKLA%20DEVANGEEBEN%20DHARMENDRAKUMAR%2C95440%2CCash%2C%3C254%2C321%2C304%3E%2C15-May-2026
--------------------------------------------------

[2026-05-15 13:32:17] INFO: WhatsApp Template message sent successfully to 9924068580. Provider: bhashsms
[2026-05-15 13:49:57] INFO: WhatsApp BhashSMS sent successfully to 9925026674. Template: feepaymentsuccess_002.
Variables Sent:
  Var 1: HADIYA MANSI BHARATBHAI
  Var 2: 21600
  Var 3: Cash
  Var 4: 51
  Var 5: 15-May-2026
 Message ID: S.727601
API URL: http://bhashsms.com/api/sendmsgutil.php?user=GYANMANJARI_CAREER&pass=********&sender=BUZWAP&phone=9925026674&text=feepaymentsuccess_002&priority=wa&stype=normal&Params=HADIYA%20MANSI%20BHARATBHAI%2C21600%2CCash%2C51%2C15-May-2026
--------------------------------------------------

[2026-05-15 13:49:58] INFO: WhatsApp BhashSMS sent successfully to 9998994020. Template: feepaymentsuccess_002.
Variables Sent:
  Var 1: HADIYA MANSI BHARATBHAI
  Var 2: 21600
  Var 3: Cash
  Var 4: 51
  Var 5: 15-May-2026
 Message ID: S.57557
API URL: http://bhashsms.com/api/sendmsgutil.php?user=GYANMANJARI_CAREER&pass=********&sender=BUZWAP&phone=9998994020&text=feepaymentsuccess_002&priority=wa&stype=normal&Params=HADIYA%20MANSI%20BHARATBHAI%2C21600%2CCash%2C51%2C15-May-2026
--------------------------------------------------

[2026-05-15 13:49:58] INFO: WhatsApp Template message sent successfully to 9925026674. Provider: bhashsms
[2026-05-15 14:28:45] INFO: WhatsApp BhashSMS sent successfully to 6353528824. Template: feepaymentsuccess_002.
Variables Sent:
  Var 1: ANGEL
  Var 2: 95440
  Var 3: Online
  Var 4: <53,322,305>
  Var 5: 15-May-2026
 Message ID: S.446778
API URL: http://bhashsms.com/api/sendmsgutil.php?user=GYANMANJARI_CAREER&pass=********&sender=BUZWAP&phone=6353528824&text=feepaymentsuccess_002&priority=wa&stype=normal&Params=ANGEL%2C95440%2COnline%2C%3C53%2C322%2C305%3E%2C15-May-2026
--------------------------------------------------

[2026-05-15 14:28:46] INFO: WhatsApp BhashSMS sent successfully to 9998994020. Template: feepaymentsuccess_002.
Variables Sent:
  Var 1: ANGEL
  Var 2: 95440
  Var 3: Online
  Var 4: <53,322,305>
  Var 5: 15-May-2026
 Message ID: S.830964
API URL: http://bhashsms.com/api/sendmsgutil.php?user=GYANMANJARI_CAREER&pass=********&sender=BUZWAP&phone=9998994020&text=feepaymentsuccess_002&priority=wa&stype=normal&Params=ANGEL%2C95440%2COnline%2C%3C53%2C322%2C305%3E%2C15-May-2026
--------------------------------------------------

[2026-05-15 14:28:46] INFO: WhatsApp Template message sent successfully to 6353528824. Provider: bhashsms
[2026-05-15 14:31:54] INFO: WhatsApp BhashSMS sent successfully to 9687591902. Template: feepaymentsuccess_002.
Variables Sent:
  Var 1: HARSHITKUMAR
  Var 2: 15000
  Var 3: Online
  Var 4: 54
  Var 5: 15-May-2026
 Message ID: S.773133
API URL: http://bhashsms.com/api/sendmsgutil.php?user=GYANMANJARI_CAREER&pass=********&sender=BUZWAP&phone=9687591902&text=feepaymentsuccess_002&priority=wa&stype=normal&Params=HARSHITKUMAR%2C15000%2COnline%2C54%2C15-May-2026
--------------------------------------------------

[2026-05-15 14:31:55] INFO: WhatsApp BhashSMS sent successfully to 9998994020. Template: feepaymentsuccess_002.
Variables Sent:
  Var 1: HARSHITKUMAR
  Var 2: 15000
  Var 3: Online
  Var 4: 54
  Var 5: 15-May-2026
 Message ID: S.368409
API URL: http://bhashsms.com/api/sendmsgutil.php?user=GYANMANJARI_CAREER&pass=********&sender=BUZWAP&phone=9998994020&text=feepaymentsuccess_002&priority=wa&stype=normal&Params=HARSHITKUMAR%2C15000%2COnline%2C54%2C15-May-2026
--------------------------------------------------

[2026-05-15 14:31:55] INFO: WhatsApp Template message sent successfully to 9687591902. Provider: bhashsms
[2026-05-15 14:33:38] INFO: WhatsApp BhashSMS sent successfully to 9687591902. Template: feepaymentsuccess_002.
Variables Sent:
  Var 1: HARSHITKUMAR
  Var 2: 12000
  Var 3: Online
  Var 4: 323
  Var 5: 15-May-2026
 Message ID: S.884430
API URL: http://bhashsms.com/api/sendmsgutil.php?user=GYANMANJARI_CAREER&pass=********&sender=BUZWAP&phone=9687591902&text=feepaymentsuccess_002&priority=wa&stype=normal&Params=HARSHITKUMAR%2C12000%2COnline%2C323%2C15-May-2026
--------------------------------------------------

[2026-05-15 14:33:39] INFO: WhatsApp BhashSMS sent successfully to 9998994020. Template: feepaymentsuccess_002.
Variables Sent:
  Var 1: HARSHITKUMAR
  Var 2: 12000
  Var 3: Online
  Var 4: 323
  Var 5: 15-May-2026
 Message ID: S.762757
API URL: http://bhashsms.com/api/sendmsgutil.php?user=GYANMANJARI_CAREER&pass=********&sender=BUZWAP&phone=9998994020&text=feepaymentsuccess_002&priority=wa&stype=normal&Params=HARSHITKUMAR%2C12000%2COnline%2C323%2C15-May-2026
--------------------------------------------------

[2026-05-15 14:33:39] INFO: WhatsApp Template message sent successfully to 9687591902. Provider: bhashsms
[2026-05-15 15:22:43] INFO: WhatsApp BhashSMS sent successfully to 9601633900. Template: feepaymentsuccess_002.
Variables Sent:
  Var 1: BAGATHARIYA YAGNA SHAILESHBHAI
  Var 2: 10000
  Var 3: Cash
  Var 4: 93
  Var 5: 31-Mar-2026
 Message ID: S.755616
API URL: http://bhashsms.com/api/sendmsgutil.php?user=GYANMANJARI_CAREER&pass=********&sender=BUZWAP&phone=9601633900&text=feepaymentsuccess_002&priority=wa&stype=normal&Params=BAGATHARIYA%20YAGNA%20SHAILESHBHAI%2C10000%2CCash%2C93%2C31-Mar-2026
--------------------------------------------------

[2026-05-15 15:22:44] INFO: WhatsApp BhashSMS sent successfully to 9998994020. Template: feepaymentsuccess_002.
Variables Sent:
  Var 1: BAGATHARIYA YAGNA SHAILESHBHAI
  Var 2: 10000
  Var 3: Cash
  Var 4: 93
  Var 5: 31-Mar-2026
 Message ID: S.676056
API URL: http://bhashsms.com/api/sendmsgutil.php?user=GYANMANJARI_CAREER&pass=********&sender=BUZWAP&phone=9998994020&text=feepaymentsuccess_002&priority=wa&stype=normal&Params=BAGATHARIYA%20YAGNA%20SHAILESHBHAI%2C10000%2CCash%2C93%2C31-Mar-2026
--------------------------------------------------

[2026-05-15 15:22:44] INFO: WhatsApp Template message sent successfully to 9601633900. Provider: bhashsms
[2026-05-15 16:33:24] INFO: WhatsApp BhashSMS sent successfully to 9428796646. Template: feepaymentsuccess_002.
Variables Sent:
  Var 1: PRASUN
  Var 2: 95440
  Var 3: Online
  Var 4: <255,324,306>
  Var 5: 15-May-2026
 Message ID: S.468445
API URL: http://bhashsms.com/api/sendmsgutil.php?user=GYANMANJARI_CAREER&pass=********&sender=BUZWAP&phone=9428796646&text=feepaymentsuccess_002&priority=wa&stype=normal&Params=PRASUN%2C95440%2COnline%2C%3C255%2C324%2C306%3E%2C15-May-2026
--------------------------------------------------

[2026-05-15 16:33:24] INFO: WhatsApp BhashSMS sent successfully to 9998994020. Template: feepaymentsuccess_002.
Variables Sent:
  Var 1: PRASUN
  Var 2: 95440
  Var 3: Online
  Var 4: <255,324,306>
  Var 5: 15-May-2026
 Message ID: S.343476
API URL: http://bhashsms.com/api/sendmsgutil.php?user=GYANMANJARI_CAREER&pass=********&sender=BUZWAP&phone=9998994020&text=feepaymentsuccess_002&priority=wa&stype=normal&Params=PRASUN%2C95440%2COnline%2C%3C255%2C324%2C306%3E%2C15-May-2026
--------------------------------------------------

[2026-05-15 16:33:24] INFO: WhatsApp Template message sent successfully to 9428796646. Provider: bhashsms
[2026-05-15 16:49:02] INFO: WhatsApp BhashSMS sent successfully to 9879055103. Template: feepaymentsuccess_002.
Variables Sent:
  Var 1: PANDYA KRISHA GAURANGBHAI
  Var 2: 95440
  Var 3: Cheque
  Var 4: <256,325,307>
  Var 5: 15-May-2026
 Message ID: S.412781
API URL: http://bhashsms.com/api/sendmsgutil.php?user=GYANMANJARI_CAREER&pass=********&sender=BUZWAP&phone=9879055103&text=feepaymentsuccess_002&priority=wa&stype=normal&Params=PANDYA%20KRISHA%20GAURANGBHAI%2C95440%2CCheque%2C%3C256%2C325%2C307%3E%2C15-May-2026
--------------------------------------------------

[2026-05-15 16:49:03] INFO: WhatsApp BhashSMS sent successfully to 9998994020. Template: feepaymentsuccess_002.
Variables Sent:
  Var 1: PANDYA KRISHA GAURANGBHAI
  Var 2: 95440
  Var 3: Cheque
  Var 4: <256,325,307>
  Var 5: 15-May-2026
 Message ID: S.766846
API URL: http://bhashsms.com/api/sendmsgutil.php?user=GYANMANJARI_CAREER&pass=********&sender=BUZWAP&phone=9998994020&text=feepaymentsuccess_002&priority=wa&stype=normal&Params=PANDYA%20KRISHA%20GAURANGBHAI%2C95440%2CCheque%2C%3C256%2C325%2C307%3E%2C15-May-2026
--------------------------------------------------

[2026-05-15 16:49:03] INFO: WhatsApp Template message sent successfully to 9879055103. Provider: bhashsms
[2026-05-15 19:42:22] INFO: WhatsApp BhashSMS sent successfully to 8849709877. Template: feepaymentsuccess_002.
Variables Sent:
  Var 1: RIDHIKA
  Var 2: 15000
  Var 3: Online
  Var 4: 55
  Var 5: 15-May-2026
 Message ID: S.234498
API URL: http://bhashsms.com/api/sendmsgutil.php?user=GYANMANJARI_CAREER&pass=********&sender=BUZWAP&phone=8849709877&text=feepaymentsuccess_002&priority=wa&stype=normal&Params=RIDHIKA%2C15000%2COnline%2C55%2C15-May-2026
--------------------------------------------------

[2026-05-15 19:42:22] INFO: WhatsApp BhashSMS sent successfully to 9998994020. Template: feepaymentsuccess_002.
Variables Sent:
  Var 1: RIDHIKA
  Var 2: 15000
  Var 3: Online
  Var 4: 55
  Var 5: 15-May-2026
 Message ID: S.308625
API URL: http://bhashsms.com/api/sendmsgutil.php?user=GYANMANJARI_CAREER&pass=********&sender=BUZWAP&phone=9998994020&text=feepaymentsuccess_002&priority=wa&stype=normal&Params=RIDHIKA%2C15000%2COnline%2C55%2C15-May-2026
--------------------------------------------------

[2026-05-15 19:42:22] INFO: WhatsApp Template message sent successfully to 8849709877. Provider: bhashsms
