[2026-05-07 09:25:52] INFO: WhatsApp BhashSMS sent successfully to 9824927128. Template: feepaymentsuccess_002. Message ID: S.469544
[2026-05-07 09:25:52] INFO: WhatsApp Template message sent successfully to 9824927128. Provider: bhashsms
[2026-05-07 09:25:52] INFO: WhatsApp BhashSMS sent successfully to 7990965567. Template: feepaymentsuccess_002. Message ID: S.989808
[2026-05-07 09:25:52] INFO: WhatsApp Template message sent successfully to 7990965567. Provider: bhashsms
[2026-05-07 09:28:25] INFO: WhatsApp BhashSMS sent successfully to 9427285268. Template: feepaymentsuccess_002. Message ID: S.740174
[2026-05-07 09:28:25] INFO: WhatsApp Template message sent successfully to 9427285268. Provider: bhashsms
[2026-05-07 09:28:26] INFO: WhatsApp BhashSMS sent successfully to 7990965567. Template: feepaymentsuccess_002. Message ID: S.606507
[2026-05-07 09:28:26] INFO: WhatsApp Template message sent successfully to 7990965567. Provider: bhashsms
[2026-05-07 10:01:35] INFO: WhatsApp BhashSMS sent successfully to 9427560546. Template: feepaymentsuccess_002. Message ID: S.451325
[2026-05-07 10:01:35] INFO: WhatsApp Template message sent successfully to 9427560546. Provider: bhashsms
[2026-05-07 10:01:35] INFO: WhatsApp BhashSMS sent successfully to 7990965567. Template: feepaymentsuccess_002. Message ID: S.261628
[2026-05-07 10:01:35] INFO: WhatsApp Template message sent successfully to 7990965567. Provider: bhashsms
[2026-05-07 10:24:53] INFO: WhatsApp BhashSMS sent successfully to 7436044629. Template: dy_msg_001. Message ID: S.986420
[2026-05-07 10:24:53] INFO: WhatsApp Template message sent successfully to 7436044629. Provider: bhashsms
[2026-05-07 10:25:31] INFO: WhatsApp BhashSMS sent successfully to 7990965567. Template: dy_msg_001. Message ID: S.642975
[2026-05-07 10:25:31] INFO: WhatsApp Template message sent successfully to 7990965567. Provider: bhashsms
[2026-05-07 10:25:45] INFO: WhatsApp BhashSMS sent successfully to 7990965567. Template: dy_msg_001. Message ID: S.49286
[2026-05-07 10:25:45] INFO: WhatsApp Template message sent successfully to 7990965567. Provider: bhashsms
[2026-05-07 10:26:28] INFO: WhatsApp BhashSMS sent successfully to 7990965567. Template: dy_msg_001. Message ID: S.605378
[2026-05-07 10:26:28] INFO: WhatsApp Template message sent successfully to 7990965567. Provider: bhashsms
[2026-05-07 10:27:02] INFO: WhatsApp BhashSMS sent successfully to 9737324584. Template: dy_msg_001. Message ID: S.335572
[2026-05-07 10:27:02] INFO: WhatsApp Template message sent successfully to 9737324584. Provider: bhashsms
[2026-05-07 10:27:27] INFO: WhatsApp BhashSMS sent successfully to 7436944629. Template: dy_msg_001. Message ID: S.458100
[2026-05-07 10:27:27] INFO: WhatsApp Template message sent successfully to 7436944629. Provider: bhashsms
[2026-05-07 10:28:08] INFO: WhatsApp BhashSMS sent successfully to 7436044629. Template: dy_msg_001. Message ID: S.337403
[2026-05-07 10:28:08] INFO: WhatsApp Template message sent successfully to 7436044629. Provider: bhashsms
[2026-05-07 10:31:49] INFO: WhatsApp BhashSMS sent successfully to 9408967969. Template: feepaymentsuccess_002. Message ID: S.8179
[2026-05-07 10:31:49] INFO: WhatsApp Template message sent successfully to 9408967969. Provider: bhashsms
[2026-05-07 10:31:53] INFO: WhatsApp BhashSMS sent successfully to 7990965567. Template: feepaymentsuccess_002. Message ID: S.348145
[2026-05-07 10:31:53] INFO: WhatsApp Template message sent successfully to 7990965567. Provider: bhashsms
[2026-05-07 10:35:16] INFO: WhatsApp BhashSMS sent successfully to 9537618742. Template: feepaymentsuccess_002. Message ID: S.602021
[2026-05-07 10:35:16] INFO: WhatsApp Template message sent successfully to 9537618742. Provider: bhashsms
[2026-05-07 10:35:18] INFO: WhatsApp BhashSMS sent successfully to 7990965567. Template: feepaymentsuccess_002. Message ID: S.636536
[2026-05-07 10:35:18] INFO: WhatsApp Template message sent successfully to 7990965567. Provider: bhashsms
[2026-05-07 12:03:01] INFO: WhatsApp BhashSMS sent successfully to 9427260365. Template: feepaymentsuccess_002. Message ID: S.584931
[2026-05-07 12:03:01] INFO: WhatsApp Template message sent successfully to 9427260365. Provider: bhashsms
[2026-05-07 12:03:02] INFO: WhatsApp BhashSMS sent successfully to 7990965567. Template: feepaymentsuccess_002. Message ID: S.563172
[2026-05-07 12:03:02] INFO: WhatsApp Template message sent successfully to 7990965567. Provider: bhashsms
[2026-05-07 12:32:39] INFO: WhatsApp BhashSMS sent successfully to 9898743933. Template: feepaymentsuccess_002. Message ID: S.788971
[2026-05-07 12:32:39] INFO: WhatsApp Template message sent successfully to 9898743933. Provider: bhashsms
[2026-05-07 12:32:40] INFO: WhatsApp BhashSMS sent successfully to 7990965567. Template: feepaymentsuccess_002. Message ID: S.551575
[2026-05-07 12:32:40] INFO: WhatsApp Template message sent successfully to 7990965567. Provider: bhashsms
[2026-05-07 13:15:57] INFO: WhatsApp BhashSMS sent successfully to 7990516323. Template: feepaymentsuccess_002. Message ID: S.228699
[2026-05-07 13:15:57] INFO: WhatsApp Template message sent successfully to 7990516323. Provider: bhashsms
[2026-05-07 13:15:58] INFO: WhatsApp BhashSMS sent successfully to 7990965567. Template: feepaymentsuccess_002. Message ID: S.868500
[2026-05-07 13:15:58] INFO: WhatsApp Template message sent successfully to 7990965567. Provider: bhashsms
[2026-05-07 13:21:16] INFO: WhatsApp BhashSMS sent successfully to 9998994030. Template: parent_update_not. Message ID: S.178376
[2026-05-07 13:21:16] INFO: WhatsApp Template message sent successfully to 9998994030. Provider: bhashsms
[2026-05-07 13:21:26] INFO: WhatsApp BhashSMS sent successfully to 743604629. Template: parent_update_not. Message ID: S.139039
[2026-05-07 13:21:26] INFO: WhatsApp Template message sent successfully to 743604629. Provider: bhashsms
[2026-05-07 13:21:33] INFO: WhatsApp BhashSMS sent successfully to 7436044629. Template: parent_update_not. Message ID: S.195099
[2026-05-07 13:21:33] INFO: WhatsApp Template message sent successfully to 7436044629. Provider: bhashsms
[2026-05-07 13:52:47] INFO: WhatsApp BhashSMS sent successfully to 7436044629. Template: parent_update_not. Message ID: S.586426
[2026-05-07 13:52:47] INFO: WhatsApp Template message sent successfully to 7436044629. Provider: bhashsms
[2026-05-07 13:52:48] INFO: WhatsApp BhashSMS sent successfully to 7990965567. Template: parent_update_not. Message ID: S.739289
[2026-05-07 13:52:48] INFO: WhatsApp Template message sent successfully to 7990965567. Provider: bhashsms
[2026-05-07 13:52:50] INFO: WhatsApp BhashSMS sent successfully to 9998994030. Template: parent_update_not. Message ID: S.813355
[2026-05-07 13:52:50] INFO: WhatsApp Template message sent successfully to 9998994030. Provider: bhashsms
[2026-05-07 13:52:51] INFO: WhatsApp BhashSMS sent successfully to 9998994020. Template: parent_update_not. Message ID: S.11628
[2026-05-07 13:52:51] INFO: WhatsApp Template message sent successfully to 9998994020. Provider: bhashsms
[2026-05-07 14:00:14] INFO: WhatsApp BhashSMS sent successfully to 7436044629. Template: parent_update_not. Message ID: S.965119
[2026-05-07 14:00:14] INFO: WhatsApp Template message sent successfully to 7436044629. Provider: bhashsms
[2026-05-07 14:00:16] INFO: WhatsApp BhashSMS sent successfully to 7990965567. Template: parent_update_not. Message ID: S.59021
[2026-05-07 14:00:16] INFO: WhatsApp Template message sent successfully to 7990965567. Provider: bhashsms
[2026-05-07 14:00:17] INFO: WhatsApp BhashSMS sent successfully to 9998994030. Template: parent_update_not. Message ID: S.896302
[2026-05-07 14:00:17] INFO: WhatsApp Template message sent successfully to 9998994030. Provider: bhashsms
[2026-05-07 14:00:19] INFO: WhatsApp BhashSMS sent successfully to 9998994020. Template: parent_update_not. Message ID: S.130097
[2026-05-07 14:00:19] INFO: WhatsApp Template message sent successfully to 9998994020. Provider: bhashsms
[2026-05-07 14:02:16] INFO: WhatsApp BhashSMS sent successfully to 7436044629. Template: parent_update_not. Message ID: S.284241
[2026-05-07 14:02:16] INFO: WhatsApp Template message sent successfully to 7436044629. Provider: bhashsms
[2026-05-07 14:03:00] INFO: WhatsApp BhashSMS sent successfully to 7436044629. Template: parent_update_not. Message ID: S.933228
[2026-05-07 14:03:00] INFO: WhatsApp Template message sent successfully to 7436044629. Provider: bhashsms
[2026-05-07 14:03:56] INFO: WhatsApp BhashSMS sent successfully to 7436044629. Template: parent_update_not. Message ID: S.306275
[2026-05-07 14:03:56] INFO: WhatsApp Template message sent successfully to 7436044629. Provider: bhashsms
[2026-05-07 14:05:19] INFO: WhatsApp BhashSMS sent successfully to 7436044629. Template: parent_update_not. Message ID: S.154816
[2026-05-07 14:05:19] INFO: WhatsApp Template message sent successfully to 7436044629. Provider: bhashsms
[2026-05-07 14:07:50] INFO: WhatsApp BhashSMS sent successfully to 7436044629. Template: dy_msg_001. Message ID: S.281983
[2026-05-07 14:07:50] INFO: WhatsApp Template message sent successfully to 7436044629. Provider: bhashsms
[2026-05-07 14:34:00] INFO: WhatsApp BhashSMS sent successfully to 9998994020. Template: parent_update_not. Message ID: S.110261
[2026-05-07 14:34:00] INFO: WhatsApp Template message sent successfully to 9998994020. Provider: bhashsms
[2026-05-07 15:40:32] INFO: WhatsApp BhashSMS sent successfully to 7436044629. Template: parent_update_note. Message ID: S.103791
[2026-05-07 15:40:32] INFO: WhatsApp Template message sent successfully to 7436044629. Provider: bhashsms
[2026-05-07 15:40:53] INFO: WhatsApp BhashSMS sent successfully to 9998994030. Template: parent_update_note. Message ID: S.938050
[2026-05-07 15:40:53] INFO: WhatsApp Template message sent successfully to 9998994030. Provider: bhashsms
[2026-05-07 19:26:38] INFO: WhatsApp BhashSMS sent successfully to 9998994020. Template: parent_update_note. Message ID: S.490510
[2026-05-07 19:26:38] INFO: WhatsApp Template message sent successfully to 9998994020. Provider: bhashsms
[2026-05-07 19:27:03] INFO: WhatsApp BhashSMS sent successfully to 7436044629. Template: parent_update_note. Message ID: S.191010
[2026-05-07 19:27:03] INFO: WhatsApp Template message sent successfully to 7436044629. Provider: bhashsms
