[2026-05-11 18:05:33] INFO: WhatsApp BhashSMS sent successfully to 7436044629. Template: parent_update_note. Message ID: S.886231
[2026-05-11 18:05:33] INFO: WhatsApp BhashSMS sent successfully to 9998994020. Template: parent_update_note. Message ID: S.365082
[2026-05-11 18:05:33] INFO: WhatsApp Template message sent successfully to 7436044629. Provider: bhashsms
[2026-05-11 09:27:17] INFO: WhatsApp BhashSMS sent successfully to 9429165610. Template: feepaymentsuccess_002. Message ID: S.151154
[2026-05-11 09:27:17] INFO: WhatsApp Template message sent successfully to 9429165610. Provider: bhashsms
[2026-05-11 09:39:46] INFO: WhatsApp BhashSMS sent successfully to 9898987970. Template: feepaymentsuccess_002. Message ID: S.116486
[2026-05-11 09:39:46] INFO: WhatsApp Template message sent successfully to 9898987970. Provider: bhashsms
[2026-05-11 09:53:34] INFO: WhatsApp BhashSMS sent successfully to 9428704959. Template: feepaymentsuccess_002. Message ID: S.766144
[2026-05-11 09:53:34] INFO: WhatsApp Template message sent successfully to 9428704959. Provider: bhashsms
[2026-05-11 10:48:14] INFO: WhatsApp BhashSMS sent successfully to 9825497177. Template: feepaymentsuccess_002. Message ID: S.533906
[2026-05-11 10:48:14] INFO: WhatsApp Template message sent successfully to 9825497177. Provider: bhashsms
[2026-05-11 11:02:12] INFO: WhatsApp BhashSMS sent successfully to 9512122286. Template: feepaymentsuccess_002. Message ID: S.628113
[2026-05-11 11:02:12] INFO: WhatsApp Template message sent successfully to 9512122286. Provider: bhashsms
[2026-05-11 11:04:31] INFO: WhatsApp BhashSMS sent successfully to 9316725326. Template: feepaymentsuccess_002. Message ID: S.366730
[2026-05-11 11:04:31] INFO: WhatsApp Template message sent successfully to 9316725326. Provider: bhashsms
[2026-05-11 11:23:35] INFO: WhatsApp BhashSMS sent successfully to 9909490357. Template: feepaymentsuccess_002. Message ID: S.980561
[2026-05-11 11:23:35] INFO: WhatsApp Template message sent successfully to 9909490357. Provider: bhashsms
[2026-05-11 13:11:48] INFO: WhatsApp BhashSMS sent successfully to 9099551789. Template: tokenfeesuconline_21. Message ID: S.260376
[2026-05-11 13:11:48] INFO: WhatsApp Template message sent successfully to 9099551789. Provider: bhashsms
[2026-05-11 13:12:55] INFO: WhatsApp BhashSMS sent successfully to 8141857595. Template: tokenfeesuconline_21. Message ID: S.394196
[2026-05-11 13:12:55] INFO: WhatsApp Template message sent successfully to 8141857595. Provider: bhashsms
[2026-05-11 13:13:58] INFO: WhatsApp BhashSMS sent successfully to 9879512234. Template: tokenfeesuconline_21. Message ID: S.940491
[2026-05-11 13:13:58] INFO: WhatsApp Template message sent successfully to 9879512234. Provider: bhashsms
[2026-05-11 13:28:53] INFO: WhatsApp BhashSMS sent successfully to 9723622703. Template: feepaymentsuccess_002. Message ID: S.989655
[2026-05-11 13:28:53] INFO: WhatsApp Template message sent successfully to 9723622703. Provider: bhashsms
[2026-05-11 14:09:12] INFO: WhatsApp BhashSMS sent successfully to 9601099398. Template: feepaymentsuccess_002. Message ID: S.395386
[2026-05-11 14:09:12] INFO: WhatsApp Template message sent successfully to 9601099398. Provider: bhashsms
[2026-05-11 15:22:58] INFO: WhatsApp BhashSMS sent successfully to 06913639. Template: feepaymentsuccess_002. Message ID: S.672791
[2026-05-11 15:22:58] INFO: WhatsApp Template message sent successfully to 9106913639. Provider: bhashsms
[2026-05-11 15:23:37] INFO: WhatsApp BhashSMS sent successfully to 9714523132. Template: tokenfeesuconline_21. Message ID: S.741028
[2026-05-11 15:23:37] INFO: WhatsApp Template message sent successfully to 9714523132. Provider: bhashsms
[2026-05-11 15:25:48] INFO: WhatsApp BhashSMS sent successfully to 9316174050. Template: tokenfeesuconline_21. Message ID: S.376160
[2026-05-11 15:25:48] INFO: WhatsApp Template message sent successfully to 9316174050. Provider: bhashsms
[2026-05-11 15:27:24] INFO: WhatsApp BhashSMS sent successfully to 9723141584. Template: tokenfeesuconline_21. Message ID: S.713624
[2026-05-11 15:27:24] INFO: WhatsApp Template message sent successfully to 9723141584. Provider: bhashsms
[2026-05-11 15:28:06] INFO: WhatsApp BhashSMS sent successfully to 9824944142. Template: tokenfeesuconline_21. Message ID: S.387269
[2026-05-11 15:28:06] INFO: WhatsApp Template message sent successfully to 9824944142. Provider: bhashsms
[2026-05-11 15:29:52] INFO: WhatsApp BhashSMS sent successfully to 9727218320. Template: tokenfeesuconline_21. Message ID: S.473786
[2026-05-11 15:29:52] INFO: WhatsApp Template message sent successfully to 9727218320. Provider: bhashsms
[2026-05-11 15:31:07] INFO: WhatsApp BhashSMS sent successfully to 9904993937. Template: tokenfeesuconline_21. Message ID: S.699372
[2026-05-11 15:31:07] INFO: WhatsApp Template message sent successfully to 9904993937. Provider: bhashsms
[2026-05-11 15:31:48] INFO: WhatsApp BhashSMS sent successfully to 9904267364. Template: tokenfeesuconline_21. Message ID: S.23621
[2026-05-11 15:31:48] INFO: WhatsApp Template message sent successfully to 9904267364. Provider: bhashsms
[2026-05-11 15:34:37] INFO: WhatsApp BhashSMS sent successfully to 9714381515. Template: tokenfeesuconline_21. Message ID: S.980561
[2026-05-11 15:34:37] INFO: WhatsApp Template message sent successfully to 9714381515. Provider: bhashsms
[2026-05-11 15:36:18] INFO: WhatsApp BhashSMS sent successfully to 9427764206. Template: tokenfeesuconline_21. Message ID: S.490510
[2026-05-11 15:36:18] INFO: WhatsApp Template message sent successfully to 9427764206. Provider: bhashsms
[2026-05-11 15:37:09] INFO: WhatsApp BhashSMS sent successfully to 9510589085. Template: tokenfeesuconline_21. Message ID: S.420075
[2026-05-11 15:37:09] INFO: WhatsApp Template message sent successfully to 9510589085. Provider: bhashsms
[2026-05-11 15:39:38] INFO: WhatsApp BhashSMS sent successfully to 9825753488. Template: tokenfeesuconline_21. Message ID: S.224823
[2026-05-11 15:39:38] INFO: WhatsApp Template message sent successfully to 9825753488. Provider: bhashsms
[2026-05-11 15:40:16] INFO: WhatsApp BhashSMS sent successfully to 8866888199. Template: tokenfeesuconline_21. Message ID: S.976746
[2026-05-11 15:40:16] INFO: WhatsApp Template message sent successfully to 8866888199. Provider: bhashsms
[2026-05-11 15:40:49] INFO: WhatsApp BhashSMS sent successfully to 7096148073. Template: tokenfeesuconline_21. Message ID: S.708069
[2026-05-11 15:40:49] INFO: WhatsApp Template message sent successfully to 7096148073. Provider: bhashsms
[2026-05-11 15:41:29] INFO: WhatsApp BhashSMS sent successfully to 9377202097. Template: tokenfeesuconline_21. Message ID: S.679169
[2026-05-11 15:41:29] INFO: WhatsApp Template message sent successfully to 9377202097. Provider: bhashsms
[2026-05-11 15:42:02] INFO: WhatsApp BhashSMS sent successfully to 9904145747. Template: tokenfeesuconline_21. Message ID: S.330536
[2026-05-11 15:42:02] INFO: WhatsApp Template message sent successfully to 9904145747. Provider: bhashsms
[2026-05-11 15:51:57] INFO: WhatsApp BhashSMS sent successfully to 9723141584. Template: tokenfeesuconline_21. Message ID: S.478669
[2026-05-11 15:51:57] INFO: WhatsApp Template message sent successfully to 9723141584. Provider: bhashsms
[2026-05-11 15:51:59] INFO: WhatsApp BhashSMS sent successfully to 9712505825. Template: tokenfeesuconline_21. Message ID: S.135956
[2026-05-11 15:51:59] INFO: WhatsApp Template message sent successfully to 9712505825. Provider: bhashsms
[2026-05-11 15:52:25] INFO: WhatsApp BhashSMS sent successfully to 9723141584. Template: tokenfeesuconline_21. Message ID: S.718110
[2026-05-11 15:52:25] INFO: WhatsApp Template message sent successfully to 9723141584. Provider: bhashsms
[2026-05-11 15:52:39] INFO: WhatsApp BhashSMS sent successfully to 9824767723. Template: tokenfeesuconline_21. Message ID: S.435303
[2026-05-11 15:52:39] INFO: WhatsApp Template message sent successfully to 9824767723. Provider: bhashsms
[2026-05-11 15:54:11] INFO: WhatsApp BhashSMS sent successfully to 9426211067. Template: tokenfeesuconline_21. Message ID: S.302216
[2026-05-11 15:54:11] INFO: WhatsApp Template message sent successfully to 9426211067. Provider: bhashsms
[2026-05-11 15:55:28] INFO: WhatsApp BhashSMS sent successfully to 9825587417. Template: tokenfeesuconline_21. Message ID: S.232819
[2026-05-11 15:55:28] INFO: WhatsApp Template message sent successfully to 9825587417. Provider: bhashsms
[2026-05-11 15:55:30] INFO: WhatsApp BhashSMS sent successfully to 7436044629. Template: tokenfeesuconline_21. Message ID: S.739136
[2026-05-11 15:55:30] INFO: WhatsApp Template message sent successfully to 7436044629. Provider: bhashsms
[2026-05-11 15:56:34] INFO: WhatsApp BhashSMS sent successfully to 9313404092. Template: tokenfeesuconline_21. Message ID: S.294404
[2026-05-11 15:56:34] INFO: WhatsApp Template message sent successfully to 9313404092. Provider: bhashsms
[2026-05-11 15:56:45] INFO: WhatsApp BhashSMS sent successfully to 7436044629. Template: tokenfeesuconline_21. Message ID: S.103058
[2026-05-11 15:56:45] INFO: WhatsApp Template message sent successfully to 7436044629. Provider: bhashsms
[2026-05-11 15:57:20] INFO: WhatsApp BhashSMS sent successfully to 9327606264. Template: tokenfeesuconline_21. Message ID: S.163605
[2026-05-11 15:57:20] INFO: WhatsApp Template message sent successfully to 9327606264. Provider: bhashsms
[2026-05-11 16:09:59] INFO: WhatsApp BhashSMS sent successfully to 9727570888. Template: tokenfeesuconline_21. Message ID: S.960663
[2026-05-11 16:09:59] INFO: WhatsApp Template message sent successfully to 9727570888. Provider: bhashsms
[2026-05-11 16:10:21] INFO: WhatsApp BhashSMS sent successfully to 7436044629. Template: tokenfeesuconline_21. Message ID: S.102021
[2026-05-11 16:10:21] INFO: WhatsApp Template message sent successfully to 7436044629. Provider: bhashsms
[2026-05-11 16:14:28] INFO: WhatsApp BhashSMS sent successfully to 8487881016. Template: tokenfeesuconline_21. Message ID: S.170899
[2026-05-11 16:14:28] INFO: WhatsApp Template message sent successfully to 8487881016. Provider: bhashsms
[2026-05-11 16:15:07] INFO: WhatsApp BhashSMS sent successfully to 9824689168. Template: tokenfeesuconline_21. Message ID: S.416749
[2026-05-11 16:15:07] INFO: WhatsApp Template message sent successfully to 9824689168. Provider: bhashsms
[2026-05-11 16:30:02] INFO: WhatsApp BhashSMS sent successfully to 9998994030. Template: appointmentbooked_001. Message ID: S.767762
[2026-05-11 16:30:02] INFO: WhatsApp Template message sent successfully to 9998994030. Provider: bhashsms
[2026-05-11 16:30:04] INFO: WhatsApp BhashSMS sent successfully to 7990965567. Template: appointmentbooked_001. Message ID: S.384003
[2026-05-11 16:30:04] INFO: WhatsApp Template message sent successfully to 7990965567. Provider: bhashsms
[2026-05-11 16:30:05] INFO: WhatsApp BhashSMS sent successfully to 9998994030. Template: paymentfailed_013. Message ID: S.175660
[2026-05-11 16:30:05] INFO: WhatsApp Template message sent successfully to 9998994030. Provider: bhashsms
[2026-05-11 16:30:05] INFO: WhatsApp BhashSMS sent successfully to 7990965567. Template: paymentfailed_013. Message ID: S.297883
[2026-05-11 16:30:05] INFO: WhatsApp Template message sent successfully to 7990965567. Provider: bhashsms
[2026-05-11 16:30:06] INFO: WhatsApp BhashSMS sent successfully to 9998994030. Template: paymentfailed_011. Message ID: S.885010
[2026-05-11 16:30:06] INFO: WhatsApp Template message sent successfully to 9998994030. Provider: bhashsms
[2026-05-11 16:30:07] INFO: WhatsApp BhashSMS sent successfully to 7990965567. Template: paymentfailed_011. Message ID: S.687897
[2026-05-11 16:30:07] INFO: WhatsApp Template message sent successfully to 7990965567. Provider: bhashsms
[2026-05-11 16:30:08] INFO: WhatsApp BhashSMS sent successfully to 9998994030. Template: feepaymentsuccess_002. Message ID: S.316742
[2026-05-11 16:30:08] INFO: WhatsApp Template message sent successfully to 9998994030. Provider: bhashsms
[2026-05-11 16:30:09] INFO: WhatsApp BhashSMS sent successfully to 7990965567. Template: feepaymentsuccess_002. Message ID: S.248475
[2026-05-11 16:30:09] INFO: WhatsApp Template message sent successfully to 7990965567. Provider: bhashsms
[2026-05-11 16:30:09] INFO: WhatsApp BhashSMS sent successfully to 9998994030. Template: feeoverdue_026. Message ID: S.703064
[2026-05-11 16:30:09] INFO: WhatsApp Template message sent successfully to 9998994030. Provider: bhashsms
[2026-05-11 16:30:10] INFO: WhatsApp BhashSMS sent successfully to 7990965567. Template: feeoverdue_026. Message ID: S.989655
[2026-05-11 16:30:10] INFO: WhatsApp Template message sent successfully to 7990965567. Provider: bhashsms
[2026-05-11 16:30:10] INFO: WhatsApp BhashSMS sent successfully to 9998994030. Template: refundprocessed_004. Message ID: S.998658
[2026-05-11 16:30:10] INFO: WhatsApp Template message sent successfully to 9998994030. Provider: bhashsms
[2026-05-11 16:30:11] INFO: WhatsApp BhashSMS sent successfully to 7990965567. Template: refundprocessed_004. Message ID: S.417878
[2026-05-11 16:30:11] INFO: WhatsApp Template message sent successfully to 7990965567. Provider: bhashsms
[2026-05-11 16:30:11] INFO: WhatsApp BhashSMS sent successfully to 9998994030. Template: appointmentconfirmed_01. Message ID: S.67444
[2026-05-11 16:30:11] INFO: WhatsApp Template message sent successfully to 9998994030. Provider: bhashsms
[2026-05-11 16:30:12] INFO: WhatsApp BhashSMS sent successfully to 7990965567. Template: appointmentconfirmed_01. Message ID: S.113068
[2026-05-11 16:30:12] INFO: WhatsApp Template message sent successfully to 7990965567. Provider: bhashsms
[2026-05-11 16:30:13] INFO: WhatsApp BhashSMS sent successfully to 9998994030. Template: payment_failed001. Message ID: S.667267
[2026-05-11 16:30:13] INFO: WhatsApp Template message sent successfully to 9998994030. Provider: bhashsms
[2026-05-11 16:30:13] INFO: WhatsApp BhashSMS sent successfully to 7990965567. Template: payment_failed001. Message ID: S.787385
[2026-05-11 16:30:13] INFO: WhatsApp Template message sent successfully to 7990965567. Provider: bhashsms
[2026-05-11 16:30:14] INFO: WhatsApp BhashSMS sent successfully to 9998994030. Template: appointmentcancelled_001. Message ID: S.994416
[2026-05-11 16:30:14] INFO: WhatsApp Template message sent successfully to 9998994030. Provider: bhashsms
[2026-05-11 16:30:14] INFO: WhatsApp BhashSMS sent successfully to 7990965567. Template: appointmentcancelled_001. Message ID: S.968110
[2026-05-11 16:30:14] INFO: WhatsApp Template message sent successfully to 7990965567. Provider: bhashsms
[2026-05-11 16:30:16] INFO: WhatsApp BhashSMS sent successfully to 9998994030. Template: appointmentreminder_004. Message ID: S.184876
[2026-05-11 16:30:16] INFO: WhatsApp Template message sent successfully to 9998994030. Provider: bhashsms
[2026-05-11 16:30:16] INFO: WhatsApp BhashSMS sent successfully to 7990965567. Template: appointmentreminder_004. Message ID: S.121918
[2026-05-11 16:30:16] INFO: WhatsApp Template message sent successfully to 7990965567. Provider: bhashsms
[2026-05-11 16:30:17] INFO: WhatsApp BhashSMS sent successfully to 9998994030. Template: gcr_request_approved. Message ID: S.231965
[2026-05-11 16:30:17] INFO: WhatsApp Template message sent successfully to 9998994030. Provider: bhashsms
[2026-05-11 16:30:17] INFO: WhatsApp BhashSMS sent successfully to 7990965567. Template: gcr_request_approved. Message ID: S.228852
[2026-05-11 16:30:17] INFO: WhatsApp Template message sent successfully to 7990965567. Provider: bhashsms
[2026-05-11 16:30:18] INFO: WhatsApp BhashSMS sent successfully to 9998994030. Template: gcr_request_cancelled. Message ID: S.160828
[2026-05-11 16:30:18] INFO: WhatsApp Template message sent successfully to 9998994030. Provider: bhashsms
[2026-05-11 16:30:19] INFO: WhatsApp BhashSMS sent successfully to 7990965567. Template: gcr_request_cancelled. Message ID: S.313202
[2026-05-11 16:30:19] INFO: WhatsApp Template message sent successfully to 7990965567. Provider: bhashsms
[2026-05-11 16:30:19] INFO: WhatsApp BhashSMS sent successfully to 9998994030. Template: profile_updated. Message ID: S.109253
[2026-05-11 16:30:19] INFO: WhatsApp Template message sent successfully to 9998994030. Provider: bhashsms
[2026-05-11 16:30:20] INFO: WhatsApp BhashSMS sent successfully to 7990965567. Template: profile_updated. Message ID: S.531373
[2026-05-11 16:30:20] INFO: WhatsApp Template message sent successfully to 7990965567. Provider: bhashsms
[2026-05-11 16:30:21] INFO: WhatsApp BhashSMS sent successfully to 9998994030. Template: appointment_confirmed_001. Message ID: S.342896
[2026-05-11 16:30:21] INFO: WhatsApp Template message sent successfully to 9998994030. Provider: bhashsms
[2026-05-11 16:30:21] INFO: WhatsApp BhashSMS sent successfully to 7990965567. Template: appointment_confirmed_001. Message ID: S.621583
[2026-05-11 16:30:21] INFO: WhatsApp Template message sent successfully to 7990965567. Provider: bhashsms
[2026-05-11 16:30:22] INFO: WhatsApp BhashSMS sent successfully to 9998994030. Template: refund_processed_001. Message ID: S.446869
[2026-05-11 16:30:22] INFO: WhatsApp Template message sent successfully to 9998994030. Provider: bhashsms
[2026-05-11 16:30:23] INFO: WhatsApp BhashSMS sent successfully to 7990965567. Template: refund_processed_001. Message ID: S.782288
[2026-05-11 16:30:23] INFO: WhatsApp Template message sent successfully to 7990965567. Provider: bhashsms
[2026-05-11 16:30:25] INFO: WhatsApp BhashSMS sent successfully to 9998994030. Template: gcr_request_submitted_01. Message ID: S.626282
[2026-05-11 16:30:25] INFO: WhatsApp Template message sent successfully to 9998994030. Provider: bhashsms
[2026-05-11 16:30:25] INFO: WhatsApp BhashSMS sent successfully to 7990965567. Template: gcr_request_submitted_01. Message ID: S.717804
[2026-05-11 16:30:25] INFO: WhatsApp Template message sent successfully to 7990965567. Provider: bhashsms
[2026-05-11 16:30:26] INFO: WhatsApp BhashSMS sent successfully to 9998994030. Template: scholarship_applied_001. Message ID: S.894532
[2026-05-11 16:30:26] INFO: WhatsApp Template message sent successfully to 9998994030. Provider: bhashsms
[2026-05-11 16:30:26] INFO: WhatsApp BhashSMS sent successfully to 7990965567. Template: scholarship_applied_001. Message ID: S.435090
[2026-05-11 16:30:26] INFO: WhatsApp Template message sent successfully to 7990965567. Provider: bhashsms
[2026-05-11 16:30:27] INFO: WhatsApp BhashSMS sent successfully to 9998994030. Template: admit_card_ready_001. Message ID: S.222443
[2026-05-11 16:30:27] INFO: WhatsApp Template message sent successfully to 9998994030. Provider: bhashsms
[2026-05-11 16:30:28] INFO: WhatsApp BhashSMS sent successfully to 7990965567. Template: admit_card_ready_001. Message ID: S.670960
[2026-05-11 16:30:28] INFO: WhatsApp Template message sent successfully to 7990965567. Provider: bhashsms
[2026-05-11 16:30:28] INFO: WhatsApp BhashSMS sent successfully to 9998994030. Template: profile__updated001. Message ID: S.862519
[2026-05-11 16:30:28] INFO: WhatsApp Template message sent successfully to 9998994030. Provider: bhashsms
[2026-05-11 16:30:29] INFO: WhatsApp BhashSMS sent successfully to 7990965567. Template: profile__updated001. Message ID: S.276276
[2026-05-11 16:30:29] INFO: WhatsApp Template message sent successfully to 7990965567. Provider: bhashsms
[2026-05-11 16:30:30] INFO: WhatsApp BhashSMS sent successfully to 9998994030. Template: gcr_request_rejected_001. Message ID: S.420868
[2026-05-11 16:30:30] INFO: WhatsApp Template message sent successfully to 9998994030. Provider: bhashsms
[2026-05-11 16:30:31] INFO: WhatsApp BhashSMS sent successfully to 7990965567. Template: gcr_request_rejected_001. Message ID: S.439484
[2026-05-11 16:30:31] INFO: WhatsApp Template message sent successfully to 7990965567. Provider: bhashsms
[2026-05-11 16:30:31] INFO: WhatsApp BhashSMS sent successfully to 9998994030. Template: exam_schedule_001. Message ID: S.385010
[2026-05-11 16:30:31] INFO: WhatsApp Template message sent successfully to 9998994030. Provider: bhashsms
[2026-05-11 16:30:32] INFO: WhatsApp BhashSMS sent successfully to 7990965567. Template: exam_schedule_001. Message ID: S.900727
[2026-05-11 16:30:32] INFO: WhatsApp Template message sent successfully to 7990965567. Provider: bhashsms
[2026-05-11 16:30:32] INFO: WhatsApp BhashSMS sent successfully to 9998994030. Template: partial_payment_01. Message ID: S.252381
[2026-05-11 16:30:32] INFO: WhatsApp Template message sent successfully to 9998994030. Provider: bhashsms
[2026-05-11 16:30:33] INFO: WhatsApp BhashSMS sent successfully to 7990965567. Template: partial_payment_01. Message ID: S.18982
[2026-05-11 16:30:33] INFO: WhatsApp Template message sent successfully to 7990965567. Provider: bhashsms
[2026-05-11 16:30:34] INFO: WhatsApp BhashSMS sent successfully to 9998994030. Template: tokenfeesuconline_21. Message ID: S.103760
[2026-05-11 16:30:34] INFO: WhatsApp Template message sent successfully to 9998994030. Provider: bhashsms
[2026-05-11 16:30:34] INFO: WhatsApp BhashSMS sent successfully to 7990965567. Template: tokenfeesuconline_21. Message ID: S.880646
[2026-05-11 16:30:34] INFO: WhatsApp Template message sent successfully to 7990965567. Provider: bhashsms
[2026-05-11 16:30:35] INFO: WhatsApp BhashSMS sent successfully to 9998994030. Template: docuverified_002. Message ID: S.945130
[2026-05-11 16:30:35] INFO: WhatsApp Template message sent successfully to 9998994030. Provider: bhashsms
[2026-05-11 16:30:36] INFO: WhatsApp BhashSMS sent successfully to 7990965567. Template: docuverified_002. Message ID: S.101502
[2026-05-11 16:30:36] INFO: WhatsApp Template message sent successfully to 7990965567. Provider: bhashsms
[2026-05-11 16:30:36] INFO: WhatsApp BhashSMS sent successfully to 9998994030. Template: gcr_fee_adjusted11. Message ID: S.660828
[2026-05-11 16:30:36] INFO: WhatsApp Template message sent successfully to 9998994030. Provider: bhashsms
[2026-05-11 16:30:37] INFO: WhatsApp BhashSMS sent successfully to 7990965567. Template: gcr_fee_adjusted11. Message ID: S.143921
[2026-05-11 16:30:37] INFO: WhatsApp Template message sent successfully to 7990965567. Provider: bhashsms
[2026-05-11 16:30:38] INFO: WhatsApp BhashSMS sent successfully to 9998994030. Template: admission_02. Message ID: S.546723
[2026-05-11 16:30:38] INFO: WhatsApp Template message sent successfully to 9998994030. Provider: bhashsms
[2026-05-11 16:30:38] INFO: WhatsApp BhashSMS sent successfully to 7990965567. Template: admission_02. Message ID: S.594819
[2026-05-11 16:30:38] INFO: WhatsApp Template message sent successfully to 7990965567. Provider: bhashsms
[2026-05-11 16:30:39] INFO: WhatsApp BhashSMS sent successfully to 9998994030. Template: partialpayment_02. Message ID: S.90638
[2026-05-11 16:30:39] INFO: WhatsApp Template message sent successfully to 9998994030. Provider: bhashsms
[2026-05-11 16:30:39] INFO: WhatsApp BhashSMS sent successfully to 7990965567. Template: partialpayment_02. Message ID: S.128510
[2026-05-11 16:30:39] INFO: WhatsApp Template message sent successfully to 7990965567. Provider: bhashsms
[2026-05-11 16:30:40] INFO: WhatsApp BhashSMS sent successfully to 9998994030. Template: scholarshiprejected_11. Message ID: S.577698
[2026-05-11 16:30:40] INFO: WhatsApp Template message sent successfully to 9998994030. Provider: bhashsms
[2026-05-11 16:30:41] INFO: WhatsApp BhashSMS sent successfully to 7990965567. Template: scholarshiprejected_11. Message ID: S.540986
[2026-05-11 16:30:41] INFO: WhatsApp Template message sent successfully to 7990965567. Provider: bhashsms
[2026-05-11 16:30:42] INFO: WhatsApp BhashSMS sent successfully to 9998994030. Template: scholarship_approved_02. Message ID: S.317841
[2026-05-11 16:30:42] INFO: WhatsApp Template message sent successfully to 9998994030. Provider: bhashsms
[2026-05-11 16:30:43] INFO: WhatsApp BhashSMS sent successfully to 7990965567. Template: scholarship_approved_02. Message ID: S.417450
[2026-05-11 16:30:43] INFO: WhatsApp Template message sent successfully to 7990965567. Provider: bhashsms
[2026-05-11 16:30:43] INFO: WhatsApp BhashSMS sent successfully to 9998994030. Template: scholarship_approved01. Message ID: S.731568
[2026-05-11 16:30:43] INFO: WhatsApp Template message sent successfully to 9998994030. Provider: bhashsms
[2026-05-11 16:30:44] INFO: WhatsApp BhashSMS sent successfully to 7990965567. Template: scholarship_approved01. Message ID: S.462403
[2026-05-11 16:30:44] INFO: WhatsApp Template message sent successfully to 7990965567. Provider: bhashsms
[2026-05-11 16:30:45] INFO: WhatsApp BhashSMS sent successfully to 9998994030. Template: followup_reminder__01. Message ID: S.745759
[2026-05-11 16:30:45] INFO: WhatsApp Template message sent successfully to 9998994030. Provider: bhashsms
[2026-05-11 16:30:45] INFO: WhatsApp BhashSMS sent successfully to 7990965567. Template: followup_reminder__01. Message ID: S.773133
[2026-05-11 16:30:45] INFO: WhatsApp Template message sent successfully to 7990965567. Provider: bhashsms
[2026-05-11 16:30:46] INFO: WhatsApp BhashSMS sent successfully to 9998994030. Template: scholarship__approved10. Message ID: S.477021
[2026-05-11 16:30:46] INFO: WhatsApp Template message sent successfully to 9998994030. Provider: bhashsms
[2026-05-11 16:30:46] INFO: WhatsApp BhashSMS sent successfully to 7990965567. Template: scholarship__approved10. Message ID: S.512574
[2026-05-11 16:30:46] INFO: WhatsApp Template message sent successfully to 7990965567. Provider: bhashsms
[2026-05-11 16:30:48] INFO: WhatsApp BhashSMS sent successfully to 9998994030. Template: result_published_01. Message ID: S.19837
[2026-05-11 16:30:48] INFO: WhatsApp Template message sent successfully to 9998994030. Provider: bhashsms
[2026-05-11 16:30:48] INFO: WhatsApp BhashSMS sent successfully to 7990965567. Template: result_published_01. Message ID: S.520203
[2026-05-11 16:30:48] INFO: WhatsApp Template message sent successfully to 7990965567. Provider: bhashsms
[2026-05-11 16:30:49] INFO: WhatsApp BhashSMS sent successfully to 9998994030. Template: event_invitation_01. Message ID: S.248566
[2026-05-11 16:30:49] INFO: WhatsApp Template message sent successfully to 9998994030. Provider: bhashsms
[2026-05-11 16:30:49] INFO: WhatsApp BhashSMS sent successfully to 7990965567. Template: event_invitation_01. Message ID: S.829773
[2026-05-11 16:30:49] INFO: WhatsApp Template message sent successfully to 7990965567. Provider: bhashsms
[2026-05-11 16:30:50] INFO: WhatsApp BhashSMS sent successfully to 9998994030. Template: scholarship_rejected_01. Message ID: S.324708
[2026-05-11 16:30:50] INFO: WhatsApp Template message sent successfully to 9998994030. Provider: bhashsms
[2026-05-11 16:30:51] INFO: WhatsApp BhashSMS sent successfully to 7990965567. Template: scholarship_rejected_01. Message ID: S.519410
[2026-05-11 16:30:51] INFO: WhatsApp Template message sent successfully to 7990965567. Provider: bhashsms
[2026-05-11 16:30:52] INFO: WhatsApp BhashSMS sent successfully to 9998994030. Template: parent_update_not. Message ID: S.224915
[2026-05-11 16:30:52] INFO: WhatsApp Template message sent successfully to 9998994030. Provider: bhashsms
[2026-05-11 16:30:52] INFO: WhatsApp BhashSMS sent successfully to 7990965567. Template: parent_update_not. Message ID: S.494202
[2026-05-11 16:30:52] INFO: WhatsApp Template message sent successfully to 7990965567. Provider: bhashsms
[2026-05-11 16:30:53] INFO: WhatsApp BhashSMS sent successfully to 9998994030. Template: dy_msg_001. Message ID: S.490357
[2026-05-11 16:30:53] INFO: WhatsApp Template message sent successfully to 9998994030. Provider: bhashsms
[2026-05-11 16:30:53] INFO: WhatsApp BhashSMS sent successfully to 7990965567. Template: dy_msg_001. Message ID: S.28595
[2026-05-11 16:30:53] INFO: WhatsApp Template message sent successfully to 7990965567. Provider: bhashsms
[2026-05-11 16:30:54] INFO: WhatsApp BhashSMS sent successfully to 9998994030. Template: parent_update_notification. Message ID: Only Utility or Authentication Templates Supported/SplitCredits Not Activated
[2026-05-11 16:30:54] INFO: WhatsApp Template message sent successfully to 9998994030. Provider: bhashsms
[2026-05-11 16:30:54] INFO: WhatsApp BhashSMS sent successfully to 7990965567. Template: parent_update_notification. Message ID: Only Utility or Authentication Templates Supported/SplitCredits Not Activated
[2026-05-11 16:30:54] INFO: WhatsApp Template message sent successfully to 7990965567. Provider: bhashsms
[2026-05-11 16:30:55] INFO: WhatsApp BhashSMS sent successfully to 9998994030. Template: parent_update_note. Message ID: S.898407
[2026-05-11 16:30:55] INFO: WhatsApp Template message sent successfully to 9998994030. Provider: bhashsms
[2026-05-11 16:30:56] INFO: WhatsApp BhashSMS sent successfully to 7990965567. Template: parent_update_note. Message ID: S.986176
[2026-05-11 16:30:56] INFO: WhatsApp Template message sent successfully to 7990965567. Provider: bhashsms
[2026-05-11 16:30:56] INFO: WhatsApp BhashSMS sent successfully to 9998994030. Template: feereminder_001. Message ID: Only Utility or Authentication Templates Supported/SplitCredits Not Activated
[2026-05-11 16:30:56] INFO: WhatsApp Template message sent successfully to 9998994030. Provider: bhashsms
[2026-05-11 16:30:57] INFO: WhatsApp BhashSMS sent successfully to 7990965567. Template: feereminder_001. Message ID: Only Utility or Authentication Templates Supported/SplitCredits Not Activated
[2026-05-11 16:30:57] INFO: WhatsApp Template message sent successfully to 7990965567. Provider: bhashsms
[2026-05-11 16:30:57] INFO: WhatsApp BhashSMS sent successfully to 9998994030. Template: welcome__message110. Message ID: Only Utility or Authentication Templates Supported/SplitCredits Not Activated
[2026-05-11 16:30:57] INFO: WhatsApp Template message sent successfully to 9998994030. Provider: bhashsms
[2026-05-11 16:30:58] INFO: WhatsApp BhashSMS sent successfully to 7990965567. Template: welcome__message110. Message ID: Only Utility or Authentication Templates Supported/SplitCredits Not Activated
[2026-05-11 16:30:58] INFO: WhatsApp Template message sent successfully to 7990965567. Provider: bhashsms
[2026-05-11 16:30:58] INFO: WhatsApp BhashSMS sent successfully to 9998994030. Template: general__announcement_001. Message ID: Only Utility or Authentication Templates Supported/SplitCredits Not Activated
[2026-05-11 16:30:58] INFO: WhatsApp Template message sent successfully to 9998994030. Provider: bhashsms
[2026-05-11 16:30:59] INFO: WhatsApp BhashSMS sent successfully to 7990965567. Template: general__announcement_001. Message ID: Only Utility or Authentication Templates Supported/SplitCredits Not Activated
[2026-05-11 16:30:59] INFO: WhatsApp Template message sent successfully to 7990965567. Provider: bhashsms
[2026-05-11 16:30:59] INFO: WhatsApp BhashSMS sent successfully to 9998994030. Template: holiday_notice_001. Message ID: Only Utility or Authentication Templates Supported/SplitCredits Not Activated
[2026-05-11 16:30:59] INFO: WhatsApp Template message sent successfully to 9998994030. Provider: bhashsms
[2026-05-11 16:31:00] INFO: WhatsApp BhashSMS sent successfully to 7990965567. Template: holiday_notice_001. Message ID: Only Utility or Authentication Templates Supported/SplitCredits Not Activated
[2026-05-11 16:31:00] INFO: WhatsApp Template message sent successfully to 7990965567. Provider: bhashsms
[2026-05-11 16:31:00] INFO: WhatsApp BhashSMS sent successfully to 9998994030. Template: counsassigned_001. Message ID: Only Utility or Authentication Templates Supported/SplitCredits Not Activated
[2026-05-11 16:31:00] INFO: WhatsApp Template message sent successfully to 9998994030. Provider: bhashsms
[2026-05-11 16:31:01] INFO: WhatsApp BhashSMS sent successfully to 7990965567. Template: counsassigned_001. Message ID: Only Utility or Authentication Templates Supported/SplitCredits Not Activated
[2026-05-11 16:31:01] INFO: WhatsApp Template message sent successfully to 7990965567. Provider: bhashsms
[2026-05-11 16:31:01] INFO: WhatsApp BhashSMS sent successfully to 9998994030. Template: registration_success_001. Message ID: Only Utility or Authentication Templates Supported/SplitCredits Not Activated
[2026-05-11 16:31:01] INFO: WhatsApp Template message sent successfully to 9998994030. Provider: bhashsms
[2026-05-11 16:31:02] INFO: WhatsApp BhashSMS sent successfully to 7990965567. Template: registration_success_001. Message ID: Only Utility or Authentication Templates Supported/SplitCredits Not Activated
[2026-05-11 16:31:02] INFO: WhatsApp Template message sent successfully to 7990965567. Provider: bhashsms
[2026-05-11 16:42:15] INFO: WhatsApp BhashSMS sent successfully to 9998994030. Template: appointmentbooked_001. Message ID: S.767640
[2026-05-11 16:42:15] INFO: WhatsApp Template message sent successfully to 9998994030. Provider: bhashsms
[2026-05-11 16:42:15] INFO: WhatsApp BhashSMS sent successfully to 7990965567. Template: appointmentbooked_001. Message ID: S.119721
[2026-05-11 16:42:15] INFO: WhatsApp Template message sent successfully to 7990965567. Provider: bhashsms
[2026-05-11 16:42:16] INFO: WhatsApp BhashSMS sent successfully to 9998994030. Template: paymentfailed_013. Message ID: S.11597
[2026-05-11 16:42:16] INFO: WhatsApp Template message sent successfully to 9998994030. Provider: bhashsms
[2026-05-11 16:42:17] INFO: WhatsApp BhashSMS sent successfully to 7990965567. Template: paymentfailed_013. Message ID: S.390748
[2026-05-11 16:42:17] INFO: WhatsApp Template message sent successfully to 7990965567. Provider: bhashsms
[2026-05-11 16:42:18] INFO: WhatsApp BhashSMS sent successfully to 9998994030. Template: paymentfailed_011. Message ID: S.891663
[2026-05-11 16:42:18] INFO: WhatsApp Template message sent successfully to 9998994030. Provider: bhashsms
[2026-05-11 16:42:18] INFO: WhatsApp BhashSMS sent successfully to 7990965567. Template: paymentfailed_011. Message ID: S.300660
[2026-05-11 16:42:18] INFO: WhatsApp Template message sent successfully to 7990965567. Provider: bhashsms
[2026-05-11 16:42:19] INFO: WhatsApp BhashSMS sent successfully to 9998994030. Template: feepaymentsuccess_002. Message ID: S.494935
[2026-05-11 16:42:19] INFO: WhatsApp Template message sent successfully to 9998994030. Provider: bhashsms
[2026-05-11 16:42:20] INFO: WhatsApp BhashSMS sent successfully to 7990965567. Template: feepaymentsuccess_002. Message ID: S.830170
[2026-05-11 16:42:20] INFO: WhatsApp Template message sent successfully to 7990965567. Provider: bhashsms
[2026-05-11 16:42:21] INFO: WhatsApp BhashSMS sent successfully to 9998994030. Template: feeoverdue_026. Message ID: S.774445
[2026-05-11 16:42:21] INFO: WhatsApp Template message sent successfully to 9998994030. Provider: bhashsms
[2026-05-11 16:42:21] INFO: WhatsApp BhashSMS sent successfully to 7990965567. Template: feeoverdue_026. Message ID: S.972657
[2026-05-11 16:42:21] INFO: WhatsApp Template message sent successfully to 7990965567. Provider: bhashsms
[2026-05-11 16:42:22] INFO: WhatsApp BhashSMS sent successfully to 9998994030. Template: refundprocessed_004. Message ID: S.693360
[2026-05-11 16:42:22] INFO: WhatsApp Template message sent successfully to 9998994030. Provider: bhashsms
[2026-05-11 16:42:22] INFO: WhatsApp BhashSMS sent successfully to 7990965567. Template: refundprocessed_004. Message ID: S.541657
[2026-05-11 16:42:22] INFO: WhatsApp Template message sent successfully to 7990965567. Provider: bhashsms
[2026-05-11 16:42:23] INFO: WhatsApp BhashSMS sent successfully to 9998994030. Template: appointmentconfirmed_01. Message ID: S.161866
[2026-05-11 16:42:23] INFO: WhatsApp Template message sent successfully to 9998994030. Provider: bhashsms
[2026-05-11 16:42:24] INFO: WhatsApp BhashSMS sent successfully to 7990965567. Template: appointmentconfirmed_01. Message ID: S.231843
[2026-05-11 16:42:24] INFO: WhatsApp Template message sent successfully to 7990965567. Provider: bhashsms
[2026-05-11 16:42:24] INFO: WhatsApp BhashSMS sent successfully to 9998994030. Template: payment_failed001. Message ID: S.376954
[2026-05-11 16:42:24] INFO: WhatsApp Template message sent successfully to 9998994030. Provider: bhashsms
[2026-05-11 16:42:25] INFO: WhatsApp BhashSMS sent successfully to 7990965567. Template: payment_failed001. Message ID: S.922761
[2026-05-11 16:42:25] INFO: WhatsApp Template message sent successfully to 7990965567. Provider: bhashsms
[2026-05-11 16:42:25] INFO: WhatsApp BhashSMS sent successfully to 9998994030. Template: appointmentcancelled_001. Message ID: S.305085
[2026-05-11 16:42:25] INFO: WhatsApp Template message sent successfully to 9998994030. Provider: bhashsms
[2026-05-11 16:42:26] INFO: WhatsApp BhashSMS sent successfully to 7990965567. Template: appointmentcancelled_001. Message ID: S.331086
[2026-05-11 16:42:26] INFO: WhatsApp Template message sent successfully to 7990965567. Provider: bhashsms
[2026-05-11 16:42:27] INFO: WhatsApp BhashSMS sent successfully to 9998994030. Template: appointmentreminder_004. Message ID: S.552796
[2026-05-11 16:42:27] INFO: WhatsApp Template message sent successfully to 9998994030. Provider: bhashsms
[2026-05-11 16:42:27] INFO: WhatsApp BhashSMS sent successfully to 7990965567. Template: appointmentreminder_004. Message ID: S.574402
[2026-05-11 16:42:27] INFO: WhatsApp Template message sent successfully to 7990965567. Provider: bhashsms
[2026-05-11 16:42:28] INFO: WhatsApp BhashSMS sent successfully to 9998994030. Template: gcr_request_approved. Message ID: S.175171
[2026-05-11 16:42:28] INFO: WhatsApp Template message sent successfully to 9998994030. Provider: bhashsms
[2026-05-11 16:42:28] INFO: WhatsApp BhashSMS sent successfully to 7990965567. Template: gcr_request_approved. Message ID: S.260712
[2026-05-11 16:42:28] INFO: WhatsApp Template message sent successfully to 7990965567. Provider: bhashsms
[2026-05-11 16:42:29] INFO: WhatsApp BhashSMS sent successfully to 9998994030. Template: gcr_request_cancelled. Message ID: S.319764
[2026-05-11 16:42:29] INFO: WhatsApp Template message sent successfully to 9998994030. Provider: bhashsms
[2026-05-11 16:42:30] INFO: WhatsApp BhashSMS sent successfully to 7990965567. Template: gcr_request_cancelled. Message ID: S.394776
[2026-05-11 16:42:30] INFO: WhatsApp Template message sent successfully to 7990965567. Provider: bhashsms
[2026-05-11 16:42:30] INFO: WhatsApp BhashSMS sent successfully to 9998994030. Template: profile_updated. Message ID: S.188172
[2026-05-11 16:42:30] INFO: WhatsApp Template message sent successfully to 9998994030. Provider: bhashsms
[2026-05-11 16:42:31] INFO: WhatsApp BhashSMS sent successfully to 7990965567. Template: profile_updated. Message ID: S.306977
[2026-05-11 16:42:31] INFO: WhatsApp Template message sent successfully to 7990965567. Provider: bhashsms
[2026-05-11 16:42:32] INFO: WhatsApp BhashSMS sent successfully to 9998994030. Template: appointment_confirmed_001. Message ID: S.811341
[2026-05-11 16:42:32] INFO: WhatsApp Template message sent successfully to 9998994030. Provider: bhashsms
[2026-05-11 16:42:32] INFO: WhatsApp BhashSMS sent successfully to 7990965567. Template: appointment_confirmed_001. Message ID: S.440888
[2026-05-11 16:42:32] INFO: WhatsApp Template message sent successfully to 7990965567. Provider: bhashsms
[2026-05-11 16:42:33] INFO: WhatsApp BhashSMS sent successfully to 9998994030. Template: refund_processed_001. Message ID: S.606476
[2026-05-11 16:42:33] INFO: WhatsApp Template message sent successfully to 9998994030. Provider: bhashsms
[2026-05-11 16:42:33] INFO: WhatsApp BhashSMS sent successfully to 7990965567. Template: refund_processed_001. Message ID: S.158143
[2026-05-11 16:42:33] INFO: WhatsApp Template message sent successfully to 7990965567. Provider: bhashsms
[2026-05-11 16:42:34] INFO: WhatsApp BhashSMS sent successfully to 9998994030. Template: gcr_request_submitted_01. Message ID: S.293671
[2026-05-11 16:42:34] INFO: WhatsApp Template message sent successfully to 9998994030. Provider: bhashsms
[2026-05-11 16:42:34] INFO: WhatsApp BhashSMS sent successfully to 7990965567. Template: gcr_request_submitted_01. Message ID: S.995240
[2026-05-11 16:42:34] INFO: WhatsApp Template message sent successfully to 7990965567. Provider: bhashsms
[2026-05-11 16:42:35] INFO: WhatsApp BhashSMS sent successfully to 9998994030. Template: scholarship_applied_001. Message ID: S.280304
[2026-05-11 16:42:35] INFO: WhatsApp Template message sent successfully to 9998994030. Provider: bhashsms
[2026-05-11 16:42:35] INFO: WhatsApp BhashSMS sent successfully to 7990965567. Template: scholarship_applied_001. Message ID: S.711091
[2026-05-11 16:42:35] INFO: WhatsApp Template message sent successfully to 7990965567. Provider: bhashsms
[2026-05-11 16:42:36] INFO: WhatsApp BhashSMS sent successfully to 9998994030. Template: admit_card_ready_001. Message ID: S.823273
[2026-05-11 16:42:36] INFO: WhatsApp Template message sent successfully to 9998994030. Provider: bhashsms
[2026-05-11 16:42:36] INFO: WhatsApp BhashSMS sent successfully to 7990965567. Template: admit_card_ready_001. Message ID: S.405671
[2026-05-11 16:42:36] INFO: WhatsApp Template message sent successfully to 7990965567. Provider: bhashsms
[2026-05-11 16:42:37] INFO: WhatsApp BhashSMS sent successfully to 9998994030. Template: profile__updated001. Message ID: S.932435
[2026-05-11 16:42:37] INFO: WhatsApp Template message sent successfully to 9998994030. Provider: bhashsms
[2026-05-11 16:42:38] INFO: WhatsApp BhashSMS sent successfully to 7990965567. Template: profile__updated001. Message ID: S.803834
[2026-05-11 16:42:38] INFO: WhatsApp Template message sent successfully to 7990965567. Provider: bhashsms
[2026-05-11 16:42:38] INFO: WhatsApp BhashSMS sent successfully to 9998994030. Template: gcr_request_rejected_001. Message ID: S.73334
[2026-05-11 16:42:38] INFO: WhatsApp Template message sent successfully to 9998994030. Provider: bhashsms
[2026-05-11 16:42:39] INFO: WhatsApp BhashSMS sent successfully to 7990965567. Template: gcr_request_rejected_001. Message ID: S.15290
[2026-05-11 16:42:39] INFO: WhatsApp Template message sent successfully to 7990965567. Provider: bhashsms
[2026-05-11 16:42:39] INFO: WhatsApp BhashSMS sent successfully to 9998994030. Template: exam_schedule_001. Message ID: S.362549
[2026-05-11 16:42:39] INFO: WhatsApp Template message sent successfully to 9998994030. Provider: bhashsms
[2026-05-11 16:42:40] INFO: WhatsApp BhashSMS sent successfully to 7990965567. Template: exam_schedule_001. Message ID: S.248749
[2026-05-11 16:42:40] INFO: WhatsApp Template message sent successfully to 7990965567. Provider: bhashsms
[2026-05-11 16:42:40] INFO: WhatsApp BhashSMS sent successfully to 9998994030. Template: partial_payment_01. Message ID: S.505158
[2026-05-11 16:42:40] INFO: WhatsApp Template message sent successfully to 9998994030. Provider: bhashsms
[2026-05-11 16:42:41] INFO: WhatsApp BhashSMS sent successfully to 7990965567. Template: partial_payment_01. Message ID: S.16419
[2026-05-11 16:42:41] INFO: WhatsApp Template message sent successfully to 7990965567. Provider: bhashsms
[2026-05-11 16:42:42] INFO: WhatsApp BhashSMS sent successfully to 9998994030. Template: tokenfeesuconline_21. Message ID: S.464631
[2026-05-11 16:42:42] INFO: WhatsApp Template message sent successfully to 9998994030. Provider: bhashsms
[2026-05-11 16:42:42] INFO: WhatsApp BhashSMS sent successfully to 7990965567. Template: tokenfeesuconline_21. Message ID: S.540284
[2026-05-11 16:42:42] INFO: WhatsApp Template message sent successfully to 7990965567. Provider: bhashsms
[2026-05-11 16:42:43] INFO: WhatsApp BhashSMS sent successfully to 9998994030. Template: docuverified_002. Message ID: S.936493
[2026-05-11 16:42:43] INFO: WhatsApp Template message sent successfully to 9998994030. Provider: bhashsms
[2026-05-11 16:42:44] INFO: WhatsApp BhashSMS sent successfully to 7990965567. Template: docuverified_002. Message ID: S.393128
[2026-05-11 16:42:44] INFO: WhatsApp Template message sent successfully to 7990965567. Provider: bhashsms
[2026-05-11 16:42:44] INFO: WhatsApp BhashSMS sent successfully to 9998994030. Template: gcr_fee_adjusted11. Message ID: S.755250
[2026-05-11 16:42:44] INFO: WhatsApp Template message sent successfully to 9998994030. Provider: bhashsms
[2026-05-11 16:42:45] INFO: WhatsApp BhashSMS sent successfully to 7990965567. Template: gcr_fee_adjusted11. Message ID: S.412049
[2026-05-11 16:42:45] INFO: WhatsApp Template message sent successfully to 7990965567. Provider: bhashsms
[2026-05-11 16:42:46] INFO: WhatsApp BhashSMS sent successfully to 9998994030. Template: admission_02. Message ID: S.83924
[2026-05-11 16:42:46] INFO: WhatsApp Template message sent successfully to 9998994030. Provider: bhashsms
[2026-05-11 16:42:46] INFO: WhatsApp BhashSMS sent successfully to 7990965567. Template: admission_02. Message ID: S.213410
[2026-05-11 16:42:46] INFO: WhatsApp Template message sent successfully to 7990965567. Provider: bhashsms
[2026-05-11 16:42:47] INFO: WhatsApp BhashSMS sent successfully to 9998994030. Template: partialpayment_02. Message ID: S.832062
[2026-05-11 16:42:47] INFO: WhatsApp Template message sent successfully to 9998994030. Provider: bhashsms
[2026-05-11 16:42:48] INFO: WhatsApp BhashSMS sent successfully to 7990965567. Template: partialpayment_02. Message ID: S.127686
[2026-05-11 16:42:48] INFO: WhatsApp Template message sent successfully to 7990965567. Provider: bhashsms
[2026-05-11 16:42:48] INFO: WhatsApp BhashSMS sent successfully to 9998994030. Template: scholarshiprejected_11. Message ID: S.796692
[2026-05-11 16:42:48] INFO: WhatsApp Template message sent successfully to 9998994030. Provider: bhashsms
[2026-05-11 16:42:49] INFO: WhatsApp BhashSMS sent successfully to 7990965567. Template: scholarshiprejected_11. Message ID: S.347962
[2026-05-11 16:42:49] INFO: WhatsApp Template message sent successfully to 7990965567. Provider: bhashsms
[2026-05-11 16:42:50] INFO: WhatsApp BhashSMS sent successfully to 9998994030. Template: scholarship_approved_02. Message ID: S.598145
[2026-05-11 16:42:50] INFO: WhatsApp Template message sent successfully to 9998994030. Provider: bhashsms
[2026-05-11 16:42:50] INFO: WhatsApp BhashSMS sent successfully to 7990965567. Template: scholarship_approved_02. Message ID: S.398285
[2026-05-11 16:42:50] INFO: WhatsApp Template message sent successfully to 7990965567. Provider: bhashsms
[2026-05-11 16:42:51] INFO: WhatsApp BhashSMS sent successfully to 9998994030. Template: scholarship_approved01. Message ID: S.680848
[2026-05-11 16:42:51] INFO: WhatsApp Template message sent successfully to 9998994030. Provider: bhashsms
[2026-05-11 16:42:51] INFO: WhatsApp BhashSMS sent successfully to 7990965567. Template: scholarship_approved01. Message ID: S.559907
[2026-05-11 16:42:51] INFO: WhatsApp Template message sent successfully to 7990965567. Provider: bhashsms
[2026-05-11 16:42:52] INFO: WhatsApp BhashSMS sent successfully to 9998994030. Template: followup_reminder__01. Message ID: S.980011
[2026-05-11 16:42:52] INFO: WhatsApp Template message sent successfully to 9998994030. Provider: bhashsms
[2026-05-11 16:42:54] INFO: WhatsApp BhashSMS sent successfully to 7990965567. Template: followup_reminder__01. Message ID: S.15778
[2026-05-11 16:42:54] INFO: WhatsApp Template message sent successfully to 7990965567. Provider: bhashsms
[2026-05-11 16:42:54] INFO: WhatsApp BhashSMS sent successfully to 9998994030. Template: scholarship__approved10. Message ID: S.680451
[2026-05-11 16:42:54] INFO: WhatsApp Template message sent successfully to 9998994030. Provider: bhashsms
[2026-05-11 16:42:55] INFO: WhatsApp BhashSMS sent successfully to 7990965567. Template: scholarship__approved10. Message ID: S.18586
[2026-05-11 16:42:55] INFO: WhatsApp Template message sent successfully to 7990965567. Provider: bhashsms
[2026-05-11 16:42:56] INFO: WhatsApp BhashSMS sent successfully to 9998994030. Template: result_published_01. Message ID: S.234101
[2026-05-11 16:42:56] INFO: WhatsApp Template message sent successfully to 9998994030. Provider: bhashsms
[2026-05-11 16:42:56] INFO: WhatsApp BhashSMS sent successfully to 7990965567. Template: result_published_01. Message ID: S.143372
[2026-05-11 16:42:56] INFO: WhatsApp Template message sent successfully to 7990965567. Provider: bhashsms
[2026-05-11 16:42:57] INFO: WhatsApp BhashSMS sent successfully to 9998994030. Template: event_invitation_01. Message ID: S.511384
[2026-05-11 16:42:57] INFO: WhatsApp Template message sent successfully to 9998994030. Provider: bhashsms
[2026-05-11 16:42:57] INFO: WhatsApp BhashSMS sent successfully to 7990965567. Template: event_invitation_01. Message ID: S.474518
[2026-05-11 16:42:57] INFO: WhatsApp Template message sent successfully to 7990965567. Provider: bhashsms
[2026-05-11 16:42:58] INFO: WhatsApp BhashSMS sent successfully to 9998994030. Template: scholarship_rejected_01. Message ID: S.591980
[2026-05-11 16:42:58] INFO: WhatsApp Template message sent successfully to 9998994030. Provider: bhashsms
[2026-05-11 16:42:59] INFO: WhatsApp BhashSMS sent successfully to 7990965567. Template: scholarship_rejected_01. Message ID: S.127839
[2026-05-11 16:42:59] INFO: WhatsApp Template message sent successfully to 7990965567. Provider: bhashsms
[2026-05-11 16:42:59] INFO: WhatsApp BhashSMS sent successfully to 9998994030. Template: parent_update_not. Message ID: S.282258
[2026-05-11 16:42:59] INFO: WhatsApp Template message sent successfully to 9998994030. Provider: bhashsms
[2026-05-11 16:43:00] INFO: WhatsApp BhashSMS sent successfully to 7990965567. Template: parent_update_not. Message ID: S.229584
[2026-05-11 16:43:00] INFO: WhatsApp Template message sent successfully to 7990965567. Provider: bhashsms
[2026-05-11 16:43:01] INFO: WhatsApp BhashSMS sent successfully to 9998994030. Template: dy_msg_001. Message ID: S.540009
[2026-05-11 16:43:01] INFO: WhatsApp Template message sent successfully to 9998994030. Provider: bhashsms
[2026-05-11 16:43:01] INFO: WhatsApp BhashSMS sent successfully to 7990965567. Template: dy_msg_001. Message ID: S.269562
[2026-05-11 16:43:01] INFO: WhatsApp Template message sent successfully to 7990965567. Provider: bhashsms
[2026-05-11 16:43:02] INFO: WhatsApp BhashSMS sent successfully to 9998994030. Template: parent_update_notification. Message ID: Only Utility or Authentication Templates Supported/SplitCredits Not Activated
[2026-05-11 16:43:02] INFO: WhatsApp Template message sent successfully to 9998994030. Provider: bhashsms
[2026-05-11 16:43:03] INFO: WhatsApp BhashSMS sent successfully to 7990965567. Template: parent_update_notification. Message ID: Only Utility or Authentication Templates Supported/SplitCredits Not Activated
[2026-05-11 16:43:03] INFO: WhatsApp Template message sent successfully to 7990965567. Provider: bhashsms
[2026-05-11 16:43:04] INFO: WhatsApp BhashSMS sent successfully to 9998994030. Template: parent_update_note. Message ID: S.5646
[2026-05-11 16:43:04] INFO: WhatsApp Template message sent successfully to 9998994030. Provider: bhashsms
[2026-05-11 16:43:04] INFO: WhatsApp BhashSMS sent successfully to 7990965567. Template: parent_update_note. Message ID: S.144166
[2026-05-11 16:43:04] INFO: WhatsApp Template message sent successfully to 7990965567. Provider: bhashsms
[2026-05-11 16:43:05] INFO: WhatsApp BhashSMS sent successfully to 9998994030. Template: feereminder_001. Message ID: Only Utility or Authentication Templates Supported/SplitCredits Not Activated
[2026-05-11 16:43:05] INFO: WhatsApp Template message sent successfully to 9998994030. Provider: bhashsms
[2026-05-11 16:43:05] INFO: WhatsApp BhashSMS sent successfully to 7990965567. Template: feereminder_001. Message ID: Only Utility or Authentication Templates Supported/SplitCredits Not Activated
[2026-05-11 16:43:05] INFO: WhatsApp Template message sent successfully to 7990965567. Provider: bhashsms
[2026-05-11 16:43:06] INFO: WhatsApp BhashSMS sent successfully to 9998994030. Template: welcome__message110. Message ID: Only Utility or Authentication Templates Supported/SplitCredits Not Activated
[2026-05-11 16:43:06] INFO: WhatsApp Template message sent successfully to 9998994030. Provider: bhashsms
[2026-05-11 16:43:06] INFO: WhatsApp BhashSMS sent successfully to 7990965567. Template: welcome__message110. Message ID: Only Utility or Authentication Templates Supported/SplitCredits Not Activated
[2026-05-11 16:43:06] INFO: WhatsApp Template message sent successfully to 7990965567. Provider: bhashsms
[2026-05-11 16:43:07] INFO: WhatsApp BhashSMS sent successfully to 9998994030. Template: general__announcement_001. Message ID: Only Utility or Authentication Templates Supported/SplitCredits Not Activated
[2026-05-11 16:43:07] INFO: WhatsApp Template message sent successfully to 9998994030. Provider: bhashsms
[2026-05-11 16:43:07] INFO: WhatsApp BhashSMS sent successfully to 7990965567. Template: general__announcement_001. Message ID: Only Utility or Authentication Templates Supported/SplitCredits Not Activated
[2026-05-11 16:43:07] INFO: WhatsApp Template message sent successfully to 7990965567. Provider: bhashsms
[2026-05-11 16:43:08] INFO: WhatsApp BhashSMS sent successfully to 9998994030. Template: holiday_notice_001. Message ID: Only Utility or Authentication Templates Supported/SplitCredits Not Activated
[2026-05-11 16:43:08] INFO: WhatsApp Template message sent successfully to 9998994030. Provider: bhashsms
[2026-05-11 16:43:09] INFO: WhatsApp BhashSMS sent successfully to 7990965567. Template: holiday_notice_001. Message ID: Only Utility or Authentication Templates Supported/SplitCredits Not Activated
[2026-05-11 16:43:09] INFO: WhatsApp Template message sent successfully to 7990965567. Provider: bhashsms
[2026-05-11 16:43:09] INFO: WhatsApp BhashSMS sent successfully to 9998994030. Template: counsassigned_001. Message ID: Only Utility or Authentication Templates Supported/SplitCredits Not Activated
[2026-05-11 16:43:09] INFO: WhatsApp Template message sent successfully to 9998994030. Provider: bhashsms
[2026-05-11 16:43:10] INFO: WhatsApp BhashSMS sent successfully to 7990965567. Template: counsassigned_001. Message ID: Only Utility or Authentication Templates Supported/SplitCredits Not Activated
[2026-05-11 16:43:10] INFO: WhatsApp Template message sent successfully to 7990965567. Provider: bhashsms
[2026-05-11 16:43:11] INFO: WhatsApp BhashSMS sent successfully to 9998994030. Template: registration_success_001. Message ID: Only Utility or Authentication Templates Supported/SplitCredits Not Activated
[2026-05-11 16:43:11] INFO: WhatsApp Template message sent successfully to 9998994030. Provider: bhashsms
[2026-05-11 16:43:11] INFO: WhatsApp BhashSMS sent successfully to 7990965567. Template: registration_success_001. Message ID: Only Utility or Authentication Templates Supported/SplitCredits Not Activated
[2026-05-11 16:43:11] INFO: WhatsApp Template message sent successfully to 7990965567. Provider: bhashsms
[2026-05-11 16:43:12] INFO: WhatsApp BhashSMS sent successfully to 9998994030. Template: gmisa_002. Message ID: Only Utility or Authentication Templates Supported/SplitCredits Not Activated
[2026-05-11 16:43:12] INFO: WhatsApp Template message sent successfully to 9998994030. Provider: bhashsms
[2026-05-11 16:43:12] INFO: WhatsApp BhashSMS sent successfully to 7990965567. Template: gmisa_002. Message ID: Only Utility or Authentication Templates Supported/SplitCredits Not Activated
[2026-05-11 16:43:12] INFO: WhatsApp Template message sent successfully to 7990965567. Provider: bhashsms
[2026-05-11 16:43:13] INFO: WhatsApp BhashSMS sent successfully to 9998994030. Template: gyanman_0112_02. Message ID: S.645386
[2026-05-11 16:43:13] INFO: WhatsApp Template message sent successfully to 9998994030. Provider: bhashsms
[2026-05-11 16:43:13] INFO: WhatsApp BhashSMS sent successfully to 7990965567. Template: gyanman_0112_02. Message ID: S.581421
[2026-05-11 16:43:13] INFO: WhatsApp Template message sent successfully to 7990965567. Provider: bhashsms
[2026-05-11 16:43:14] INFO: WhatsApp BhashSMS sent successfully to 9998994030. Template: gyanma_005. Message ID: Only Utility or Authentication Templates Supported/SplitCredits Not Activated
[2026-05-11 16:43:14] INFO: WhatsApp Template message sent successfully to 9998994030. Provider: bhashsms
[2026-05-11 16:43:15] INFO: WhatsApp BhashSMS sent successfully to 7990965567. Template: gyanma_005. Message ID: Only Utility or Authentication Templates Supported/SplitCredits Not Activated
[2026-05-11 16:43:15] INFO: WhatsApp Template message sent successfully to 7990965567. Provider: bhashsms
[2026-05-11 16:43:15] INFO: WhatsApp BhashSMS sent successfully to 9998994030. Template: gyanman_0112_03. Message ID: S.982972
[2026-05-11 16:43:15] INFO: WhatsApp Template message sent successfully to 9998994030. Provider: bhashsms
[2026-05-11 16:43:16] INFO: WhatsApp BhashSMS sent successfully to 7990965567. Template: gyanman_0112_03. Message ID: S.564118
[2026-05-11 16:43:16] INFO: WhatsApp Template message sent successfully to 7990965567. Provider: bhashsms
[2026-05-11 16:43:17] INFO: WhatsApp BhashSMS sent successfully to 9998994030. Template: modasa_001. Message ID: Only Utility or Authentication Templates Supported/SplitCredits Not Activated
[2026-05-11 16:43:17] INFO: WhatsApp Template message sent successfully to 9998994030. Provider: bhashsms
[2026-05-11 16:43:17] INFO: WhatsApp BhashSMS sent successfully to 7990965567. Template: modasa_001. Message ID: Only Utility or Authentication Templates Supported/SplitCredits Not Activated
[2026-05-11 16:43:17] INFO: WhatsApp Template message sent successfully to 7990965567. Provider: bhashsms
[2026-05-11 16:43:18] INFO: WhatsApp BhashSMS sent successfully to 9998994030. Template: suratpalpor_23. Message ID: Only Utility or Authentication Templates Supported/SplitCredits Not Activated
[2026-05-11 16:43:18] INFO: WhatsApp Template message sent successfully to 9998994030. Provider: bhashsms
[2026-05-11 16:43:19] INFO: WhatsApp BhashSMS sent successfully to 7990965567. Template: suratpalpor_23. Message ID: Only Utility or Authentication Templates Supported/SplitCredits Not Activated
[2026-05-11 16:43:19] INFO: WhatsApp Template message sent successfully to 7990965567. Provider: bhashsms
[2026-05-11 16:43:19] INFO: WhatsApp BhashSMS sent successfully to 9998994030. Template: suratsuv_32. Message ID: Only Utility or Authentication Templates Supported/SplitCredits Not Activated
[2026-05-11 16:43:19] INFO: WhatsApp Template message sent successfully to 9998994030. Provider: bhashsms
[2026-05-11 16:43:20] INFO: WhatsApp BhashSMS sent successfully to 7990965567. Template: suratsuv_32. Message ID: Only Utility or Authentication Templates Supported/SplitCredits Not Activated
[2026-05-11 16:43:20] INFO: WhatsApp Template message sent successfully to 7990965567. Provider: bhashsms
[2026-05-11 16:43:20] INFO: WhatsApp BhashSMS sent successfully to 9998994030. Template: gyan_20. Message ID: Only Utility or Authentication Templates Supported/SplitCredits Not Activated
[2026-05-11 16:43:20] INFO: WhatsApp Template message sent successfully to 9998994030. Provider: bhashsms
[2026-05-11 16:43:21] INFO: WhatsApp BhashSMS sent successfully to 7990965567. Template: gyan_20. Message ID: Only Utility or Authentication Templates Supported/SplitCredits Not Activated
[2026-05-11 16:43:21] INFO: WhatsApp Template message sent successfully to 7990965567. Provider: bhashsms
[2026-05-11 16:43:22] INFO: WhatsApp BhashSMS sent successfully to 9998994030. Template: gyan_0412_06. Message ID: S.884522
[2026-05-11 16:43:22] INFO: WhatsApp Template message sent successfully to 9998994030. Provider: bhashsms
[2026-05-11 16:43:22] INFO: WhatsApp BhashSMS sent successfully to 7990965567. Template: gyan_0412_06. Message ID: S.383423
[2026-05-11 16:43:22] INFO: WhatsApp Template message sent successfully to 7990965567. Provider: bhashsms
[2026-05-11 16:43:23] INFO: WhatsApp BhashSMS sent successfully to 9998994030. Template: gci_0007. Message ID: S.150300
[2026-05-11 16:43:23] INFO: WhatsApp Template message sent successfully to 9998994030. Provider: bhashsms
[2026-05-11 16:43:23] INFO: WhatsApp BhashSMS sent successfully to 7990965567. Template: gci_0007. Message ID: S.66285
[2026-05-11 16:43:23] INFO: WhatsApp Template message sent successfully to 7990965567. Provider: bhashsms
[2026-05-11 16:43:24] INFO: WhatsApp BhashSMS sent successfully to 9998994030. Template: gyanman_0112_05. Message ID: S.31556
[2026-05-11 16:43:24] INFO: WhatsApp Template message sent successfully to 9998994030. Provider: bhashsms
[2026-05-11 16:43:24] INFO: WhatsApp BhashSMS sent successfully to 7990965567. Template: gyanman_0112_05. Message ID: S.357331
[2026-05-11 16:43:24] INFO: WhatsApp Template message sent successfully to 7990965567. Provider: bhashsms
[2026-05-11 16:43:25] INFO: WhatsApp BhashSMS sent successfully to 9998994030. Template: gyan_0112_06. Message ID: S.339814
[2026-05-11 16:43:25] INFO: WhatsApp Template message sent successfully to 9998994030. Provider: bhashsms
[2026-05-11 16:43:26] INFO: WhatsApp BhashSMS sent successfully to 7990965567. Template: gyan_0112_06. Message ID: S.514191
[2026-05-11 16:43:26] INFO: WhatsApp Template message sent successfully to 7990965567. Provider: bhashsms
[2026-05-11 16:43:26] INFO: WhatsApp BhashSMS sent successfully to 9998994030. Template: gyan_icc_01. Message ID: S.746949
[2026-05-11 16:43:26] INFO: WhatsApp Template message sent successfully to 9998994030. Provider: bhashsms
[2026-05-11 16:43:27] INFO: WhatsApp BhashSMS sent successfully to 7990965567. Template: gyan_icc_01. Message ID: S.842377
[2026-05-11 16:43:27] INFO: WhatsApp Template message sent successfully to 7990965567. Provider: bhashsms
[2026-05-11 16:43:27] INFO: WhatsApp BhashSMS sent successfully to 9998994030. Template: gyan_0312_03. Message ID: S.123566
[2026-05-11 16:43:27] INFO: WhatsApp Template message sent successfully to 9998994030. Provider: bhashsms
[2026-05-11 16:43:28] INFO: WhatsApp BhashSMS sent successfully to 7990965567. Template: gyan_0312_03. Message ID: S.81025
[2026-05-11 16:43:28] INFO: WhatsApp Template message sent successfully to 7990965567. Provider: bhashsms
[2026-05-11 16:43:28] INFO: WhatsApp BhashSMS sent successfully to 9998994030. Template: gyan_0312_02. Message ID: S.350190
[2026-05-11 16:43:28] INFO: WhatsApp Template message sent successfully to 9998994030. Provider: bhashsms
[2026-05-11 16:43:29] INFO: WhatsApp BhashSMS sent successfully to 7990965567. Template: gyan_0312_02. Message ID: S.515259
[2026-05-11 16:43:29] INFO: WhatsApp Template message sent successfully to 7990965567. Provider: bhashsms
[2026-05-11 16:43:30] INFO: WhatsApp BhashSMS sent successfully to 9998994030. Template: himat_08. Message ID: Only Utility or Authentication Templates Supported/SplitCredits Not Activated
[2026-05-11 16:43:30] INFO: WhatsApp Template message sent successfully to 9998994030. Provider: bhashsms
[2026-05-11 16:43:30] INFO: WhatsApp BhashSMS sent successfully to 7990965567. Template: himat_08. Message ID: Only Utility or Authentication Templates Supported/SplitCredits Not Activated
[2026-05-11 16:43:30] INFO: WhatsApp Template message sent successfully to 7990965567. Provider: bhashsms
[2026-05-11 16:43:31] INFO: WhatsApp BhashSMS sent successfully to 9998994030. Template: gyaan_20. Message ID: Only Utility or Authentication Templates Supported/SplitCredits Not Activated
[2026-05-11 16:43:31] INFO: WhatsApp Template message sent successfully to 9998994030. Provider: bhashsms
[2026-05-11 16:43:31] INFO: WhatsApp BhashSMS sent successfully to 7990965567. Template: gyaan_20. Message ID: Only Utility or Authentication Templates Supported/SplitCredits Not Activated
[2026-05-11 16:43:31] INFO: WhatsApp Template message sent successfully to 7990965567. Provider: bhashsms
[2026-05-11 16:43:32] INFO: WhatsApp BhashSMS sent successfully to 9998994030. Template: gyan_041. Message ID: Only Utility or Authentication Templates Supported/SplitCredits Not Activated
[2026-05-11 16:43:32] INFO: WhatsApp Template message sent successfully to 9998994030. Provider: bhashsms
[2026-05-11 16:43:32] INFO: WhatsApp BhashSMS sent successfully to 7990965567. Template: gyan_041. Message ID: Only Utility or Authentication Templates Supported/SplitCredits Not Activated
[2026-05-11 16:43:32] INFO: WhatsApp Template message sent successfully to 7990965567. Provider: bhashsms
[2026-05-11 16:43:33] INFO: WhatsApp BhashSMS sent successfully to 9998994030. Template: gyan_04. Message ID: Only Utility or Authentication Templates Supported/SplitCredits Not Activated
[2026-05-11 16:43:33] INFO: WhatsApp Template message sent successfully to 9998994030. Provider: bhashsms
[2026-05-11 16:43:33] INFO: WhatsApp BhashSMS sent successfully to 7990965567. Template: gyan_04. Message ID: Only Utility or Authentication Templates Supported/SplitCredits Not Activated
[2026-05-11 16:43:33] INFO: WhatsApp Template message sent successfully to 7990965567. Provider: bhashsms
[2026-05-11 16:43:34] INFO: WhatsApp BhashSMS sent successfully to 9998994030. Template: modasa_14. Message ID: Only Utility or Authentication Templates Supported/SplitCredits Not Activated
[2026-05-11 16:43:34] INFO: WhatsApp Template message sent successfully to 9998994030. Provider: bhashsms
[2026-05-11 16:43:35] INFO: WhatsApp BhashSMS sent successfully to 7990965567. Template: modasa_14. Message ID: Only Utility or Authentication Templates Supported/SplitCredits Not Activated
[2026-05-11 16:43:35] INFO: WhatsApp Template message sent successfully to 7990965567. Provider: bhashsms
[2026-05-11 16:43:35] INFO: WhatsApp BhashSMS sent successfully to 9998994030. Template: bhuj_001. Message ID: Only Utility or Authentication Templates Supported/SplitCredits Not Activated
[2026-05-11 16:43:35] INFO: WhatsApp Template message sent successfully to 9998994030. Provider: bhashsms
[2026-05-11 16:43:36] INFO: WhatsApp BhashSMS sent successfully to 7990965567. Template: bhuj_001. Message ID: Only Utility or Authentication Templates Supported/SplitCredits Not Activated
[2026-05-11 16:43:36] INFO: WhatsApp Template message sent successfully to 7990965567. Provider: bhashsms
[2026-05-11 16:43:36] INFO: WhatsApp BhashSMS sent successfully to 9998994030. Template: amreli_01. Message ID: Only Utility or Authentication Templates Supported/SplitCredits Not Activated
[2026-05-11 16:43:36] INFO: WhatsApp Template message sent successfully to 9998994030. Provider: bhashsms
[2026-05-11 16:43:37] INFO: WhatsApp BhashSMS sent successfully to 7990965567. Template: amreli_01. Message ID: Only Utility or Authentication Templates Supported/SplitCredits Not Activated
[2026-05-11 16:43:37] INFO: WhatsApp Template message sent successfully to 7990965567. Provider: bhashsms
[2026-05-11 16:43:38] INFO: WhatsApp BhashSMS sent successfully to 9998994030. Template: bala_01. Message ID: Only Utility or Authentication Templates Supported/SplitCredits Not Activated
[2026-05-11 16:43:38] INFO: WhatsApp Template message sent successfully to 9998994030. Provider: bhashsms
[2026-05-11 16:43:38] INFO: WhatsApp BhashSMS sent successfully to 7990965567. Template: bala_01. Message ID: Only Utility or Authentication Templates Supported/SplitCredits Not Activated
[2026-05-11 16:43:38] INFO: WhatsApp Template message sent successfully to 7990965567. Provider: bhashsms
[2026-05-11 16:43:39] INFO: WhatsApp BhashSMS sent successfully to 9998994030. Template: godhra_09. Message ID: Only Utility or Authentication Templates Supported/SplitCredits Not Activated
[2026-05-11 16:43:39] INFO: WhatsApp Template message sent successfully to 9998994030. Provider: bhashsms
[2026-05-11 16:43:39] INFO: WhatsApp BhashSMS sent successfully to 7990965567. Template: godhra_09. Message ID: Only Utility or Authentication Templates Supported/SplitCredits Not Activated
[2026-05-11 16:43:39] INFO: WhatsApp Template message sent successfully to 7990965567. Provider: bhashsms
[2026-05-11 16:43:40] INFO: WhatsApp BhashSMS sent successfully to 9998994030. Template: dahod_02. Message ID: Only Utility or Authentication Templates Supported/SplitCredits Not Activated
[2026-05-11 16:43:40] INFO: WhatsApp Template message sent successfully to 9998994030. Provider: bhashsms
[2026-05-11 16:43:40] INFO: WhatsApp BhashSMS sent successfully to 7990965567. Template: dahod_02. Message ID: Only Utility or Authentication Templates Supported/SplitCredits Not Activated
[2026-05-11 16:43:40] INFO: WhatsApp Template message sent successfully to 7990965567. Provider: bhashsms
[2026-05-11 16:43:41] INFO: WhatsApp BhashSMS sent successfully to 9998994030. Template: juna_99. Message ID: Only Utility or Authentication Templates Supported/SplitCredits Not Activated
[2026-05-11 16:43:41] INFO: WhatsApp Template message sent successfully to 9998994030. Provider: bhashsms
[2026-05-11 16:43:42] INFO: WhatsApp BhashSMS sent successfully to 7990965567. Template: juna_99. Message ID: Only Utility or Authentication Templates Supported/SplitCredits Not Activated
[2026-05-11 16:43:42] INFO: WhatsApp Template message sent successfully to 7990965567. Provider: bhashsms
[2026-05-11 16:43:42] INFO: WhatsApp BhashSMS sent successfully to 9998994030. Template: jamradika_04. Message ID: Only Utility or Authentication Templates Supported/SplitCredits Not Activated
[2026-05-11 16:43:42] INFO: WhatsApp Template message sent successfully to 9998994030. Provider: bhashsms
[2026-05-11 16:43:43] INFO: WhatsApp BhashSMS sent successfully to 7990965567. Template: jamradika_04. Message ID: Only Utility or Authentication Templates Supported/SplitCredits Not Activated
[2026-05-11 16:43:43] INFO: WhatsApp Template message sent successfully to 7990965567. Provider: bhashsms
[2026-05-11 16:43:43] INFO: WhatsApp BhashSMS sent successfully to 9998994030. Template: jamhariya_06. Message ID: Only Utility or Authentication Templates Supported/SplitCredits Not Activated
[2026-05-11 16:43:43] INFO: WhatsApp Template message sent successfully to 9998994030. Provider: bhashsms
[2026-05-11 16:43:44] INFO: WhatsApp BhashSMS sent successfully to 7990965567. Template: jamhariya_06. Message ID: Only Utility or Authentication Templates Supported/SplitCredits Not Activated
[2026-05-11 16:43:44] INFO: WhatsApp Template message sent successfully to 7990965567. Provider: bhashsms
[2026-05-11 16:43:45] INFO: WhatsApp BhashSMS sent successfully to 9998994030. Template: idar_03. Message ID: Only Utility or Authentication Templates Supported/SplitCredits Not Activated
[2026-05-11 16:43:45] INFO: WhatsApp Template message sent successfully to 9998994030. Provider: bhashsms
[2026-05-11 16:43:45] INFO: WhatsApp BhashSMS sent successfully to 7990965567. Template: idar_03. Message ID: Only Utility or Authentication Templates Supported/SplitCredits Not Activated
[2026-05-11 16:43:45] INFO: WhatsApp Template message sent successfully to 7990965567. Provider: bhashsms
[2026-05-11 16:43:46] INFO: WhatsApp BhashSMS sent successfully to 9998994030. Template: luna_22. Message ID: Only Utility or Authentication Templates Supported/SplitCredits Not Activated
[2026-05-11 16:43:46] INFO: WhatsApp Template message sent successfully to 9998994030. Provider: bhashsms
[2026-05-11 16:43:46] INFO: WhatsApp BhashSMS sent successfully to 7990965567. Template: luna_22. Message ID: Only Utility or Authentication Templates Supported/SplitCredits Not Activated
[2026-05-11 16:43:46] INFO: WhatsApp Template message sent successfully to 7990965567. Provider: bhashsms
[2026-05-11 16:43:47] INFO: WhatsApp BhashSMS sent successfully to 9998994030. Template: mehsa_19. Message ID: Only Utility or Authentication Templates Supported/SplitCredits Not Activated
[2026-05-11 16:43:47] INFO: WhatsApp Template message sent successfully to 9998994030. Provider: bhashsms
[2026-05-11 16:43:48] INFO: WhatsApp BhashSMS sent successfully to 7990965567. Template: mehsa_19. Message ID: Only Utility or Authentication Templates Supported/SplitCredits Not Activated
[2026-05-11 16:43:48] INFO: WhatsApp Template message sent successfully to 7990965567. Provider: bhashsms
[2026-05-11 16:43:48] INFO: WhatsApp BhashSMS sent successfully to 9998994030. Template: mhuva_99. Message ID: Only Utility or Authentication Templates Supported/SplitCredits Not Activated
[2026-05-11 16:43:48] INFO: WhatsApp Template message sent successfully to 9998994030. Provider: bhashsms
[2026-05-11 16:43:49] INFO: WhatsApp BhashSMS sent successfully to 7990965567. Template: mhuva_99. Message ID: Only Utility or Authentication Templates Supported/SplitCredits Not Activated
[2026-05-11 16:43:49] INFO: WhatsApp Template message sent successfully to 7990965567. Provider: bhashsms
[2026-05-11 16:43:49] INFO: WhatsApp BhashSMS sent successfully to 9998994030. Template: morbi_12. Message ID: Only Utility or Authentication Templates Supported/SplitCredits Not Activated
[2026-05-11 16:43:49] INFO: WhatsApp Template message sent successfully to 9998994030. Provider: bhashsms
[2026-05-11 16:43:50] INFO: WhatsApp BhashSMS sent successfully to 7990965567. Template: morbi_12. Message ID: Only Utility or Authentication Templates Supported/SplitCredits Not Activated
[2026-05-11 16:43:50] INFO: WhatsApp Template message sent successfully to 7990965567. Provider: bhashsms
[2026-05-11 16:43:51] INFO: WhatsApp BhashSMS sent successfully to 9998994030. Template: nadiad_11. Message ID: Only Utility or Authentication Templates Supported/SplitCredits Not Activated
[2026-05-11 16:43:51] INFO: WhatsApp Template message sent successfully to 9998994030. Provider: bhashsms
[2026-05-11 16:43:51] INFO: WhatsApp BhashSMS sent successfully to 7990965567. Template: nadiad_11. Message ID: Only Utility or Authentication Templates Supported/SplitCredits Not Activated
[2026-05-11 16:43:51] INFO: WhatsApp Template message sent successfully to 7990965567. Provider: bhashsms
[2026-05-11 16:43:52] INFO: WhatsApp BhashSMS sent successfully to 9998994030. Template: palpur_12. Message ID: Only Utility or Authentication Templates Supported/SplitCredits Not Activated
[2026-05-11 16:43:52] INFO: WhatsApp Template message sent successfully to 9998994030. Provider: bhashsms
[2026-05-11 16:43:52] INFO: WhatsApp BhashSMS sent successfully to 7990965567. Template: palpur_12. Message ID: Only Utility or Authentication Templates Supported/SplitCredits Not Activated
[2026-05-11 16:43:52] INFO: WhatsApp Template message sent successfully to 7990965567. Provider: bhashsms
[2026-05-11 16:43:53] INFO: WhatsApp BhashSMS sent successfully to 9998994030. Template: porban_17. Message ID: Only Utility or Authentication Templates Supported/SplitCredits Not Activated
[2026-05-11 16:43:53] INFO: WhatsApp Template message sent successfully to 9998994030. Provider: bhashsms
[2026-05-11 16:43:54] INFO: WhatsApp BhashSMS sent successfully to 7990965567. Template: porban_17. Message ID: Only Utility or Authentication Templates Supported/SplitCredits Not Activated
[2026-05-11 16:43:54] INFO: WhatsApp Template message sent successfully to 7990965567. Provider: bhashsms
[2026-05-11 16:43:54] INFO: WhatsApp BhashSMS sent successfully to 9998994030. Template: surendra_81. Message ID: Only Utility or Authentication Templates Supported/SplitCredits Not Activated
[2026-05-11 16:43:54] INFO: WhatsApp Template message sent successfully to 9998994030. Provider: bhashsms
[2026-05-11 16:43:55] INFO: WhatsApp BhashSMS sent successfully to 7990965567. Template: surendra_81. Message ID: Only Utility or Authentication Templates Supported/SplitCredits Not Activated
[2026-05-11 16:43:55] INFO: WhatsApp Template message sent successfully to 7990965567. Provider: bhashsms
[2026-05-11 16:43:55] INFO: WhatsApp BhashSMS sent successfully to 9998994030. Template: vadotarsali_19. Message ID: Only Utility or Authentication Templates Supported/SplitCredits Not Activated
[2026-05-11 16:43:55] INFO: WhatsApp Template message sent successfully to 9998994030. Provider: bhashsms
[2026-05-11 16:43:56] INFO: WhatsApp BhashSMS sent successfully to 7990965567. Template: vadotarsali_19. Message ID: Only Utility or Authentication Templates Supported/SplitCredits Not Activated
[2026-05-11 16:43:56] INFO: WhatsApp Template message sent successfully to 7990965567. Provider: bhashsms
[2026-05-11 16:43:56] INFO: WhatsApp BhashSMS sent successfully to 9998994030. Template: vadobhayli_16. Message ID: Only Utility or Authentication Templates Supported/SplitCredits Not Activated
[2026-05-11 16:43:57] INFO: WhatsApp Template message sent successfully to 9998994030. Provider: bhashsms
[2026-05-11 16:43:57] INFO: WhatsApp BhashSMS sent successfully to 7990965567. Template: vadobhayli_16. Message ID: Only Utility or Authentication Templates Supported/SplitCredits Not Activated
[2026-05-11 16:43:57] INFO: WhatsApp Template message sent successfully to 7990965567. Provider: bhashsms
[2026-05-11 16:43:58] INFO: WhatsApp BhashSMS sent successfully to 9998994030. Template: dabholi_25. Message ID: Only Utility or Authentication Templates Supported/SplitCredits Not Activated
[2026-05-11 16:43:58] INFO: WhatsApp Template message sent successfully to 9998994030. Provider: bhashsms
[2026-05-11 16:43:58] INFO: WhatsApp BhashSMS sent successfully to 7990965567. Template: dabholi_25. Message ID: Only Utility or Authentication Templates Supported/SplitCredits Not Activated
[2026-05-11 16:43:58] INFO: WhatsApp Template message sent successfully to 7990965567. Provider: bhashsms
[2026-05-11 16:43:59] INFO: WhatsApp BhashSMS sent successfully to 9998994030. Template: suratguru_28. Message ID: Only Utility or Authentication Templates Supported/SplitCredits Not Activated
[2026-05-11 16:43:59] INFO: WhatsApp Template message sent successfully to 9998994030. Provider: bhashsms
[2026-05-11 16:43:59] INFO: WhatsApp BhashSMS sent successfully to 7990965567. Template: suratguru_28. Message ID: Only Utility or Authentication Templates Supported/SplitCredits Not Activated
[2026-05-11 16:43:59] INFO: WhatsApp Template message sent successfully to 7990965567. Provider: bhashsms
[2026-05-11 16:44:00] INFO: WhatsApp BhashSMS sent successfully to 9998994030. Template: counsassigned_023. Message ID: Only Utility or Authentication Templates Supported/SplitCredits Not Activated
[2026-05-11 16:44:00] INFO: WhatsApp Template message sent successfully to 9998994030. Provider: bhashsms
[2026-05-11 16:44:00] INFO: WhatsApp BhashSMS sent successfully to 7990965567. Template: counsassigned_023. Message ID: Only Utility or Authentication Templates Supported/SplitCredits Not Activated
[2026-05-11 16:44:00] INFO: WhatsApp Template message sent successfully to 7990965567. Provider: bhashsms
[2026-05-11 16:44:01] INFO: WhatsApp BhashSMS sent successfully to 9998994030. Template: gmscolar_20. Message ID: Only Utility or Authentication Templates Supported/SplitCredits Not Activated
[2026-05-11 16:44:01] INFO: WhatsApp Template message sent successfully to 9998994030. Provider: bhashsms
[2026-05-11 16:44:01] INFO: WhatsApp BhashSMS sent successfully to 7990965567. Template: gmscolar_20. Message ID: Only Utility or Authentication Templates Supported/SplitCredits Not Activated
[2026-05-11 16:44:01] INFO: WhatsApp Template message sent successfully to 7990965567. Provider: bhashsms
[2026-05-11 17:00:32] INFO: WhatsApp BhashSMS sent successfully to 9712759409. Template: feepaymentsuccess_002. Message ID: S.876557
[2026-05-11 17:00:32] INFO: WhatsApp Template message sent successfully to 9712759409. Provider: bhashsms
