[2026-05-14 09:05:53] INFO: WhatsApp BhashSMS sent successfully to 9824811827. Template: feepaymentsuccess_002.
Variables Sent:
  Var 1: PATELIYA ABHAYBHAI PRAVINBHAI
  Var 2: 95440
  Var 3: Cash
  Var 4: <236,301,285>
  Var 5: 14-May-2026
 Message ID: S.686280
API URL: http://bhashsms.com/api/sendmsgutil.php?user=GYANMANJARI_CAREER&pass=********&sender=BUZWAP&phone=9824811827&text=feepaymentsuccess_002&priority=wa&stype=normal&Params=PATELIYA%20ABHAYBHAI%20PRAVINBHAI%2C95440%2CCash%2C%3C236%2C301%2C285%3E%2C14-May-2026
--------------------------------------------------

[2026-05-14 09:05:54] INFO: WhatsApp BhashSMS sent successfully to 9998994020. Template: feepaymentsuccess_002.
Variables Sent:
  Var 1: PATELIYA ABHAYBHAI PRAVINBHAI
  Var 2: 95440
  Var 3: Cash
  Var 4: <236,301,285>
  Var 5: 14-May-2026
 Message ID: S.747925
API URL: http://bhashsms.com/api/sendmsgutil.php?user=GYANMANJARI_CAREER&pass=********&sender=BUZWAP&phone=9998994020&text=feepaymentsuccess_002&priority=wa&stype=normal&Params=PATELIYA%20ABHAYBHAI%20PRAVINBHAI%2C95440%2CCash%2C%3C236%2C301%2C285%3E%2C14-May-2026
--------------------------------------------------

[2026-05-14 09:05:54] INFO: WhatsApp Template message sent successfully to 9824811827. Provider: bhashsms
[2026-05-14 09:14:46] INFO: WhatsApp BhashSMS sent successfully to 9714947787. Template: feepaymentsuccess_002.
Variables Sent:
  Var 1: VAINAVI
  Var 2: 98980
  Var 3: Online
  Var 4: <237,302,286>
  Var 5: 14-May-2026
 Message ID: S.396698
API URL: http://bhashsms.com/api/sendmsgutil.php?user=GYANMANJARI_CAREER&pass=********&sender=BUZWAP&phone=9714947787&text=feepaymentsuccess_002&priority=wa&stype=normal&Params=VAINAVI%2C98980%2COnline%2C%3C237%2C302%2C286%3E%2C14-May-2026
--------------------------------------------------

[2026-05-14 09:14:46] INFO: WhatsApp BhashSMS sent successfully to 9998994020. Template: feepaymentsuccess_002.
Variables Sent:
  Var 1: VAINAVI
  Var 2: 98980
  Var 3: Online
  Var 4: <237,302,286>
  Var 5: 14-May-2026
 Message ID: S.900208
API URL: http://bhashsms.com/api/sendmsgutil.php?user=GYANMANJARI_CAREER&pass=********&sender=BUZWAP&phone=9998994020&text=feepaymentsuccess_002&priority=wa&stype=normal&Params=VAINAVI%2C98980%2COnline%2C%3C237%2C302%2C286%3E%2C14-May-2026
--------------------------------------------------

[2026-05-14 09:14:46] INFO: WhatsApp Template message sent successfully to 9714947787. Provider: bhashsms
[2026-05-14 09:38:40] INFO: WhatsApp BhashSMS sent successfully to 9879210510. Template: feepaymentsuccess_002.
Variables Sent:
  Var 1: PANDYA ARYAMAN TAPASBHAI
  Var 2: 120580
  Var 3: Cheque
  Var 4: <238,303,287,45>
  Var 5: 14-May-2026
 Message ID: S.441102
API URL: http://bhashsms.com/api/sendmsgutil.php?user=GYANMANJARI_CAREER&pass=********&sender=BUZWAP&phone=9879210510&text=feepaymentsuccess_002&priority=wa&stype=normal&Params=PANDYA%20ARYAMAN%20TAPASBHAI%2C120580%2CCheque%2C%3C238%2C303%2C287%2C45%3E%2C14-May-2026
--------------------------------------------------

[2026-05-14 09:38:41] INFO: WhatsApp BhashSMS sent successfully to 9998994020. Template: feepaymentsuccess_002.
Variables Sent:
  Var 1: PANDYA ARYAMAN TAPASBHAI
  Var 2: 120580
  Var 3: Cheque
  Var 4: <238,303,287,45>
  Var 5: 14-May-2026
 Message ID: S.248047
API URL: http://bhashsms.com/api/sendmsgutil.php?user=GYANMANJARI_CAREER&pass=********&sender=BUZWAP&phone=9998994020&text=feepaymentsuccess_002&priority=wa&stype=normal&Params=PANDYA%20ARYAMAN%20TAPASBHAI%2C120580%2CCheque%2C%3C238%2C303%2C287%2C45%3E%2C14-May-2026
--------------------------------------------------

[2026-05-14 09:38:41] INFO: WhatsApp Template message sent successfully to 9879210510. Provider: bhashsms
[2026-05-14 09:47:26] INFO: WhatsApp BhashSMS sent successfully to 9925689888. Template: feepaymentsuccess_002.
Variables Sent:
  Var 1: VIRADIYA MAHI RAKESHBHAI
  Var 2: 99340
  Var 3: Cash
  Var 4: <51,304,288,46>
  Var 5: 14-May-2026
 Message ID: S.147095
API URL: http://bhashsms.com/api/sendmsgutil.php?user=GYANMANJARI_CAREER&pass=********&sender=BUZWAP&phone=9925689888&text=feepaymentsuccess_002&priority=wa&stype=normal&Params=VIRADIYA%20MAHI%20RAKESHBHAI%2C99340%2CCash%2C%3C51%2C304%2C288%2C46%3E%2C14-May-2026
--------------------------------------------------

[2026-05-14 09:47:27] INFO: WhatsApp BhashSMS sent successfully to 9998994020. Template: feepaymentsuccess_002.
Variables Sent:
  Var 1: VIRADIYA MAHI RAKESHBHAI
  Var 2: 99340
  Var 3: Cash
  Var 4: <51,304,288,46>
  Var 5: 14-May-2026
 Message ID: S.752869
API URL: http://bhashsms.com/api/sendmsgutil.php?user=GYANMANJARI_CAREER&pass=********&sender=BUZWAP&phone=9998994020&text=feepaymentsuccess_002&priority=wa&stype=normal&Params=VIRADIYA%20MAHI%20RAKESHBHAI%2C99340%2CCash%2C%3C51%2C304%2C288%2C46%3E%2C14-May-2026
--------------------------------------------------

[2026-05-14 09:47:27] INFO: WhatsApp Template message sent successfully to 9925689888. Provider: bhashsms
[2026-05-14 09:51:24] INFO: WhatsApp BhashSMS sent successfully to 9725503051. Template: feepaymentsuccess_002.
Variables Sent:
  Var 1: PATEL DHYEY BHAVESH
  Var 2: 98980
  Var 3: Cash
  Var 4: <239,305,289>
  Var 5: 14-May-2026
 Message ID: S.312897
API URL: http://bhashsms.com/api/sendmsgutil.php?user=GYANMANJARI_CAREER&pass=********&sender=BUZWAP&phone=9725503051&text=feepaymentsuccess_002&priority=wa&stype=normal&Params=PATEL%20DHYEY%20BHAVESH%2C98980%2CCash%2C%3C239%2C305%2C289%3E%2C14-May-2026
--------------------------------------------------

[2026-05-14 09:51:25] INFO: WhatsApp BhashSMS sent successfully to 9998994020. Template: feepaymentsuccess_002.
Variables Sent:
  Var 1: PATEL DHYEY BHAVESH
  Var 2: 98980
  Var 3: Cash
  Var 4: <239,305,289>
  Var 5: 14-May-2026
 Message ID: S.230591
API URL: http://bhashsms.com/api/sendmsgutil.php?user=GYANMANJARI_CAREER&pass=********&sender=BUZWAP&phone=9998994020&text=feepaymentsuccess_002&priority=wa&stype=normal&Params=PATEL%20DHYEY%20BHAVESH%2C98980%2CCash%2C%3C239%2C305%2C289%3E%2C14-May-2026
--------------------------------------------------

[2026-05-14 09:51:25] INFO: WhatsApp Template message sent successfully to 9725503051. Provider: bhashsms
[2026-05-14 09:55:06] INFO: WhatsApp BhashSMS sent successfully to 9998708588. Template: feepaymentsuccess_002.
Variables Sent:
  Var 1: GADHIYA TIRTHKUMAR ALPESHBHAI
  Var 2: 95440
  Var 3: Cash
  Var 4: <240,306,290>
  Var 5: 14-May-2026
 Message ID: S.297638
API URL: http://bhashsms.com/api/sendmsgutil.php?user=GYANMANJARI_CAREER&pass=********&sender=BUZWAP&phone=9998708588&text=feepaymentsuccess_002&priority=wa&stype=normal&Params=GADHIYA%20TIRTHKUMAR%20ALPESHBHAI%2C95440%2CCash%2C%3C240%2C306%2C290%3E%2C14-May-2026
--------------------------------------------------

[2026-05-14 09:55:07] INFO: WhatsApp BhashSMS sent successfully to 9998994020. Template: feepaymentsuccess_002.
Variables Sent:
  Var 1: GADHIYA TIRTHKUMAR ALPESHBHAI
  Var 2: 95440
  Var 3: Cash
  Var 4: <240,306,290>
  Var 5: 14-May-2026
 Message ID: S.335206
API URL: http://bhashsms.com/api/sendmsgutil.php?user=GYANMANJARI_CAREER&pass=********&sender=BUZWAP&phone=9998994020&text=feepaymentsuccess_002&priority=wa&stype=normal&Params=GADHIYA%20TIRTHKUMAR%20ALPESHBHAI%2C95440%2CCash%2C%3C240%2C306%2C290%3E%2C14-May-2026
--------------------------------------------------

[2026-05-14 09:55:07] INFO: WhatsApp Template message sent successfully to 9998708588. Provider: bhashsms
[2026-05-14 10:23:37] INFO: WhatsApp BhashSMS sent successfully to 7359912009. Template: feepaymentsuccess_002.
Variables Sent:
  Var 1: BARAIYA SHIVAM BHARATBHAI
  Var 2: 95440
  Var 3: Cash
  Var 4: <243,309,293>
  Var 5: 14-May-2026
 Message ID: S.119263
API URL: http://bhashsms.com/api/sendmsgutil.php?user=GYANMANJARI_CAREER&pass=********&sender=BUZWAP&phone=7359912009&text=feepaymentsuccess_002&priority=wa&stype=normal&Params=BARAIYA%20SHIVAM%20BHARATBHAI%2C95440%2CCash%2C%3C243%2C309%2C293%3E%2C14-May-2026
--------------------------------------------------

[2026-05-14 10:23:37] INFO: WhatsApp BhashSMS sent successfully to 9998994020. Template: feepaymentsuccess_002.
Variables Sent:
  Var 1: BARAIYA SHIVAM BHARATBHAI
  Var 2: 95440
  Var 3: Cash
  Var 4: <243,309,293>
  Var 5: 14-May-2026
 Message ID: S.433899
API URL: http://bhashsms.com/api/sendmsgutil.php?user=GYANMANJARI_CAREER&pass=********&sender=BUZWAP&phone=9998994020&text=feepaymentsuccess_002&priority=wa&stype=normal&Params=BARAIYA%20SHIVAM%20BHARATBHAI%2C95440%2CCash%2C%3C243%2C309%2C293%3E%2C14-May-2026
--------------------------------------------------

[2026-05-14 10:23:37] INFO: WhatsApp Template message sent successfully to 7359912009. Provider: bhashsms
[2026-05-14 10:30:47] INFO: WhatsApp BhashSMS sent successfully to 9428480026. Template: feepaymentsuccess_002.
Variables Sent:
  Var 1: PATEL VRAJ MEHULKUMAR
  Var 2: 95440
  Var 3: Cash
  Var 4: <244,310,294>
  Var 5: 14-May-2026
 Message ID: S.789399
API URL: http://bhashsms.com/api/sendmsgutil.php?user=GYANMANJARI_CAREER&pass=********&sender=BUZWAP&phone=9428480026&text=feepaymentsuccess_002&priority=wa&stype=normal&Params=PATEL%20VRAJ%20MEHULKUMAR%2C95440%2CCash%2C%3C244%2C310%2C294%3E%2C14-May-2026
--------------------------------------------------

[2026-05-14 10:30:48] INFO: WhatsApp BhashSMS sent successfully to 9998994020. Template: feepaymentsuccess_002.
Variables Sent:
  Var 1: PATEL VRAJ MEHULKUMAR
  Var 2: 95440
  Var 3: Cash
  Var 4: <244,310,294>
  Var 5: 14-May-2026
 Message ID: S.130158
API URL: http://bhashsms.com/api/sendmsgutil.php?user=GYANMANJARI_CAREER&pass=********&sender=BUZWAP&phone=9998994020&text=feepaymentsuccess_002&priority=wa&stype=normal&Params=PATEL%20VRAJ%20MEHULKUMAR%2C95440%2CCash%2C%3C244%2C310%2C294%3E%2C14-May-2026
--------------------------------------------------

[2026-05-14 10:30:48] INFO: WhatsApp Template message sent successfully to 9428480026. Provider: bhashsms
[2026-05-14 10:33:05] INFO: WhatsApp BhashSMS sent successfully to 9724010729. Template: feepaymentsuccess_002.
Variables Sent:
  Var 1: PATEL JENIL DINESHKUMAR
  Var 2: 95440
  Var 3: Cash
  Var 4: <245,311,295>
  Var 5: 14-May-2026
 Message ID: S.130677
API URL: http://bhashsms.com/api/sendmsgutil.php?user=GYANMANJARI_CAREER&pass=********&sender=BUZWAP&phone=9724010729&text=feepaymentsuccess_002&priority=wa&stype=normal&Params=PATEL%20JENIL%20DINESHKUMAR%2C95440%2CCash%2C%3C245%2C311%2C295%3E%2C14-May-2026
--------------------------------------------------

[2026-05-14 10:33:06] INFO: WhatsApp BhashSMS sent successfully to 9998994020. Template: feepaymentsuccess_002.
Variables Sent:
  Var 1: PATEL JENIL DINESHKUMAR
  Var 2: 95440
  Var 3: Cash
  Var 4: <245,311,295>
  Var 5: 14-May-2026
 Message ID: S.46143
API URL: http://bhashsms.com/api/sendmsgutil.php?user=GYANMANJARI_CAREER&pass=********&sender=BUZWAP&phone=9998994020&text=feepaymentsuccess_002&priority=wa&stype=normal&Params=PATEL%20JENIL%20DINESHKUMAR%2C95440%2CCash%2C%3C245%2C311%2C295%3E%2C14-May-2026
--------------------------------------------------

[2026-05-14 10:33:06] INFO: WhatsApp Template message sent successfully to 9724010729. Provider: bhashsms
[2026-05-14 10:35:58] INFO: WhatsApp BhashSMS sent successfully to 9904536303. Template: feepaymentsuccess_002.
Variables Sent:
  Var 1: VEGAD MEET RAJESHBHAI
  Var 2: 21600
  Var 3: Cash
  Var 4: 47
  Var 5: 14-May-2026
 Message ID: S.16053
API URL: http://bhashsms.com/api/sendmsgutil.php?user=GYANMANJARI_CAREER&pass=********&sender=BUZWAP&phone=9904536303&text=feepaymentsuccess_002&priority=wa&stype=normal&Params=VEGAD%20MEET%20RAJESHBHAI%2C21600%2CCash%2C47%2C14-May-2026
--------------------------------------------------

[2026-05-14 10:35:59] INFO: WhatsApp BhashSMS sent successfully to 9998994020. Template: feepaymentsuccess_002.
Variables Sent:
  Var 1: VEGAD MEET RAJESHBHAI
  Var 2: 21600
  Var 3: Cash
  Var 4: 47
  Var 5: 14-May-2026
 Message ID: S.441468
API URL: http://bhashsms.com/api/sendmsgutil.php?user=GYANMANJARI_CAREER&pass=********&sender=BUZWAP&phone=9998994020&text=feepaymentsuccess_002&priority=wa&stype=normal&Params=VEGAD%20MEET%20RAJESHBHAI%2C21600%2CCash%2C47%2C14-May-2026
--------------------------------------------------

[2026-05-14 10:35:59] INFO: WhatsApp Template message sent successfully to 9904536303. Provider: bhashsms
[2026-05-14 10:48:22] INFO: WhatsApp BhashSMS sent successfully to 9998542811. Template: feepaymentsuccess_002.
Variables Sent:
  Var 1: CHAUHAN KARINABEN VALLABHBHAI
  Var 2: 95440
  Var 3: Cash
  Var 4: <247,313,297>
  Var 5: 14-May-2026
 Message ID: S.834931
API URL: http://bhashsms.com/api/sendmsgutil.php?user=GYANMANJARI_CAREER&pass=********&sender=BUZWAP&phone=9998542811&text=feepaymentsuccess_002&priority=wa&stype=normal&Params=CHAUHAN%20KARINABEN%20VALLABHBHAI%2C95440%2CCash%2C%3C247%2C313%2C297%3E%2C14-May-2026
--------------------------------------------------

[2026-05-14 10:48:22] INFO: WhatsApp BhashSMS sent successfully to 9998994020. Template: feepaymentsuccess_002.
Variables Sent:
  Var 1: CHAUHAN KARINABEN VALLABHBHAI
  Var 2: 95440
  Var 3: Cash
  Var 4: <247,313,297>
  Var 5: 14-May-2026
 Message ID: S.639405
API URL: http://bhashsms.com/api/sendmsgutil.php?user=GYANMANJARI_CAREER&pass=********&sender=BUZWAP&phone=9998994020&text=feepaymentsuccess_002&priority=wa&stype=normal&Params=CHAUHAN%20KARINABEN%20VALLABHBHAI%2C95440%2CCash%2C%3C247%2C313%2C297%3E%2C14-May-2026
--------------------------------------------------

[2026-05-14 10:48:22] INFO: WhatsApp Template message sent successfully to 9998542811. Provider: bhashsms
[2026-05-14 11:09:43] INFO: WhatsApp BhashSMS sent successfully to 8200074402. Template: feepaymentsuccess_002.
Variables Sent:
  Var 1: JANI DEVANGI BRIJESHBHAI
  Var 2: 117040
  Var 3: Cash
  Var 4: <248,314,298,49>
  Var 5: 14-May-2026
 Message ID: S.264100
API URL: http://bhashsms.com/api/sendmsgutil.php?user=GYANMANJARI_CAREER&pass=********&sender=BUZWAP&phone=8200074402&text=feepaymentsuccess_002&priority=wa&stype=normal&Params=JANI%20DEVANGI%20BRIJESHBHAI%2C117040%2CCash%2C%3C248%2C314%2C298%2C49%3E%2C14-May-2026
--------------------------------------------------

[2026-05-14 11:09:44] INFO: WhatsApp BhashSMS sent successfully to 9998994020. Template: feepaymentsuccess_002.
Variables Sent:
  Var 1: JANI DEVANGI BRIJESHBHAI
  Var 2: 117040
  Var 3: Cash
  Var 4: <248,314,298,49>
  Var 5: 14-May-2026
 Message ID: S.592591
API URL: http://bhashsms.com/api/sendmsgutil.php?user=GYANMANJARI_CAREER&pass=********&sender=BUZWAP&phone=9998994020&text=feepaymentsuccess_002&priority=wa&stype=normal&Params=JANI%20DEVANGI%20BRIJESHBHAI%2C117040%2CCash%2C%3C248%2C314%2C298%2C49%3E%2C14-May-2026
--------------------------------------------------

[2026-05-14 11:09:44] INFO: WhatsApp Template message sent successfully to 8200074402. Provider: bhashsms
[2026-05-14 11:31:46] INFO: WhatsApp BhashSMS sent successfully to 8780654477. Template: feepaymentsuccess_002.
Variables Sent:
  Var 1: PATEL SETUL VISHNUBHAI
  Var 2: 95440
  Var 3: Cash
  Var 4: <249,315,299>
  Var 5: 14-May-2026
 Message ID: S.193482
API URL: http://bhashsms.com/api/sendmsgutil.php?user=GYANMANJARI_CAREER&pass=********&sender=BUZWAP&phone=8780654477&text=feepaymentsuccess_002&priority=wa&stype=normal&Params=PATEL%20SETUL%20VISHNUBHAI%2C95440%2CCash%2C%3C249%2C315%2C299%3E%2C14-May-2026
--------------------------------------------------

[2026-05-14 11:31:47] INFO: WhatsApp BhashSMS sent successfully to 9998994020. Template: feepaymentsuccess_002.
Variables Sent:
  Var 1: PATEL SETUL VISHNUBHAI
  Var 2: 95440
  Var 3: Cash
  Var 4: <249,315,299>
  Var 5: 14-May-2026
 Message ID: S.792054
API URL: http://bhashsms.com/api/sendmsgutil.php?user=GYANMANJARI_CAREER&pass=********&sender=BUZWAP&phone=9998994020&text=feepaymentsuccess_002&priority=wa&stype=normal&Params=PATEL%20SETUL%20VISHNUBHAI%2C95440%2CCash%2C%3C249%2C315%2C299%3E%2C14-May-2026
--------------------------------------------------

[2026-05-14 11:31:47] INFO: WhatsApp Template message sent successfully to 8780654477. Provider: bhashsms
[2026-05-14 13:02:36] INFO: WhatsApp BhashSMS sent successfully to 9725456027. Template: feepaymentsuccess_002.
Variables Sent:
  Var 1: UPADHYAY JAY MAYURKUMAR
  Var 2: 117040
  Var 3: Cheque
  Var 4: <250,316,300,50>
  Var 5: 14-May-2026
 Message ID: S.377717
API URL: http://bhashsms.com/api/sendmsgutil.php?user=GYANMANJARI_CAREER&pass=********&sender=BUZWAP&phone=9725456027&text=feepaymentsuccess_002&priority=wa&stype=normal&Params=UPADHYAY%20JAY%20MAYURKUMAR%2C117040%2CCheque%2C%3C250%2C316%2C300%2C50%3E%2C14-May-2026
--------------------------------------------------

[2026-05-14 13:02:37] INFO: WhatsApp BhashSMS sent successfully to 9998994020. Template: feepaymentsuccess_002.
Variables Sent:
  Var 1: UPADHYAY JAY MAYURKUMAR
  Var 2: 117040
  Var 3: Cheque
  Var 4: <250,316,300,50>
  Var 5: 14-May-2026
 Message ID: S.722809
API URL: http://bhashsms.com/api/sendmsgutil.php?user=GYANMANJARI_CAREER&pass=********&sender=BUZWAP&phone=9998994020&text=feepaymentsuccess_002&priority=wa&stype=normal&Params=UPADHYAY%20JAY%20MAYURKUMAR%2C117040%2CCheque%2C%3C250%2C316%2C300%2C50%3E%2C14-May-2026
--------------------------------------------------

[2026-05-14 13:02:37] INFO: WhatsApp Template message sent successfully to 9725456027. Provider: bhashsms
[2026-05-14 16:49:28] INFO: WhatsApp BhashSMS sent successfully to 7436044629. Template: daily_summary_coursewise.
Variables Sent:
  Var 1: 14-May-2026
  Var 2: *11th Gujarati*  _Hostel Security_   Cash: 1 | Rs. 10000  Course Total: Rs. 10000    *12th English*  _School Fee_   Cash: 1 | Rs. 15000   Online: 1 | Rs. 15000   Cheque: 1 | Rs. 15000  _Trust Facilities Fee_   Cash: 1 | Rs. 12000   Online: 1 | Rs. 12000   Cheque: 1 | Rs. 12000  _Tuition Fee Part 2_   Cash: 1 | Rs. 71980   Online: 1 | Rs. 71980   Cheque: 1 | Rs. 71980  _Transport Fee_   Cheque: 1 | Rs. 21600  Course Total: Rs. 318540    *12th Gujarati*  _School Fee_   Cash: 9 | Rs. 135000   Online: 3 | Rs. 45000   Cheque: 1 | Rs. 15000  _Trust Facilities Fee_   Cash: 9 | Rs. 108000   Online: 3 | Rs. 36000   Cheque: 1 | Rs. 12000  _Tuition Fee Part 2_   Cash: 9 | Rs. 598260   Online: 3 | Rs. 187620   Cheque: 1 | Rs. 68440  _Transport Fee_   Cash: 3 | Rs. 64800   Online: 1 | Rs. 21600   Cheque: 1 | Rs. 21600  Course Total: Rs. 1313320
  Var 3: 1641860
 Message ID: S.52979
API URL: http://bhashsms.com/api/sendmsgutil.php?user=GYANMANJARI_CAREER&pass=********&sender=BUZWAP&phone=7436044629&text=daily_summary_coursewise&priority=wa&stype=normal&Params=14-May-2026%2C%2A11th%20Gujarati%2A%20%20_Hostel%20Security_%20%20%20Cash%3A%201%20%7C%20Rs.%2010000%20%20Course%20Total%3A%20Rs.%2010000%20%20%20%20%2A12th%20English%2A%20%20_School%20Fee_%20%20%20Cash%3A%201%20%7C%20Rs.%2015000%20%20%20Online%3A%201%20%7C%20Rs.%2015000%20%20%20Cheque%3A%201%20%7C%20Rs.%2015000%20%20_Trust%20Facilities%20Fee_%20%20%20Cash%3A%201%20%7C%20Rs.%2012000%20%20%20Online%3A%201%20%7C%20Rs.%2012000%20%20%20Cheque%3A%201%20%7C%20Rs.%2012000%20%20_Tuition%20Fee%20Part%202_%20%20%20Cash%3A%201%20%7C%20Rs.%2071980%20%20%20Online%3A%201%20%7C%20Rs.%2071980%20%20%20Cheque%3A%201%20%7C%20Rs.%2071980%20%20_Transport%20Fee_%20%20%20Cheque%3A%201%20%7C%20Rs.%2021600%20%20Course%20Total%3A%20Rs.%20318540%20%20%20%20%2A12th%20Gujarati%2A%20%20_School%20Fee_%20%20%20Cash%3A%209%20%7C%20Rs.%20135000%20%20%20Online%3A%203%20%7C%20Rs.%2045000%20%20%20Cheque%3A%201%20%7C%20Rs.%2015000%20%20_Trust%20Facilities%20Fee_%20%20%20Cash%3A%209%20%7C%20Rs.%20108000%20%20%20Online%3A%203%20%7C%20Rs.%2036000%20%20%20Cheque%3A%201%20%7C%20Rs.%2012000%20%20_Tuition%20Fee%20Part%202_%20%20%20Cash%3A%209%20%7C%20Rs.%20598260%20%20%20Online%3A%203%20%7C%20Rs.%20187620%20%20%20Cheque%3A%201%20%7C%20Rs.%2068440%20%20_Transport%20Fee_%20%20%20Cash%3A%203%20%7C%20Rs.%2064800%20%20%20Online%3A%201%20%7C%20Rs.%2021600%20%20%20Cheque%3A%201%20%7C%20Rs.%2021600%20%20Course%20Total%3A%20Rs.%201313320%2C1641860
--------------------------------------------------

[2026-05-14 16:49:28] INFO: WhatsApp Template message sent successfully to 7436044629. Provider: bhashsms
[2026-05-14 20:58:42] INFO: WhatsApp BhashSMS sent successfully to 9998994020. Template: daily_summary_simple.
Variables Sent:
  Var 1: 14-May-2026
  Var 2: 54
  Var 3: 33
  Var 4: 1005040
  Var 5: 13
  Var 6: 389200
  Var 7: 8
  Var 8: 237620
  Var 9: 1631860
 Message ID: S.162232
API URL: http://bhashsms.com/api/sendmsgutil.php?user=GYANMANJARI_CAREER&pass=********&sender=BUZWAP&phone=9998994020&text=daily_summary_simple&priority=wa&stype=normal&Params=14-May-2026%2C54%2C33%2C1005040%2C13%2C389200%2C8%2C237620%2C1631860
--------------------------------------------------

[2026-05-14 20:58:42] INFO: WhatsApp Template message sent successfully to 9998994020. Provider: bhashsms
[2026-05-14 21:41:29] INFO: WhatsApp BhashSMS sent successfully to 9426379505. Template: feepaymentsuccess_002.
Variables Sent:
  Var 1: DIYA
  Var 2: 10000
  Var 3: Online
  Var 4: 92
  Var 5: 14-May-2026
 Message ID: S.116425
API URL: http://bhashsms.com/api/sendmsgutil.php?user=GYANMANJARI_CAREER&pass=********&sender=BUZWAP&phone=9426379505&text=feepaymentsuccess_002&priority=wa&stype=normal&Params=DIYA%2C10000%2COnline%2C92%2C14-May-2026
--------------------------------------------------

[2026-05-14 21:41:29] INFO: WhatsApp BhashSMS sent successfully to 9998994020. Template: feepaymentsuccess_002.
Variables Sent:
  Var 1: DIYA
  Var 2: 10000
  Var 3: Online
  Var 4: 92
  Var 5: 14-May-2026
 Message ID: S.559754
API URL: http://bhashsms.com/api/sendmsgutil.php?user=GYANMANJARI_CAREER&pass=********&sender=BUZWAP&phone=9998994020&text=feepaymentsuccess_002&priority=wa&stype=normal&Params=DIYA%2C10000%2COnline%2C92%2C14-May-2026
--------------------------------------------------

[2026-05-14 21:41:29] INFO: WhatsApp Template message sent successfully to 9426379505. Provider: bhashsms
