[2026-05-04 08:29:23] [INFO] Payment processing started for request: {"student_id":"2166","amount":"10000","payment_mode":"cash"} | User ID: 70 | URI: /counselling-backend/index.php?route=payments/payment-save
[2026-05-04 08:29:23] [INFO] Payment validation passed for student 2166. Proceeding with payment record creation. | User ID: 70 | URI: /counselling-backend/index.php?route=payments/payment-save
[2026-05-04 08:29:23] [INFO] Database transaction started for student 2166 payment processing. | User ID: 70 | URI: /counselling-backend/index.php?route=payments/payment-save
[2026-05-04 08:29:23] [INFO] Generating receipt number - Student: 2166, Fee Component: hostel_fee | User ID: 70 | URI: /counselling-backend/index.php?route=payments/payment-save
[2026-05-04 08:29:23] [SUCCESS] Payment record created: ID 3067, Receipt: 17, Component: hostel_fee | User ID: 70 | URI: /counselling-backend/index.php?route=payments/payment-save
[2026-05-04 08:29:23] [INFO] Synchronized tbl_student_fee_allocation for student 2166 | User ID: 70 | URI: /counselling-backend/index.php?route=payments/payment-save
[2026-05-04 08:29:23] [INFO] Payment transaction log created for payment ID: 3067 | User ID: 70 | URI: /counselling-backend/index.php?route=payments/payment-save
[2026-05-04 08:29:23] [SUCCESS] Payment transaction committed successfully for student 2166. Receipt No: 17 | User ID: 70 | URI: /counselling-backend/index.php?route=payments/payment-save
[2026-05-04 08:29:24] [INFO] Updated student requirement flags for student 2166: hostel_required = 'Yes' | User ID: 70 | URI: /counselling-backend/index.php?route=payments/payment-save
[2026-05-04 08:30:47] [INFO] Payment processing started for request: {"student_id":"2599","amount":"10000","payment_mode":"cash"} | User ID: 70 | URI: /counselling-backend/index.php?route=payments/payment-save
[2026-05-04 08:30:47] [INFO] Payment validation passed for student 2599. Proceeding with payment record creation. | User ID: 70 | URI: /counselling-backend/index.php?route=payments/payment-save
[2026-05-04 08:30:47] [INFO] Database transaction started for student 2599 payment processing. | User ID: 70 | URI: /counselling-backend/index.php?route=payments/payment-save
[2026-05-04 08:30:47] [INFO] Generating receipt number - Student: 2599, Fee Component: hostel_fee | User ID: 70 | URI: /counselling-backend/index.php?route=payments/payment-save
[2026-05-04 08:30:47] [SUCCESS] Payment record created: ID 3068, Receipt: 18, Component: hostel_fee | User ID: 70 | URI: /counselling-backend/index.php?route=payments/payment-save
[2026-05-04 08:30:47] [INFO] Synchronized tbl_student_fee_allocation for student 2599 | User ID: 70 | URI: /counselling-backend/index.php?route=payments/payment-save
[2026-05-04 08:30:47] [INFO] Payment transaction log created for payment ID: 3068 | User ID: 70 | URI: /counselling-backend/index.php?route=payments/payment-save
[2026-05-04 08:30:47] [SUCCESS] Payment transaction committed successfully for student 2599. Receipt No: 18 | User ID: 70 | URI: /counselling-backend/index.php?route=payments/payment-save
[2026-05-04 08:30:47] [INFO] Updated student requirement flags for student 2599: hostel_required = 'Yes' | User ID: 70 | URI: /counselling-backend/index.php?route=payments/payment-save
 [2026-05-04 10:04:06] [INFO] Payment processing started for request: {"student_id":"1815","amount":"77740","payment_mode":"cash"} | User ID: 70 | URI: /counselling-backend/index.php?route=payments/payment-save
[2026-05-04 10:04:06] [INFO] Payment validation passed for student 1815. Proceeding with payment record creation. | User ID: 70 | URI: /counselling-backend/index.php?route=payments/payment-save
[2026-05-04 10:04:06] [INFO] Database transaction started for student 1815 payment processing. | User ID: 70 | URI: /counselling-backend/index.php?route=payments/payment-save
[2026-05-04 10:04:06] [INFO] Generating receipt number - Student: 1815, Fee Component: school_fee | User ID: 70 | URI: /counselling-backend/index.php?route=payments/payment-save
[2026-05-04 10:04:06] [SUCCESS] Payment record created: ID 3069, Receipt: 162, Component: school_fee | User ID: 70 | URI: /counselling-backend/index.php?route=payments/payment-save
[2026-05-04 10:04:06] [INFO] Synchronized tbl_student_fee_allocation for student 1815 | User ID: 70 | URI: /counselling-backend/index.php?route=payments/payment-save
[2026-05-04 10:04:06] [INFO] Generating receipt number - Student: 1815, Fee Component: trust_facilities_fee | User ID: 70 | URI: /counselling-backend/index.php?route=payments/payment-save
[2026-05-04 10:04:06] [SUCCESS] Payment record created: ID 3070, Receipt: 196, Component: trust_facilities_fee | User ID: 70 | URI: /counselling-backend/index.php?route=payments/payment-save
[2026-05-04 10:04:06] [INFO] Synchronized tbl_student_fee_allocation for student 1815 | User ID: 70 | URI: /counselling-backend/index.php?route=payments/payment-save
[2026-05-04 10:04:06] [INFO] Generating receipt number - Student: 1815, Fee Component: tuition_fee_part2 | User ID: 70 | URI: /counselling-backend/index.php?route=payments/payment-save
[2026-05-04 10:04:06] [SUCCESS] Payment record created: ID 3071, Receipt: 195, Component: tuition_fee_part2 | User ID: 70 | URI: /counselling-backend/index.php?route=payments/payment-save
[2026-05-04 10:04:06] [INFO] Synchronized tbl_student_fee_allocation for student 1815 | User ID: 70 | URI: /counselling-backend/index.php?route=payments/payment-save
[2026-05-04 10:04:06] [INFO] Payment transaction log created for payment ID: 3069 | User ID: 70 | URI: /counselling-backend/index.php?route=payments/payment-save
[2026-05-04 10:04:06] [SUCCESS] Payment transaction committed successfully for student 1815. Receipt No: 162, 196, 195 | User ID: 70 | URI: /counselling-backend/index.php?route=payments/payment-save
[2026-05-04 10:13:21] [INFO] Payment processing started for request: {"student_id":"2034","amount":"95440","payment_mode":"cheque"} | User ID: 70 | URI: /counselling-backend/index.php?route=payments/payment-save
[2026-05-04 10:13:21] [INFO] Payment validation passed for student 2034. Proceeding with payment record creation. | User ID: 70 | URI: /counselling-backend/index.php?route=payments/payment-save
[2026-05-04 10:13:21] [INFO] Database transaction started for student 2034 payment processing. | User ID: 70 | URI: /counselling-backend/index.php?route=payments/payment-save
[2026-05-04 10:13:21] [INFO] Generating receipt number - Student: 2034, Fee Component: school_fee | User ID: 70 | URI: /counselling-backend/index.php?route=payments/payment-save
[2026-05-04 10:13:21] [SUCCESS] Payment record created: ID 3072, Receipt: 163, Component: school_fee | User ID: 70 | URI: /counselling-backend/index.php?route=payments/payment-save
[2026-05-04 10:13:21] [INFO] Synchronized tbl_student_fee_allocation for student 2034 | User ID: 70 | URI: /counselling-backend/index.php?route=payments/payment-save
[2026-05-04 10:13:21] [INFO] Generating receipt number - Student: 2034, Fee Component: trust_facilities_fee | User ID: 70 | URI: /counselling-backend/index.php?route=payments/payment-save
[2026-05-04 10:13:21] [SUCCESS] Payment record created: ID 3073, Receipt: 197, Component: trust_facilities_fee | User ID: 70 | URI: /counselling-backend/index.php?route=payments/payment-save
[2026-05-04 10:13:21] [INFO] Synchronized tbl_student_fee_allocation for student 2034 | User ID: 70 | URI: /counselling-backend/index.php?route=payments/payment-save
[2026-05-04 10:13:21] [INFO] Generating receipt number - Student: 2034, Fee Component: tuition_fee_part2 | User ID: 70 | URI: /counselling-backend/index.php?route=payments/payment-save
[2026-05-04 10:13:21] [SUCCESS] Payment record created: ID 3074, Receipt: 196, Component: tuition_fee_part2 | User ID: 70 | URI: /counselling-backend/index.php?route=payments/payment-save
[2026-05-04 10:13:21] [INFO] Synchronized tbl_student_fee_allocation for student 2034 | User ID: 70 | URI: /counselling-backend/index.php?route=payments/payment-save
[2026-05-04 10:13:21] [INFO] Payment transaction log created for payment ID: 3072 | User ID: 70 | URI: /counselling-backend/index.php?route=payments/payment-save
[2026-05-04 10:13:21] [SUCCESS] Payment transaction committed successfully for student 2034. Receipt No: 163, 197, 196 | User ID: 70 | URI: /counselling-backend/index.php?route=payments/payment-save
[2026-05-04 10:20:16] [INFO] Payment processing started for request: {"student_id":"2472","amount":"10000","payment_mode":"cash"} | User ID: 70 | URI: /counselling-backend/index.php?route=payments/payment-save
[2026-05-04 10:20:16] [INFO] Payment validation passed for student 2472. Proceeding with payment record creation. | User ID: 70 | URI: /counselling-backend/index.php?route=payments/payment-save
[2026-05-04 10:20:16] [INFO] Database transaction started for student 2472 payment processing. | User ID: 70 | URI: /counselling-backend/index.php?route=payments/payment-save
[2026-05-04 10:20:16] [INFO] Generating receipt number - Student: 2472, Fee Component: hostel_fee | User ID: 70 | URI: /counselling-backend/index.php?route=payments/payment-save
[2026-05-04 10:20:16] [SUCCESS] Payment record created: ID 3075, Receipt: 19, Component: hostel_fee | User ID: 70 | URI: /counselling-backend/index.php?route=payments/payment-save
[2026-05-04 10:20:16] [INFO] Synchronized tbl_student_fee_allocation for student 2472 | User ID: 70 | URI: /counselling-backend/index.php?route=payments/payment-save
[2026-05-04 10:20:16] [INFO] Payment transaction log created for payment ID: 3075 | User ID: 70 | URI: /counselling-backend/index.php?route=payments/payment-save
[2026-05-04 10:20:16] [SUCCESS] Payment transaction committed successfully for student 2472. Receipt No: 19 | User ID: 70 | URI: /counselling-backend/index.php?route=payments/payment-save
[2026-05-04 10:20:16] [INFO] Updated student requirement flags for student 2472: hostel_required = 'Yes' | User ID: 70 | URI: /counselling-backend/index.php?route=payments/payment-save
[2026-05-04 10:22:41] [INFO] Payment processing started for request: {"student_id":"2231","amount":"95440","payment_mode":"cash"} | User ID: 70 | URI: /counselling-backend/index.php?route=payments/payment-save
[2026-05-04 10:22:41] [INFO] Payment validation passed for student 2231. Proceeding with payment record creation. | User ID: 70 | URI: /counselling-backend/index.php?route=payments/payment-save
[2026-05-04 10:22:41] [INFO] Database transaction started for student 2231 payment processing. | User ID: 70 | URI: /counselling-backend/index.php?route=payments/payment-save
[2026-05-04 10:22:41] [INFO] Generating receipt number - Student: 2231, Fee Component: school_fee | User ID: 70 | URI: /counselling-backend/index.php?route=payments/payment-save
[2026-05-04 10:22:41] [SUCCESS] Payment record created: ID 3076, Receipt: 164, Component: school_fee | User ID: 70 | URI: /counselling-backend/index.php?route=payments/payment-save
[2026-05-04 10:22:41] [INFO] Synchronized tbl_student_fee_allocation for student 2231 | User ID: 70 | URI: /counselling-backend/index.php?route=payments/payment-save
[2026-05-04 10:22:41] [INFO] Generating receipt number - Student: 2231, Fee Component: trust_facilities_fee | User ID: 70 | URI: /counselling-backend/index.php?route=payments/payment-save
[2026-05-04 10:22:41] [SUCCESS] Payment record created: ID 3077, Receipt: 198, Component: trust_facilities_fee | User ID: 70 | URI: /counselling-backend/index.php?route=payments/payment-save
[2026-05-04 10:22:41] [INFO] Synchronized tbl_student_fee_allocation for student 2231 | User ID: 70 | URI: /counselling-backend/index.php?route=payments/payment-save
[2026-05-04 10:22:41] [INFO] Generating receipt number - Student: 2231, Fee Component: tuition_fee_part2 | User ID: 70 | URI: /counselling-backend/index.php?route=payments/payment-save
[2026-05-04 10:22:41] [SUCCESS] Payment record created: ID 3078, Receipt: 197, Component: tuition_fee_part2 | User ID: 70 | URI: /counselling-backend/index.php?route=payments/payment-save
[2026-05-04 10:22:41] [INFO] Synchronized tbl_student_fee_allocation for student 2231 | User ID: 70 | URI: /counselling-backend/index.php?route=payments/payment-save
[2026-05-04 10:22:41] [INFO] Payment transaction log created for payment ID: 3076 | User ID: 70 | URI: /counselling-backend/index.php?route=payments/payment-save
[2026-05-04 10:22:41] [SUCCESS] Payment transaction committed successfully for student 2231. Receipt No: 164, 198, 197 | User ID: 70 | URI: /counselling-backend/index.php?route=payments/payment-save
[2026-05-04 10:50:12] [INFO] Payment processing started for request: {"student_id":"2267","amount":"95440","payment_mode":"cheque"} | User ID: 70 | URI: /counselling-backend/index.php?route=payments/payment-save
[2026-05-04 10:50:12] [INFO] Payment validation passed for student 2267. Proceeding with payment record creation. | User ID: 70 | URI: /counselling-backend/index.php?route=payments/payment-save
[2026-05-04 10:50:12] [INFO] Database transaction started for student 2267 payment processing. | User ID: 70 | URI: /counselling-backend/index.php?route=payments/payment-save
[2026-05-04 10:50:12] [INFO] Generating receipt number - Student: 2267, Fee Component: school_fee | User ID: 70 | URI: /counselling-backend/index.php?route=payments/payment-save
[2026-05-04 10:50:12] [SUCCESS] Payment record created: ID 3079, Receipt: 165, Component: school_fee | User ID: 70 | URI: /counselling-backend/index.php?route=payments/payment-save
[2026-05-04 10:50:12] [INFO] Synchronized tbl_student_fee_allocation for student 2267 | User ID: 70 | URI: /counselling-backend/index.php?route=payments/payment-save
[2026-05-04 10:50:12] [INFO] Generating receipt number - Student: 2267, Fee Component: trust_facilities_fee | User ID: 70 | URI: /counselling-backend/index.php?route=payments/payment-save
[2026-05-04 10:50:12] [SUCCESS] Payment record created: ID 3080, Receipt: 199, Component: trust_facilities_fee | User ID: 70 | URI: /counselling-backend/index.php?route=payments/payment-save
[2026-05-04 10:50:12] [INFO] Synchronized tbl_student_fee_allocation for student 2267 | User ID: 70 | URI: /counselling-backend/index.php?route=payments/payment-save
[2026-05-04 10:50:12] [INFO] Generating receipt number - Student: 2267, Fee Component: tuition_fee_part2 | User ID: 70 | URI: /counselling-backend/index.php?route=payments/payment-save
[2026-05-04 10:50:12] [SUCCESS] Payment record created: ID 3081, Receipt: 198, Component: tuition_fee_part2 | User ID: 70 | URI: /counselling-backend/index.php?route=payments/payment-save
[2026-05-04 10:50:12] [INFO] Synchronized tbl_student_fee_allocation for student 2267 | User ID: 70 | URI: /counselling-backend/index.php?route=payments/payment-save
[2026-05-04 10:50:12] [INFO] Payment transaction log created for payment ID: 3079 | User ID: 70 | URI: /counselling-backend/index.php?route=payments/payment-save
[2026-05-04 10:50:12] [SUCCESS] Payment transaction committed successfully for student 2267. Receipt No: 165, 199, 198 | User ID: 70 | URI: /counselling-backend/index.php?route=payments/payment-save
[2026-05-04 11:02:54] [INFO] Payment processing started for request: {"student_id":"2097","amount":"95440","payment_mode":"cheque"} | User ID: 70 | URI: /counselling-backend/index.php?route=payments/payment-save
[2026-05-04 11:02:54] [INFO] Payment validation passed for student 2097. Proceeding with payment record creation. | User ID: 70 | URI: /counselling-backend/index.php?route=payments/payment-save
[2026-05-04 11:02:54] [INFO] Database transaction started for student 2097 payment processing. | User ID: 70 | URI: /counselling-backend/index.php?route=payments/payment-save
[2026-05-04 11:02:54] [INFO] Generating receipt number - Student: 2097, Fee Component: school_fee | User ID: 70 | URI: /counselling-backend/index.php?route=payments/payment-save
[2026-05-04 11:02:54] [SUCCESS] Payment record created: ID 3082, Receipt: 166, Component: school_fee | User ID: 70 | URI: /counselling-backend/index.php?route=payments/payment-save
[2026-05-04 11:02:54] [INFO] Synchronized tbl_student_fee_allocation for student 2097 | User ID: 70 | URI: /counselling-backend/index.php?route=payments/payment-save
[2026-05-04 11:02:54] [INFO] Generating receipt number - Student: 2097, Fee Component: trust_facilities_fee | User ID: 70 | URI: /counselling-backend/index.php?route=payments/payment-save
[2026-05-04 11:02:54] [SUCCESS] Payment record created: ID 3083, Receipt: 200, Component: trust_facilities_fee | User ID: 70 | URI: /counselling-backend/index.php?route=payments/payment-save
[2026-05-04 11:02:54] [INFO] Synchronized tbl_student_fee_allocation for student 2097 | User ID: 70 | URI: /counselling-backend/index.php?route=payments/payment-save
[2026-05-04 11:02:54] [INFO] Generating receipt number - Student: 2097, Fee Component: tuition_fee_part2 | User ID: 70 | URI: /counselling-backend/index.php?route=payments/payment-save
[2026-05-04 11:02:54] [SUCCESS] Payment record created: ID 3084, Receipt: 199, Component: tuition_fee_part2 | User ID: 70 | URI: /counselling-backend/index.php?route=payments/payment-save
[2026-05-04 11:02:54] [INFO] Synchronized tbl_student_fee_allocation for student 2097 | User ID: 70 | URI: /counselling-backend/index.php?route=payments/payment-save
[2026-05-04 11:02:54] [INFO] Payment transaction log created for payment ID: 3082 | User ID: 70 | URI: /counselling-backend/index.php?route=payments/payment-save
[2026-05-04 11:02:54] [SUCCESS] Payment transaction committed successfully for student 2097. Receipt No: 166, 200, 199 | User ID: 70 | URI: /counselling-backend/index.php?route=payments/payment-save
[2026-05-04 11:29:05] [INFO] Payment processing started for request: {"student_id":"1638","amount":"98980","payment_mode":"cash"} | User ID: 70 | URI: /counselling-backend/index.php?route=payments/payment-save
[2026-05-04 11:29:05] [INFO] Payment validation passed for student 1638. Proceeding with payment record creation. | User ID: 70 | URI: /counselling-backend/index.php?route=payments/payment-save
[2026-05-04 11:29:05] [INFO] Database transaction started for student 1638 payment processing. | User ID: 70 | URI: /counselling-backend/index.php?route=payments/payment-save
[2026-05-04 11:29:05] [INFO] Generating receipt number - Student: 1638, Fee Component: school_fee | User ID: 70 | URI: /counselling-backend/index.php?route=payments/payment-save
[2026-05-04 11:29:05] [SUCCESS] Payment record created: ID 3085, Receipt: 167, Component: school_fee | User ID: 70 | URI: /counselling-backend/index.php?route=payments/payment-save
[2026-05-04 11:29:05] [INFO] Synchronized tbl_student_fee_allocation for student 1638 | User ID: 70 | URI: /counselling-backend/index.php?route=payments/payment-save
[2026-05-04 11:29:05] [INFO] Generating receipt number - Student: 1638, Fee Component: trust_facilities_fee | User ID: 70 | URI: /counselling-backend/index.php?route=payments/payment-save
[2026-05-04 11:29:05] [SUCCESS] Payment record created: ID 3086, Receipt: 201, Component: trust_facilities_fee | User ID: 70 | URI: /counselling-backend/index.php?route=payments/payment-save
[2026-05-04 11:29:05] [INFO] Synchronized tbl_student_fee_allocation for student 1638 | User ID: 70 | URI: /counselling-backend/index.php?route=payments/payment-save
[2026-05-04 11:29:05] [INFO] Generating receipt number - Student: 1638, Fee Component: tuition_fee_part2 | User ID: 70 | URI: /counselling-backend/index.php?route=payments/payment-save
[2026-05-04 11:29:05] [SUCCESS] Payment record created: ID 3087, Receipt: 200, Component: tuition_fee_part2 | User ID: 70 | URI: /counselling-backend/index.php?route=payments/payment-save
[2026-05-04 11:29:05] [INFO] Synchronized tbl_student_fee_allocation for student 1638 | User ID: 70 | URI: /counselling-backend/index.php?route=payments/payment-save
[2026-05-04 11:29:05] [INFO] Payment transaction log created for payment ID: 3085 | User ID: 70 | URI: /counselling-backend/index.php?route=payments/payment-save
[2026-05-04 11:29:05] [SUCCESS] Payment transaction committed successfully for student 1638. Receipt No: 167, 201, 200 | User ID: 70 | URI: /counselling-backend/index.php?route=payments/payment-save
[2026-05-04 11:32:36] [INFO] Payment processing started for request: {"student_id":"2627","amount":"44000","payment_mode":"cash"} | User ID: 70 | URI: /counselling-backend/index.php?route=payments/payment-save
[2026-05-04 11:32:36] [INFO] Payment validation passed for student 2627. Proceeding with payment record creation. | User ID: 70 | URI: /counselling-backend/index.php?route=payments/payment-save
[2026-05-04 11:32:36] [INFO] Database transaction started for student 2627 payment processing. | User ID: 70 | URI: /counselling-backend/index.php?route=payments/payment-save
[2026-05-04 11:32:36] [INFO] Generating receipt number - Student: 2627, Fee Component: school_fee | User ID: 70 | URI: /counselling-backend/index.php?route=payments/payment-save
[2026-05-04 11:32:36] [SUCCESS] Payment record created: ID 3088, Receipt: 168, Component: school_fee | User ID: 70 | URI: /counselling-backend/index.php?route=payments/payment-save
[2026-05-04 11:32:36] [INFO] Synchronized tbl_student_fee_allocation for student 2627 | User ID: 70 | URI: /counselling-backend/index.php?route=payments/payment-save
[2026-05-04 11:32:36] [INFO] Generating receipt number - Student: 2627, Fee Component: trust_facilities_fee | User ID: 70 | URI: /counselling-backend/index.php?route=payments/payment-save
[2026-05-04 11:32:36] [SUCCESS] Payment record created: ID 3089, Receipt: 202, Component: trust_facilities_fee | User ID: 70 | URI: /counselling-backend/index.php?route=payments/payment-save
[2026-05-04 11:32:36] [INFO] Synchronized tbl_student_fee_allocation for student 2627 | User ID: 70 | URI: /counselling-backend/index.php?route=payments/payment-save
[2026-05-04 11:32:36] [INFO] Generating receipt number - Student: 2627, Fee Component: tuition_fee_part2 | User ID: 70 | URI: /counselling-backend/index.php?route=payments/payment-save
[2026-05-04 11:32:36] [SUCCESS] Payment record created: ID 3090, Receipt: 201, Component: tuition_fee_part2 | User ID: 70 | URI: /counselling-backend/index.php?route=payments/payment-save
[2026-05-04 11:32:36] [INFO] Synchronized tbl_student_fee_allocation for student 2627 | User ID: 70 | URI: /counselling-backend/index.php?route=payments/payment-save
[2026-05-04 11:32:36] [INFO] Payment transaction log created for payment ID: 3088 | User ID: 70 | URI: /counselling-backend/index.php?route=payments/payment-save
[2026-05-04 11:32:36] [SUCCESS] Payment transaction committed successfully for student 2627. Receipt No: 168, 202, 201 | User ID: 70 | URI: /counselling-backend/index.php?route=payments/payment-save
[2026-05-04 12:16:46] [INFO] Payment processing started for request: {"student_id":"2535","amount":"95440","payment_mode":"cash"} | User ID: 70 | URI: /counselling-backend/index.php?route=payments/payment-save
[2026-05-04 12:16:46] [INFO] Payment validation passed for student 2535. Proceeding with payment record creation. | User ID: 70 | URI: /counselling-backend/index.php?route=payments/payment-save
[2026-05-04 12:16:46] [INFO] Database transaction started for student 2535 payment processing. | User ID: 70 | URI: /counselling-backend/index.php?route=payments/payment-save
[2026-05-04 12:16:46] [INFO] Generating receipt number - Student: 2535, Fee Component: school_fee | User ID: 70 | URI: /counselling-backend/index.php?route=payments/payment-save
[2026-05-04 12:16:46] [SUCCESS] Payment record created: ID 3092, Receipt: 35, Component: school_fee | User ID: 70 | URI: /counselling-backend/index.php?route=payments/payment-save
[2026-05-04 12:16:46] [INFO] Synchronized tbl_student_fee_allocation for student 2535 | User ID: 70 | URI: /counselling-backend/index.php?route=payments/payment-save
[2026-05-04 12:16:46] [INFO] Generating receipt number - Student: 2535, Fee Component: trust_facilities_fee | User ID: 70 | URI: /counselling-backend/index.php?route=payments/payment-save
[2026-05-04 12:16:46] [SUCCESS] Payment record created: ID 3093, Receipt: 201, Component: trust_facilities_fee | User ID: 70 | URI: /counselling-backend/index.php?route=payments/payment-save
[2026-05-04 12:16:46] [INFO] Synchronized tbl_student_fee_allocation for student 2535 | User ID: 70 | URI: /counselling-backend/index.php?route=payments/payment-save
[2026-05-04 12:16:46] [INFO] Generating receipt number - Student: 2535, Fee Component: tuition_fee_part2 | User ID: 70 | URI: /counselling-backend/index.php?route=payments/payment-save
[2026-05-04 12:16:46] [SUCCESS] Payment record created: ID 3094, Receipt: 201, Component: tuition_fee_part2 | User ID: 70 | URI: /counselling-backend/index.php?route=payments/payment-save
[2026-05-04 12:16:46] [INFO] Synchronized tbl_student_fee_allocation for student 2535 | User ID: 70 | URI: /counselling-backend/index.php?route=payments/payment-save
[2026-05-04 12:16:46] [INFO] Payment transaction log created for payment ID: 3092 | User ID: 70 | URI: /counselling-backend/index.php?route=payments/payment-save
[2026-05-04 12:16:46] [SUCCESS] Payment transaction committed successfully for student 2535. Receipt No: 35, 201, 201 | User ID: 70 | URI: /counselling-backend/index.php?route=payments/payment-save
[2026-05-04 12:35:38] [INFO] Payment processing started for request: {"student_id":"1649","amount":"120580","payment_mode":"cash"} | User ID: 70 | URI: /counselling-backend/index.php?route=payments/payment-save
[2026-05-04 12:35:38] [INFO] Payment validation passed for student 1649. Proceeding with payment record creation. | User ID: 70 | URI: /counselling-backend/index.php?route=payments/payment-save
[2026-05-04 12:35:38] [INFO] Database transaction started for student 1649 payment processing. | User ID: 70 | URI: /counselling-backend/index.php?route=payments/payment-save
[2026-05-04 12:35:38] [INFO] Generating receipt number - Student: 1649, Fee Component: school_fee | User ID: 70 | URI: /counselling-backend/index.php?route=payments/payment-save
[2026-05-04 12:35:38] [SUCCESS] Payment record created: ID 3095, Receipt: 167, Component: school_fee | User ID: 70 | URI: /counselling-backend/index.php?route=payments/payment-save
[2026-05-04 12:35:38] [INFO] Synchronized tbl_student_fee_allocation for student 1649 | User ID: 70 | URI: /counselling-backend/index.php?route=payments/payment-save
[2026-05-04 12:35:38] [INFO] Generating receipt number - Student: 1649, Fee Component: trust_facilities_fee | User ID: 70 | URI: /counselling-backend/index.php?route=payments/payment-save
[2026-05-04 12:35:38] [SUCCESS] Payment record created: ID 3096, Receipt: 202, Component: trust_facilities_fee | User ID: 70 | URI: /counselling-backend/index.php?route=payments/payment-save
[2026-05-04 12:35:38] [INFO] Synchronized tbl_student_fee_allocation for student 1649 | User ID: 70 | URI: /counselling-backend/index.php?route=payments/payment-save
[2026-05-04 12:35:38] [INFO] Generating receipt number - Student: 1649, Fee Component: tuition_fee_part2 | User ID: 70 | URI: /counselling-backend/index.php?route=payments/payment-save
[2026-05-04 12:35:38] [SUCCESS] Payment record created: ID 3097, Receipt: 202, Component: tuition_fee_part2 | User ID: 70 | URI: /counselling-backend/index.php?route=payments/payment-save
[2026-05-04 12:35:38] [INFO] Synchronized tbl_student_fee_allocation for student 1649 | User ID: 70 | URI: /counselling-backend/index.php?route=payments/payment-save
[2026-05-04 12:35:38] [INFO] Generating receipt number - Student: 1649, Fee Component: transport_fee | User ID: 70 | URI: /counselling-backend/index.php?route=payments/payment-save
[2026-05-04 12:35:38] [SUCCESS] Payment record created: ID 3098, Receipt: 25, Component: transport_fee | User ID: 70 | URI: /counselling-backend/index.php?route=payments/payment-save
[2026-05-04 12:35:38] [INFO] Synchronized tbl_student_fee_allocation for student 1649 | User ID: 70 | URI: /counselling-backend/index.php?route=payments/payment-save
[2026-05-04 12:35:38] [INFO] Payment transaction log created for payment ID: 3095 | User ID: 70 | URI: /counselling-backend/index.php?route=payments/payment-save
[2026-05-04 12:35:38] [SUCCESS] Payment transaction committed successfully for student 1649. Receipt No: 167, 202, 202, 25 | User ID: 70 | URI: /counselling-backend/index.php?route=payments/payment-save
[2026-05-04 12:35:40] [INFO] Updated student requirement flags for student 1649: transport_required = 'Yes' | User ID: 70 | URI: /counselling-backend/index.php?route=payments/payment-save
[2026-05-04 12:39:09] [INFO] Payment processing started for request: {"student_id":"1884","amount":"95440","payment_mode":"cheque"} | User ID: 70 | URI: /counselling-backend/index.php?route=payments/payment-save
[2026-05-04 12:39:09] [INFO] Payment validation passed for student 1884. Proceeding with payment record creation. | User ID: 70 | URI: /counselling-backend/index.php?route=payments/payment-save
[2026-05-04 12:39:09] [INFO] Database transaction started for student 1884 payment processing. | User ID: 70 | URI: /counselling-backend/index.php?route=payments/payment-save
[2026-05-04 12:39:09] [INFO] Generating receipt number - Student: 1884, Fee Component: school_fee | User ID: 70 | URI: /counselling-backend/index.php?route=payments/payment-save
[2026-05-04 12:39:09] [SUCCESS] Payment record created: ID 3099, Receipt: 168, Component: school_fee | User ID: 70 | URI: /counselling-backend/index.php?route=payments/payment-save
[2026-05-04 12:39:09] [INFO] Synchronized tbl_student_fee_allocation for student 1884 | User ID: 70 | URI: /counselling-backend/index.php?route=payments/payment-save
[2026-05-04 12:39:09] [INFO] Generating receipt number - Student: 1884, Fee Component: trust_facilities_fee | User ID: 70 | URI: /counselling-backend/index.php?route=payments/payment-save
[2026-05-04 12:39:09] [SUCCESS] Payment record created: ID 3100, Receipt: 203, Component: trust_facilities_fee | User ID: 70 | URI: /counselling-backend/index.php?route=payments/payment-save
[2026-05-04 12:39:09] [INFO] Synchronized tbl_student_fee_allocation for student 1884 | User ID: 70 | URI: /counselling-backend/index.php?route=payments/payment-save
[2026-05-04 12:39:09] [INFO] Generating receipt number - Student: 1884, Fee Component: tuition_fee_part2 | User ID: 70 | URI: /counselling-backend/index.php?route=payments/payment-save
[2026-05-04 12:39:09] [SUCCESS] Payment record created: ID 3101, Receipt: 203, Component: tuition_fee_part2 | User ID: 70 | URI: /counselling-backend/index.php?route=payments/payment-save
[2026-05-04 12:39:09] [INFO] Synchronized tbl_student_fee_allocation for student 1884 | User ID: 70 | URI: /counselling-backend/index.php?route=payments/payment-save
[2026-05-04 12:39:09] [INFO] Payment transaction log created for payment ID: 3099 | User ID: 70 | URI: /counselling-backend/index.php?route=payments/payment-save
[2026-05-04 12:39:09] [SUCCESS] Payment transaction committed successfully for student 1884. Receipt No: 168, 203, 203 | User ID: 70 | URI: /counselling-backend/index.php?route=payments/payment-save
[2026-05-04 12:53:46] [INFO] Payment processing started for request: {"student_id":"1657","amount":"21600","payment_mode":"cash"} | User ID: 70 | URI: /counselling-backend/index.php?route=payments/payment-save
[2026-05-04 12:53:46] [INFO] Payment validation passed for student 1657. Proceeding with payment record creation. | User ID: 70 | URI: /counselling-backend/index.php?route=payments/payment-save
[2026-05-04 12:53:46] [INFO] Database transaction started for student 1657 payment processing. | User ID: 70 | URI: /counselling-backend/index.php?route=payments/payment-save
[2026-05-04 12:53:46] [INFO] Generating receipt number - Student: 1657, Fee Component: transport_fee | User ID: 70 | URI: /counselling-backend/index.php?route=payments/payment-save
[2026-05-04 12:53:46] [SUCCESS] Payment record created: ID 3102, Receipt: 26, Component: transport_fee | User ID: 70 | URI: /counselling-backend/index.php?route=payments/payment-save
[2026-05-04 12:53:46] [INFO] Synchronized tbl_student_fee_allocation for student 1657 | User ID: 70 | URI: /counselling-backend/index.php?route=payments/payment-save
[2026-05-04 12:53:46] [INFO] Payment transaction log created for payment ID: 3102 | User ID: 70 | URI: /counselling-backend/index.php?route=payments/payment-save
[2026-05-04 12:53:46] [SUCCESS] Payment transaction committed successfully for student 1657. Receipt No: 26 | User ID: 70 | URI: /counselling-backend/index.php?route=payments/payment-save
[2026-05-04 12:53:46] [INFO] Updated student requirement flags for student 1657: transport_required = 'Yes' | User ID: 70 | URI: /counselling-backend/index.php?route=payments/payment-save
[2026-05-04 13:31:24] [INFO] Payment processing started for request: {"student_id":"2230","amount":"10000","payment_mode":"cash"} | User ID: 70 | URI: /counselling-backend/index.php?route=payments/payment-save
[2026-05-04 13:31:24] [INFO] Payment validation passed for student 2230. Proceeding with payment record creation. | User ID: 70 | URI: /counselling-backend/index.php?route=payments/payment-save
[2026-05-04 13:31:24] [INFO] Database transaction started for student 2230 payment processing. | User ID: 70 | URI: /counselling-backend/index.php?route=payments/payment-save
[2026-05-04 13:31:24] [INFO] Generating receipt number - Student: 2230, Fee Component: hostel_fee | User ID: 70 | URI: /counselling-backend/index.php?route=payments/payment-save
[2026-05-04 13:31:24] [SUCCESS] Payment record created: ID 3103, Receipt: 20, Component: hostel_fee | User ID: 70 | URI: /counselling-backend/index.php?route=payments/payment-save
[2026-05-04 13:31:24] [INFO] Synchronized tbl_student_fee_allocation for student 2230 | User ID: 70 | URI: /counselling-backend/index.php?route=payments/payment-save
[2026-05-04 13:31:24] [INFO] Payment transaction log created for payment ID: 3103 | User ID: 70 | URI: /counselling-backend/index.php?route=payments/payment-save
[2026-05-04 13:31:24] [SUCCESS] Payment transaction committed successfully for student 2230. Receipt No: 20 | User ID: 70 | URI: /counselling-backend/index.php?route=payments/payment-save
[2026-05-04 13:31:24] [INFO] Updated student requirement flags for student 2230: hostel_required = 'Yes' | User ID: 70 | URI: /counselling-backend/index.php?route=payments/payment-save
[2026-05-04 13:37:19] [INFO] Payment processing started for request: {"student_id":"2541","amount":"95440","payment_mode":"cash"} | User ID: 70 | URI: /counselling-backend/index.php?route=payments/payment-save
[2026-05-04 13:37:19] [INFO] Payment validation passed for student 2541. Proceeding with payment record creation. | User ID: 70 | URI: /counselling-backend/index.php?route=payments/payment-save
[2026-05-04 13:37:19] [INFO] Database transaction started for student 2541 payment processing. | User ID: 70 | URI: /counselling-backend/index.php?route=payments/payment-save
[2026-05-04 13:37:19] [INFO] Generating receipt number - Student: 2541, Fee Component: school_fee | User ID: 70 | URI: /counselling-backend/index.php?route=payments/payment-save
[2026-05-04 13:37:19] [SUCCESS] Payment record created: ID 3104, Receipt: 36, Component: school_fee | User ID: 70 | URI: /counselling-backend/index.php?route=payments/payment-save
[2026-05-04 13:37:19] [INFO] Synchronized tbl_student_fee_allocation for student 2541 | User ID: 70 | URI: /counselling-backend/index.php?route=payments/payment-save
[2026-05-04 13:37:19] [INFO] Generating receipt number - Student: 2541, Fee Component: trust_facilities_fee | User ID: 70 | URI: /counselling-backend/index.php?route=payments/payment-save
[2026-05-04 13:37:19] [SUCCESS] Payment record created: ID 3105, Receipt: 204, Component: trust_facilities_fee | User ID: 70 | URI: /counselling-backend/index.php?route=payments/payment-save
[2026-05-04 13:37:20] [INFO] Synchronized tbl_student_fee_allocation for student 2541 | User ID: 70 | URI: /counselling-backend/index.php?route=payments/payment-save
[2026-05-04 13:37:20] [INFO] Generating receipt number - Student: 2541, Fee Component: tuition_fee_part2 | User ID: 70 | URI: /counselling-backend/index.php?route=payments/payment-save
[2026-05-04 13:37:20] [SUCCESS] Payment record created: ID 3106, Receipt: 204, Component: tuition_fee_part2 | User ID: 70 | URI: /counselling-backend/index.php?route=payments/payment-save
[2026-05-04 13:37:20] [INFO] Synchronized tbl_student_fee_allocation for student 2541 | User ID: 70 | URI: /counselling-backend/index.php?route=payments/payment-save
[2026-05-04 13:37:20] [INFO] Payment transaction log created for payment ID: 3104 | User ID: 70 | URI: /counselling-backend/index.php?route=payments/payment-save
[2026-05-04 13:37:20] [SUCCESS] Payment transaction committed successfully for student 2541. Receipt No: 36, 204, 204 | User ID: 70 | URI: /counselling-backend/index.php?route=payments/payment-save
[2026-05-04 14:10:46] [INFO] Payment processing started for request: {"student_id":"2541","amount":"10000","payment_mode":"cash"} | User ID: 70 | URI: /counselling-backend/index.php?route=payments/payment-save
[2026-05-04 14:10:46] [INFO] Payment validation passed for student 2541. Proceeding with payment record creation. | User ID: 70 | URI: /counselling-backend/index.php?route=payments/payment-save
[2026-05-04 14:10:46] [INFO] Database transaction started for student 2541 payment processing. | User ID: 70 | URI: /counselling-backend/index.php?route=payments/payment-save
[2026-05-04 14:10:46] [INFO] Generating receipt number - Student: 2541, Fee Component: hostel_fee | User ID: 70 | URI: /counselling-backend/index.php?route=payments/payment-save
[2026-05-04 14:10:46] [SUCCESS] Payment record created: ID 3107, Receipt: 21, Component: hostel_fee | User ID: 70 | URI: /counselling-backend/index.php?route=payments/payment-save
[2026-05-04 14:10:46] [INFO] Synchronized tbl_student_fee_allocation for student 2541 | User ID: 70 | URI: /counselling-backend/index.php?route=payments/payment-save
[2026-05-04 14:10:46] [INFO] Payment transaction log created for payment ID: 3107 | User ID: 70 | URI: /counselling-backend/index.php?route=payments/payment-save
[2026-05-04 14:10:46] [SUCCESS] Payment transaction committed successfully for student 2541. Receipt No: 21 | User ID: 70 | URI: /counselling-backend/index.php?route=payments/payment-save
[2026-05-04 14:10:46] [INFO] Updated student requirement flags for student 2541: hostel_required = 'Yes' | User ID: 70 | URI: /counselling-backend/index.php?route=payments/payment-save
[2026-05-04 14:15:11] [INFO] Payment processing started for request: {"student_id":"2057","amount":"95440","payment_mode":"cash"} | User ID: 70 | URI: /counselling-backend/index.php?route=payments/payment-save
[2026-05-04 14:15:11] [INFO] Payment validation passed for student 2057. Proceeding with payment record creation. | User ID: 70 | URI: /counselling-backend/index.php?route=payments/payment-save
[2026-05-04 14:15:11] [INFO] Database transaction started for student 2057 payment processing. | User ID: 70 | URI: /counselling-backend/index.php?route=payments/payment-save
[2026-05-04 14:15:11] [INFO] Generating receipt number - Student: 2057, Fee Component: school_fee | User ID: 70 | URI: /counselling-backend/index.php?route=payments/payment-save
[2026-05-04 14:15:11] [SUCCESS] Payment record created: ID 3108, Receipt: 169, Component: school_fee | User ID: 70 | URI: /counselling-backend/index.php?route=payments/payment-save
[2026-05-04 14:15:11] [INFO] Synchronized tbl_student_fee_allocation for student 2057 | User ID: 70 | URI: /counselling-backend/index.php?route=payments/payment-save
[2026-05-04 14:15:11] [INFO] Generating receipt number - Student: 2057, Fee Component: trust_facilities_fee | User ID: 70 | URI: /counselling-backend/index.php?route=payments/payment-save
[2026-05-04 14:15:11] [SUCCESS] Payment record created: ID 3109, Receipt: 205, Component: trust_facilities_fee | User ID: 70 | URI: /counselling-backend/index.php?route=payments/payment-save
[2026-05-04 14:15:11] [INFO] Synchronized tbl_student_fee_allocation for student 2057 | User ID: 70 | URI: /counselling-backend/index.php?route=payments/payment-save
[2026-05-04 14:15:11] [INFO] Generating receipt number - Student: 2057, Fee Component: tuition_fee_part2 | User ID: 70 | URI: /counselling-backend/index.php?route=payments/payment-save
[2026-05-04 14:15:11] [SUCCESS] Payment record created: ID 3110, Receipt: 205, Component: tuition_fee_part2 | User ID: 70 | URI: /counselling-backend/index.php?route=payments/payment-save
[2026-05-04 14:15:11] [INFO] Synchronized tbl_student_fee_allocation for student 2057 | User ID: 70 | URI: /counselling-backend/index.php?route=payments/payment-save
[2026-05-04 14:15:11] [INFO] Payment transaction log created for payment ID: 3108 | User ID: 70 | URI: /counselling-backend/index.php?route=payments/payment-save
[2026-05-04 14:15:11] [SUCCESS] Payment transaction committed successfully for student 2057. Receipt No: 169, 205, 205 | User ID: 70 | URI: /counselling-backend/index.php?route=payments/payment-save
[2026-05-04 15:11:21] [INFO] Payment processing started for request: {"student_id":"1671","amount":"98980","payment_mode":"cash"} | User ID: 70 | URI: /counselling-backend/index.php?route=payments/payment-save
[2026-05-04 15:11:21] [INFO] Payment validation passed for student 1671. Proceeding with payment record creation. | User ID: 70 | URI: /counselling-backend/index.php?route=payments/payment-save
[2026-05-04 15:11:21] [INFO] Database transaction started for student 1671 payment processing. | User ID: 70 | URI: /counselling-backend/index.php?route=payments/payment-save
[2026-05-04 15:11:21] [INFO] Generating receipt number - Student: 1671, Fee Component: school_fee | User ID: 70 | URI: /counselling-backend/index.php?route=payments/payment-save
[2026-05-04 15:11:21] [SUCCESS] Payment record created: ID 3111, Receipt: 170, Component: school_fee | User ID: 70 | URI: /counselling-backend/index.php?route=payments/payment-save
[2026-05-04 15:11:21] [INFO] Synchronized tbl_student_fee_allocation for student 1671 | User ID: 70 | URI: /counselling-backend/index.php?route=payments/payment-save
[2026-05-04 15:11:21] [INFO] Generating receipt number - Student: 1671, Fee Component: trust_facilities_fee | User ID: 70 | URI: /counselling-backend/index.php?route=payments/payment-save
[2026-05-04 15:11:21] [SUCCESS] Payment record created: ID 3112, Receipt: 206, Component: trust_facilities_fee | User ID: 70 | URI: /counselling-backend/index.php?route=payments/payment-save
[2026-05-04 15:11:21] [INFO] Synchronized tbl_student_fee_allocation for student 1671 | User ID: 70 | URI: /counselling-backend/index.php?route=payments/payment-save
[2026-05-04 15:11:21] [INFO] Generating receipt number - Student: 1671, Fee Component: tuition_fee_part2 | User ID: 70 | URI: /counselling-backend/index.php?route=payments/payment-save
[2026-05-04 15:11:21] [SUCCESS] Payment record created: ID 3113, Receipt: 206, Component: tuition_fee_part2 | User ID: 70 | URI: /counselling-backend/index.php?route=payments/payment-save
[2026-05-04 15:11:21] [INFO] Synchronized tbl_student_fee_allocation for student 1671 | User ID: 70 | URI: /counselling-backend/index.php?route=payments/payment-save
[2026-05-04 15:11:21] [INFO] Payment transaction log created for payment ID: 3111 | User ID: 70 | URI: /counselling-backend/index.php?route=payments/payment-save
[2026-05-04 15:11:21] [SUCCESS] Payment transaction committed successfully for student 1671. Receipt No: 170, 206, 206 | User ID: 70 | URI: /counselling-backend/index.php?route=payments/payment-save
[2026-05-04 16:59:30] [INFO] Payment processing started for request: {"student_id":"2211","amount":"95440","payment_mode":"cash"} | User ID: 70 | URI: /counselling-backend/index.php?route=payments/payment-save
[2026-05-04 16:59:30] [INFO] Payment validation passed for student 2211. Proceeding with payment record creation. | User ID: 70 | URI: /counselling-backend/index.php?route=payments/payment-save
[2026-05-04 16:59:30] [INFO] Database transaction started for student 2211 payment processing. | User ID: 70 | URI: /counselling-backend/index.php?route=payments/payment-save
[2026-05-04 16:59:30] [INFO] Generating receipt number - Student: 2211, Fee Component: school_fee | User ID: 70 | URI: /counselling-backend/index.php?route=payments/payment-save
[2026-05-04 16:59:30] [SUCCESS] Payment record created: ID 3114, Receipt: 171, Component: school_fee | User ID: 70 | URI: /counselling-backend/index.php?route=payments/payment-save
[2026-05-04 16:59:30] [INFO] Synchronized tbl_student_fee_allocation for student 2211 | User ID: 70 | URI: /counselling-backend/index.php?route=payments/payment-save
[2026-05-04 16:59:30] [INFO] Generating receipt number - Student: 2211, Fee Component: trust_facilities_fee | User ID: 70 | URI: /counselling-backend/index.php?route=payments/payment-save
[2026-05-04 16:59:30] [SUCCESS] Payment record created: ID 3115, Receipt: 207, Component: trust_facilities_fee | User ID: 70 | URI: /counselling-backend/index.php?route=payments/payment-save
[2026-05-04 16:59:30] [INFO] Synchronized tbl_student_fee_allocation for student 2211 | User ID: 70 | URI: /counselling-backend/index.php?route=payments/payment-save
[2026-05-04 16:59:30] [INFO] Generating receipt number - Student: 2211, Fee Component: tuition_fee_part2 | User ID: 70 | URI: /counselling-backend/index.php?route=payments/payment-save
[2026-05-04 16:59:30] [SUCCESS] Payment record created: ID 3116, Receipt: 207, Component: tuition_fee_part2 | User ID: 70 | URI: /counselling-backend/index.php?route=payments/payment-save
[2026-05-04 16:59:30] [INFO] Synchronized tbl_student_fee_allocation for student 2211 | User ID: 70 | URI: /counselling-backend/index.php?route=payments/payment-save
[2026-05-04 16:59:30] [INFO] Payment transaction log created for payment ID: 3114 | User ID: 70 | URI: /counselling-backend/index.php?route=payments/payment-save
[2026-05-04 16:59:30] [SUCCESS] Payment transaction committed successfully for student 2211. Receipt No: 171, 207, 207 | User ID: 70 | URI: /counselling-backend/index.php?route=payments/payment-save
