[2026-05-11 08:55:16] [INFO] Payment processing started for request: {"student_id":"3389","amount":"25000","payment_mode":"cash"} | User ID: 70 | URI: /counselling-backend/index.php?route=payments/payment-save
[2026-05-11 08:55:16] [INFO] Payment validation passed for student 3389. Proceeding with payment record creation. | User ID: 70 | URI: /counselling-backend/index.php?route=payments/payment-save
[2026-05-11 08:55:16] [INFO] Database transaction started for student 3389 payment processing. | User ID: 70 | URI: /counselling-backend/index.php?route=payments/payment-save
[2026-05-11 08:55:16] [INFO] Generating receipt number - Student: 3389, Fee Component: trust_facilities_fee | User ID: 70 | URI: /counselling-backend/index.php?route=payments/payment-save
[2026-05-11 08:55:16] [SUCCESS] Payment record created: ID 3718, Receipt: 260, Component: trust_facilities_fee | User ID: 70 | URI: /counselling-backend/index.php?route=payments/payment-save
[2026-05-11 08:55:16] [INFO] Synchronized tbl_student_fee_allocation for student 3389 | User ID: 70 | URI: /counselling-backend/index.php?route=payments/payment-save
[2026-05-11 08:55:16] [INFO] Payment transaction log created for payment ID: 3718 | User ID: 70 | URI: /counselling-backend/index.php?route=payments/payment-save
[2026-05-11 08:55:16] [SUCCESS] Payment transaction committed successfully for student 3389. Receipt No: 260 | User ID: 70 | URI: /counselling-backend/index.php?route=payments/payment-save
[2026-05-11 08:57:37] [INFO] Payment processing started for request: {"student_id":"3447","amount":"25000","payment_mode":"cash"} | User ID: 31 | URI: /counselling-backend/index.php?route=payments/payment-save
[2026-05-11 08:57:37] [INFO] Payment validation passed for student 3447. Proceeding with payment record creation. | User ID: 31 | URI: /counselling-backend/index.php?route=payments/payment-save
[2026-05-11 08:57:37] [INFO] Database transaction started for student 3447 payment processing. | User ID: 31 | URI: /counselling-backend/index.php?route=payments/payment-save
[2026-05-11 08:57:37] [INFO] Generating receipt number - Student: 3447, Fee Component: trust_facilities_fee | User ID: 31 | URI: /counselling-backend/index.php?route=payments/payment-save
[2026-05-11 08:57:37] [SUCCESS] Payment record created: ID 3719, Receipt: 261, Component: trust_facilities_fee | User ID: 31 | URI: /counselling-backend/index.php?route=payments/payment-save
[2026-05-11 08:57:37] [INFO] Synchronized tbl_student_fee_allocation for student 3447 | User ID: 31 | URI: /counselling-backend/index.php?route=payments/payment-save
[2026-05-11 08:57:37] [INFO] Payment transaction log created for payment ID: 3719 | User ID: 31 | URI: /counselling-backend/index.php?route=payments/payment-save
[2026-05-11 08:57:37] [SUCCESS] Payment transaction committed successfully for student 3447. Receipt No: 261 | User ID: 31 | URI: /counselling-backend/index.php?route=payments/payment-save
[2026-05-11 09:27:15] [INFO] Payment processing started for request: {"student_id":"1507","amount":"98980","payment_mode":"cash"} | User ID: 31 | URI: /counselling-backend/index.php?route=payments/payment-save
[2026-05-11 09:27:15] [INFO] Payment validation passed for student 1507. Proceeding with payment record creation. | User ID: 31 | URI: /counselling-backend/index.php?route=payments/payment-save
[2026-05-11 09:27:15] [INFO] Database transaction started for student 1507 payment processing. | User ID: 31 | URI: /counselling-backend/index.php?route=payments/payment-save
[2026-05-11 09:27:15] [INFO] Generating receipt number - Student: 1507, Fee Component: school_fee | User ID: 31 | URI: /counselling-backend/index.php?route=payments/payment-save
[2026-05-11 09:27:15] [SUCCESS] Payment record created: ID 3720, Receipt: 211, Component: school_fee | User ID: 31 | URI: /counselling-backend/index.php?route=payments/payment-save
[2026-05-11 09:27:15] [INFO] Synchronized tbl_student_fee_allocation for student 1507 | User ID: 31 | URI: /counselling-backend/index.php?route=payments/payment-save
[2026-05-11 09:27:15] [INFO] Generating receipt number - Student: 1507, Fee Component: trust_facilities_fee | User ID: 31 | URI: /counselling-backend/index.php?route=payments/payment-save
[2026-05-11 09:27:15] [SUCCESS] Payment record created: ID 3721, Receipt: 262, Component: trust_facilities_fee | User ID: 31 | URI: /counselling-backend/index.php?route=payments/payment-save
[2026-05-11 09:27:15] [INFO] Synchronized tbl_student_fee_allocation for student 1507 | User ID: 31 | URI: /counselling-backend/index.php?route=payments/payment-save
[2026-05-11 09:27:15] [INFO] Generating receipt number - Student: 1507, Fee Component: tuition_fee_part2 | User ID: 31 | URI: /counselling-backend/index.php?route=payments/payment-save
[2026-05-11 09:27:15] [SUCCESS] Payment record created: ID 3722, Receipt: 251, Component: tuition_fee_part2 | User ID: 31 | URI: /counselling-backend/index.php?route=payments/payment-save
[2026-05-11 09:27:15] [INFO] Synchronized tbl_student_fee_allocation for student 1507 | User ID: 31 | URI: /counselling-backend/index.php?route=payments/payment-save
[2026-05-11 09:27:15] [INFO] Payment transaction log created for payment ID: 3720 | User ID: 31 | URI: /counselling-backend/index.php?route=payments/payment-save
[2026-05-11 09:27:15] [SUCCESS] Payment transaction committed successfully for student 1507. Receipt No: 211, 262, 251 | User ID: 31 | URI: /counselling-backend/index.php?route=payments/payment-save
[2026-05-11 09:39:44] [INFO] Payment processing started for request: {"student_id":"2221","amount":"95440","payment_mode":"cash"} | User ID: 31 | URI: /counselling-backend/index.php?route=payments/payment-save
[2026-05-11 09:39:44] [INFO] Payment validation passed for student 2221. Proceeding with payment record creation. | User ID: 31 | URI: /counselling-backend/index.php?route=payments/payment-save
[2026-05-11 09:39:44] [INFO] Database transaction started for student 2221 payment processing. | User ID: 31 | URI: /counselling-backend/index.php?route=payments/payment-save
[2026-05-11 09:39:44] [INFO] Generating receipt number - Student: 2221, Fee Component: school_fee | User ID: 31 | URI: /counselling-backend/index.php?route=payments/payment-save
[2026-05-11 09:39:44] [SUCCESS] Payment record created: ID 3723, Receipt: 212, Component: school_fee | User ID: 31 | URI: /counselling-backend/index.php?route=payments/payment-save
[2026-05-11 09:39:44] [INFO] Synchronized tbl_student_fee_allocation for student 2221 | User ID: 31 | URI: /counselling-backend/index.php?route=payments/payment-save
[2026-05-11 09:39:44] [INFO] Generating receipt number - Student: 2221, Fee Component: trust_facilities_fee | User ID: 31 | URI: /counselling-backend/index.php?route=payments/payment-save
[2026-05-11 09:39:44] [SUCCESS] Payment record created: ID 3724, Receipt: 263, Component: trust_facilities_fee | User ID: 31 | URI: /counselling-backend/index.php?route=payments/payment-save
[2026-05-11 09:39:44] [INFO] Synchronized tbl_student_fee_allocation for student 2221 | User ID: 31 | URI: /counselling-backend/index.php?route=payments/payment-save
[2026-05-11 09:39:44] [INFO] Generating receipt number - Student: 2221, Fee Component: tuition_fee_part2 | User ID: 31 | URI: /counselling-backend/index.php?route=payments/payment-save
[2026-05-11 09:39:44] [SUCCESS] Payment record created: ID 3725, Receipt: 252, Component: tuition_fee_part2 | User ID: 31 | URI: /counselling-backend/index.php?route=payments/payment-save
[2026-05-11 09:39:44] [INFO] Synchronized tbl_student_fee_allocation for student 2221 | User ID: 31 | URI: /counselling-backend/index.php?route=payments/payment-save
[2026-05-11 09:39:44] [INFO] Payment transaction log created for payment ID: 3723 | User ID: 31 | URI: /counselling-backend/index.php?route=payments/payment-save
[2026-05-11 09:39:44] [SUCCESS] Payment transaction committed successfully for student 2221. Receipt No: 212, 263, 252 | User ID: 31 | URI: /counselling-backend/index.php?route=payments/payment-save
[2026-05-11 09:53:33] [INFO] Payment processing started for request: {"student_id":"1631","amount":"98980","payment_mode":"cash"} | User ID: 31 | URI: /counselling-backend/index.php?route=payments/payment-save
[2026-05-11 09:53:33] [INFO] Payment validation passed for student 1631. Proceeding with payment record creation. | User ID: 31 | URI: /counselling-backend/index.php?route=payments/payment-save
[2026-05-11 09:53:33] [INFO] Database transaction started for student 1631 payment processing. | User ID: 31 | URI: /counselling-backend/index.php?route=payments/payment-save
[2026-05-11 09:53:33] [INFO] Generating receipt number - Student: 1631, Fee Component: school_fee | User ID: 31 | URI: /counselling-backend/index.php?route=payments/payment-save
[2026-05-11 09:53:33] [SUCCESS] Payment record created: ID 3726, Receipt: 213, Component: school_fee | User ID: 31 | URI: /counselling-backend/index.php?route=payments/payment-save
[2026-05-11 09:53:33] [INFO] Synchronized tbl_student_fee_allocation for student 1631 | User ID: 31 | URI: /counselling-backend/index.php?route=payments/payment-save
[2026-05-11 09:53:33] [INFO] Generating receipt number - Student: 1631, Fee Component: trust_facilities_fee | User ID: 31 | URI: /counselling-backend/index.php?route=payments/payment-save
[2026-05-11 09:53:33] [SUCCESS] Payment record created: ID 3727, Receipt: 264, Component: trust_facilities_fee | User ID: 31 | URI: /counselling-backend/index.php?route=payments/payment-save
[2026-05-11 09:53:33] [INFO] Synchronized tbl_student_fee_allocation for student 1631 | User ID: 31 | URI: /counselling-backend/index.php?route=payments/payment-save
[2026-05-11 09:53:33] [INFO] Generating receipt number - Student: 1631, Fee Component: tuition_fee_part2 | User ID: 31 | URI: /counselling-backend/index.php?route=payments/payment-save
[2026-05-11 09:53:33] [SUCCESS] Payment record created: ID 3728, Receipt: 253, Component: tuition_fee_part2 | User ID: 31 | URI: /counselling-backend/index.php?route=payments/payment-save
[2026-05-11 09:53:33] [INFO] Synchronized tbl_student_fee_allocation for student 1631 | User ID: 31 | URI: /counselling-backend/index.php?route=payments/payment-save
[2026-05-11 09:53:33] [INFO] Payment transaction log created for payment ID: 3726 | User ID: 31 | URI: /counselling-backend/index.php?route=payments/payment-save
[2026-05-11 09:53:33] [SUCCESS] Payment transaction committed successfully for student 1631. Receipt No: 213, 264, 253 | User ID: 31 | URI: /counselling-backend/index.php?route=payments/payment-save
[2026-05-11 10:48:12] [INFO] Payment processing started for request: {"student_id":"1850","amount":"95440","payment_mode":"cash"} | User ID: 31 | URI: /counselling-backend/index.php?route=payments/payment-save
[2026-05-11 10:48:12] [INFO] Payment validation passed for student 1850. Proceeding with payment record creation. | User ID: 31 | URI: /counselling-backend/index.php?route=payments/payment-save
[2026-05-11 10:48:12] [INFO] Database transaction started for student 1850 payment processing. | User ID: 31 | URI: /counselling-backend/index.php?route=payments/payment-save
[2026-05-11 10:48:12] [INFO] Generating receipt number - Student: 1850, Fee Component: school_fee | User ID: 31 | URI: /counselling-backend/index.php?route=payments/payment-save
[2026-05-11 10:48:12] [SUCCESS] Payment record created: ID 3733, Receipt: 215, Component: school_fee | User ID: 31 | URI: /counselling-backend/index.php?route=payments/payment-save
[2026-05-11 10:48:12] [INFO] Synchronized tbl_student_fee_allocation for student 1850 | User ID: 31 | URI: /counselling-backend/index.php?route=payments/payment-save
[2026-05-11 10:48:12] [INFO] Generating receipt number - Student: 1850, Fee Component: trust_facilities_fee | User ID: 31 | URI: /counselling-backend/index.php?route=payments/payment-save
[2026-05-11 10:48:12] [SUCCESS] Payment record created: ID 3734, Receipt: 267, Component: trust_facilities_fee | User ID: 31 | URI: /counselling-backend/index.php?route=payments/payment-save
[2026-05-11 10:48:12] [INFO] Synchronized tbl_student_fee_allocation for student 1850 | User ID: 31 | URI: /counselling-backend/index.php?route=payments/payment-save
[2026-05-11 10:48:12] [INFO] Generating receipt number - Student: 1850, Fee Component: tuition_fee_part2 | User ID: 31 | URI: /counselling-backend/index.php?route=payments/payment-save
[2026-05-11 10:48:12] [SUCCESS] Payment record created: ID 3735, Receipt: 255, Component: tuition_fee_part2 | User ID: 31 | URI: /counselling-backend/index.php?route=payments/payment-save
[2026-05-11 10:48:12] [INFO] Synchronized tbl_student_fee_allocation for student 1850 | User ID: 31 | URI: /counselling-backend/index.php?route=payments/payment-save
[2026-05-11 10:48:12] [INFO] Payment transaction log created for payment ID: 3733 | User ID: 31 | URI: /counselling-backend/index.php?route=payments/payment-save
[2026-05-11 10:48:12] [SUCCESS] Payment transaction committed successfully for student 1850. Receipt No: 215, 267, 255 | User ID: 31 | URI: /counselling-backend/index.php?route=payments/payment-save
[2026-05-11 11:02:10] [INFO] Payment processing started for request: {"student_id":"3447","amount":"10000","payment_mode":"cash"} | User ID: 31 | URI: /counselling-backend/index.php?route=payments/payment-save
[2026-05-11 11:02:10] [INFO] Payment validation passed for student 3447. Proceeding with payment record creation. | User ID: 31 | URI: /counselling-backend/index.php?route=payments/payment-save
[2026-05-11 11:02:10] [INFO] Database transaction started for student 3447 payment processing. | User ID: 31 | URI: /counselling-backend/index.php?route=payments/payment-save
[2026-05-11 11:02:10] [INFO] Generating receipt number - Student: 3447, Fee Component: hostel_security | User ID: 31 | URI: /counselling-backend/index.php?route=payments/payment-save
[2026-05-11 11:02:10] [SUCCESS] Payment record created: ID 3738, Receipt: 270, Component: hostel_security | User ID: 31 | URI: /counselling-backend/index.php?route=payments/payment-save
[2026-05-11 11:02:10] [INFO] Synchronized tbl_student_fee_allocation for student 3447 | User ID: 31 | URI: /counselling-backend/index.php?route=payments/payment-save
[2026-05-11 11:02:10] [INFO] Payment transaction log created for payment ID: 3738 | User ID: 31 | URI: /counselling-backend/index.php?route=payments/payment-save
[2026-05-11 11:02:10] [SUCCESS] Payment transaction committed successfully for student 3447. Receipt No: 270 | User ID: 31 | URI: /counselling-backend/index.php?route=payments/payment-save
[2026-05-11 11:04:31] [INFO] Payment processing started for request: {"student_id":"3389","amount":"10000","payment_mode":"cash"} | User ID: 31 | URI: /counselling-backend/index.php?route=payments/payment-save
[2026-05-11 11:04:31] [INFO] Payment validation passed for student 3389. Proceeding with payment record creation. | User ID: 31 | URI: /counselling-backend/index.php?route=payments/payment-save
[2026-05-11 11:04:31] [INFO] Database transaction started for student 3389 payment processing. | User ID: 31 | URI: /counselling-backend/index.php?route=payments/payment-save
[2026-05-11 11:04:31] [INFO] Generating receipt number - Student: 3389, Fee Component: hostel_security | User ID: 31 | URI: /counselling-backend/index.php?route=payments/payment-save
[2026-05-11 11:04:31] [SUCCESS] Payment record created: ID 3739, Receipt: 271, Component: hostel_security | User ID: 31 | URI: /counselling-backend/index.php?route=payments/payment-save
[2026-05-11 11:04:31] [INFO] Synchronized tbl_student_fee_allocation for student 3389 | User ID: 31 | URI: /counselling-backend/index.php?route=payments/payment-save
[2026-05-11 11:04:31] [INFO] Payment transaction log created for payment ID: 3739 | User ID: 31 | URI: /counselling-backend/index.php?route=payments/payment-save
[2026-05-11 11:04:31] [SUCCESS] Payment transaction committed successfully for student 3389. Receipt No: 271 | User ID: 31 | URI: /counselling-backend/index.php?route=payments/payment-save
[2026-05-11 11:23:30] [INFO] Payment processing started for request: {"student_id":"2475","amount":"95440","payment_mode":"cash"} | User ID: 31 | URI: /counselling-backend/index.php?route=payments/payment-save
[2026-05-11 11:23:30] [INFO] Payment validation passed for student 2475. Proceeding with payment record creation. | User ID: 31 | URI: /counselling-backend/index.php?route=payments/payment-save
[2026-05-11 11:23:30] [INFO] Database transaction started for student 2475 payment processing. | User ID: 31 | URI: /counselling-backend/index.php?route=payments/payment-save
[2026-05-11 11:23:30] [INFO] Generating receipt number - Student: 2475, Fee Component: school_fee | User ID: 31 | URI: /counselling-backend/index.php?route=payments/payment-save
[2026-05-11 11:23:30] [SUCCESS] Payment record created: ID 3740, Receipt: 43, Component: school_fee | User ID: 31 | URI: /counselling-backend/index.php?route=payments/payment-save
[2026-05-11 11:23:30] [INFO] Synchronized tbl_student_fee_allocation for student 2475 | User ID: 31 | URI: /counselling-backend/index.php?route=payments/payment-save
[2026-05-11 11:23:30] [INFO] Generating receipt number - Student: 2475, Fee Component: trust_facilities_fee | User ID: 31 | URI: /counselling-backend/index.php?route=payments/payment-save
[2026-05-11 11:23:30] [SUCCESS] Payment record created: ID 3741, Receipt: 272, Component: trust_facilities_fee | User ID: 31 | URI: /counselling-backend/index.php?route=payments/payment-save
[2026-05-11 11:23:30] [INFO] Synchronized tbl_student_fee_allocation for student 2475 | User ID: 31 | URI: /counselling-backend/index.php?route=payments/payment-save
[2026-05-11 11:23:30] [INFO] Generating receipt number - Student: 2475, Fee Component: tuition_fee_part2 | User ID: 31 | URI: /counselling-backend/index.php?route=payments/payment-save
[2026-05-11 11:23:30] [SUCCESS] Payment record created: ID 3742, Receipt: 256, Component: tuition_fee_part2 | User ID: 31 | URI: /counselling-backend/index.php?route=payments/payment-save
[2026-05-11 11:23:30] [INFO] Synchronized tbl_student_fee_allocation for student 2475 | User ID: 31 | URI: /counselling-backend/index.php?route=payments/payment-save
[2026-05-11 11:23:30] [INFO] Payment transaction log created for payment ID: 3740 | User ID: 31 | URI: /counselling-backend/index.php?route=payments/payment-save
[2026-05-11 11:23:30] [SUCCESS] Payment transaction committed successfully for student 2475. Receipt No: 43, 272, 256 | User ID: 31 | URI: /counselling-backend/index.php?route=payments/payment-save
[2026-05-11 12:18:19] [INFO] Fetching student information for admission confirm - Student ID: 3452, Counsellor ID: 143 | User ID: 143 | URI: /counselling-backend/index.php?route=students/admission-confirm-save
[2026-05-11 12:18:19] [INFO] Student information fetched successfully - Student: RATNDIPSINH, Course ID: 1, Medium ID: 1, Group ID: 1 | User ID: 143 | URI: /counselling-backend/index.php?route=students/admission-confirm-save
[2026-05-11 12:18:19] [INFO] Fetching fee configuration - Course ID: 1, Medium ID: 1, Group ID: 1 | User ID: 143 | URI: /counselling-backend/index.php?route=students/admission-confirm-save
[2026-05-11 12:18:19] [INFO] Fee configuration fetched successfully - School Fee: ₹15000, Trust Fee: ₹15000, Tuition Part 1: ₹10000, Token Amount (with GST): ₹11800 | User ID: 143 | URI: /counselling-backend/index.php?route=students/admission-confirm-save
[2026-05-11 13:11:47] [INFO] Payment processing started for request: {"student_id":"1309","amount":"11800","payment_mode":"cash"} | User ID: 31 | URI: /counselling-backend/index.php?route=payments/payment-save
[2026-05-11 13:11:47] [INFO] Payment validation passed for student 1309. Proceeding with payment record creation. | User ID: 31 | URI: /counselling-backend/index.php?route=payments/payment-save
[2026-05-11 13:11:47] [INFO] Database transaction started for student 1309 payment processing. | User ID: 31 | URI: /counselling-backend/index.php?route=payments/payment-save
[2026-05-11 13:11:47] [SUCCESS] Payment record created: ID 3750, Receipt: 0, Component: tuition_fee_part1 | User ID: 31 | URI: /counselling-backend/index.php?route=payments/payment-save
[2026-05-11 13:11:47] [INFO] Synchronized tbl_student_fee_allocation for student 1309 | User ID: 31 | URI: /counselling-backend/index.php?route=payments/payment-save
[2026-05-11 13:11:47] [INFO] Attempting to enroll student 1309 after payment. | User ID: 31 | URI: /counselling-backend/index.php?route=payments/payment-save
[2026-05-11 13:11:47] [SUCCESS] Student 1309 enrolled successfully. Enrollment ID: 2649 | User ID: 31 | URI: /counselling-backend/index.php?route=payments/payment-save
[2026-05-11 13:11:47] [INFO] Payment transaction log created for payment ID: 3750 | User ID: 31 | URI: /counselling-backend/index.php?route=payments/payment-save
[2026-05-11 13:11:47] [SUCCESS] Payment transaction committed successfully for student 1309. Receipt No:  | User ID: 31 | URI: /counselling-backend/index.php?route=payments/payment-save
[2026-05-11 13:12:55] [INFO] Payment processing started for request: {"student_id":"3354","amount":"11800","payment_mode":"cash"} | User ID: 31 | URI: /counselling-backend/index.php?route=payments/payment-save
[2026-05-11 13:12:55] [INFO] Payment validation passed for student 3354. Proceeding with payment record creation. | User ID: 31 | URI: /counselling-backend/index.php?route=payments/payment-save
[2026-05-11 13:12:55] [INFO] Database transaction started for student 3354 payment processing. | User ID: 31 | URI: /counselling-backend/index.php?route=payments/payment-save
[2026-05-11 13:12:55] [SUCCESS] Payment record created: ID 3751, Receipt: 0, Component: tuition_fee_part1 | User ID: 31 | URI: /counselling-backend/index.php?route=payments/payment-save
[2026-05-11 13:12:55] [INFO] Synchronized tbl_student_fee_allocation for student 3354 | User ID: 31 | URI: /counselling-backend/index.php?route=payments/payment-save
[2026-05-11 13:12:55] [INFO] Attempting to enroll student 3354 after payment. | User ID: 31 | URI: /counselling-backend/index.php?route=payments/payment-save
[2026-05-11 13:12:55] [SUCCESS] Student 3354 enrolled successfully. Enrollment ID: 2650 | User ID: 31 | URI: /counselling-backend/index.php?route=payments/payment-save
[2026-05-11 13:12:55] [INFO] Payment transaction log created for payment ID: 3751 | User ID: 31 | URI: /counselling-backend/index.php?route=payments/payment-save
[2026-05-11 13:12:55] [SUCCESS] Payment transaction committed successfully for student 3354. Receipt No:  | User ID: 31 | URI: /counselling-backend/index.php?route=payments/payment-save
[2026-05-11 13:13:58] [INFO] Payment processing started for request: {"student_id":"470","amount":"11800","payment_mode":"cash"} | User ID: 31 | URI: /counselling-backend/index.php?route=payments/payment-save
[2026-05-11 13:13:58] [INFO] Payment validation passed for student 470. Proceeding with payment record creation. | User ID: 31 | URI: /counselling-backend/index.php?route=payments/payment-save
[2026-05-11 13:13:58] [INFO] Database transaction started for student 470 payment processing. | User ID: 31 | URI: /counselling-backend/index.php?route=payments/payment-save
[2026-05-11 13:13:58] [SUCCESS] Payment record created: ID 3752, Receipt: 0, Component: tuition_fee_part1 | User ID: 31 | URI: /counselling-backend/index.php?route=payments/payment-save
[2026-05-11 13:13:58] [INFO] Synchronized tbl_student_fee_allocation for student 470 | User ID: 31 | URI: /counselling-backend/index.php?route=payments/payment-save
[2026-05-11 13:13:58] [INFO] Attempting to enroll student 470 after payment. | User ID: 31 | URI: /counselling-backend/index.php?route=payments/payment-save
[2026-05-11 13:13:58] [SUCCESS] Student 470 enrolled successfully. Enrollment ID: 2651 | User ID: 31 | URI: /counselling-backend/index.php?route=payments/payment-save
[2026-05-11 13:13:58] [INFO] Payment transaction log created for payment ID: 3752 | User ID: 31 | URI: /counselling-backend/index.php?route=payments/payment-save
[2026-05-11 13:13:58] [SUCCESS] Payment transaction committed successfully for student 470. Receipt No:  | User ID: 31 | URI: /counselling-backend/index.php?route=payments/payment-save
[2026-05-11 13:28:48] [INFO] Payment processing started for request: {"student_id":"2242","amount":"95440","payment_mode":"cash"} | User ID: 70 | URI: /counselling-backend/index.php?route=payments/payment-save
[2026-05-11 13:28:48] [INFO] Payment validation passed for student 2242. Proceeding with payment record creation. | User ID: 70 | URI: /counselling-backend/index.php?route=payments/payment-save
[2026-05-11 13:28:48] [INFO] Database transaction started for student 2242 payment processing. | User ID: 70 | URI: /counselling-backend/index.php?route=payments/payment-save
[2026-05-11 13:28:48] [INFO] Generating receipt number - Student: 2242, Fee Component: school_fee | User ID: 70 | URI: /counselling-backend/index.php?route=payments/payment-save
[2026-05-11 13:28:48] [SUCCESS] Payment record created: ID 3753, Receipt: 217, Component: school_fee | User ID: 70 | URI: /counselling-backend/index.php?route=payments/payment-save
[2026-05-11 13:28:48] [INFO] Synchronized tbl_student_fee_allocation for student 2242 | User ID: 70 | URI: /counselling-backend/index.php?route=payments/payment-save
[2026-05-11 13:28:48] [INFO] Generating receipt number - Student: 2242, Fee Component: trust_facilities_fee | User ID: 70 | URI: /counselling-backend/index.php?route=payments/payment-save
[2026-05-11 13:28:48] [SUCCESS] Payment record created: ID 3754, Receipt: 275, Component: trust_facilities_fee | User ID: 70 | URI: /counselling-backend/index.php?route=payments/payment-save
[2026-05-11 13:28:48] [INFO] Synchronized tbl_student_fee_allocation for student 2242 | User ID: 70 | URI: /counselling-backend/index.php?route=payments/payment-save
[2026-05-11 13:28:48] [INFO] Generating receipt number - Student: 2242, Fee Component: tuition_fee_part2 | User ID: 70 | URI: /counselling-backend/index.php?route=payments/payment-save
[2026-05-11 13:28:48] [SUCCESS] Payment record created: ID 3755, Receipt: 259, Component: tuition_fee_part2 | User ID: 70 | URI: /counselling-backend/index.php?route=payments/payment-save
[2026-05-11 13:28:48] [INFO] Synchronized tbl_student_fee_allocation for student 2242 | User ID: 70 | URI: /counselling-backend/index.php?route=payments/payment-save
[2026-05-11 13:28:48] [INFO] Payment transaction log created for payment ID: 3753 | User ID: 70 | URI: /counselling-backend/index.php?route=payments/payment-save
[2026-05-11 13:28:48] [SUCCESS] Payment transaction committed successfully for student 2242. Receipt No: 217, 275, 259 | User ID: 70 | URI: /counselling-backend/index.php?route=payments/payment-save
[2026-05-11 14:09:10] [INFO] Payment processing started for request: {"student_id":"3454","amount":"25000","payment_mode":"cash"} | User ID: 31 | URI: /counselling-backend/index.php?route=payments/payment-save
[2026-05-11 14:09:10] [INFO] Payment validation passed for student 3454. Proceeding with payment record creation. | User ID: 31 | URI: /counselling-backend/index.php?route=payments/payment-save
[2026-05-11 14:09:10] [INFO] Database transaction started for student 3454 payment processing. | User ID: 31 | URI: /counselling-backend/index.php?route=payments/payment-save
[2026-05-11 14:09:10] [INFO] Generating receipt number - Student: 3454, Fee Component: trust_facilities_fee | User ID: 31 | URI: /counselling-backend/index.php?route=payments/payment-save
[2026-05-11 14:09:10] [SUCCESS] Payment record created: ID 3756, Receipt: 276, Component: trust_facilities_fee | User ID: 31 | URI: /counselling-backend/index.php?route=payments/payment-save
[2026-05-11 14:09:10] [INFO] Synchronized tbl_student_fee_allocation for student 3454 | User ID: 31 | URI: /counselling-backend/index.php?route=payments/payment-save
[2026-05-11 14:09:10] [INFO] Payment transaction log created for payment ID: 3756 | User ID: 31 | URI: /counselling-backend/index.php?route=payments/payment-save
[2026-05-11 14:09:10] [SUCCESS] Payment transaction committed successfully for student 3454. Receipt No: 276 | User ID: 31 | URI: /counselling-backend/index.php?route=payments/payment-save
[2026-05-11 15:22:53] [INFO] Payment processing started for request: {"student_id":"926","amount":"11800","payment_mode":"cash"} | User ID: 31 | URI: /counselling-backend/index.php?route=payments/payment-save
[2026-05-11 15:22:53] [INFO] Payment validation passed for student 926. Proceeding with payment record creation. | User ID: 31 | URI: /counselling-backend/index.php?route=payments/payment-save
[2026-05-11 15:22:53] [INFO] Database transaction started for student 926 payment processing. | User ID: 31 | URI: /counselling-backend/index.php?route=payments/payment-save
[2026-05-11 15:22:53] [SUCCESS] Payment record created: ID 3757, Receipt: 0, Component: tuition_fee_part1 | User ID: 31 | URI: /counselling-backend/index.php?route=payments/payment-save
[2026-05-11 15:22:53] [INFO] Synchronized tbl_student_fee_allocation for student 926 | User ID: 31 | URI: /counselling-backend/index.php?route=payments/payment-save
[2026-05-11 15:22:53] [INFO] Payment transaction log created for payment ID: 3757 | User ID: 31 | URI: /counselling-backend/index.php?route=payments/payment-save
[2026-05-11 15:22:53] [SUCCESS] Payment transaction committed successfully for student 926. Receipt No:  | User ID: 31 | URI: /counselling-backend/index.php?route=payments/payment-save
[2026-05-11 15:23:37] [INFO] Payment processing started for request: {"student_id":"1308","amount":"11800","payment_mode":"cash"} | User ID: 31 | URI: /counselling-backend/index.php?route=payments/payment-save
[2026-05-11 15:23:37] [INFO] Payment validation passed for student 1308. Proceeding with payment record creation. | User ID: 31 | URI: /counselling-backend/index.php?route=payments/payment-save
[2026-05-11 15:23:37] [INFO] Database transaction started for student 1308 payment processing. | User ID: 31 | URI: /counselling-backend/index.php?route=payments/payment-save
[2026-05-11 15:23:37] [SUCCESS] Payment record created: ID 3758, Receipt: 0, Component: tuition_fee_part1 | User ID: 31 | URI: /counselling-backend/index.php?route=payments/payment-save
[2026-05-11 15:23:37] [INFO] Synchronized tbl_student_fee_allocation for student 1308 | User ID: 31 | URI: /counselling-backend/index.php?route=payments/payment-save
[2026-05-11 15:23:37] [INFO] Attempting to enroll student 1308 after payment. | User ID: 31 | URI: /counselling-backend/index.php?route=payments/payment-save
[2026-05-11 15:23:37] [SUCCESS] Student 1308 enrolled successfully. Enrollment ID: 2653 | User ID: 31 | URI: /counselling-backend/index.php?route=payments/payment-save
[2026-05-11 15:23:37] [INFO] Payment transaction log created for payment ID: 3758 | User ID: 31 | URI: /counselling-backend/index.php?route=payments/payment-save
[2026-05-11 15:23:37] [SUCCESS] Payment transaction committed successfully for student 1308. Receipt No:  | User ID: 31 | URI: /counselling-backend/index.php?route=payments/payment-save
[2026-05-11 15:25:48] [INFO] Payment processing started for request: {"student_id":"417","amount":"11800","payment_mode":"cash"} | User ID: 31 | URI: /counselling-backend/index.php?route=payments/payment-save
[2026-05-11 15:25:48] [INFO] Payment validation passed for student 417. Proceeding with payment record creation. | User ID: 31 | URI: /counselling-backend/index.php?route=payments/payment-save
[2026-05-11 15:25:48] [INFO] Database transaction started for student 417 payment processing. | User ID: 31 | URI: /counselling-backend/index.php?route=payments/payment-save
[2026-05-11 15:25:48] [SUCCESS] Payment record created: ID 3759, Receipt: 0, Component: tuition_fee_part1 | User ID: 31 | URI: /counselling-backend/index.php?route=payments/payment-save
[2026-05-11 15:25:48] [INFO] Synchronized tbl_student_fee_allocation for student 417 | User ID: 31 | URI: /counselling-backend/index.php?route=payments/payment-save
[2026-05-11 15:25:48] [INFO] Attempting to enroll student 417 after payment. | User ID: 31 | URI: /counselling-backend/index.php?route=payments/payment-save
[2026-05-11 15:25:48] [SUCCESS] Student 417 enrolled successfully. Enrollment ID: 2654 | User ID: 31 | URI: /counselling-backend/index.php?route=payments/payment-save
[2026-05-11 15:25:48] [INFO] Payment transaction log created for payment ID: 3759 | User ID: 31 | URI: /counselling-backend/index.php?route=payments/payment-save
[2026-05-11 15:25:48] [SUCCESS] Payment transaction committed successfully for student 417. Receipt No:  | User ID: 31 | URI: /counselling-backend/index.php?route=payments/payment-save
[2026-05-11 15:27:23] [INFO] Payment processing started for request: {"student_id":"3356","amount":"11800","payment_mode":"cash"} | User ID: 31 | URI: /counselling-backend/index.php?route=payments/payment-save
[2026-05-11 15:27:23] [INFO] Payment validation passed for student 3356. Proceeding with payment record creation. | User ID: 31 | URI: /counselling-backend/index.php?route=payments/payment-save
[2026-05-11 15:27:23] [INFO] Database transaction started for student 3356 payment processing. | User ID: 31 | URI: /counselling-backend/index.php?route=payments/payment-save
[2026-05-11 15:27:23] [SUCCESS] Payment record created: ID 3760, Receipt: 0, Component: tuition_fee_part1 | User ID: 31 | URI: /counselling-backend/index.php?route=payments/payment-save
[2026-05-11 15:27:23] [INFO] Synchronized tbl_student_fee_allocation for student 3356 | User ID: 31 | URI: /counselling-backend/index.php?route=payments/payment-save
[2026-05-11 15:27:23] [INFO] Attempting to enroll student 3356 after payment. | User ID: 31 | URI: /counselling-backend/index.php?route=payments/payment-save
[2026-05-11 15:27:23] [SUCCESS] Student 3356 enrolled successfully. Enrollment ID: 2655 | User ID: 31 | URI: /counselling-backend/index.php?route=payments/payment-save
[2026-05-11 15:27:23] [INFO] Payment transaction log created for payment ID: 3760 | User ID: 31 | URI: /counselling-backend/index.php?route=payments/payment-save
[2026-05-11 15:27:23] [SUCCESS] Payment transaction committed successfully for student 3356. Receipt No:  | User ID: 31 | URI: /counselling-backend/index.php?route=payments/payment-save
[2026-05-11 15:28:05] [INFO] Payment processing started for request: {"student_id":"558","amount":"11800","payment_mode":"cash"} | User ID: 31 | URI: /counselling-backend/index.php?route=payments/payment-save
[2026-05-11 15:28:05] [INFO] Payment validation passed for student 558. Proceeding with payment record creation. | User ID: 31 | URI: /counselling-backend/index.php?route=payments/payment-save
[2026-05-11 15:28:05] [INFO] Database transaction started for student 558 payment processing. | User ID: 31 | URI: /counselling-backend/index.php?route=payments/payment-save
[2026-05-11 15:28:05] [SUCCESS] Payment record created: ID 3761, Receipt: 0, Component: tuition_fee_part1 | User ID: 31 | URI: /counselling-backend/index.php?route=payments/payment-save
[2026-05-11 15:28:05] [INFO] Synchronized tbl_student_fee_allocation for student 558 | User ID: 31 | URI: /counselling-backend/index.php?route=payments/payment-save
[2026-05-11 15:28:05] [INFO] Attempting to enroll student 558 after payment. | User ID: 31 | URI: /counselling-backend/index.php?route=payments/payment-save
[2026-05-11 15:28:05] [SUCCESS] Student 558 enrolled successfully. Enrollment ID: 2656 | User ID: 31 | URI: /counselling-backend/index.php?route=payments/payment-save
[2026-05-11 15:28:05] [INFO] Payment transaction log created for payment ID: 3761 | User ID: 31 | URI: /counselling-backend/index.php?route=payments/payment-save
[2026-05-11 15:28:05] [SUCCESS] Payment transaction committed successfully for student 558. Receipt No:  | User ID: 31 | URI: /counselling-backend/index.php?route=payments/payment-save
[2026-05-11 15:29:51] [INFO] Payment processing started for request: {"student_id":"56","amount":"11800","payment_mode":"cash"} | User ID: 31 | URI: /counselling-backend/index.php?route=payments/payment-save
[2026-05-11 15:29:51] [INFO] Payment validation passed for student 56. Proceeding with payment record creation. | User ID: 31 | URI: /counselling-backend/index.php?route=payments/payment-save
[2026-05-11 15:29:51] [INFO] Database transaction started for student 56 payment processing. | User ID: 31 | URI: /counselling-backend/index.php?route=payments/payment-save
[2026-05-11 15:29:51] [SUCCESS] Payment record created: ID 3762, Receipt: 0, Component: tuition_fee_part1 | User ID: 31 | URI: /counselling-backend/index.php?route=payments/payment-save
[2026-05-11 15:29:51] [INFO] Synchronized tbl_student_fee_allocation for student 56 | User ID: 31 | URI: /counselling-backend/index.php?route=payments/payment-save
[2026-05-11 15:29:51] [INFO] Attempting to enroll student 56 after payment. | User ID: 31 | URI: /counselling-backend/index.php?route=payments/payment-save
[2026-05-11 15:29:51] [SUCCESS] Student 56 enrolled successfully. Enrollment ID: 2657 | User ID: 31 | URI: /counselling-backend/index.php?route=payments/payment-save
[2026-05-11 15:29:51] [INFO] Payment transaction log created for payment ID: 3762 | User ID: 31 | URI: /counselling-backend/index.php?route=payments/payment-save
[2026-05-11 15:29:51] [SUCCESS] Payment transaction committed successfully for student 56. Receipt No:  | User ID: 31 | URI: /counselling-backend/index.php?route=payments/payment-save
[2026-05-11 15:31:06] [INFO] Payment processing started for request: {"student_id":"560","amount":"11800","payment_mode":"cash"} | User ID: 31 | URI: /counselling-backend/index.php?route=payments/payment-save
[2026-05-11 15:31:06] [INFO] Payment validation passed for student 560. Proceeding with payment record creation. | User ID: 31 | URI: /counselling-backend/index.php?route=payments/payment-save
[2026-05-11 15:31:06] [INFO] Database transaction started for student 560 payment processing. | User ID: 31 | URI: /counselling-backend/index.php?route=payments/payment-save
[2026-05-11 15:31:06] [SUCCESS] Payment record created: ID 3763, Receipt: 0, Component: tuition_fee_part1 | User ID: 31 | URI: /counselling-backend/index.php?route=payments/payment-save
[2026-05-11 15:31:06] [INFO] Synchronized tbl_student_fee_allocation for student 560 | User ID: 31 | URI: /counselling-backend/index.php?route=payments/payment-save
[2026-05-11 15:31:07] [INFO] Attempting to enroll student 560 after payment. | User ID: 31 | URI: /counselling-backend/index.php?route=payments/payment-save
[2026-05-11 15:31:07] [SUCCESS] Student 560 enrolled successfully. Enrollment ID: 2658 | User ID: 31 | URI: /counselling-backend/index.php?route=payments/payment-save
[2026-05-11 15:31:07] [INFO] Payment transaction log created for payment ID: 3763 | User ID: 31 | URI: /counselling-backend/index.php?route=payments/payment-save
[2026-05-11 15:31:07] [SUCCESS] Payment transaction committed successfully for student 560. Receipt No:  | User ID: 31 | URI: /counselling-backend/index.php?route=payments/payment-save
[2026-05-11 15:31:48] [INFO] Payment processing started for request: {"student_id":"159","amount":"11800","payment_mode":"cash"} | User ID: 31 | URI: /counselling-backend/index.php?route=payments/payment-save
[2026-05-11 15:31:48] [INFO] Payment validation passed for student 159. Proceeding with payment record creation. | User ID: 31 | URI: /counselling-backend/index.php?route=payments/payment-save
[2026-05-11 15:31:48] [INFO] Database transaction started for student 159 payment processing. | User ID: 31 | URI: /counselling-backend/index.php?route=payments/payment-save
[2026-05-11 15:31:48] [SUCCESS] Payment record created: ID 3764, Receipt: 0, Component: tuition_fee_part1 | User ID: 31 | URI: /counselling-backend/index.php?route=payments/payment-save
[2026-05-11 15:31:48] [INFO] Synchronized tbl_student_fee_allocation for student 159 | User ID: 31 | URI: /counselling-backend/index.php?route=payments/payment-save
[2026-05-11 15:31:48] [INFO] Attempting to enroll student 159 after payment. | User ID: 31 | URI: /counselling-backend/index.php?route=payments/payment-save
[2026-05-11 15:31:48] [SUCCESS] Student 159 enrolled successfully. Enrollment ID: 2659 | User ID: 31 | URI: /counselling-backend/index.php?route=payments/payment-save
[2026-05-11 15:31:48] [INFO] Payment transaction log created for payment ID: 3764 | User ID: 31 | URI: /counselling-backend/index.php?route=payments/payment-save
[2026-05-11 15:31:48] [SUCCESS] Payment transaction committed successfully for student 159. Receipt No:  | User ID: 31 | URI: /counselling-backend/index.php?route=payments/payment-save
[2026-05-11 15:34:36] [INFO] Payment processing started for request: {"student_id":"1337","amount":"11800","payment_mode":"cash"} | User ID: 31 | URI: /counselling-backend/index.php?route=payments/payment-save
[2026-05-11 15:34:36] [INFO] Payment validation passed for student 1337. Proceeding with payment record creation. | User ID: 31 | URI: /counselling-backend/index.php?route=payments/payment-save
[2026-05-11 15:34:36] [INFO] Database transaction started for student 1337 payment processing. | User ID: 31 | URI: /counselling-backend/index.php?route=payments/payment-save
[2026-05-11 15:34:36] [SUCCESS] Payment record created: ID 3765, Receipt: 0, Component: tuition_fee_part1 | User ID: 31 | URI: /counselling-backend/index.php?route=payments/payment-save
[2026-05-11 15:34:36] [INFO] Synchronized tbl_student_fee_allocation for student 1337 | User ID: 31 | URI: /counselling-backend/index.php?route=payments/payment-save
[2026-05-11 15:34:36] [INFO] Attempting to enroll student 1337 after payment. | User ID: 31 | URI: /counselling-backend/index.php?route=payments/payment-save
[2026-05-11 15:34:36] [SUCCESS] Student 1337 enrolled successfully. Enrollment ID: 2660 | User ID: 31 | URI: /counselling-backend/index.php?route=payments/payment-save
[2026-05-11 15:34:36] [INFO] Payment transaction log created for payment ID: 3765 | User ID: 31 | URI: /counselling-backend/index.php?route=payments/payment-save
[2026-05-11 15:34:36] [SUCCESS] Payment transaction committed successfully for student 1337. Receipt No:  | User ID: 31 | URI: /counselling-backend/index.php?route=payments/payment-save
[2026-05-11 15:36:17] [INFO] Payment processing started for request: {"student_id":"527","amount":"11800","payment_mode":"cash"} | User ID: 31 | URI: /counselling-backend/index.php?route=payments/payment-save
[2026-05-11 15:36:17] [INFO] Payment validation passed for student 527. Proceeding with payment record creation. | User ID: 31 | URI: /counselling-backend/index.php?route=payments/payment-save
[2026-05-11 15:36:17] [INFO] Database transaction started for student 527 payment processing. | User ID: 31 | URI: /counselling-backend/index.php?route=payments/payment-save
[2026-05-11 15:36:17] [SUCCESS] Payment record created: ID 3766, Receipt: 0, Component: tuition_fee_part1 | User ID: 31 | URI: /counselling-backend/index.php?route=payments/payment-save
[2026-05-11 15:36:17] [INFO] Synchronized tbl_student_fee_allocation for student 527 | User ID: 31 | URI: /counselling-backend/index.php?route=payments/payment-save
[2026-05-11 15:36:17] [INFO] Attempting to enroll student 527 after payment. | User ID: 31 | URI: /counselling-backend/index.php?route=payments/payment-save
[2026-05-11 15:36:17] [SUCCESS] Student 527 enrolled successfully. Enrollment ID: 2661 | User ID: 31 | URI: /counselling-backend/index.php?route=payments/payment-save
[2026-05-11 15:36:17] [INFO] Payment transaction log created for payment ID: 3766 | User ID: 31 | URI: /counselling-backend/index.php?route=payments/payment-save
[2026-05-11 15:36:17] [SUCCESS] Payment transaction committed successfully for student 527. Receipt No:  | User ID: 31 | URI: /counselling-backend/index.php?route=payments/payment-save
[2026-05-11 15:37:08] [INFO] Payment processing started for request: {"student_id":"3364","amount":"11800","payment_mode":"cash"} | User ID: 31 | URI: /counselling-backend/index.php?route=payments/payment-save
[2026-05-11 15:37:08] [INFO] Payment validation passed for student 3364. Proceeding with payment record creation. | User ID: 31 | URI: /counselling-backend/index.php?route=payments/payment-save
[2026-05-11 15:37:08] [INFO] Database transaction started for student 3364 payment processing. | User ID: 31 | URI: /counselling-backend/index.php?route=payments/payment-save
[2026-05-11 15:37:08] [SUCCESS] Payment record created: ID 3767, Receipt: 0, Component: tuition_fee_part1 | User ID: 31 | URI: /counselling-backend/index.php?route=payments/payment-save
[2026-05-11 15:37:08] [INFO] Synchronized tbl_student_fee_allocation for student 3364 | User ID: 31 | URI: /counselling-backend/index.php?route=payments/payment-save
[2026-05-11 15:37:08] [INFO] Attempting to enroll student 3364 after payment. | User ID: 31 | URI: /counselling-backend/index.php?route=payments/payment-save
[2026-05-11 15:37:08] [SUCCESS] Student 3364 enrolled successfully. Enrollment ID: 2662 | User ID: 31 | URI: /counselling-backend/index.php?route=payments/payment-save
[2026-05-11 15:37:08] [INFO] Payment transaction log created for payment ID: 3767 | User ID: 31 | URI: /counselling-backend/index.php?route=payments/payment-save
[2026-05-11 15:37:08] [SUCCESS] Payment transaction committed successfully for student 3364. Receipt No:  | User ID: 31 | URI: /counselling-backend/index.php?route=payments/payment-save
[2026-05-11 15:39:37] [INFO] Payment processing started for request: {"student_id":"1180","amount":"11800","payment_mode":"cash"} | User ID: 31 | URI: /counselling-backend/index.php?route=payments/payment-save
[2026-05-11 15:39:37] [INFO] Payment validation passed for student 1180. Proceeding with payment record creation. | User ID: 31 | URI: /counselling-backend/index.php?route=payments/payment-save
[2026-05-11 15:39:37] [INFO] Database transaction started for student 1180 payment processing. | User ID: 31 | URI: /counselling-backend/index.php?route=payments/payment-save
[2026-05-11 15:39:37] [SUCCESS] Payment record created: ID 3768, Receipt: 0, Component: tuition_fee_part1 | User ID: 31 | URI: /counselling-backend/index.php?route=payments/payment-save
[2026-05-11 15:39:37] [INFO] Synchronized tbl_student_fee_allocation for student 1180 | User ID: 31 | URI: /counselling-backend/index.php?route=payments/payment-save
[2026-05-11 15:39:37] [INFO] Attempting to enroll student 1180 after payment. | User ID: 31 | URI: /counselling-backend/index.php?route=payments/payment-save
[2026-05-11 15:39:37] [SUCCESS] Student 1180 enrolled successfully. Enrollment ID: 2663 | User ID: 31 | URI: /counselling-backend/index.php?route=payments/payment-save
[2026-05-11 15:39:37] [INFO] Payment transaction log created for payment ID: 3768 | User ID: 31 | URI: /counselling-backend/index.php?route=payments/payment-save
[2026-05-11 15:39:37] [SUCCESS] Payment transaction committed successfully for student 1180. Receipt No:  | User ID: 31 | URI: /counselling-backend/index.php?route=payments/payment-save
[2026-05-11 15:40:15] [INFO] Payment processing started for request: {"student_id":"1359","amount":"11800","payment_mode":"cash"} | User ID: 31 | URI: /counselling-backend/index.php?route=payments/payment-save
[2026-05-11 15:40:15] [INFO] Payment validation passed for student 1359. Proceeding with payment record creation. | User ID: 31 | URI: /counselling-backend/index.php?route=payments/payment-save
[2026-05-11 15:40:15] [INFO] Database transaction started for student 1359 payment processing. | User ID: 31 | URI: /counselling-backend/index.php?route=payments/payment-save
[2026-05-11 15:40:15] [SUCCESS] Payment record created: ID 3769, Receipt: 0, Component: tuition_fee_part1 | User ID: 31 | URI: /counselling-backend/index.php?route=payments/payment-save
[2026-05-11 15:40:15] [INFO] Synchronized tbl_student_fee_allocation for student 1359 | User ID: 31 | URI: /counselling-backend/index.php?route=payments/payment-save
[2026-05-11 15:40:15] [INFO] Attempting to enroll student 1359 after payment. | User ID: 31 | URI: /counselling-backend/index.php?route=payments/payment-save
[2026-05-11 15:40:15] [SUCCESS] Student 1359 enrolled successfully. Enrollment ID: 2664 | User ID: 31 | URI: /counselling-backend/index.php?route=payments/payment-save
[2026-05-11 15:40:15] [INFO] Payment transaction log created for payment ID: 3769 | User ID: 31 | URI: /counselling-backend/index.php?route=payments/payment-save
[2026-05-11 15:40:15] [SUCCESS] Payment transaction committed successfully for student 1359. Receipt No:  | User ID: 31 | URI: /counselling-backend/index.php?route=payments/payment-save
[2026-05-11 15:40:49] [INFO] Payment processing started for request: {"student_id":"1353","amount":"11800","payment_mode":"cash"} | User ID: 31 | URI: /counselling-backend/index.php?route=payments/payment-save
[2026-05-11 15:40:49] [INFO] Payment validation passed for student 1353. Proceeding with payment record creation. | User ID: 31 | URI: /counselling-backend/index.php?route=payments/payment-save
[2026-05-11 15:40:49] [INFO] Database transaction started for student 1353 payment processing. | User ID: 31 | URI: /counselling-backend/index.php?route=payments/payment-save
[2026-05-11 15:40:49] [SUCCESS] Payment record created: ID 3770, Receipt: 0, Component: tuition_fee_part1 | User ID: 31 | URI: /counselling-backend/index.php?route=payments/payment-save
[2026-05-11 15:40:49] [INFO] Synchronized tbl_student_fee_allocation for student 1353 | User ID: 31 | URI: /counselling-backend/index.php?route=payments/payment-save
[2026-05-11 15:40:49] [INFO] Attempting to enroll student 1353 after payment. | User ID: 31 | URI: /counselling-backend/index.php?route=payments/payment-save
[2026-05-11 15:40:49] [SUCCESS] Student 1353 enrolled successfully. Enrollment ID: 2665 | User ID: 31 | URI: /counselling-backend/index.php?route=payments/payment-save
[2026-05-11 15:40:49] [INFO] Payment transaction log created for payment ID: 3770 | User ID: 31 | URI: /counselling-backend/index.php?route=payments/payment-save
[2026-05-11 15:40:49] [SUCCESS] Payment transaction committed successfully for student 1353. Receipt No:  | User ID: 31 | URI: /counselling-backend/index.php?route=payments/payment-save
[2026-05-11 15:41:29] [INFO] Payment processing started for request: {"student_id":"1265","amount":"11800","payment_mode":"cash"} | User ID: 31 | URI: /counselling-backend/index.php?route=payments/payment-save
[2026-05-11 15:41:29] [INFO] Payment validation passed for student 1265. Proceeding with payment record creation. | User ID: 31 | URI: /counselling-backend/index.php?route=payments/payment-save
[2026-05-11 15:41:29] [INFO] Database transaction started for student 1265 payment processing. | User ID: 31 | URI: /counselling-backend/index.php?route=payments/payment-save
[2026-05-11 15:41:29] [SUCCESS] Payment record created: ID 3771, Receipt: 0, Component: tuition_fee_part1 | User ID: 31 | URI: /counselling-backend/index.php?route=payments/payment-save
[2026-05-11 15:41:29] [INFO] Synchronized tbl_student_fee_allocation for student 1265 | User ID: 31 | URI: /counselling-backend/index.php?route=payments/payment-save
[2026-05-11 15:41:29] [INFO] Attempting to enroll student 1265 after payment. | User ID: 31 | URI: /counselling-backend/index.php?route=payments/payment-save
[2026-05-11 15:41:29] [SUCCESS] Student 1265 enrolled successfully. Enrollment ID: 2666 | User ID: 31 | URI: /counselling-backend/index.php?route=payments/payment-save
[2026-05-11 15:41:29] [INFO] Payment transaction log created for payment ID: 3771 | User ID: 31 | URI: /counselling-backend/index.php?route=payments/payment-save
[2026-05-11 15:41:29] [SUCCESS] Payment transaction committed successfully for student 1265. Receipt No:  | User ID: 31 | URI: /counselling-backend/index.php?route=payments/payment-save
[2026-05-11 15:42:01] [INFO] Payment processing started for request: {"student_id":"1327","amount":"11800","payment_mode":"cash"} | User ID: 31 | URI: /counselling-backend/index.php?route=payments/payment-save
[2026-05-11 15:42:01] [INFO] Payment validation passed for student 1327. Proceeding with payment record creation. | User ID: 31 | URI: /counselling-backend/index.php?route=payments/payment-save
[2026-05-11 15:42:01] [INFO] Database transaction started for student 1327 payment processing. | User ID: 31 | URI: /counselling-backend/index.php?route=payments/payment-save
[2026-05-11 15:42:01] [SUCCESS] Payment record created: ID 3772, Receipt: 0, Component: tuition_fee_part1 | User ID: 31 | URI: /counselling-backend/index.php?route=payments/payment-save
[2026-05-11 15:42:01] [INFO] Synchronized tbl_student_fee_allocation for student 1327 | User ID: 31 | URI: /counselling-backend/index.php?route=payments/payment-save
[2026-05-11 15:42:01] [INFO] Attempting to enroll student 1327 after payment. | User ID: 31 | URI: /counselling-backend/index.php?route=payments/payment-save
[2026-05-11 15:42:01] [SUCCESS] Student 1327 enrolled successfully. Enrollment ID: 2667 | User ID: 31 | URI: /counselling-backend/index.php?route=payments/payment-save
[2026-05-11 15:42:01] [INFO] Payment transaction log created for payment ID: 3772 | User ID: 31 | URI: /counselling-backend/index.php?route=payments/payment-save
[2026-05-11 15:42:01] [SUCCESS] Payment transaction committed successfully for student 1327. Receipt No:  | User ID: 31 | URI: /counselling-backend/index.php?route=payments/payment-save
[2026-05-11 15:45:12] [INFO] Fetching student information for admission confirm - Student ID: 3433, Counsellor ID: 143 | User ID: 143 | URI: /counselling-backend/index.php?route=students/admission-confirm-save
[2026-05-11 15:45:12] [INFO] Student information fetched successfully - Student: DISHABEN, Course ID: 1, Medium ID: 1, Group ID: 2 | User ID: 143 | URI: /counselling-backend/index.php?route=students/admission-confirm-save
[2026-05-11 15:45:12] [INFO] Fetching fee configuration - Course ID: 1, Medium ID: 1, Group ID: 2 | User ID: 143 | URI: /counselling-backend/index.php?route=students/admission-confirm-save
[2026-05-11 15:45:12] [INFO] Fee configuration fetched successfully - School Fee: ₹15000, Trust Fee: ₹15000, Tuition Part 1: ₹10000, Token Amount (with GST): ₹11800 | User ID: 143 | URI: /counselling-backend/index.php?route=students/admission-confirm-save
[2026-05-11 15:51:58] [INFO] Payment processing started for request: {"student_id":"1105","amount":"11800","payment_mode":"cash"} | User ID: 31 | URI: /counselling-backend/index.php?route=payments/payment-save
[2026-05-11 15:51:58] [INFO] Payment validation passed for student 1105. Proceeding with payment record creation. | User ID: 31 | URI: /counselling-backend/index.php?route=payments/payment-save
[2026-05-11 15:51:58] [INFO] Database transaction started for student 1105 payment processing. | User ID: 31 | URI: /counselling-backend/index.php?route=payments/payment-save
[2026-05-11 15:51:58] [SUCCESS] Payment record created: ID 3773, Receipt: 0, Component: tuition_fee_part1 | User ID: 31 | URI: /counselling-backend/index.php?route=payments/payment-save
[2026-05-11 15:51:58] [INFO] Synchronized tbl_student_fee_allocation for student 1105 | User ID: 31 | URI: /counselling-backend/index.php?route=payments/payment-save
[2026-05-11 15:51:58] [INFO] Attempting to enroll student 1105 after payment. | User ID: 31 | URI: /counselling-backend/index.php?route=payments/payment-save
[2026-05-11 15:51:58] [SUCCESS] Student 1105 enrolled successfully. Enrollment ID: 2668 | User ID: 31 | URI: /counselling-backend/index.php?route=payments/payment-save
[2026-05-11 15:51:58] [INFO] Payment transaction log created for payment ID: 3773 | User ID: 31 | URI: /counselling-backend/index.php?route=payments/payment-save
[2026-05-11 15:51:58] [SUCCESS] Payment transaction committed successfully for student 1105. Receipt No:  | User ID: 31 | URI: /counselling-backend/index.php?route=payments/payment-save
[2026-05-11 15:52:38] [INFO] Payment processing started for request: {"student_id":"627","amount":"11800","payment_mode":"cash"} | User ID: 31 | URI: /counselling-backend/index.php?route=payments/payment-save
[2026-05-11 15:52:38] [INFO] Payment validation passed for student 627. Proceeding with payment record creation. | User ID: 31 | URI: /counselling-backend/index.php?route=payments/payment-save
[2026-05-11 15:52:38] [INFO] Database transaction started for student 627 payment processing. | User ID: 31 | URI: /counselling-backend/index.php?route=payments/payment-save
[2026-05-11 15:52:38] [SUCCESS] Payment record created: ID 3774, Receipt: 0, Component: tuition_fee_part1 | User ID: 31 | URI: /counselling-backend/index.php?route=payments/payment-save
[2026-05-11 15:52:38] [INFO] Synchronized tbl_student_fee_allocation for student 627 | User ID: 31 | URI: /counselling-backend/index.php?route=payments/payment-save
[2026-05-11 15:52:38] [INFO] Attempting to enroll student 627 after payment. | User ID: 31 | URI: /counselling-backend/index.php?route=payments/payment-save
[2026-05-11 15:52:38] [SUCCESS] Student 627 enrolled successfully. Enrollment ID: 2669 | User ID: 31 | URI: /counselling-backend/index.php?route=payments/payment-save
[2026-05-11 15:52:38] [INFO] Payment transaction log created for payment ID: 3774 | User ID: 31 | URI: /counselling-backend/index.php?route=payments/payment-save
[2026-05-11 15:52:38] [SUCCESS] Payment transaction committed successfully for student 627. Receipt No:  | User ID: 31 | URI: /counselling-backend/index.php?route=payments/payment-save
[2026-05-11 15:54:10] [INFO] Payment processing started for request: {"student_id":"386","amount":"11800","payment_mode":"cash"} | User ID: 31 | URI: /counselling-backend/index.php?route=payments/payment-save
[2026-05-11 15:54:10] [INFO] Payment validation passed for student 386. Proceeding with payment record creation. | User ID: 31 | URI: /counselling-backend/index.php?route=payments/payment-save
[2026-05-11 15:54:10] [INFO] Database transaction started for student 386 payment processing. | User ID: 31 | URI: /counselling-backend/index.php?route=payments/payment-save
[2026-05-11 15:54:10] [SUCCESS] Payment record created: ID 3775, Receipt: 0, Component: tuition_fee_part1 | User ID: 31 | URI: /counselling-backend/index.php?route=payments/payment-save
[2026-05-11 15:54:10] [INFO] Synchronized tbl_student_fee_allocation for student 386 | User ID: 31 | URI: /counselling-backend/index.php?route=payments/payment-save
[2026-05-11 15:54:10] [INFO] Attempting to enroll student 386 after payment. | User ID: 31 | URI: /counselling-backend/index.php?route=payments/payment-save
[2026-05-11 15:54:10] [SUCCESS] Student 386 enrolled successfully. Enrollment ID: 2670 | User ID: 31 | URI: /counselling-backend/index.php?route=payments/payment-save
[2026-05-11 15:54:10] [INFO] Payment transaction log created for payment ID: 3775 | User ID: 31 | URI: /counselling-backend/index.php?route=payments/payment-save
[2026-05-11 15:54:10] [SUCCESS] Payment transaction committed successfully for student 386. Receipt No:  | User ID: 31 | URI: /counselling-backend/index.php?route=payments/payment-save
[2026-05-11 15:55:27] [INFO] Payment processing started for request: {"student_id":"64","amount":"11800","payment_mode":"cash"} | User ID: 31 | URI: /counselling-backend/index.php?route=payments/payment-save
[2026-05-11 15:55:27] [INFO] Payment validation passed for student 64. Proceeding with payment record creation. | User ID: 31 | URI: /counselling-backend/index.php?route=payments/payment-save
[2026-05-11 15:55:27] [INFO] Database transaction started for student 64 payment processing. | User ID: 31 | URI: /counselling-backend/index.php?route=payments/payment-save
[2026-05-11 15:55:27] [SUCCESS] Payment record created: ID 3776, Receipt: 0, Component: tuition_fee_part1 | User ID: 31 | URI: /counselling-backend/index.php?route=payments/payment-save
[2026-05-11 15:55:27] [INFO] Synchronized tbl_student_fee_allocation for student 64 | User ID: 31 | URI: /counselling-backend/index.php?route=payments/payment-save
[2026-05-11 15:55:27] [INFO] Attempting to enroll student 64 after payment. | User ID: 31 | URI: /counselling-backend/index.php?route=payments/payment-save
[2026-05-11 15:55:27] [SUCCESS] Student 64 enrolled successfully. Enrollment ID: 2671 | User ID: 31 | URI: /counselling-backend/index.php?route=payments/payment-save
[2026-05-11 15:55:27] [INFO] Payment transaction log created for payment ID: 3776 | User ID: 31 | URI: /counselling-backend/index.php?route=payments/payment-save
[2026-05-11 15:55:27] [SUCCESS] Payment transaction committed successfully for student 64. Receipt No:  | User ID: 31 | URI: /counselling-backend/index.php?route=payments/payment-save
[2026-05-11 15:56:34] [INFO] Payment processing started for request: {"student_id":"2785","amount":"11800","payment_mode":"cash"} | User ID: 31 | URI: /counselling-backend/index.php?route=payments/payment-save
[2026-05-11 15:56:34] [INFO] Payment validation passed for student 2785. Proceeding with payment record creation. | User ID: 31 | URI: /counselling-backend/index.php?route=payments/payment-save
[2026-05-11 15:56:34] [INFO] Database transaction started for student 2785 payment processing. | User ID: 31 | URI: /counselling-backend/index.php?route=payments/payment-save
[2026-05-11 15:56:34] [SUCCESS] Payment record created: ID 3777, Receipt: 0, Component: tuition_fee_part1 | User ID: 31 | URI: /counselling-backend/index.php?route=payments/payment-save
[2026-05-11 15:56:34] [INFO] Synchronized tbl_student_fee_allocation for student 2785 | User ID: 31 | URI: /counselling-backend/index.php?route=payments/payment-save
[2026-05-11 15:56:34] [INFO] Attempting to enroll student 2785 after payment. | User ID: 31 | URI: /counselling-backend/index.php?route=payments/payment-save
[2026-05-11 15:56:34] [SUCCESS] Student 2785 enrolled successfully. Enrollment ID: 2672 | User ID: 31 | URI: /counselling-backend/index.php?route=payments/payment-save
[2026-05-11 15:56:34] [INFO] Payment transaction log created for payment ID: 3777 | User ID: 31 | URI: /counselling-backend/index.php?route=payments/payment-save
[2026-05-11 15:56:34] [SUCCESS] Payment transaction committed successfully for student 2785. Receipt No:  | User ID: 31 | URI: /counselling-backend/index.php?route=payments/payment-save
[2026-05-11 15:57:19] [INFO] Payment processing started for request: {"student_id":"28","amount":"11800","payment_mode":"cash"} | User ID: 31 | URI: /counselling-backend/index.php?route=payments/payment-save
[2026-05-11 15:57:19] [INFO] Payment validation passed for student 28. Proceeding with payment record creation. | User ID: 31 | URI: /counselling-backend/index.php?route=payments/payment-save
[2026-05-11 15:57:19] [INFO] Database transaction started for student 28 payment processing. | User ID: 31 | URI: /counselling-backend/index.php?route=payments/payment-save
[2026-05-11 15:57:19] [SUCCESS] Payment record created: ID 3778, Receipt: 0, Component: tuition_fee_part1 | User ID: 31 | URI: /counselling-backend/index.php?route=payments/payment-save
[2026-05-11 15:57:19] [INFO] Synchronized tbl_student_fee_allocation for student 28 | User ID: 31 | URI: /counselling-backend/index.php?route=payments/payment-save
[2026-05-11 15:57:19] [INFO] Attempting to enroll student 28 after payment. | User ID: 31 | URI: /counselling-backend/index.php?route=payments/payment-save
[2026-05-11 15:57:19] [SUCCESS] Student 28 enrolled successfully. Enrollment ID: 2673 | User ID: 31 | URI: /counselling-backend/index.php?route=payments/payment-save
[2026-05-11 15:57:19] [INFO] Payment transaction log created for payment ID: 3778 | User ID: 31 | URI: /counselling-backend/index.php?route=payments/payment-save
[2026-05-11 15:57:19] [SUCCESS] Payment transaction committed successfully for student 28. Receipt No:  | User ID: 31 | URI: /counselling-backend/index.php?route=payments/payment-save
[2026-05-11 16:09:58] [INFO] Payment processing started for request: {"student_id":"599","amount":"11800","payment_mode":"cash"} | User ID: 31 | URI: /counselling-backend/index.php?route=payments/payment-save
[2026-05-11 16:09:58] [INFO] Payment validation passed for student 599. Proceeding with payment record creation. | User ID: 31 | URI: /counselling-backend/index.php?route=payments/payment-save
[2026-05-11 16:09:58] [INFO] Database transaction started for student 599 payment processing. | User ID: 31 | URI: /counselling-backend/index.php?route=payments/payment-save
[2026-05-11 16:09:58] [SUCCESS] Payment record created: ID 3779, Receipt: 0, Component: tuition_fee_part1 | User ID: 31 | URI: /counselling-backend/index.php?route=payments/payment-save
[2026-05-11 16:09:58] [INFO] Synchronized tbl_student_fee_allocation for student 599 | User ID: 31 | URI: /counselling-backend/index.php?route=payments/payment-save
[2026-05-11 16:09:59] [INFO] Attempting to enroll student 599 after payment. | User ID: 31 | URI: /counselling-backend/index.php?route=payments/payment-save
[2026-05-11 16:09:59] [SUCCESS] Student 599 enrolled successfully. Enrollment ID: 2674 | User ID: 31 | URI: /counselling-backend/index.php?route=payments/payment-save
[2026-05-11 16:09:59] [INFO] Payment transaction log created for payment ID: 3779 | User ID: 31 | URI: /counselling-backend/index.php?route=payments/payment-save
[2026-05-11 16:09:59] [SUCCESS] Payment transaction committed successfully for student 599. Receipt No:  | User ID: 31 | URI: /counselling-backend/index.php?route=payments/payment-save
[2026-05-11 16:14:27] [INFO] Payment processing started for request: {"student_id":"1102","amount":"11800","payment_mode":"cash"} | User ID: 31 | URI: /counselling-backend/index.php?route=payments/payment-save
[2026-05-11 16:14:27] [INFO] Payment validation passed for student 1102. Proceeding with payment record creation. | User ID: 31 | URI: /counselling-backend/index.php?route=payments/payment-save
[2026-05-11 16:14:27] [INFO] Database transaction started for student 1102 payment processing. | User ID: 31 | URI: /counselling-backend/index.php?route=payments/payment-save
[2026-05-11 16:14:27] [SUCCESS] Payment record created: ID 3780, Receipt: 0, Component: tuition_fee_part1 | User ID: 31 | URI: /counselling-backend/index.php?route=payments/payment-save
[2026-05-11 16:14:27] [INFO] Synchronized tbl_student_fee_allocation for student 1102 | User ID: 31 | URI: /counselling-backend/index.php?route=payments/payment-save
[2026-05-11 16:14:27] [INFO] Attempting to enroll student 1102 after payment. | User ID: 31 | URI: /counselling-backend/index.php?route=payments/payment-save
[2026-05-11 16:14:27] [SUCCESS] Student 1102 enrolled successfully. Enrollment ID: 2675 | User ID: 31 | URI: /counselling-backend/index.php?route=payments/payment-save
[2026-05-11 16:14:27] [INFO] Payment transaction log created for payment ID: 3780 | User ID: 31 | URI: /counselling-backend/index.php?route=payments/payment-save
[2026-05-11 16:14:27] [SUCCESS] Payment transaction committed successfully for student 1102. Receipt No:  | User ID: 31 | URI: /counselling-backend/index.php?route=payments/payment-save
[2026-05-11 16:15:06] [INFO] Payment processing started for request: {"student_id":"3353","amount":"11800","payment_mode":"cash"} | User ID: 31 | URI: /counselling-backend/index.php?route=payments/payment-save
[2026-05-11 16:15:06] [INFO] Payment validation passed for student 3353. Proceeding with payment record creation. | User ID: 31 | URI: /counselling-backend/index.php?route=payments/payment-save
[2026-05-11 16:15:06] [INFO] Database transaction started for student 3353 payment processing. | User ID: 31 | URI: /counselling-backend/index.php?route=payments/payment-save
[2026-05-11 16:15:06] [SUCCESS] Payment record created: ID 3781, Receipt: 0, Component: tuition_fee_part1 | User ID: 31 | URI: /counselling-backend/index.php?route=payments/payment-save
[2026-05-11 16:15:06] [INFO] Synchronized tbl_student_fee_allocation for student 3353 | User ID: 31 | URI: /counselling-backend/index.php?route=payments/payment-save
[2026-05-11 16:15:06] [INFO] Attempting to enroll student 3353 after payment. | User ID: 31 | URI: /counselling-backend/index.php?route=payments/payment-save
[2026-05-11 16:15:06] [SUCCESS] Student 3353 enrolled successfully. Enrollment ID: 2676 | User ID: 31 | URI: /counselling-backend/index.php?route=payments/payment-save
[2026-05-11 16:15:06] [INFO] Payment transaction log created for payment ID: 3781 | User ID: 31 | URI: /counselling-backend/index.php?route=payments/payment-save
[2026-05-11 16:15:06] [SUCCESS] Payment transaction committed successfully for student 3353. Receipt No:  | User ID: 31 | URI: /counselling-backend/index.php?route=payments/payment-save
[2026-05-11 16:53:12] [INFO] Fetching student information for admission confirm - Student ID: 3456, Counsellor ID: 143 | User ID: 143 | URI: /counselling-backend/index.php?route=students/admission-confirm-save
[2026-05-11 16:53:12] [INFO] Student information fetched successfully - Student: OM, Course ID: 2, Medium ID: 2, Group ID: 2 | User ID: 143 | URI: /counselling-backend/index.php?route=students/admission-confirm-save
[2026-05-11 16:53:12] [INFO] Fetching fee configuration - Course ID: 2, Medium ID: 2, Group ID: 2 | User ID: 143 | URI: /counselling-backend/index.php?route=students/admission-confirm-save
[2026-05-11 16:53:12] [INFO] Fee configuration fetched successfully - School Fee: ₹15000, Trust Fee: ₹15000, Tuition Part 1: ₹10000, Token Amount (with GST): ₹11800 | User ID: 143 | URI: /counselling-backend/index.php?route=students/admission-confirm-save
[2026-05-11 16:54:24] [INFO] Fetching student information for admission confirm - Student ID: 3457, Counsellor ID: 143 | User ID: 143 | URI: /counselling-backend/index.php?route=students/admission-confirm-save
[2026-05-11 16:54:24] [INFO] Student information fetched successfully - Student: DHARMI, Course ID: 2, Medium ID: 2, Group ID: 2 | User ID: 143 | URI: /counselling-backend/index.php?route=students/admission-confirm-save
[2026-05-11 16:54:24] [INFO] Fetching fee configuration - Course ID: 2, Medium ID: 2, Group ID: 2 | User ID: 143 | URI: /counselling-backend/index.php?route=students/admission-confirm-save
[2026-05-11 16:54:24] [INFO] Fee configuration fetched successfully - School Fee: ₹15000, Trust Fee: ₹15000, Tuition Part 1: ₹10000, Token Amount (with GST): ₹11800 | User ID: 143 | URI: /counselling-backend/index.php?route=students/admission-confirm-save
[2026-05-11 17:00:31] [INFO] Payment processing started for request: {"student_id":"1755","amount":"10000","payment_mode":"cash"} | User ID: 31 | URI: /counselling-backend/index.php?route=payments/payment-save
[2026-05-11 17:00:31] [INFO] Payment validation passed for student 1755. Proceeding with payment record creation. | User ID: 31 | URI: /counselling-backend/index.php?route=payments/payment-save
[2026-05-11 17:00:31] [INFO] Database transaction started for student 1755 payment processing. | User ID: 31 | URI: /counselling-backend/index.php?route=payments/payment-save
[2026-05-11 17:00:31] [INFO] Generating receipt number - Student: 1755, Fee Component: hostel_security | User ID: 31 | URI: /counselling-backend/index.php?route=payments/payment-save
[2026-05-11 17:00:31] [SUCCESS] Payment record created: ID 3783, Receipt: 84, Component: hostel_security | User ID: 31 | URI: /counselling-backend/index.php?route=payments/payment-save
[2026-05-11 17:00:31] [INFO] Synchronized tbl_student_fee_allocation for student 1755 | User ID: 31 | URI: /counselling-backend/index.php?route=payments/payment-save
[2026-05-11 17:00:31] [INFO] Payment transaction log created for payment ID: 3783 | User ID: 31 | URI: /counselling-backend/index.php?route=payments/payment-save
[2026-05-11 17:00:31] [SUCCESS] Payment transaction committed successfully for student 1755. Receipt No: 84 | User ID: 31 | URI: /counselling-backend/index.php?route=payments/payment-save
