[2026-05-02 10:28:34] [INFO] Fetching student information for admission confirm - Student ID: 792, Counsellor ID: 2 | User ID: 2 | URI: /counselling-backend/index.php?route=students/admission-confirm-save
[2026-05-02 10:28:34] [INFO] Student information fetched successfully - Student: JAINIL, Course ID: 2, Medium ID: 2, Group ID: 2 | User ID: 2 | URI: /counselling-backend/index.php?route=students/admission-confirm-save
[2026-05-02 10:28:34] [INFO] Fetching fee configuration - Course ID: 2, Medium ID: 2, Group ID: 2 | User ID: 2 | URI: /counselling-backend/index.php?route=students/admission-confirm-save
[2026-05-02 10:28:34] [INFO] Fee configuration fetched successfully - School Fee: ₹15000, Trust Fee: ₹15000, Tuition Part 1: ₹10000, Token Amount (with GST): ₹11800 | User ID: 2 | URI: /counselling-backend/index.php?route=students/admission-confirm-save
[2026-05-02 10:29:11] [INFO] Payment processing started for request: {"student_id":"2415","amount":"77740","payment_mode":"cash"} | User ID: 69 | URI: /counselling-backend/index.php?route=payments/payment-save
[2026-05-02 10:29:11] [INFO] Payment validation passed for student 2415. Proceeding with payment record creation. | User ID: 69 | URI: /counselling-backend/index.php?route=payments/payment-save
[2026-05-02 10:29:11] [INFO] Database transaction started for student 2415 payment processing. | User ID: 69 | URI: /counselling-backend/index.php?route=payments/payment-save
[2026-05-02 10:29:11] [INFO] Generating receipt number - Student: 2415, Fee Component: school_fee | User ID: 69 | URI: /counselling-backend/index.php?route=payments/payment-save
[2026-05-02 10:29:11] [SUCCESS] Payment record created: ID 2815, Receipt: 22, Component: school_fee | User ID: 69 | URI: /counselling-backend/index.php?route=payments/payment-save
[2026-05-02 10:29:11] [INFO] Synchronized tbl_student_fee_allocation for student 2415 | User ID: 69 | URI: /counselling-backend/index.php?route=payments/payment-save
[2026-05-02 10:29:11] [INFO] Generating receipt number - Student: 2415, Fee Component: trust_facilities_fee | User ID: 69 | URI: /counselling-backend/index.php?route=payments/payment-save
[2026-05-02 10:29:11] [SUCCESS] Payment record created: ID 2816, Receipt: 119, Component: trust_facilities_fee | User ID: 69 | URI: /counselling-backend/index.php?route=payments/payment-save
[2026-05-02 10:29:11] [INFO] Synchronized tbl_student_fee_allocation for student 2415 | User ID: 69 | URI: /counselling-backend/index.php?route=payments/payment-save
[2026-05-02 10:29:11] [INFO] Generating receipt number - Student: 2415, Fee Component: tuition_fee_part2 | User ID: 69 | URI: /counselling-backend/index.php?route=payments/payment-save
[2026-05-02 10:29:11] [SUCCESS] Payment record created: ID 2817, Receipt: 119, Component: tuition_fee_part2 | User ID: 69 | URI: /counselling-backend/index.php?route=payments/payment-save
[2026-05-02 10:29:11] [INFO] Synchronized tbl_student_fee_allocation for student 2415 | User ID: 69 | URI: /counselling-backend/index.php?route=payments/payment-save
[2026-05-02 10:29:11] [INFO] Payment transaction log created for payment ID: 2815 | User ID: 69 | URI: /counselling-backend/index.php?route=payments/payment-save
[2026-05-02 10:29:11] [SUCCESS] Payment transaction committed successfully for student 2415. Receipt No: 22, 119, 119 | User ID: 69 | URI: /counselling-backend/index.php?route=payments/payment-save
[2026-05-02 10:30:38] [INFO] Fetching student information for admission confirm - Student ID: 1073, Counsellor ID: 2 | User ID: 2 | URI: /counselling-backend/index.php?route=students/admission-confirm-save
[2026-05-02 10:30:38] [INFO] Student information fetched successfully - Student: DIYABEN, Course ID: 2, Medium ID: 2, Group ID: 3 | User ID: 2 | URI: /counselling-backend/index.php?route=students/admission-confirm-save
[2026-05-02 10:30:38] [INFO] Fetching fee configuration - Course ID: 2, Medium ID: 2, Group ID: 3 | User ID: 2 | URI: /counselling-backend/index.php?route=students/admission-confirm-save
[2026-05-02 10:30:38] [INFO] Fee configuration fetched successfully - School Fee: ₹15000, Trust Fee: ₹15000, Tuition Part 1: ₹10000, Token Amount (with GST): ₹11800 | User ID: 2 | URI: /counselling-backend/index.php?route=students/admission-confirm-save
[2026-05-02 10:32:32] [INFO] Fetching student information for admission confirm - Student ID: 2632, Counsellor ID: 2 | User ID: 2 | URI: /counselling-backend/index.php?route=students/admission-confirm-save
[2026-05-02 10:32:32] [INFO] Student information fetched successfully - Student: ARCHAN, Course ID: 2, Medium ID: 2, Group ID: 2 | User ID: 2 | URI: /counselling-backend/index.php?route=students/admission-confirm-save
[2026-05-02 10:32:32] [INFO] Fetching fee configuration - Course ID: 2, Medium ID: 2, Group ID: 2 | User ID: 2 | URI: /counselling-backend/index.php?route=students/admission-confirm-save
[2026-05-02 10:32:32] [INFO] Fee configuration fetched successfully - School Fee: ₹15000, Trust Fee: ₹15000, Tuition Part 1: ₹10000, Token Amount (with GST): ₹11800 | User ID: 2 | URI: /counselling-backend/index.php?route=students/admission-confirm-save
[2026-05-02 10:34:25] [INFO] Fetching student information for admission confirm - Student ID: 2678, Counsellor ID: 2 | User ID: 2 | URI: /counselling-backend/index.php?route=students/admission-confirm-save
[2026-05-02 10:34:25] [INFO] Student information fetched successfully - Student: KAVY, Course ID: 1, Medium ID: 1, Group ID: 2 | User ID: 2 | URI: /counselling-backend/index.php?route=students/admission-confirm-save
[2026-05-02 10:34:25] [INFO] Fetching fee configuration - Course ID: 1, Medium ID: 1, Group ID: 2 | User ID: 2 | URI: /counselling-backend/index.php?route=students/admission-confirm-save
[2026-05-02 10:34:25] [INFO] Fee configuration fetched successfully - School Fee: ₹15000, Trust Fee: ₹15000, Tuition Part 1: ₹10000, Token Amount (with GST): ₹11800 | User ID: 2 | URI: /counselling-backend/index.php?route=students/admission-confirm-save
[2026-05-02 10:36:09] [INFO] Fetching student information for admission confirm - Student ID: 2719, Counsellor ID: 2 | User ID: 2 | URI: /counselling-backend/index.php?route=students/admission-confirm-save
[2026-05-02 10:36:09] [INFO] Student information fetched successfully - Student: AADHYA, Course ID: 1, Medium ID: 1, Group ID: 2 | User ID: 2 | URI: /counselling-backend/index.php?route=students/admission-confirm-save
[2026-05-02 10:36:09] [INFO] Fetching fee configuration - Course ID: 1, Medium ID: 1, Group ID: 2 | User ID: 2 | URI: /counselling-backend/index.php?route=students/admission-confirm-save
[2026-05-02 10:36:09] [INFO] Fee configuration fetched successfully - School Fee: ₹15000, Trust Fee: ₹15000, Tuition Part 1: ₹10000, Token Amount (with GST): ₹11800 | User ID: 2 | URI: /counselling-backend/index.php?route=students/admission-confirm-save
[2026-05-02 10:39:27] [INFO] Fetching student information for admission confirm - Student ID: 2880, Counsellor ID: 2 | User ID: 2 | URI: /counselling-backend/index.php?route=students/admission-confirm-save
[2026-05-02 10:39:27] [INFO] Student information fetched successfully - Student: DAKSH, Course ID: 1, Medium ID: 1, Group ID: 3 | User ID: 2 | URI: /counselling-backend/index.php?route=students/admission-confirm-save
[2026-05-02 10:39:27] [INFO] Fetching fee configuration - Course ID: 1, Medium ID: 1, Group ID: 3 | User ID: 2 | URI: /counselling-backend/index.php?route=students/admission-confirm-save
[2026-05-02 10:39:27] [INFO] Fee configuration fetched successfully - School Fee: ₹15000, Trust Fee: ₹15000, Tuition Part 1: ₹10000, Token Amount (with GST): ₹11800 | User ID: 2 | URI: /counselling-backend/index.php?route=students/admission-confirm-save
[2026-05-02 10:41:35] [INFO] Fetching student information for admission confirm - Student ID: 3033, Counsellor ID: 2 | User ID: 2 | URI: /counselling-backend/index.php?route=students/admission-confirm-save
[2026-05-02 10:41:35] [INFO] Student information fetched successfully - Student: KHYATI, Course ID: 1, Medium ID: 1, Group ID: 2 | User ID: 2 | URI: /counselling-backend/index.php?route=students/admission-confirm-save
[2026-05-02 10:41:35] [INFO] Fetching fee configuration - Course ID: 1, Medium ID: 1, Group ID: 2 | User ID: 2 | URI: /counselling-backend/index.php?route=students/admission-confirm-save
[2026-05-02 10:41:35] [INFO] Fee configuration fetched successfully - School Fee: ₹15000, Trust Fee: ₹15000, Tuition Part 1: ₹10000, Token Amount (with GST): ₹11800 | User ID: 2 | URI: /counselling-backend/index.php?route=students/admission-confirm-save
[2026-05-02 11:35:54] [INFO] Payment processing started for request: {"student_id":"2168","amount":"95440","payment_mode":"cash"} | User ID: 69 | URI: /counselling-backend/index.php?route=payments/payment-save
[2026-05-02 11:35:54] [INFO] Payment validation passed for student 2168. Proceeding with payment record creation. | User ID: 69 | URI: /counselling-backend/index.php?route=payments/payment-save
[2026-05-02 11:35:54] [INFO] Database transaction started for student 2168 payment processing. | User ID: 69 | URI: /counselling-backend/index.php?route=payments/payment-save
[2026-05-02 11:35:54] [INFO] Generating receipt number - Student: 2168, Fee Component: school_fee | User ID: 69 | URI: /counselling-backend/index.php?route=payments/payment-save
[2026-05-02 11:35:54] [SUCCESS] Payment record created: ID 2818, Receipt: 98, Component: school_fee | User ID: 69 | URI: /counselling-backend/index.php?route=payments/payment-save
[2026-05-02 11:35:54] [INFO] Synchronized tbl_student_fee_allocation for student 2168 | User ID: 69 | URI: /counselling-backend/index.php?route=payments/payment-save
[2026-05-02 11:35:54] [INFO] Generating receipt number - Student: 2168, Fee Component: trust_facilities_fee | User ID: 69 | URI: /counselling-backend/index.php?route=payments/payment-save
[2026-05-02 11:35:54] [SUCCESS] Payment record created: ID 2819, Receipt: 120, Component: trust_facilities_fee | User ID: 69 | URI: /counselling-backend/index.php?route=payments/payment-save
[2026-05-02 11:35:54] [INFO] Synchronized tbl_student_fee_allocation for student 2168 | User ID: 69 | URI: /counselling-backend/index.php?route=payments/payment-save
[2026-05-02 11:35:54] [INFO] Generating receipt number - Student: 2168, Fee Component: tuition_fee_part2 | User ID: 69 | URI: /counselling-backend/index.php?route=payments/payment-save
[2026-05-02 11:35:54] [SUCCESS] Payment record created: ID 2820, Receipt: 120, Component: tuition_fee_part2 | User ID: 69 | URI: /counselling-backend/index.php?route=payments/payment-save
[2026-05-02 11:35:54] [INFO] Synchronized tbl_student_fee_allocation for student 2168 | User ID: 69 | URI: /counselling-backend/index.php?route=payments/payment-save
[2026-05-02 11:35:54] [INFO] Payment transaction log created for payment ID: 2818 | User ID: 69 | URI: /counselling-backend/index.php?route=payments/payment-save
[2026-05-02 11:35:54] [SUCCESS] Payment transaction committed successfully for student 2168. Receipt No: 98, 120, 120 | User ID: 69 | URI: /counselling-backend/index.php?route=payments/payment-save
[2026-05-02 12:23:53] [INFO] Payment processing started for request: {"student_id":"2115","amount":"105440","payment_mode":"cash"} | User ID: 69 | URI: /counselling-backend/index.php?route=payments/payment-save
[2026-05-02 12:23:53] [INFO] Payment validation passed for student 2115. Proceeding with payment record creation. | User ID: 69 | URI: /counselling-backend/index.php?route=payments/payment-save
[2026-05-02 12:23:53] [INFO] Database transaction started for student 2115 payment processing. | User ID: 69 | URI: /counselling-backend/index.php?route=payments/payment-save
[2026-05-02 12:23:53] [INFO] Generating receipt number - Student: 2115, Fee Component: school_fee | User ID: 69 | URI: /counselling-backend/index.php?route=payments/payment-save
[2026-05-02 12:23:54] [SUCCESS] Payment record created: ID 2821, Receipt: 99, Component: school_fee | User ID: 69 | URI: /counselling-backend/index.php?route=payments/payment-save
[2026-05-02 12:23:54] [INFO] Synchronized tbl_student_fee_allocation for student 2115 | User ID: 69 | URI: /counselling-backend/index.php?route=payments/payment-save
[2026-05-02 12:23:54] [INFO] Generating receipt number - Student: 2115, Fee Component: trust_facilities_fee | User ID: 69 | URI: /counselling-backend/index.php?route=payments/payment-save
[2026-05-02 12:23:54] [SUCCESS] Payment record created: ID 2822, Receipt: 121, Component: trust_facilities_fee | User ID: 69 | URI: /counselling-backend/index.php?route=payments/payment-save
[2026-05-02 12:23:54] [INFO] Synchronized tbl_student_fee_allocation for student 2115 | User ID: 69 | URI: /counselling-backend/index.php?route=payments/payment-save
[2026-05-02 12:23:54] [INFO] Generating receipt number - Student: 2115, Fee Component: tuition_fee_part2 | User ID: 69 | URI: /counselling-backend/index.php?route=payments/payment-save
[2026-05-02 12:23:54] [SUCCESS] Payment record created: ID 2823, Receipt: 459, Component: tuition_fee_part2 | User ID: 69 | URI: /counselling-backend/index.php?route=payments/payment-save
[2026-05-02 12:23:54] [INFO] Synchronized tbl_student_fee_allocation for student 2115 | User ID: 69 | URI: /counselling-backend/index.php?route=payments/payment-save
[2026-05-02 12:23:54] [INFO] Generating receipt number - Student: 2115, Fee Component: hostel_fee | User ID: 69 | URI: /counselling-backend/index.php?route=payments/payment-save
[2026-05-02 12:23:54] [SUCCESS] Payment record created: ID 2824, Receipt: 1, Component: hostel_fee | User ID: 69 | URI: /counselling-backend/index.php?route=payments/payment-save
[2026-05-02 12:23:54] [INFO] Synchronized tbl_student_fee_allocation for student 2115 | User ID: 69 | URI: /counselling-backend/index.php?route=payments/payment-save
[2026-05-02 12:23:54] [INFO] Payment transaction log created for payment ID: 2821 | User ID: 69 | URI: /counselling-backend/index.php?route=payments/payment-save
[2026-05-02 12:23:54] [SUCCESS] Payment transaction committed successfully for student 2115. Receipt No: 99, 121, 459, 1 | User ID: 69 | URI: /counselling-backend/index.php?route=payments/payment-save
[2026-05-02 12:23:55] [INFO] Updated student requirement flags for student 2115: hostel_required = 'Yes' | User ID: 69 | URI: /counselling-backend/index.php?route=payments/payment-save
[2026-05-02 12:51:39] [INFO] Payment processing started for request: {"student_id":"2115","amount":"45000","payment_mode":"cash"} | User ID: 69 | URI: /counselling-backend/index.php?route=payments/payment-save
[2026-05-02 12:51:39] [INFO] Payment validation passed for student 2115. Proceeding with payment record creation. | User ID: 69 | URI: /counselling-backend/index.php?route=payments/payment-save
[2026-05-02 12:51:39] [INFO] Database transaction started for student 2115 payment processing. | User ID: 69 | URI: /counselling-backend/index.php?route=payments/payment-save
[2026-05-02 12:51:39] [INFO] Generating receipt number - Student: 2115, Fee Component: hostel_fee | User ID: 69 | URI: /counselling-backend/index.php?route=payments/payment-save
[2026-05-02 12:51:39] [SUCCESS] Payment record created: ID 2825, Receipt: 2, Component: hostel_fee | User ID: 69 | URI: /counselling-backend/index.php?route=payments/payment-save
[2026-05-02 12:51:39] [INFO] Synchronized tbl_student_fee_allocation for student 2115 | User ID: 69 | URI: /counselling-backend/index.php?route=payments/payment-save
[2026-05-02 12:51:39] [SUCCESS] Payment record created: ID 2826, Receipt: , Component: hostel_cash_fee | User ID: 69 | URI: /counselling-backend/index.php?route=payments/payment-save
[2026-05-02 12:51:39] [INFO] Synchronized tbl_student_fee_allocation for student 2115 | User ID: 69 | URI: /counselling-backend/index.php?route=payments/payment-save
[2026-05-02 12:51:39] [INFO] Payment transaction log created for payment ID: 2825 | User ID: 69 | URI: /counselling-backend/index.php?route=payments/payment-save
[2026-05-02 12:51:39] [SUCCESS] Payment transaction committed successfully for student 2115. Receipt No: 2 | User ID: 69 | URI: /counselling-backend/index.php?route=payments/payment-save
[2026-05-02 12:51:40] [INFO] Updated student requirement flags for student 2115: hostel_required = 'Yes' | User ID: 69 | URI: /counselling-backend/index.php?route=payments/payment-save
[2026-05-02 14:08:06] [INFO] Payment processing started for request: {"student_id":"1551","amount":"98980","payment_mode":"cash"} | User ID: 69 | URI: /counselling-backend/index.php?route=payments/payment-save
[2026-05-02 14:08:06] [INFO] Payment validation passed for student 1551. Proceeding with payment record creation. | User ID: 69 | URI: /counselling-backend/index.php?route=payments/payment-save
[2026-05-02 14:08:06] [INFO] Database transaction started for student 1551 payment processing. | User ID: 69 | URI: /counselling-backend/index.php?route=payments/payment-save
[2026-05-02 14:08:06] [INFO] Generating receipt number - Student: 1551, Fee Component: school_fee | User ID: 69 | URI: /counselling-backend/index.php?route=payments/payment-save
[2026-05-02 14:08:06] [SUCCESS] Payment record created: ID 2827, Receipt: 100, Component: school_fee | User ID: 69 | URI: /counselling-backend/index.php?route=payments/payment-save
[2026-05-02 14:08:06] [INFO] Synchronized tbl_student_fee_allocation for student 1551 | User ID: 69 | URI: /counselling-backend/index.php?route=payments/payment-save
[2026-05-02 14:08:06] [INFO] Generating receipt number - Student: 1551, Fee Component: trust_facilities_fee | User ID: 69 | URI: /counselling-backend/index.php?route=payments/payment-save
[2026-05-02 14:08:06] [SUCCESS] Payment record created: ID 2828, Receipt: 122, Component: trust_facilities_fee | User ID: 69 | URI: /counselling-backend/index.php?route=payments/payment-save
[2026-05-02 14:08:06] [INFO] Synchronized tbl_student_fee_allocation for student 1551 | User ID: 69 | URI: /counselling-backend/index.php?route=payments/payment-save
[2026-05-02 14:08:06] [INFO] Generating receipt number - Student: 1551, Fee Component: tuition_fee_part2 | User ID: 69 | URI: /counselling-backend/index.php?route=payments/payment-save
[2026-05-02 14:08:06] [SUCCESS] Payment record created: ID 2829, Receipt: 460, Component: tuition_fee_part2 | User ID: 69 | URI: /counselling-backend/index.php?route=payments/payment-save
[2026-05-02 14:08:06] [INFO] Synchronized tbl_student_fee_allocation for student 1551 | User ID: 69 | URI: /counselling-backend/index.php?route=payments/payment-save
[2026-05-02 14:08:06] [INFO] Payment transaction log created for payment ID: 2827 | User ID: 69 | URI: /counselling-backend/index.php?route=payments/payment-save
[2026-05-02 14:08:06] [SUCCESS] Payment transaction committed successfully for student 1551. Receipt No: 100, 122, 460 | User ID: 69 | URI: /counselling-backend/index.php?route=payments/payment-save
[2026-05-02 14:14:08] [INFO] Fetching student information for admission confirm - Student ID: 671, Counsellor ID: 2 | User ID: 2 | URI: /counselling-backend/index.php?route=students/admission-confirm-save
[2026-05-02 14:14:08] [INFO] Student information fetched successfully - Student: RUDRAGIRI, Course ID: 1, Medium ID: 1, Group ID: 3 | User ID: 2 | URI: /counselling-backend/index.php?route=students/admission-confirm-save
[2026-05-02 14:14:08] [INFO] Fetching fee configuration - Course ID: 1, Medium ID: 1, Group ID: 3 | User ID: 2 | URI: /counselling-backend/index.php?route=students/admission-confirm-save
[2026-05-02 14:14:08] [INFO] Fee configuration fetched successfully - School Fee: ₹15000, Trust Fee: ₹15000, Tuition Part 1: ₹10000, Token Amount (with GST): ₹11800 | User ID: 2 | URI: /counselling-backend/index.php?route=students/admission-confirm-save
[2026-05-02 14:18:55] [INFO] Fetching student information for admission confirm - Student ID: 176, Counsellor ID: 2 | User ID: 2 | URI: /counselling-backend/index.php?route=students/admission-confirm-save
[2026-05-02 14:18:55] [INFO] Student information fetched successfully - Student: DEENKALBEN, Course ID: 1, Medium ID: 1, Group ID: 2 | User ID: 2 | URI: /counselling-backend/index.php?route=students/admission-confirm-save
[2026-05-02 14:18:55] [INFO] Fetching fee configuration - Course ID: 1, Medium ID: 1, Group ID: 2 | User ID: 2 | URI: /counselling-backend/index.php?route=students/admission-confirm-save
[2026-05-02 14:18:55] [INFO] Fee configuration fetched successfully - School Fee: ₹15000, Trust Fee: ₹15000, Tuition Part 1: ₹10000, Token Amount (with GST): ₹11800 | User ID: 2 | URI: /counselling-backend/index.php?route=students/admission-confirm-save
[2026-05-02 14:38:04] [INFO] Fetching student information for admission confirm - Student ID: 392, Counsellor ID: 2 | User ID: 2 | URI: /counselling-backend/index.php?route=students/admission-confirm-save
[2026-05-02 14:38:04] [INFO] Student information fetched successfully - Student: FENNY, Course ID: 2, Medium ID: 2, Group ID: 3 | User ID: 2 | URI: /counselling-backend/index.php?route=students/admission-confirm-save
[2026-05-02 14:38:04] [INFO] Fetching fee configuration - Course ID: 2, Medium ID: 2, Group ID: 3 | User ID: 2 | URI: /counselling-backend/index.php?route=students/admission-confirm-save
[2026-05-02 14:38:04] [INFO] Fee configuration fetched successfully - School Fee: ₹15000, Trust Fee: ₹15000, Tuition Part 1: ₹10000, Token Amount (with GST): ₹11800 | User ID: 2 | URI: /counselling-backend/index.php?route=students/admission-confirm-save
[2026-05-02 14:43:34] [INFO] Fetching student information for admission confirm - Student ID: 412, Counsellor ID: 2 | User ID: 2 | URI: /counselling-backend/index.php?route=students/admission-confirm-save
[2026-05-02 14:43:34] [INFO] Student information fetched successfully - Student: HEER, Course ID: 2, Medium ID: 2, Group ID: 3 | User ID: 2 | URI: /counselling-backend/index.php?route=students/admission-confirm-save
[2026-05-02 14:43:34] [INFO] Fetching fee configuration - Course ID: 2, Medium ID: 2, Group ID: 3 | User ID: 2 | URI: /counselling-backend/index.php?route=students/admission-confirm-save
[2026-05-02 14:43:34] [INFO] Fee configuration fetched successfully - School Fee: ₹15000, Trust Fee: ₹15000, Tuition Part 1: ₹10000, Token Amount (with GST): ₹11800 | User ID: 2 | URI: /counselling-backend/index.php?route=students/admission-confirm-save
[2026-05-02 14:47:29] [INFO] Fetching student information for admission confirm - Student ID: 435, Counsellor ID: 2 | User ID: 2 | URI: /counselling-backend/index.php?route=students/admission-confirm-save
[2026-05-02 14:47:29] [INFO] Student information fetched successfully - Student: DEVANSHI, Course ID: 2, Medium ID: 2, Group ID: 3 | User ID: 2 | URI: /counselling-backend/index.php?route=students/admission-confirm-save
[2026-05-02 14:47:29] [INFO] Fetching fee configuration - Course ID: 2, Medium ID: 2, Group ID: 3 | User ID: 2 | URI: /counselling-backend/index.php?route=students/admission-confirm-save
[2026-05-02 14:47:29] [INFO] Fee configuration fetched successfully - School Fee: ₹15000, Trust Fee: ₹15000, Tuition Part 1: ₹10000, Token Amount (with GST): ₹11800 | User ID: 2 | URI: /counselling-backend/index.php?route=students/admission-confirm-save
[2026-05-02 15:29:39] [INFO] Fetching student information for admission confirm - Student ID: 938, Counsellor ID: 2 | User ID: 2 | URI: /counselling-backend/index.php?route=students/admission-confirm-save
[2026-05-02 15:29:39] [INFO] Student information fetched successfully - Student: VRATI, Course ID: 2, Medium ID: 2, Group ID: 3 | User ID: 2 | URI: /counselling-backend/index.php?route=students/admission-confirm-save
[2026-05-02 15:29:39] [INFO] Fetching fee configuration - Course ID: 2, Medium ID: 2, Group ID: 3 | User ID: 2 | URI: /counselling-backend/index.php?route=students/admission-confirm-save
[2026-05-02 15:29:39] [INFO] Fee configuration fetched successfully - School Fee: ₹15000, Trust Fee: ₹15000, Tuition Part 1: ₹10000, Token Amount (with GST): ₹11800 | User ID: 2 | URI: /counselling-backend/index.php?route=students/admission-confirm-save
[2026-05-02 15:39:43] [INFO] Fetching student information for admission confirm - Student ID: 975, Counsellor ID: 2 | User ID: 2 | URI: /counselling-backend/index.php?route=students/admission-confirm-save
[2026-05-02 15:39:43] [INFO] Student information fetched successfully - Student: AFAYAJ, Course ID: 1, Medium ID: 1, Group ID: 2 | User ID: 2 | URI: /counselling-backend/index.php?route=students/admission-confirm-save
[2026-05-02 15:39:44] [INFO] Fetching fee configuration - Course ID: 1, Medium ID: 1, Group ID: 2 | User ID: 2 | URI: /counselling-backend/index.php?route=students/admission-confirm-save
[2026-05-02 15:39:44] [INFO] Fee configuration fetched successfully - School Fee: ₹15000, Trust Fee: ₹15000, Tuition Part 1: ₹10000, Token Amount (with GST): ₹11800 | User ID: 2 | URI: /counselling-backend/index.php?route=students/admission-confirm-save
[2026-05-02 15:42:42] [INFO] Fetching student information for admission confirm - Student ID: 1023, Counsellor ID: 2 | User ID: 2 | URI: /counselling-backend/index.php?route=students/admission-confirm-save
[2026-05-02 15:42:42] [INFO] Student information fetched successfully - Student: BHAVYA, Course ID: 2, Medium ID: 2, Group ID: 2 | User ID: 2 | URI: /counselling-backend/index.php?route=students/admission-confirm-save
[2026-05-02 15:42:42] [INFO] Fetching fee configuration - Course ID: 2, Medium ID: 2, Group ID: 2 | User ID: 2 | URI: /counselling-backend/index.php?route=students/admission-confirm-save
[2026-05-02 15:42:42] [INFO] Fee configuration fetched successfully - School Fee: ₹15000, Trust Fee: ₹15000, Tuition Part 1: ₹10000, Token Amount (with GST): ₹11800 | User ID: 2 | URI: /counselling-backend/index.php?route=students/admission-confirm-save
[2026-05-02 15:43:44] [INFO] Fetching student information for admission confirm - Student ID: 1018, Counsellor ID: 2 | User ID: 2 | URI: /counselling-backend/index.php?route=students/admission-confirm-save
[2026-05-02 15:43:44] [INFO] Student information fetched successfully - Student: JAINIL, Course ID: 2, Medium ID: 2, Group ID: 2 | User ID: 2 | URI: /counselling-backend/index.php?route=students/admission-confirm-save
[2026-05-02 15:43:44] [INFO] Fetching fee configuration - Course ID: 2, Medium ID: 2, Group ID: 2 | User ID: 2 | URI: /counselling-backend/index.php?route=students/admission-confirm-save
[2026-05-02 15:43:44] [INFO] Fee configuration fetched successfully - School Fee: ₹15000, Trust Fee: ₹15000, Tuition Part 1: ₹10000, Token Amount (with GST): ₹11800 | User ID: 2 | URI: /counselling-backend/index.php?route=students/admission-confirm-save
[2026-05-02 15:57:36] [INFO] Fetching student information for admission confirm - Student ID: 1062, Counsellor ID: 2 | User ID: 2 | URI: /counselling-backend/index.php?route=students/admission-confirm-save
[2026-05-02 15:57:36] [INFO] Student information fetched successfully - Student: KIRTIDAN, Course ID: 1, Medium ID: 1, Group ID: 2 | User ID: 2 | URI: /counselling-backend/index.php?route=students/admission-confirm-save
[2026-05-02 15:57:36] [INFO] Fetching fee configuration - Course ID: 1, Medium ID: 1, Group ID: 2 | User ID: 2 | URI: /counselling-backend/index.php?route=students/admission-confirm-save
[2026-05-02 15:57:36] [INFO] Fee configuration fetched successfully - School Fee: ₹15000, Trust Fee: ₹15000, Tuition Part 1: ₹10000, Token Amount (with GST): ₹11800 | User ID: 2 | URI: /counselling-backend/index.php?route=students/admission-confirm-save
[2026-05-02 16:31:52] [INFO] Fetching student information for admission confirm - Student ID: 1239, Counsellor ID: 2 | User ID: 2 | URI: /counselling-backend/index.php?route=students/admission-confirm-save
[2026-05-02 16:31:52] [INFO] Student information fetched successfully - Student: MAHEKKUMARI, Course ID: 1, Medium ID: 1, Group ID: 2 | User ID: 2 | URI: /counselling-backend/index.php?route=students/admission-confirm-save
[2026-05-02 16:31:52] [INFO] Fetching fee configuration - Course ID: 1, Medium ID: 1, Group ID: 2 | User ID: 2 | URI: /counselling-backend/index.php?route=students/admission-confirm-save
[2026-05-02 16:31:52] [INFO] Fee configuration fetched successfully - School Fee: ₹15000, Trust Fee: ₹15000, Tuition Part 1: ₹10000, Token Amount (with GST): ₹11800 | User ID: 2 | URI: /counselling-backend/index.php?route=students/admission-confirm-save
[2026-05-02 16:40:17] [INFO] Payment processing started for request: {"student_id":"2063","amount":"95440","payment_mode":"cash"} | User ID: 31 | URI: /counselling-backend/index.php?route=payments/payment-save
[2026-05-02 16:40:17] [INFO] Payment validation passed for student 2063. Proceeding with payment record creation. | User ID: 31 | URI: /counselling-backend/index.php?route=payments/payment-save
[2026-05-02 16:40:17] [INFO] Database transaction started for student 2063 payment processing. | User ID: 31 | URI: /counselling-backend/index.php?route=payments/payment-save
[2026-05-02 16:40:17] [INFO] Generating receipt number - Student: 2063, Fee Component: school_fee | User ID: 31 | URI: /counselling-backend/index.php?route=payments/payment-save
[2026-05-02 16:40:17] [SUCCESS] Payment record created: ID 2830, Receipt: 101, Component: school_fee | User ID: 31 | URI: /counselling-backend/index.php?route=payments/payment-save
[2026-05-02 16:40:17] [INFO] Synchronized tbl_student_fee_allocation for student 2063 | User ID: 31 | URI: /counselling-backend/index.php?route=payments/payment-save
[2026-05-02 16:40:17] [INFO] Generating receipt number - Student: 2063, Fee Component: trust_facilities_fee | User ID: 31 | URI: /counselling-backend/index.php?route=payments/payment-save
[2026-05-02 16:40:17] [SUCCESS] Payment record created: ID 2831, Receipt: 123, Component: trust_facilities_fee | User ID: 31 | URI: /counselling-backend/index.php?route=payments/payment-save
[2026-05-02 16:40:17] [INFO] Synchronized tbl_student_fee_allocation for student 2063 | User ID: 31 | URI: /counselling-backend/index.php?route=payments/payment-save
[2026-05-02 16:40:17] [INFO] Generating receipt number - Student: 2063, Fee Component: tuition_fee_part2 | User ID: 31 | URI: /counselling-backend/index.php?route=payments/payment-save
[2026-05-02 16:40:17] [SUCCESS] Payment record created: ID 2832, Receipt: 461, Component: tuition_fee_part2 | User ID: 31 | URI: /counselling-backend/index.php?route=payments/payment-save
[2026-05-02 16:40:17] [INFO] Synchronized tbl_student_fee_allocation for student 2063 | User ID: 31 | URI: /counselling-backend/index.php?route=payments/payment-save
[2026-05-02 16:40:17] [INFO] Payment transaction log created for payment ID: 2830 | User ID: 31 | URI: /counselling-backend/index.php?route=payments/payment-save
[2026-05-02 16:40:17] [SUCCESS] Payment transaction committed successfully for student 2063. Receipt No: 101, 123, 461 | User ID: 31 | URI: /counselling-backend/index.php?route=payments/payment-save
[2026-05-02 16:41:09] [INFO] Payment processing started for request: {"student_id":"2087","amount":"95440","payment_mode":"cash"} | User ID: 31 | URI: /counselling-backend/index.php?route=payments/payment-save
[2026-05-02 16:41:09] [INFO] Payment validation passed for student 2087. Proceeding with payment record creation. | User ID: 31 | URI: /counselling-backend/index.php?route=payments/payment-save
[2026-05-02 16:41:09] [INFO] Database transaction started for student 2087 payment processing. | User ID: 31 | URI: /counselling-backend/index.php?route=payments/payment-save
[2026-05-02 16:41:09] [INFO] Generating receipt number - Student: 2087, Fee Component: school_fee | User ID: 31 | URI: /counselling-backend/index.php?route=payments/payment-save
[2026-05-02 16:41:09] [SUCCESS] Payment record created: ID 2833, Receipt: 102, Component: school_fee | User ID: 31 | URI: /counselling-backend/index.php?route=payments/payment-save
[2026-05-02 16:41:09] [INFO] Synchronized tbl_student_fee_allocation for student 2087 | User ID: 31 | URI: /counselling-backend/index.php?route=payments/payment-save
[2026-05-02 16:41:09] [INFO] Generating receipt number - Student: 2087, Fee Component: trust_facilities_fee | User ID: 31 | URI: /counselling-backend/index.php?route=payments/payment-save
[2026-05-02 16:41:09] [SUCCESS] Payment record created: ID 2834, Receipt: 124, Component: trust_facilities_fee | User ID: 31 | URI: /counselling-backend/index.php?route=payments/payment-save
[2026-05-02 16:41:09] [INFO] Synchronized tbl_student_fee_allocation for student 2087 | User ID: 31 | URI: /counselling-backend/index.php?route=payments/payment-save
[2026-05-02 16:41:09] [INFO] Generating receipt number - Student: 2087, Fee Component: tuition_fee_part2 | User ID: 31 | URI: /counselling-backend/index.php?route=payments/payment-save
[2026-05-02 16:41:09] [SUCCESS] Payment record created: ID 2835, Receipt: 462, Component: tuition_fee_part2 | User ID: 31 | URI: /counselling-backend/index.php?route=payments/payment-save
[2026-05-02 16:41:09] [INFO] Synchronized tbl_student_fee_allocation for student 2087 | User ID: 31 | URI: /counselling-backend/index.php?route=payments/payment-save
[2026-05-02 16:41:09] [INFO] Payment transaction log created for payment ID: 2833 | User ID: 31 | URI: /counselling-backend/index.php?route=payments/payment-save
[2026-05-02 16:41:09] [SUCCESS] Payment transaction committed successfully for student 2087. Receipt No: 102, 124, 462 | User ID: 31 | URI: /counselling-backend/index.php?route=payments/payment-save
[2026-05-02 16:49:31] [INFO] Fetching student information for admission confirm - Student ID: 2661, Counsellor ID: 2 | User ID: 2 | URI: /counselling-backend/index.php?route=students/admission-confirm-save
[2026-05-02 16:49:31] [INFO] Student information fetched successfully - Student: JANVIBEN, Course ID: 2, Medium ID: 2, Group ID: 3 | User ID: 2 | URI: /counselling-backend/index.php?route=students/admission-confirm-save
[2026-05-02 16:49:31] [INFO] Fetching fee configuration - Course ID: 2, Medium ID: 2, Group ID: 3 | User ID: 2 | URI: /counselling-backend/index.php?route=students/admission-confirm-save
[2026-05-02 16:49:31] [INFO] Fee configuration fetched successfully - School Fee: ₹15000, Trust Fee: ₹15000, Tuition Part 1: ₹10000, Token Amount (with GST): ₹11800 | User ID: 2 | URI: /counselling-backend/index.php?route=students/admission-confirm-save
[2026-05-02 16:50:36] [INFO] Payment processing started for request: {"student_id":"2148","amount":"95440","payment_mode":"cash"} | User ID: 31 | URI: /counselling-backend/index.php?route=payments/payment-save
[2026-05-02 16:50:36] [INFO] Payment validation passed for student 2148. Proceeding with payment record creation. | User ID: 31 | URI: /counselling-backend/index.php?route=payments/payment-save
[2026-05-02 16:50:36] [INFO] Database transaction started for student 2148 payment processing. | User ID: 31 | URI: /counselling-backend/index.php?route=payments/payment-save
[2026-05-02 16:50:36] [INFO] Generating receipt number - Student: 2148, Fee Component: school_fee | User ID: 31 | URI: /counselling-backend/index.php?route=payments/payment-save
[2026-05-02 16:50:36] [SUCCESS] Payment record created: ID 2836, Receipt: 103, Component: school_fee | User ID: 31 | URI: /counselling-backend/index.php?route=payments/payment-save
[2026-05-02 16:50:36] [INFO] Synchronized tbl_student_fee_allocation for student 2148 | User ID: 31 | URI: /counselling-backend/index.php?route=payments/payment-save
[2026-05-02 16:50:36] [INFO] Generating receipt number - Student: 2148, Fee Component: trust_facilities_fee | User ID: 31 | URI: /counselling-backend/index.php?route=payments/payment-save
[2026-05-02 16:50:36] [SUCCESS] Payment record created: ID 2837, Receipt: 125, Component: trust_facilities_fee | User ID: 31 | URI: /counselling-backend/index.php?route=payments/payment-save
[2026-05-02 16:50:36] [INFO] Synchronized tbl_student_fee_allocation for student 2148 | User ID: 31 | URI: /counselling-backend/index.php?route=payments/payment-save
[2026-05-02 16:50:36] [INFO] Generating receipt number - Student: 2148, Fee Component: tuition_fee_part2 | User ID: 31 | URI: /counselling-backend/index.php?route=payments/payment-save
[2026-05-02 16:50:36] [SUCCESS] Payment record created: ID 2838, Receipt: 463, Component: tuition_fee_part2 | User ID: 31 | URI: /counselling-backend/index.php?route=payments/payment-save
[2026-05-02 16:50:37] [INFO] Synchronized tbl_student_fee_allocation for student 2148 | User ID: 31 | URI: /counselling-backend/index.php?route=payments/payment-save
[2026-05-02 16:50:37] [INFO] Payment transaction log created for payment ID: 2836 | User ID: 31 | URI: /counselling-backend/index.php?route=payments/payment-save
[2026-05-02 16:50:37] [SUCCESS] Payment transaction committed successfully for student 2148. Receipt No: 103, 125, 463 | User ID: 31 | URI: /counselling-backend/index.php?route=payments/payment-save
[2026-05-02 16:51:43] [INFO] Fetching student information for admission confirm - Student ID: 3252, Counsellor ID: 2 | User ID: 2 | URI: /counselling-backend/index.php?route=students/admission-confirm-save
[2026-05-02 16:51:43] [INFO] Student information fetched successfully - Student: PRATIK, Course ID: 1, Medium ID: 1, Group ID: 1 | User ID: 2 | URI: /counselling-backend/index.php?route=students/admission-confirm-save
[2026-05-02 16:51:43] [INFO] Fee configuration fetched successfully - School Fee: ₹15000, Trust Fee: ₹15000, Tuition Part 1: ₹10000, Token Amount (with GST): ₹11800 | User ID: 2 | URI: /counselling-backend/index.php?route=students/admission-confirm-save
[2026-05-02 16:52:21] [INFO] Payment processing started for request: {"student_id":"2212","amount":"95440","payment_mode":"cash"} | User ID: 31 | URI: /counselling-backend/index.php?route=payments/payment-save
[2026-05-02 16:52:21] [INFO] Payment validation passed for student 2212. Proceeding with payment record creation. | User ID: 31 | URI: /counselling-backend/index.php?route=payments/payment-save
[2026-05-02 16:52:21] [INFO] Database transaction started for student 2212 payment processing. | User ID: 31 | URI: /counselling-backend/index.php?route=payments/payment-save
[2026-05-02 16:52:21] [INFO] Generating receipt number - Student: 2212, Fee Component: school_fee | User ID: 31 | URI: /counselling-backend/index.php?route=payments/payment-save
[2026-05-02 16:52:21] [SUCCESS] Payment record created: ID 2839, Receipt: 104, Component: school_fee | User ID: 31 | URI: /counselling-backend/index.php?route=payments/payment-save
[2026-05-02 16:52:21] [INFO] Synchronized tbl_student_fee_allocation for student 2212 | User ID: 31 | URI: /counselling-backend/index.php?route=payments/payment-save
[2026-05-02 16:52:21] [INFO] Generating receipt number - Student: 2212, Fee Component: trust_facilities_fee | User ID: 31 | URI: /counselling-backend/index.php?route=payments/payment-save
[2026-05-02 16:52:21] [SUCCESS] Payment record created: ID 2840, Receipt: 126, Component: trust_facilities_fee | User ID: 31 | URI: /counselling-backend/index.php?route=payments/payment-save
[2026-05-02 16:52:21] [INFO] Synchronized tbl_student_fee_allocation for student 2212 | User ID: 31 | URI: /counselling-backend/index.php?route=payments/payment-save
[2026-05-02 16:52:21] [INFO] Generating receipt number - Student: 2212, Fee Component: tuition_fee_part2 | User ID: 31 | URI: /counselling-backend/index.php?route=payments/payment-save
[2026-05-02 16:52:21] [SUCCESS] Payment record created: ID 2841, Receipt: 464, Component: tuition_fee_part2 | User ID: 31 | URI: /counselling-backend/index.php?route=payments/payment-save
[2026-05-02 16:52:21] [INFO] Synchronized tbl_student_fee_allocation for student 2212 | User ID: 31 | URI: /counselling-backend/index.php?route=payments/payment-save
[2026-05-02 16:52:21] [INFO] Payment transaction log created for payment ID: 2839 | User ID: 31 | URI: /counselling-backend/index.php?route=payments/payment-save
[2026-05-02 16:52:21] [SUCCESS] Payment transaction committed successfully for student 2212. Receipt No: 104, 126, 464 | User ID: 31 | URI: /counselling-backend/index.php?route=payments/payment-save
[2026-05-02 17:00:07] [INFO] Fetching student information for admission confirm - Student ID: 2715, Counsellor ID: 2 | User ID: 2 | URI: /counselling-backend/index.php?route=students/admission-confirm-save
[2026-05-02 17:00:07] [INFO] Student information fetched successfully - Student: NISHITA, Course ID: 1, Medium ID: 1, Group ID: 2 | User ID: 2 | URI: /counselling-backend/index.php?route=students/admission-confirm-save
[2026-05-02 17:00:07] [INFO] Fetching fee configuration - Course ID: 1, Medium ID: 1, Group ID: 2 | User ID: 2 | URI: /counselling-backend/index.php?route=students/admission-confirm-save
[2026-05-02 17:00:07] [INFO] Fee configuration fetched successfully - School Fee: ₹15000, Trust Fee: ₹15000, Tuition Part 1: ₹10000, Token Amount (with GST): ₹11800 | User ID: 2 | URI: /counselling-backend/index.php?route=students/admission-confirm-save
[2026-05-02 17:00:56] [INFO] Fetching student information for admission confirm - Student ID: 2717, Counsellor ID: 2 | User ID: 2 | URI: /counselling-backend/index.php?route=students/admission-confirm-save
[2026-05-02 17:00:56] [INFO] Student information fetched successfully - Student: PALAK, Course ID: 1, Medium ID: 1, Group ID: 2 | User ID: 2 | URI: /counselling-backend/index.php?route=students/admission-confirm-save
[2026-05-02 17:00:56] [INFO] Fetching fee configuration - Course ID: 1, Medium ID: 1, Group ID: 2 | User ID: 2 | URI: /counselling-backend/index.php?route=students/admission-confirm-save
[2026-05-02 17:00:56] [INFO] Fee configuration fetched successfully - School Fee: ₹15000, Trust Fee: ₹15000, Tuition Part 1: ₹10000, Token Amount (with GST): ₹11800 | User ID: 2 | URI: /counselling-backend/index.php?route=students/admission-confirm-save
[2026-05-02 17:01:42] [INFO] Fetching student information for admission confirm - Student ID: 2718, Counsellor ID: 2 | User ID: 2 | URI: /counselling-backend/index.php?route=students/admission-confirm-save
[2026-05-02 17:01:42] [INFO] Student information fetched successfully - Student: PALAK, Course ID: 1, Medium ID: 1, Group ID: 2 | User ID: 2 | URI: /counselling-backend/index.php?route=students/admission-confirm-save
[2026-05-02 17:01:42] [INFO] Fetching fee configuration - Course ID: 1, Medium ID: 1, Group ID: 2 | User ID: 2 | URI: /counselling-backend/index.php?route=students/admission-confirm-save
[2026-05-02 17:01:42] [INFO] Fee configuration fetched successfully - School Fee: ₹15000, Trust Fee: ₹15000, Tuition Part 1: ₹10000, Token Amount (with GST): ₹11800 | User ID: 2 | URI: /counselling-backend/index.php?route=students/admission-confirm-save
[2026-05-02 17:21:54] [INFO] Payment processing started for request: {"student_id":"2243","amount":"95440","payment_mode":"cash"} | User ID: 31 | URI: /counselling-backend/index.php?route=payments/payment-save
[2026-05-02 17:21:54] [INFO] Payment validation passed for student 2243. Proceeding with payment record creation. | User ID: 31 | URI: /counselling-backend/index.php?route=payments/payment-save
[2026-05-02 17:21:54] [INFO] Database transaction started for student 2243 payment processing. | User ID: 31 | URI: /counselling-backend/index.php?route=payments/payment-save
[2026-05-02 17:21:54] [INFO] Generating receipt number - Student: 2243, Fee Component: school_fee | User ID: 31 | URI: /counselling-backend/index.php?route=payments/payment-save
[2026-05-02 17:21:54] [SUCCESS] Payment record created: ID 2842, Receipt: 105, Component: school_fee | User ID: 31 | URI: /counselling-backend/index.php?route=payments/payment-save
[2026-05-02 17:21:54] [INFO] Synchronized tbl_student_fee_allocation for student 2243 | User ID: 31 | URI: /counselling-backend/index.php?route=payments/payment-save
[2026-05-02 17:21:54] [INFO] Generating receipt number - Student: 2243, Fee Component: trust_facilities_fee | User ID: 31 | URI: /counselling-backend/index.php?route=payments/payment-save
[2026-05-02 17:21:54] [SUCCESS] Payment record created: ID 2843, Receipt: 127, Component: trust_facilities_fee | User ID: 31 | URI: /counselling-backend/index.php?route=payments/payment-save
[2026-05-02 17:21:54] [INFO] Synchronized tbl_student_fee_allocation for student 2243 | User ID: 31 | URI: /counselling-backend/index.php?route=payments/payment-save
[2026-05-02 17:21:54] [INFO] Generating receipt number - Student: 2243, Fee Component: tuition_fee_part2 | User ID: 31 | URI: /counselling-backend/index.php?route=payments/payment-save
[2026-05-02 17:21:54] [SUCCESS] Payment record created: ID 2844, Receipt: 465, Component: tuition_fee_part2 | User ID: 31 | URI: /counselling-backend/index.php?route=payments/payment-save
[2026-05-02 17:21:54] [INFO] Synchronized tbl_student_fee_allocation for student 2243 | User ID: 31 | URI: /counselling-backend/index.php?route=payments/payment-save
[2026-05-02 17:21:54] [INFO] Payment transaction log created for payment ID: 2842 | User ID: 31 | URI: /counselling-backend/index.php?route=payments/payment-save
[2026-05-02 17:21:54] [SUCCESS] Payment transaction committed successfully for student 2243. Receipt No: 105, 127, 465 | User ID: 31 | URI: /counselling-backend/index.php?route=payments/payment-save
[2026-05-02 17:46:34] [INFO] Payment processing started for request: {"student_id":"2140","amount":"95440","payment_mode":"cash"} | User ID: 70 | URI: /counselling-backend/index.php?route=payments/payment-save
[2026-05-02 17:46:34] [INFO] Payment validation passed for student 2140. Proceeding with payment record creation. | User ID: 70 | URI: /counselling-backend/index.php?route=payments/payment-save
[2026-05-02 17:46:34] [INFO] Database transaction started for student 2140 payment processing. | User ID: 70 | URI: /counselling-backend/index.php?route=payments/payment-save
[2026-05-02 17:46:34] [INFO] Generating receipt number - Student: 2140, Fee Component: school_fee | User ID: 70 | URI: /counselling-backend/index.php?route=payments/payment-save
[2026-05-02 17:46:34] [SUCCESS] Payment record created: ID 2845, Receipt: 106, Component: school_fee | User ID: 70 | URI: /counselling-backend/index.php?route=payments/payment-save
[2026-05-02 17:46:34] [INFO] Synchronized tbl_student_fee_allocation for student 2140 | User ID: 70 | URI: /counselling-backend/index.php?route=payments/payment-save
[2026-05-02 17:46:34] [INFO] Generating receipt number - Student: 2140, Fee Component: trust_facilities_fee | User ID: 70 | URI: /counselling-backend/index.php?route=payments/payment-save
[2026-05-02 17:46:34] [SUCCESS] Payment record created: ID 2846, Receipt: 128, Component: trust_facilities_fee | User ID: 70 | URI: /counselling-backend/index.php?route=payments/payment-save
[2026-05-02 17:46:34] [INFO] Synchronized tbl_student_fee_allocation for student 2140 | User ID: 70 | URI: /counselling-backend/index.php?route=payments/payment-save
[2026-05-02 17:46:34] [INFO] Generating receipt number - Student: 2140, Fee Component: tuition_fee_part2 | User ID: 70 | URI: /counselling-backend/index.php?route=payments/payment-save
[2026-05-02 17:46:34] [SUCCESS] Payment record created: ID 2847, Receipt: 466, Component: tuition_fee_part2 | User ID: 70 | URI: /counselling-backend/index.php?route=payments/payment-save
[2026-05-02 17:46:34] [INFO] Synchronized tbl_student_fee_allocation for student 2140 | User ID: 70 | URI: /counselling-backend/index.php?route=payments/payment-save
[2026-05-02 17:46:34] [INFO] Payment transaction log created for payment ID: 2845 | User ID: 70 | URI: /counselling-backend/index.php?route=payments/payment-save
[2026-05-02 17:46:34] [SUCCESS] Payment transaction committed successfully for student 2140. Receipt No: 106, 128, 466 | User ID: 70 | URI: /counselling-backend/index.php?route=payments/payment-save
