[2026-05-09 09:20:14] [INFO] Payment processing started for request: {"student_id":"2032","amount":"95440","payment_mode":"cheque"} | User ID: 31 | URI: /counselling-backend/index.php?route=payments/payment-save
[2026-05-09 09:20:14] [INFO] Payment validation passed for student 2032. Proceeding with payment record creation. | User ID: 31 | URI: /counselling-backend/index.php?route=payments/payment-save
[2026-05-09 09:20:14] [INFO] Database transaction started for student 2032 payment processing. | User ID: 31 | URI: /counselling-backend/index.php?route=payments/payment-save
[2026-05-09 09:20:14] [INFO] Generating receipt number - Student: 2032, Fee Component: school_fee | User ID: 31 | URI: /counselling-backend/index.php?route=payments/payment-save
[2026-05-09 09:20:14] [SUCCESS] Payment record created: ID 3305, Receipt: 198, Component: school_fee | User ID: 31 | URI: /counselling-backend/index.php?route=payments/payment-save
[2026-05-09 09:20:14] [INFO] Synchronized tbl_student_fee_allocation for student 2032 | User ID: 31 | URI: /counselling-backend/index.php?route=payments/payment-save
[2026-05-09 09:20:14] [INFO] Generating receipt number - Student: 2032, Fee Component: trust_facilities_fee | User ID: 31 | URI: /counselling-backend/index.php?route=payments/payment-save
[2026-05-09 09:20:14] [SUCCESS] Payment record created: ID 3306, Receipt: 245, Component: trust_facilities_fee | User ID: 31 | URI: /counselling-backend/index.php?route=payments/payment-save
[2026-05-09 09:20:14] [INFO] Synchronized tbl_student_fee_allocation for student 2032 | User ID: 31 | URI: /counselling-backend/index.php?route=payments/payment-save
[2026-05-09 09:20:14] [INFO] Generating receipt number - Student: 2032, Fee Component: tuition_fee_part2 | User ID: 31 | URI: /counselling-backend/index.php?route=payments/payment-save
[2026-05-09 09:20:14] [SUCCESS] Payment record created: ID 3307, Receipt: 236, Component: tuition_fee_part2 | User ID: 31 | URI: /counselling-backend/index.php?route=payments/payment-save
[2026-05-09 09:20:14] [INFO] Synchronized tbl_student_fee_allocation for student 2032 | User ID: 31 | URI: /counselling-backend/index.php?route=payments/payment-save
[2026-05-09 09:20:14] [INFO] Payment transaction log created for payment ID: 3305 | User ID: 31 | URI: /counselling-backend/index.php?route=payments/payment-save
[2026-05-09 09:20:14] [SUCCESS] Payment transaction committed successfully for student 2032. Receipt No: 198, 245, 236 | User ID: 31 | URI: /counselling-backend/index.php?route=payments/payment-save
[2026-05-09 09:36:04] [INFO] Payment processing started for request: {"student_id":"862","amount":"11800","payment_mode":"cash"} | User ID: 70 | URI: /counselling-backend/index.php?route=payments/payment-save
[2026-05-09 09:36:04] [INFO] Payment validation passed for student 862. Proceeding with payment record creation. | User ID: 70 | URI: /counselling-backend/index.php?route=payments/payment-save
[2026-05-09 09:36:04] [INFO] Database transaction started for student 862 payment processing. | User ID: 70 | URI: /counselling-backend/index.php?route=payments/payment-save
[2026-05-09 09:36:04] [SUCCESS] Payment record created: ID 3308, Receipt: 0, Component: tuition_fee_part1 | User ID: 70 | URI: /counselling-backend/index.php?route=payments/payment-save
[2026-05-09 09:36:04] [INFO] Synchronized tbl_student_fee_allocation for student 862 | User ID: 70 | URI: /counselling-backend/index.php?route=payments/payment-save
[2026-05-09 09:36:04] [INFO] Attempting to enroll student 862 after payment. | User ID: 70 | URI: /counselling-backend/index.php?route=payments/payment-save
[2026-05-09 09:36:04] [SUCCESS] Student 862 enrolled successfully. Enrollment ID: 2316 | User ID: 70 | URI: /counselling-backend/index.php?route=payments/payment-save
[2026-05-09 09:36:04] [INFO] Payment transaction log created for payment ID: 3308 | User ID: 70 | URI: /counselling-backend/index.php?route=payments/payment-save
[2026-05-09 09:36:04] [SUCCESS] Payment transaction committed successfully for student 862. Receipt No:  | User ID: 70 | URI: /counselling-backend/index.php?route=payments/payment-save
[2026-05-09 09:37:18] [INFO] Payment processing started for request: {"student_id":"502","amount":"11800","payment_mode":"cash"} | User ID: 70 | URI: /counselling-backend/index.php?route=payments/payment-save
[2026-05-09 09:37:18] [INFO] Payment validation passed for student 502. Proceeding with payment record creation. | User ID: 70 | URI: /counselling-backend/index.php?route=payments/payment-save
[2026-05-09 09:37:18] [INFO] Database transaction started for student 502 payment processing. | User ID: 70 | URI: /counselling-backend/index.php?route=payments/payment-save
[2026-05-09 09:37:18] [SUCCESS] Payment record created: ID 3309, Receipt: 0, Component: tuition_fee_part1 | User ID: 70 | URI: /counselling-backend/index.php?route=payments/payment-save
[2026-05-09 09:37:18] [INFO] Synchronized tbl_student_fee_allocation for student 502 | User ID: 70 | URI: /counselling-backend/index.php?route=payments/payment-save
[2026-05-09 09:37:18] [INFO] Attempting to enroll student 502 after payment. | User ID: 70 | URI: /counselling-backend/index.php?route=payments/payment-save
[2026-05-09 09:37:18] [SUCCESS] Student 502 enrolled successfully. Enrollment ID: 2317 | User ID: 70 | URI: /counselling-backend/index.php?route=payments/payment-save
[2026-05-09 09:37:18] [INFO] Payment transaction log created for payment ID: 3309 | User ID: 70 | URI: /counselling-backend/index.php?route=payments/payment-save
[2026-05-09 09:37:18] [SUCCESS] Payment transaction committed successfully for student 502. Receipt No:  | User ID: 70 | URI: /counselling-backend/index.php?route=payments/payment-save
[2026-05-09 09:38:11] [INFO] Payment processing started for request: {"student_id":"100","amount":"11800","payment_mode":"cash"} | User ID: 31 | URI: /counselling-backend/index.php?route=payments/payment-save
[2026-05-09 09:38:11] [INFO] Payment validation passed for student 100. Proceeding with payment record creation. | User ID: 31 | URI: /counselling-backend/index.php?route=payments/payment-save
[2026-05-09 09:38:11] [INFO] Database transaction started for student 100 payment processing. | User ID: 31 | URI: /counselling-backend/index.php?route=payments/payment-save
[2026-05-09 09:38:11] [SUCCESS] Payment record created: ID 3310, Receipt: 0, Component: tuition_fee_part1 | User ID: 31 | URI: /counselling-backend/index.php?route=payments/payment-save
[2026-05-09 09:38:11] [INFO] Synchronized tbl_student_fee_allocation for student 100 | User ID: 31 | URI: /counselling-backend/index.php?route=payments/payment-save
[2026-05-09 09:38:11] [INFO] Payment transaction log created for payment ID: 3310 | User ID: 31 | URI: /counselling-backend/index.php?route=payments/payment-save
[2026-05-09 09:38:11] [SUCCESS] Payment transaction committed successfully for student 100. Receipt No:  | User ID: 31 | URI: /counselling-backend/index.php?route=payments/payment-save
[2026-05-09 09:38:34] [INFO] Payment processing started for request: {"student_id":"334","amount":"11800","payment_mode":"cash"} | User ID: 31 | URI: /counselling-backend/index.php?route=payments/payment-save
[2026-05-09 09:38:34] [INFO] Payment validation passed for student 334. Proceeding with payment record creation. | User ID: 31 | URI: /counselling-backend/index.php?route=payments/payment-save
[2026-05-09 09:38:34] [INFO] Database transaction started for student 334 payment processing. | User ID: 31 | URI: /counselling-backend/index.php?route=payments/payment-save
[2026-05-09 09:38:34] [SUCCESS] Payment record created: ID 3311, Receipt: 0, Component: tuition_fee_part1 | User ID: 31 | URI: /counselling-backend/index.php?route=payments/payment-save
[2026-05-09 09:38:34] [INFO] Synchronized tbl_student_fee_allocation for student 334 | User ID: 31 | URI: /counselling-backend/index.php?route=payments/payment-save
[2026-05-09 09:38:34] [INFO] Attempting to enroll student 334 after payment. | User ID: 31 | URI: /counselling-backend/index.php?route=payments/payment-save
[2026-05-09 09:38:34] [SUCCESS] Student 334 enrolled successfully. Enrollment ID: 2318 | User ID: 31 | URI: /counselling-backend/index.php?route=payments/payment-save
[2026-05-09 09:38:34] [INFO] Payment transaction log created for payment ID: 3311 | User ID: 31 | URI: /counselling-backend/index.php?route=payments/payment-save
[2026-05-09 09:38:34] [SUCCESS] Payment transaction committed successfully for student 334. Receipt No:  | User ID: 31 | URI: /counselling-backend/index.php?route=payments/payment-save
[2026-05-09 09:39:03] [INFO] Payment processing started for request: {"student_id":"765","amount":"11800","payment_mode":"cash"} | User ID: 31 | URI: /counselling-backend/index.php?route=payments/payment-save
[2026-05-09 09:39:03] [INFO] Payment validation passed for student 765. Proceeding with payment record creation. | User ID: 31 | URI: /counselling-backend/index.php?route=payments/payment-save
[2026-05-09 09:39:03] [INFO] Database transaction started for student 765 payment processing. | User ID: 31 | URI: /counselling-backend/index.php?route=payments/payment-save
[2026-05-09 09:39:03] [SUCCESS] Payment record created: ID 3312, Receipt: 0, Component: tuition_fee_part1 | User ID: 31 | URI: /counselling-backend/index.php?route=payments/payment-save
[2026-05-09 09:39:03] [INFO] Synchronized tbl_student_fee_allocation for student 765 | User ID: 31 | URI: /counselling-backend/index.php?route=payments/payment-save
[2026-05-09 09:39:03] [INFO] Attempting to enroll student 765 after payment. | User ID: 31 | URI: /counselling-backend/index.php?route=payments/payment-save
[2026-05-09 09:39:03] [SUCCESS] Student 765 enrolled successfully. Enrollment ID: 2319 | User ID: 31 | URI: /counselling-backend/index.php?route=payments/payment-save
[2026-05-09 09:39:03] [INFO] Payment transaction log created for payment ID: 3312 | User ID: 31 | URI: /counselling-backend/index.php?route=payments/payment-save
[2026-05-09 09:39:03] [SUCCESS] Payment transaction committed successfully for student 765. Receipt No:  | User ID: 31 | URI: /counselling-backend/index.php?route=payments/payment-save
[2026-05-09 09:39:29] [INFO] Payment processing started for request: {"student_id":"309","amount":"11800","payment_mode":"cash"} | User ID: 31 | URI: /counselling-backend/index.php?route=payments/payment-save
[2026-05-09 09:39:29] [INFO] Payment validation passed for student 309. Proceeding with payment record creation. | User ID: 31 | URI: /counselling-backend/index.php?route=payments/payment-save
[2026-05-09 09:39:29] [INFO] Database transaction started for student 309 payment processing. | User ID: 31 | URI: /counselling-backend/index.php?route=payments/payment-save
[2026-05-09 09:39:29] [SUCCESS] Payment record created: ID 3313, Receipt: 0, Component: tuition_fee_part1 | User ID: 31 | URI: /counselling-backend/index.php?route=payments/payment-save
[2026-05-09 09:39:29] [INFO] Synchronized tbl_student_fee_allocation for student 309 | User ID: 31 | URI: /counselling-backend/index.php?route=payments/payment-save
[2026-05-09 09:39:29] [INFO] Attempting to enroll student 309 after payment. | User ID: 31 | URI: /counselling-backend/index.php?route=payments/payment-save
[2026-05-09 09:39:29] [SUCCESS] Student 309 enrolled successfully. Enrollment ID: 2320 | User ID: 31 | URI: /counselling-backend/index.php?route=payments/payment-save
[2026-05-09 09:39:29] [INFO] Payment transaction log created for payment ID: 3313 | User ID: 31 | URI: /counselling-backend/index.php?route=payments/payment-save
[2026-05-09 09:39:29] [SUCCESS] Payment transaction committed successfully for student 309. Receipt No:  | User ID: 31 | URI: /counselling-backend/index.php?route=payments/payment-save
[2026-05-09 09:40:11] [INFO] Payment processing started for request: {"student_id":"416","amount":"11800","payment_mode":"cash"} | User ID: 31 | URI: /counselling-backend/index.php?route=payments/payment-save
[2026-05-09 09:40:11] [INFO] Payment validation passed for student 416. Proceeding with payment record creation. | User ID: 31 | URI: /counselling-backend/index.php?route=payments/payment-save
[2026-05-09 09:40:11] [INFO] Database transaction started for student 416 payment processing. | User ID: 31 | URI: /counselling-backend/index.php?route=payments/payment-save
[2026-05-09 09:40:11] [SUCCESS] Payment record created: ID 3314, Receipt: 0, Component: tuition_fee_part1 | User ID: 31 | URI: /counselling-backend/index.php?route=payments/payment-save
[2026-05-09 09:40:11] [INFO] Synchronized tbl_student_fee_allocation for student 416 | User ID: 31 | URI: /counselling-backend/index.php?route=payments/payment-save
[2026-05-09 09:40:11] [INFO] Payment transaction log created for payment ID: 3314 | User ID: 31 | URI: /counselling-backend/index.php?route=payments/payment-save
[2026-05-09 09:40:11] [SUCCESS] Payment transaction committed successfully for student 416. Receipt No:  | User ID: 31 | URI: /counselling-backend/index.php?route=payments/payment-save
[2026-05-09 09:40:47] [INFO] Payment processing started for request: {"student_id":"329","amount":"11800","payment_mode":"cash"} | User ID: 31 | URI: /counselling-backend/index.php?route=payments/payment-save
[2026-05-09 09:40:47] [INFO] Payment validation passed for student 329. Proceeding with payment record creation. | User ID: 31 | URI: /counselling-backend/index.php?route=payments/payment-save
[2026-05-09 09:40:47] [INFO] Database transaction started for student 329 payment processing. | User ID: 31 | URI: /counselling-backend/index.php?route=payments/payment-save
[2026-05-09 09:40:47] [SUCCESS] Payment record created: ID 3315, Receipt: 0, Component: tuition_fee_part1 | User ID: 31 | URI: /counselling-backend/index.php?route=payments/payment-save
[2026-05-09 09:40:47] [INFO] Synchronized tbl_student_fee_allocation for student 329 | User ID: 31 | URI: /counselling-backend/index.php?route=payments/payment-save
[2026-05-09 09:40:47] [INFO] Attempting to enroll student 329 after payment. | User ID: 31 | URI: /counselling-backend/index.php?route=payments/payment-save
[2026-05-09 09:40:47] [SUCCESS] Student 329 enrolled successfully. Enrollment ID: 2321 | User ID: 31 | URI: /counselling-backend/index.php?route=payments/payment-save
[2026-05-09 09:40:47] [INFO] Payment transaction log created for payment ID: 3315 | User ID: 31 | URI: /counselling-backend/index.php?route=payments/payment-save
[2026-05-09 09:40:47] [SUCCESS] Payment transaction committed successfully for student 329. Receipt No:  | User ID: 31 | URI: /counselling-backend/index.php?route=payments/payment-save
[2026-05-09 09:51:17] [INFO] Payment processing started for request: {"student_id":"1698","amount":"120580","payment_mode":"cheque"} | User ID: 31 | URI: /counselling-backend/index.php?route=payments/payment-save
[2026-05-09 09:51:17] [INFO] Payment validation passed for student 1698. Proceeding with payment record creation. | User ID: 31 | URI: /counselling-backend/index.php?route=payments/payment-save
[2026-05-09 09:51:17] [INFO] Database transaction started for student 1698 payment processing. | User ID: 31 | URI: /counselling-backend/index.php?route=payments/payment-save
[2026-05-09 09:51:17] [INFO] Generating receipt number - Student: 1698, Fee Component: school_fee | User ID: 31 | URI: /counselling-backend/index.php?route=payments/payment-save
[2026-05-09 09:51:17] [SUCCESS] Payment record created: ID 3316, Receipt: 199, Component: school_fee | User ID: 31 | URI: /counselling-backend/index.php?route=payments/payment-save
[2026-05-09 09:51:17] [INFO] Synchronized tbl_student_fee_allocation for student 1698 | User ID: 31 | URI: /counselling-backend/index.php?route=payments/payment-save
[2026-05-09 09:51:17] [INFO] Generating receipt number - Student: 1698, Fee Component: trust_facilities_fee | User ID: 31 | URI: /counselling-backend/index.php?route=payments/payment-save
[2026-05-09 09:51:17] [SUCCESS] Payment record created: ID 3317, Receipt: 246, Component: trust_facilities_fee | User ID: 31 | URI: /counselling-backend/index.php?route=payments/payment-save
[2026-05-09 09:51:17] [INFO] Synchronized tbl_student_fee_allocation for student 1698 | User ID: 31 | URI: /counselling-backend/index.php?route=payments/payment-save
[2026-05-09 09:51:18] [INFO] Generating receipt number - Student: 1698, Fee Component: tuition_fee_part2 | User ID: 31 | URI: /counselling-backend/index.php?route=payments/payment-save
[2026-05-09 09:51:18] [SUCCESS] Payment record created: ID 3318, Receipt: 237, Component: tuition_fee_part2 | User ID: 31 | URI: /counselling-backend/index.php?route=payments/payment-save
[2026-05-09 09:51:18] [INFO] Synchronized tbl_student_fee_allocation for student 1698 | User ID: 31 | URI: /counselling-backend/index.php?route=payments/payment-save
[2026-05-09 09:51:18] [INFO] Generating receipt number - Student: 1698, Fee Component: transport_fee | User ID: 31 | URI: /counselling-backend/index.php?route=payments/payment-save
[2026-05-09 09:51:18] [SUCCESS] Payment record created: ID 3319, Receipt: 37, Component: transport_fee | User ID: 31 | URI: /counselling-backend/index.php?route=payments/payment-save
[2026-05-09 09:51:18] [INFO] Synchronized tbl_student_fee_allocation for student 1698 | User ID: 31 | URI: /counselling-backend/index.php?route=payments/payment-save
[2026-05-09 09:51:18] [INFO] Payment transaction log created for payment ID: 3316 | User ID: 31 | URI: /counselling-backend/index.php?route=payments/payment-save
[2026-05-09 09:51:18] [SUCCESS] Payment transaction committed successfully for student 1698. Receipt No: 199, 246, 237, 37 | User ID: 31 | URI: /counselling-backend/index.php?route=payments/payment-save
[2026-05-09 09:51:19] [INFO] Updated student requirement flags for student 1698: transport_required = 'Yes' | User ID: 31 | URI: /counselling-backend/index.php?route=payments/payment-save
[2026-05-09 10:04:36] [INFO] Payment processing started for request: {"student_id":"73","amount":"11800","payment_mode":"cash"} | User ID: 31 | URI: /counselling-backend/index.php?route=payments/payment-save
[2026-05-09 10:04:36] [INFO] Payment validation passed for student 73. Proceeding with payment record creation. | User ID: 31 | URI: /counselling-backend/index.php?route=payments/payment-save
[2026-05-09 10:04:36] [INFO] Database transaction started for student 73 payment processing. | User ID: 31 | URI: /counselling-backend/index.php?route=payments/payment-save
[2026-05-09 10:04:36] [SUCCESS] Payment record created: ID 3323, Receipt: 0, Component: tuition_fee_part1 | User ID: 31 | URI: /counselling-backend/index.php?route=payments/payment-save
[2026-05-09 10:04:36] [INFO] Synchronized tbl_student_fee_allocation for student 73 | User ID: 31 | URI: /counselling-backend/index.php?route=payments/payment-save
[2026-05-09 10:04:36] [INFO] Attempting to enroll student 73 after payment. | User ID: 31 | URI: /counselling-backend/index.php?route=payments/payment-save
[2026-05-09 10:04:36] [SUCCESS] Student 73 enrolled successfully. Enrollment ID: 2322 | User ID: 31 | URI: /counselling-backend/index.php?route=payments/payment-save
[2026-05-09 10:04:36] [INFO] Payment transaction log created for payment ID: 3323 | User ID: 31 | URI: /counselling-backend/index.php?route=payments/payment-save
[2026-05-09 10:04:36] [SUCCESS] Payment transaction committed successfully for student 73. Receipt No:  | User ID: 31 | URI: /counselling-backend/index.php?route=payments/payment-save
[2026-05-09 10:05:01] [INFO] Payment processing started for request: {"student_id":"75","amount":"11800","payment_mode":"cash"} | User ID: 31 | URI: /counselling-backend/index.php?route=payments/payment-save
[2026-05-09 10:05:01] [INFO] Payment validation passed for student 75. Proceeding with payment record creation. | User ID: 31 | URI: /counselling-backend/index.php?route=payments/payment-save
[2026-05-09 10:05:01] [INFO] Database transaction started for student 75 payment processing. | User ID: 31 | URI: /counselling-backend/index.php?route=payments/payment-save
[2026-05-09 10:05:01] [SUCCESS] Payment record created: ID 3324, Receipt: 0, Component: tuition_fee_part1 | User ID: 31 | URI: /counselling-backend/index.php?route=payments/payment-save
[2026-05-09 10:05:02] [INFO] Synchronized tbl_student_fee_allocation for student 75 | User ID: 31 | URI: /counselling-backend/index.php?route=payments/payment-save
[2026-05-09 10:05:02] [INFO] Attempting to enroll student 75 after payment. | User ID: 31 | URI: /counselling-backend/index.php?route=payments/payment-save
[2026-05-09 10:05:02] [SUCCESS] Student 75 enrolled successfully. Enrollment ID: 2323 | User ID: 31 | URI: /counselling-backend/index.php?route=payments/payment-save
[2026-05-09 10:05:02] [INFO] Payment transaction log created for payment ID: 3324 | User ID: 31 | URI: /counselling-backend/index.php?route=payments/payment-save
[2026-05-09 10:05:02] [SUCCESS] Payment transaction committed successfully for student 75. Receipt No:  | User ID: 31 | URI: /counselling-backend/index.php?route=payments/payment-save
[2026-05-09 10:05:58] [INFO] Payment processing started for request: {"student_id":"41","amount":"11800","payment_mode":"cash"} | User ID: 31 | URI: /counselling-backend/index.php?route=payments/payment-save
[2026-05-09 10:05:58] [INFO] Payment validation passed for student 41. Proceeding with payment record creation. | User ID: 31 | URI: /counselling-backend/index.php?route=payments/payment-save
[2026-05-09 10:05:58] [INFO] Database transaction started for student 41 payment processing. | User ID: 31 | URI: /counselling-backend/index.php?route=payments/payment-save
[2026-05-09 10:05:58] [SUCCESS] Payment record created: ID 3325, Receipt: 0, Component: tuition_fee_part1 | User ID: 31 | URI: /counselling-backend/index.php?route=payments/payment-save
[2026-05-09 10:05:58] [INFO] Synchronized tbl_student_fee_allocation for student 41 | User ID: 31 | URI: /counselling-backend/index.php?route=payments/payment-save
[2026-05-09 10:05:58] [INFO] Attempting to enroll student 41 after payment. | User ID: 31 | URI: /counselling-backend/index.php?route=payments/payment-save
[2026-05-09 10:05:58] [SUCCESS] Student 41 enrolled successfully. Enrollment ID: 2324 | User ID: 31 | URI: /counselling-backend/index.php?route=payments/payment-save
[2026-05-09 10:05:58] [INFO] Payment transaction log created for payment ID: 3325 | User ID: 31 | URI: /counselling-backend/index.php?route=payments/payment-save
[2026-05-09 10:05:58] [SUCCESS] Payment transaction committed successfully for student 41. Receipt No:  | User ID: 31 | URI: /counselling-backend/index.php?route=payments/payment-save
[2026-05-09 10:06:37] [INFO] Payment processing started for request: {"student_id":"350","amount":"11800","payment_mode":"cash"} | User ID: 31 | URI: /counselling-backend/index.php?route=payments/payment-save
[2026-05-09 10:06:37] [INFO] Payment validation passed for student 350. Proceeding with payment record creation. | User ID: 31 | URI: /counselling-backend/index.php?route=payments/payment-save
[2026-05-09 10:06:37] [INFO] Database transaction started for student 350 payment processing. | User ID: 31 | URI: /counselling-backend/index.php?route=payments/payment-save
[2026-05-09 10:06:37] [SUCCESS] Payment record created: ID 3326, Receipt: 0, Component: tuition_fee_part1 | User ID: 31 | URI: /counselling-backend/index.php?route=payments/payment-save
[2026-05-09 10:06:37] [INFO] Synchronized tbl_student_fee_allocation for student 350 | User ID: 31 | URI: /counselling-backend/index.php?route=payments/payment-save
[2026-05-09 10:06:37] [INFO] Attempting to enroll student 350 after payment. | User ID: 31 | URI: /counselling-backend/index.php?route=payments/payment-save
[2026-05-09 10:06:37] [SUCCESS] Student 350 enrolled successfully. Enrollment ID: 2325 | User ID: 31 | URI: /counselling-backend/index.php?route=payments/payment-save
[2026-05-09 10:06:37] [INFO] Payment transaction log created for payment ID: 3326 | User ID: 31 | URI: /counselling-backend/index.php?route=payments/payment-save
[2026-05-09 10:06:37] [SUCCESS] Payment transaction committed successfully for student 350. Receipt No:  | User ID: 31 | URI: /counselling-backend/index.php?route=payments/payment-save
[2026-05-09 10:07:30] [INFO] Payment processing started for request: {"student_id":"1112","amount":"11800","payment_mode":"cash"} | User ID: 31 | URI: /counselling-backend/index.php?route=payments/payment-save
[2026-05-09 10:07:30] [INFO] Payment validation passed for student 1112. Proceeding with payment record creation. | User ID: 31 | URI: /counselling-backend/index.php?route=payments/payment-save
[2026-05-09 10:07:30] [INFO] Database transaction started for student 1112 payment processing. | User ID: 31 | URI: /counselling-backend/index.php?route=payments/payment-save
[2026-05-09 10:07:30] [SUCCESS] Payment record created: ID 3327, Receipt: 0, Component: tuition_fee_part1 | User ID: 31 | URI: /counselling-backend/index.php?route=payments/payment-save
[2026-05-09 10:07:30] [INFO] Synchronized tbl_student_fee_allocation for student 1112 | User ID: 31 | URI: /counselling-backend/index.php?route=payments/payment-save
[2026-05-09 10:07:30] [INFO] Attempting to enroll student 1112 after payment. | User ID: 31 | URI: /counselling-backend/index.php?route=payments/payment-save
[2026-05-09 10:07:30] [SUCCESS] Student 1112 enrolled successfully. Enrollment ID: 2326 | User ID: 31 | URI: /counselling-backend/index.php?route=payments/payment-save
[2026-05-09 10:07:30] [INFO] Payment transaction log created for payment ID: 3327 | User ID: 31 | URI: /counselling-backend/index.php?route=payments/payment-save
[2026-05-09 10:07:30] [SUCCESS] Payment transaction committed successfully for student 1112. Receipt No:  | User ID: 31 | URI: /counselling-backend/index.php?route=payments/payment-save
[2026-05-09 10:07:57] [INFO] Payment processing started for request: {"student_id":"851","amount":"11800","payment_mode":"cash"} | User ID: 31 | URI: /counselling-backend/index.php?route=payments/payment-save
[2026-05-09 10:07:57] [INFO] Payment validation passed for student 851. Proceeding with payment record creation. | User ID: 31 | URI: /counselling-backend/index.php?route=payments/payment-save
[2026-05-09 10:07:57] [INFO] Database transaction started for student 851 payment processing. | User ID: 31 | URI: /counselling-backend/index.php?route=payments/payment-save
[2026-05-09 10:07:57] [SUCCESS] Payment record created: ID 3328, Receipt: 0, Component: tuition_fee_part1 | User ID: 31 | URI: /counselling-backend/index.php?route=payments/payment-save
[2026-05-09 10:07:57] [INFO] Synchronized tbl_student_fee_allocation for student 851 | User ID: 31 | URI: /counselling-backend/index.php?route=payments/payment-save
[2026-05-09 10:07:57] [INFO] Attempting to enroll student 851 after payment. | User ID: 31 | URI: /counselling-backend/index.php?route=payments/payment-save
[2026-05-09 10:07:57] [SUCCESS] Student 851 enrolled successfully. Enrollment ID: 2327 | User ID: 31 | URI: /counselling-backend/index.php?route=payments/payment-save
[2026-05-09 10:07:57] [INFO] Payment transaction log created for payment ID: 3328 | User ID: 31 | URI: /counselling-backend/index.php?route=payments/payment-save
[2026-05-09 10:07:57] [SUCCESS] Payment transaction committed successfully for student 851. Receipt No:  | User ID: 31 | URI: /counselling-backend/index.php?route=payments/payment-save
[2026-05-09 10:09:34] [INFO] Payment processing started for request: {"student_id":"883","amount":"11800","payment_mode":"cash"} | User ID: 31 | URI: /counselling-backend/index.php?route=payments/payment-save
[2026-05-09 10:09:34] [INFO] Payment validation passed for student 883. Proceeding with payment record creation. | User ID: 31 | URI: /counselling-backend/index.php?route=payments/payment-save
[2026-05-09 10:09:34] [INFO] Database transaction started for student 883 payment processing. | User ID: 31 | URI: /counselling-backend/index.php?route=payments/payment-save
[2026-05-09 10:09:34] [SUCCESS] Payment record created: ID 3329, Receipt: 0, Component: tuition_fee_part1 | User ID: 31 | URI: /counselling-backend/index.php?route=payments/payment-save
[2026-05-09 10:09:34] [INFO] Synchronized tbl_student_fee_allocation for student 883 | User ID: 31 | URI: /counselling-backend/index.php?route=payments/payment-save
[2026-05-09 10:09:34] [INFO] Attempting to enroll student 883 after payment. | User ID: 31 | URI: /counselling-backend/index.php?route=payments/payment-save
[2026-05-09 10:09:34] [SUCCESS] Student 883 enrolled successfully. Enrollment ID: 2328 | User ID: 31 | URI: /counselling-backend/index.php?route=payments/payment-save
[2026-05-09 10:09:34] [INFO] Payment transaction log created for payment ID: 3329 | User ID: 31 | URI: /counselling-backend/index.php?route=payments/payment-save
[2026-05-09 10:09:34] [SUCCESS] Payment transaction committed successfully for student 883. Receipt No:  | User ID: 31 | URI: /counselling-backend/index.php?route=payments/payment-save
[2026-05-09 10:12:04] [INFO] Payment processing started for request: {"student_id":"898","amount":"11800","payment_mode":"cash"} | User ID: 31 | URI: /counselling-backend/index.php?route=payments/payment-save
[2026-05-09 10:12:04] [INFO] Payment validation passed for student 898. Proceeding with payment record creation. | User ID: 31 | URI: /counselling-backend/index.php?route=payments/payment-save
[2026-05-09 10:12:04] [INFO] Database transaction started for student 898 payment processing. | User ID: 31 | URI: /counselling-backend/index.php?route=payments/payment-save
[2026-05-09 10:12:04] [SUCCESS] Payment record created: ID 3330, Receipt: 0, Component: tuition_fee_part1 | User ID: 31 | URI: /counselling-backend/index.php?route=payments/payment-save
[2026-05-09 10:12:04] [INFO] Synchronized tbl_student_fee_allocation for student 898 | User ID: 31 | URI: /counselling-backend/index.php?route=payments/payment-save
[2026-05-09 10:12:04] [INFO] Attempting to enroll student 898 after payment. | User ID: 31 | URI: /counselling-backend/index.php?route=payments/payment-save
[2026-05-09 10:12:04] [SUCCESS] Student 898 enrolled successfully. Enrollment ID: 2329 | User ID: 31 | URI: /counselling-backend/index.php?route=payments/payment-save
[2026-05-09 10:12:04] [INFO] Payment transaction log created for payment ID: 3330 | User ID: 31 | URI: /counselling-backend/index.php?route=payments/payment-save
[2026-05-09 10:12:04] [SUCCESS] Payment transaction committed successfully for student 898. Receipt No:  | User ID: 31 | URI: /counselling-backend/index.php?route=payments/payment-save
[2026-05-09 10:12:31] [INFO] Payment processing started for request: {"student_id":"866","amount":"11800","payment_mode":"cash"} | User ID: 31 | URI: /counselling-backend/index.php?route=payments/payment-save
[2026-05-09 10:12:31] [INFO] Payment validation passed for student 866. Proceeding with payment record creation. | User ID: 31 | URI: /counselling-backend/index.php?route=payments/payment-save
[2026-05-09 10:12:31] [INFO] Database transaction started for student 866 payment processing. | User ID: 31 | URI: /counselling-backend/index.php?route=payments/payment-save
[2026-05-09 10:12:31] [SUCCESS] Payment record created: ID 3331, Receipt: 0, Component: tuition_fee_part1 | User ID: 31 | URI: /counselling-backend/index.php?route=payments/payment-save
[2026-05-09 10:12:31] [INFO] Synchronized tbl_student_fee_allocation for student 866 | User ID: 31 | URI: /counselling-backend/index.php?route=payments/payment-save
[2026-05-09 10:12:32] [INFO] Attempting to enroll student 866 after payment. | User ID: 31 | URI: /counselling-backend/index.php?route=payments/payment-save
[2026-05-09 10:12:32] [SUCCESS] Student 866 enrolled successfully. Enrollment ID: 2330 | User ID: 31 | URI: /counselling-backend/index.php?route=payments/payment-save
[2026-05-09 10:12:32] [INFO] Payment transaction log created for payment ID: 3331 | User ID: 31 | URI: /counselling-backend/index.php?route=payments/payment-save
[2026-05-09 10:12:32] [SUCCESS] Payment transaction committed successfully for student 866. Receipt No:  | User ID: 31 | URI: /counselling-backend/index.php?route=payments/payment-save
[2026-05-09 10:13:05] [INFO] Payment processing started for request: {"student_id":"928","amount":"11800","payment_mode":"cash"} | User ID: 31 | URI: /counselling-backend/index.php?route=payments/payment-save
[2026-05-09 10:13:05] [INFO] Payment validation passed for student 928. Proceeding with payment record creation. | User ID: 31 | URI: /counselling-backend/index.php?route=payments/payment-save
[2026-05-09 10:13:05] [INFO] Database transaction started for student 928 payment processing. | User ID: 31 | URI: /counselling-backend/index.php?route=payments/payment-save
[2026-05-09 10:13:05] [SUCCESS] Payment record created: ID 3332, Receipt: 0, Component: tuition_fee_part1 | User ID: 31 | URI: /counselling-backend/index.php?route=payments/payment-save
[2026-05-09 10:13:05] [INFO] Synchronized tbl_student_fee_allocation for student 928 | User ID: 31 | URI: /counselling-backend/index.php?route=payments/payment-save
[2026-05-09 10:13:05] [INFO] Attempting to enroll student 928 after payment. | User ID: 31 | URI: /counselling-backend/index.php?route=payments/payment-save
[2026-05-09 10:13:05] [SUCCESS] Student 928 enrolled successfully. Enrollment ID: 2331 | User ID: 31 | URI: /counselling-backend/index.php?route=payments/payment-save
[2026-05-09 10:13:05] [INFO] Payment transaction log created for payment ID: 3332 | User ID: 31 | URI: /counselling-backend/index.php?route=payments/payment-save
[2026-05-09 10:13:05] [SUCCESS] Payment transaction committed successfully for student 928. Receipt No:  | User ID: 31 | URI: /counselling-backend/index.php?route=payments/payment-save
[2026-05-09 10:13:38] [INFO] Payment processing started for request: {"student_id":"920","amount":"11800","payment_mode":"cash"} | User ID: 31 | URI: /counselling-backend/index.php?route=payments/payment-save
[2026-05-09 10:13:38] [INFO] Payment validation passed for student 920. Proceeding with payment record creation. | User ID: 31 | URI: /counselling-backend/index.php?route=payments/payment-save
[2026-05-09 10:13:38] [INFO] Database transaction started for student 920 payment processing. | User ID: 31 | URI: /counselling-backend/index.php?route=payments/payment-save
[2026-05-09 10:13:38] [SUCCESS] Payment record created: ID 3333, Receipt: 0, Component: tuition_fee_part1 | User ID: 31 | URI: /counselling-backend/index.php?route=payments/payment-save
[2026-05-09 10:13:38] [INFO] Synchronized tbl_student_fee_allocation for student 920 | User ID: 31 | URI: /counselling-backend/index.php?route=payments/payment-save
[2026-05-09 10:13:38] [INFO] Attempting to enroll student 920 after payment. | User ID: 31 | URI: /counselling-backend/index.php?route=payments/payment-save
[2026-05-09 10:13:38] [SUCCESS] Student 920 enrolled successfully. Enrollment ID: 2332 | User ID: 31 | URI: /counselling-backend/index.php?route=payments/payment-save
[2026-05-09 10:13:38] [INFO] Payment transaction log created for payment ID: 3333 | User ID: 31 | URI: /counselling-backend/index.php?route=payments/payment-save
[2026-05-09 10:13:38] [SUCCESS] Payment transaction committed successfully for student 920. Receipt No:  | User ID: 31 | URI: /counselling-backend/index.php?route=payments/payment-save
[2026-05-09 10:14:06] [INFO] Payment processing started for request: {"student_id":"761","amount":"11800","payment_mode":"cash"} | User ID: 31 | URI: /counselling-backend/index.php?route=payments/payment-save
[2026-05-09 10:14:06] [INFO] Payment validation passed for student 761. Proceeding with payment record creation. | User ID: 31 | URI: /counselling-backend/index.php?route=payments/payment-save
[2026-05-09 10:14:06] [INFO] Database transaction started for student 761 payment processing. | User ID: 31 | URI: /counselling-backend/index.php?route=payments/payment-save
[2026-05-09 10:14:06] [SUCCESS] Payment record created: ID 3334, Receipt: 0, Component: tuition_fee_part1 | User ID: 31 | URI: /counselling-backend/index.php?route=payments/payment-save
[2026-05-09 10:14:06] [INFO] Synchronized tbl_student_fee_allocation for student 761 | User ID: 31 | URI: /counselling-backend/index.php?route=payments/payment-save
[2026-05-09 10:14:06] [INFO] Attempting to enroll student 761 after payment. | User ID: 31 | URI: /counselling-backend/index.php?route=payments/payment-save
[2026-05-09 10:14:06] [SUCCESS] Student 761 enrolled successfully. Enrollment ID: 2333 | User ID: 31 | URI: /counselling-backend/index.php?route=payments/payment-save
[2026-05-09 10:14:06] [INFO] Payment transaction log created for payment ID: 3334 | User ID: 31 | URI: /counselling-backend/index.php?route=payments/payment-save
[2026-05-09 10:14:06] [SUCCESS] Payment transaction committed successfully for student 761. Receipt No:  | User ID: 31 | URI: /counselling-backend/index.php?route=payments/payment-save
[2026-05-09 10:14:33] [INFO] Payment processing started for request: {"student_id":"258","amount":"11800","payment_mode":"cash"} | User ID: 31 | URI: /counselling-backend/index.php?route=payments/payment-save
[2026-05-09 10:14:33] [INFO] Payment validation passed for student 258. Proceeding with payment record creation. | User ID: 31 | URI: /counselling-backend/index.php?route=payments/payment-save
[2026-05-09 10:14:33] [INFO] Database transaction started for student 258 payment processing. | User ID: 31 | URI: /counselling-backend/index.php?route=payments/payment-save
[2026-05-09 10:14:33] [SUCCESS] Payment record created: ID 3335, Receipt: 0, Component: tuition_fee_part1 | User ID: 31 | URI: /counselling-backend/index.php?route=payments/payment-save
[2026-05-09 10:14:33] [INFO] Synchronized tbl_student_fee_allocation for student 258 | User ID: 31 | URI: /counselling-backend/index.php?route=payments/payment-save
[2026-05-09 10:14:33] [INFO] Attempting to enroll student 258 after payment. | User ID: 31 | URI: /counselling-backend/index.php?route=payments/payment-save
[2026-05-09 10:14:33] [SUCCESS] Student 258 enrolled successfully. Enrollment ID: 2334 | User ID: 31 | URI: /counselling-backend/index.php?route=payments/payment-save
[2026-05-09 10:14:33] [INFO] Payment transaction log created for payment ID: 3335 | User ID: 31 | URI: /counselling-backend/index.php?route=payments/payment-save
[2026-05-09 10:14:33] [SUCCESS] Payment transaction committed successfully for student 258. Receipt No:  | User ID: 31 | URI: /counselling-backend/index.php?route=payments/payment-save
[2026-05-09 10:15:07] [INFO] Payment processing started for request: {"student_id":"1163","amount":"11800","payment_mode":"cash"} | User ID: 31 | URI: /counselling-backend/index.php?route=payments/payment-save
[2026-05-09 10:15:07] [INFO] Payment validation passed for student 1163. Proceeding with payment record creation. | User ID: 31 | URI: /counselling-backend/index.php?route=payments/payment-save
[2026-05-09 10:15:07] [INFO] Database transaction started for student 1163 payment processing. | User ID: 31 | URI: /counselling-backend/index.php?route=payments/payment-save
[2026-05-09 10:15:07] [SUCCESS] Payment record created: ID 3336, Receipt: 0, Component: tuition_fee_part1 | User ID: 31 | URI: /counselling-backend/index.php?route=payments/payment-save
[2026-05-09 10:15:07] [INFO] Synchronized tbl_student_fee_allocation for student 1163 | User ID: 31 | URI: /counselling-backend/index.php?route=payments/payment-save
[2026-05-09 10:15:07] [INFO] Attempting to enroll student 1163 after payment. | User ID: 31 | URI: /counselling-backend/index.php?route=payments/payment-save
[2026-05-09 10:15:07] [SUCCESS] Student 1163 enrolled successfully. Enrollment ID: 2335 | User ID: 31 | URI: /counselling-backend/index.php?route=payments/payment-save
[2026-05-09 10:15:07] [INFO] Payment transaction log created for payment ID: 3336 | User ID: 31 | URI: /counselling-backend/index.php?route=payments/payment-save
[2026-05-09 10:15:07] [SUCCESS] Payment transaction committed successfully for student 1163. Receipt No:  | User ID: 31 | URI: /counselling-backend/index.php?route=payments/payment-save
[2026-05-09 10:15:39] [INFO] Payment processing started for request: {"student_id":"261","amount":"11800","payment_mode":"cash"} | User ID: 31 | URI: /counselling-backend/index.php?route=payments/payment-save
[2026-05-09 10:15:39] [INFO] Payment validation passed for student 261. Proceeding with payment record creation. | User ID: 31 | URI: /counselling-backend/index.php?route=payments/payment-save
[2026-05-09 10:15:39] [INFO] Database transaction started for student 261 payment processing. | User ID: 31 | URI: /counselling-backend/index.php?route=payments/payment-save
[2026-05-09 10:15:39] [SUCCESS] Payment record created: ID 3337, Receipt: 0, Component: tuition_fee_part1 | User ID: 31 | URI: /counselling-backend/index.php?route=payments/payment-save
[2026-05-09 10:15:39] [INFO] Synchronized tbl_student_fee_allocation for student 261 | User ID: 31 | URI: /counselling-backend/index.php?route=payments/payment-save
[2026-05-09 10:15:40] [INFO] Attempting to enroll student 261 after payment. | User ID: 31 | URI: /counselling-backend/index.php?route=payments/payment-save
[2026-05-09 10:15:40] [SUCCESS] Student 261 enrolled successfully. Enrollment ID: 2336 | User ID: 31 | URI: /counselling-backend/index.php?route=payments/payment-save
[2026-05-09 10:15:40] [INFO] Payment transaction log created for payment ID: 3337 | User ID: 31 | URI: /counselling-backend/index.php?route=payments/payment-save
[2026-05-09 10:15:40] [SUCCESS] Payment transaction committed successfully for student 261. Receipt No:  | User ID: 31 | URI: /counselling-backend/index.php?route=payments/payment-save
[2026-05-09 10:17:58] [INFO] Payment processing started for request: {"student_id":"415","amount":"11800","payment_mode":"cash"} | User ID: 31 | URI: /counselling-backend/index.php?route=payments/payment-save
[2026-05-09 10:17:58] [INFO] Payment validation passed for student 415. Proceeding with payment record creation. | User ID: 31 | URI: /counselling-backend/index.php?route=payments/payment-save
[2026-05-09 10:17:58] [INFO] Database transaction started for student 415 payment processing. | User ID: 31 | URI: /counselling-backend/index.php?route=payments/payment-save
[2026-05-09 10:17:58] [SUCCESS] Payment record created: ID 3338, Receipt: 0, Component: tuition_fee_part1 | User ID: 31 | URI: /counselling-backend/index.php?route=payments/payment-save
[2026-05-09 10:17:58] [INFO] Synchronized tbl_student_fee_allocation for student 415 | User ID: 31 | URI: /counselling-backend/index.php?route=payments/payment-save
[2026-05-09 10:17:58] [INFO] Attempting to enroll student 415 after payment. | User ID: 31 | URI: /counselling-backend/index.php?route=payments/payment-save
[2026-05-09 10:17:58] [SUCCESS] Student 415 enrolled successfully. Enrollment ID: 2337 | User ID: 31 | URI: /counselling-backend/index.php?route=payments/payment-save
[2026-05-09 10:17:58] [INFO] Payment transaction log created for payment ID: 3338 | User ID: 31 | URI: /counselling-backend/index.php?route=payments/payment-save
[2026-05-09 10:17:58] [SUCCESS] Payment transaction committed successfully for student 415. Receipt No:  | User ID: 31 | URI: /counselling-backend/index.php?route=payments/payment-save
[2026-05-09 10:18:21] [INFO] Payment processing started for request: {"student_id":"77","amount":"11800","payment_mode":"cash"} | User ID: 31 | URI: /counselling-backend/index.php?route=payments/payment-save
[2026-05-09 10:18:21] [INFO] Payment validation passed for student 77. Proceeding with payment record creation. | User ID: 31 | URI: /counselling-backend/index.php?route=payments/payment-save
[2026-05-09 10:18:21] [INFO] Database transaction started for student 77 payment processing. | User ID: 31 | URI: /counselling-backend/index.php?route=payments/payment-save
[2026-05-09 10:18:21] [SUCCESS] Payment record created: ID 3339, Receipt: 0, Component: tuition_fee_part1 | User ID: 31 | URI: /counselling-backend/index.php?route=payments/payment-save
[2026-05-09 10:18:21] [INFO] Synchronized tbl_student_fee_allocation for student 77 | User ID: 31 | URI: /counselling-backend/index.php?route=payments/payment-save
[2026-05-09 10:18:21] [INFO] Attempting to enroll student 77 after payment. | User ID: 31 | URI: /counselling-backend/index.php?route=payments/payment-save
[2026-05-09 10:18:21] [SUCCESS] Student 77 enrolled successfully. Enrollment ID: 2338 | User ID: 31 | URI: /counselling-backend/index.php?route=payments/payment-save
[2026-05-09 10:18:21] [INFO] Payment transaction log created for payment ID: 3339 | User ID: 31 | URI: /counselling-backend/index.php?route=payments/payment-save
[2026-05-09 10:18:21] [SUCCESS] Payment transaction committed successfully for student 77. Receipt No:  | User ID: 31 | URI: /counselling-backend/index.php?route=payments/payment-save
[2026-05-09 10:18:58] [INFO] Payment processing started for request: {"student_id":"893","amount":"11800","payment_mode":"cash"} | User ID: 31 | URI: /counselling-backend/index.php?route=payments/payment-save
[2026-05-09 10:18:58] [INFO] Payment validation passed for student 893. Proceeding with payment record creation. | User ID: 31 | URI: /counselling-backend/index.php?route=payments/payment-save
[2026-05-09 10:18:58] [INFO] Database transaction started for student 893 payment processing. | User ID: 31 | URI: /counselling-backend/index.php?route=payments/payment-save
[2026-05-09 10:18:58] [SUCCESS] Payment record created: ID 3340, Receipt: 0, Component: tuition_fee_part1 | User ID: 31 | URI: /counselling-backend/index.php?route=payments/payment-save
[2026-05-09 10:18:58] [INFO] Synchronized tbl_student_fee_allocation for student 893 | User ID: 31 | URI: /counselling-backend/index.php?route=payments/payment-save
[2026-05-09 10:18:58] [INFO] Attempting to enroll student 893 after payment. | User ID: 31 | URI: /counselling-backend/index.php?route=payments/payment-save
[2026-05-09 10:18:58] [SUCCESS] Student 893 enrolled successfully. Enrollment ID: 2339 | User ID: 31 | URI: /counselling-backend/index.php?route=payments/payment-save
[2026-05-09 10:18:58] [INFO] Payment transaction log created for payment ID: 3340 | User ID: 31 | URI: /counselling-backend/index.php?route=payments/payment-save
[2026-05-09 10:18:58] [SUCCESS] Payment transaction committed successfully for student 893. Receipt No:  | User ID: 31 | URI: /counselling-backend/index.php?route=payments/payment-save
[2026-05-09 10:19:25] [INFO] Payment processing started for request: {"student_id":"852","amount":"11800","payment_mode":"cash"} | User ID: 31 | URI: /counselling-backend/index.php?route=payments/payment-save
[2026-05-09 10:19:25] [INFO] Payment validation passed for student 852. Proceeding with payment record creation. | User ID: 31 | URI: /counselling-backend/index.php?route=payments/payment-save
[2026-05-09 10:19:25] [INFO] Database transaction started for student 852 payment processing. | User ID: 31 | URI: /counselling-backend/index.php?route=payments/payment-save
[2026-05-09 10:19:25] [SUCCESS] Payment record created: ID 3341, Receipt: 0, Component: tuition_fee_part1 | User ID: 31 | URI: /counselling-backend/index.php?route=payments/payment-save
[2026-05-09 10:19:25] [INFO] Synchronized tbl_student_fee_allocation for student 852 | User ID: 31 | URI: /counselling-backend/index.php?route=payments/payment-save
[2026-05-09 10:19:25] [INFO] Attempting to enroll student 852 after payment. | User ID: 31 | URI: /counselling-backend/index.php?route=payments/payment-save
[2026-05-09 10:19:25] [SUCCESS] Student 852 enrolled successfully. Enrollment ID: 2340 | User ID: 31 | URI: /counselling-backend/index.php?route=payments/payment-save
[2026-05-09 10:19:25] [INFO] Payment transaction log created for payment ID: 3341 | User ID: 31 | URI: /counselling-backend/index.php?route=payments/payment-save
[2026-05-09 10:19:25] [SUCCESS] Payment transaction committed successfully for student 852. Receipt No:  | User ID: 31 | URI: /counselling-backend/index.php?route=payments/payment-save
[2026-05-09 10:19:46] [INFO] Payment processing started for request: {"student_id":"1266","amount":"11800","payment_mode":"cash"} | User ID: 31 | URI: /counselling-backend/index.php?route=payments/payment-save
[2026-05-09 10:19:46] [INFO] Payment validation passed for student 1266. Proceeding with payment record creation. | User ID: 31 | URI: /counselling-backend/index.php?route=payments/payment-save
[2026-05-09 10:19:46] [INFO] Database transaction started for student 1266 payment processing. | User ID: 31 | URI: /counselling-backend/index.php?route=payments/payment-save
[2026-05-09 10:19:46] [SUCCESS] Payment record created: ID 3342, Receipt: 0, Component: tuition_fee_part1 | User ID: 31 | URI: /counselling-backend/index.php?route=payments/payment-save
[2026-05-09 10:19:46] [INFO] Synchronized tbl_student_fee_allocation for student 1266 | User ID: 31 | URI: /counselling-backend/index.php?route=payments/payment-save
[2026-05-09 10:19:46] [INFO] Attempting to enroll student 1266 after payment. | User ID: 31 | URI: /counselling-backend/index.php?route=payments/payment-save
[2026-05-09 10:19:46] [SUCCESS] Student 1266 enrolled successfully. Enrollment ID: 2341 | User ID: 31 | URI: /counselling-backend/index.php?route=payments/payment-save
[2026-05-09 10:19:46] [INFO] Payment transaction log created for payment ID: 3342 | User ID: 31 | URI: /counselling-backend/index.php?route=payments/payment-save
[2026-05-09 10:19:46] [SUCCESS] Payment transaction committed successfully for student 1266. Receipt No:  | User ID: 31 | URI: /counselling-backend/index.php?route=payments/payment-save
[2026-05-09 10:20:08] [INFO] Fetching student information for admission confirm - Student ID: 3419, Counsellor ID: 143 | User ID: 143 | URI: /counselling-backend/index.php?route=students/admission-confirm-save
[2026-05-09 10:20:08] [INFO] Student information fetched successfully - Student: YASHVI, Course ID: 1, Medium ID: 1, Group ID: 2 | User ID: 143 | URI: /counselling-backend/index.php?route=students/admission-confirm-save
[2026-05-09 10:20:08] [INFO] Fetching fee configuration - Course ID: 1, Medium ID: 1, Group ID: 2 | User ID: 143 | URI: /counselling-backend/index.php?route=students/admission-confirm-save
[2026-05-09 10:20:08] [INFO] Fee configuration fetched successfully - School Fee: ₹15000, Trust Fee: ₹15000, Tuition Part 1: ₹10000, Token Amount (with GST): ₹11800 | User ID: 143 | URI: /counselling-backend/index.php?route=students/admission-confirm-save
[2026-05-09 10:20:19] [INFO] Payment processing started for request: {"student_id":"1120","amount":"11800","payment_mode":"cash"} | User ID: 31 | URI: /counselling-backend/index.php?route=payments/payment-save
[2026-05-09 10:20:19] [INFO] Payment validation passed for student 1120. Proceeding with payment record creation. | User ID: 31 | URI: /counselling-backend/index.php?route=payments/payment-save
[2026-05-09 10:20:19] [INFO] Database transaction started for student 1120 payment processing. | User ID: 31 | URI: /counselling-backend/index.php?route=payments/payment-save
[2026-05-09 10:20:19] [SUCCESS] Payment record created: ID 3343, Receipt: 0, Component: tuition_fee_part1 | User ID: 31 | URI: /counselling-backend/index.php?route=payments/payment-save
[2026-05-09 10:20:19] [INFO] Synchronized tbl_student_fee_allocation for student 1120 | User ID: 31 | URI: /counselling-backend/index.php?route=payments/payment-save
[2026-05-09 10:20:19] [INFO] Attempting to enroll student 1120 after payment. | User ID: 31 | URI: /counselling-backend/index.php?route=payments/payment-save
[2026-05-09 10:20:19] [SUCCESS] Student 1120 enrolled successfully. Enrollment ID: 2342 | User ID: 31 | URI: /counselling-backend/index.php?route=payments/payment-save
[2026-05-09 10:20:19] [INFO] Payment transaction log created for payment ID: 3343 | User ID: 31 | URI: /counselling-backend/index.php?route=payments/payment-save
[2026-05-09 10:20:19] [SUCCESS] Payment transaction committed successfully for student 1120. Receipt No:  | User ID: 31 | URI: /counselling-backend/index.php?route=payments/payment-save
[2026-05-09 10:20:58] [INFO] Payment processing started for request: {"student_id":"607","amount":"11800","payment_mode":"cash"} | User ID: 31 | URI: /counselling-backend/index.php?route=payments/payment-save
[2026-05-09 10:20:58] [INFO] Payment validation passed for student 607. Proceeding with payment record creation. | User ID: 31 | URI: /counselling-backend/index.php?route=payments/payment-save
[2026-05-09 10:20:58] [INFO] Database transaction started for student 607 payment processing. | User ID: 31 | URI: /counselling-backend/index.php?route=payments/payment-save
[2026-05-09 10:20:58] [SUCCESS] Payment record created: ID 3344, Receipt: 0, Component: tuition_fee_part1 | User ID: 31 | URI: /counselling-backend/index.php?route=payments/payment-save
[2026-05-09 10:20:58] [INFO] Synchronized tbl_student_fee_allocation for student 607 | User ID: 31 | URI: /counselling-backend/index.php?route=payments/payment-save
[2026-05-09 10:20:58] [INFO] Attempting to enroll student 607 after payment. | User ID: 31 | URI: /counselling-backend/index.php?route=payments/payment-save
[2026-05-09 10:20:58] [SUCCESS] Student 607 enrolled successfully. Enrollment ID: 2343 | User ID: 31 | URI: /counselling-backend/index.php?route=payments/payment-save
[2026-05-09 10:20:58] [INFO] Payment transaction log created for payment ID: 3344 | User ID: 31 | URI: /counselling-backend/index.php?route=payments/payment-save
[2026-05-09 10:20:58] [SUCCESS] Payment transaction committed successfully for student 607. Receipt No:  | User ID: 31 | URI: /counselling-backend/index.php?route=payments/payment-save
[2026-05-09 10:21:34] [INFO] Payment processing started for request: {"student_id":"97","amount":"11800","payment_mode":"cash"} | User ID: 31 | URI: /counselling-backend/index.php?route=payments/payment-save
[2026-05-09 10:21:34] [INFO] Payment validation passed for student 97. Proceeding with payment record creation. | User ID: 31 | URI: /counselling-backend/index.php?route=payments/payment-save
[2026-05-09 10:21:34] [INFO] Database transaction started for student 97 payment processing. | User ID: 31 | URI: /counselling-backend/index.php?route=payments/payment-save
[2026-05-09 10:21:34] [SUCCESS] Payment record created: ID 3345, Receipt: 0, Component: tuition_fee_part1 | User ID: 31 | URI: /counselling-backend/index.php?route=payments/payment-save
[2026-05-09 10:21:34] [INFO] Synchronized tbl_student_fee_allocation for student 97 | User ID: 31 | URI: /counselling-backend/index.php?route=payments/payment-save
[2026-05-09 10:21:34] [INFO] Attempting to enroll student 97 after payment. | User ID: 31 | URI: /counselling-backend/index.php?route=payments/payment-save
[2026-05-09 10:21:34] [SUCCESS] Student 97 enrolled successfully. Enrollment ID: 2344 | User ID: 31 | URI: /counselling-backend/index.php?route=payments/payment-save
[2026-05-09 10:21:34] [INFO] Payment transaction log created for payment ID: 3345 | User ID: 31 | URI: /counselling-backend/index.php?route=payments/payment-save
[2026-05-09 10:21:34] [SUCCESS] Payment transaction committed successfully for student 97. Receipt No:  | User ID: 31 | URI: /counselling-backend/index.php?route=payments/payment-save
[2026-05-09 10:22:09] [INFO] Payment processing started for request: {"student_id":"66","amount":"11800","payment_mode":"cash"} | User ID: 31 | URI: /counselling-backend/index.php?route=payments/payment-save
[2026-05-09 10:22:09] [INFO] Payment validation passed for student 66. Proceeding with payment record creation. | User ID: 31 | URI: /counselling-backend/index.php?route=payments/payment-save
[2026-05-09 10:22:09] [INFO] Database transaction started for student 66 payment processing. | User ID: 31 | URI: /counselling-backend/index.php?route=payments/payment-save
[2026-05-09 10:22:09] [SUCCESS] Payment record created: ID 3346, Receipt: 0, Component: tuition_fee_part1 | User ID: 31 | URI: /counselling-backend/index.php?route=payments/payment-save
[2026-05-09 10:22:09] [INFO] Synchronized tbl_student_fee_allocation for student 66 | User ID: 31 | URI: /counselling-backend/index.php?route=payments/payment-save
[2026-05-09 10:22:09] [INFO] Attempting to enroll student 66 after payment. | User ID: 31 | URI: /counselling-backend/index.php?route=payments/payment-save
[2026-05-09 10:22:09] [SUCCESS] Student 66 enrolled successfully. Enrollment ID: 2345 | User ID: 31 | URI: /counselling-backend/index.php?route=payments/payment-save
[2026-05-09 10:22:09] [INFO] Payment transaction log created for payment ID: 3346 | User ID: 31 | URI: /counselling-backend/index.php?route=payments/payment-save
[2026-05-09 10:22:09] [SUCCESS] Payment transaction committed successfully for student 66. Receipt No:  | User ID: 31 | URI: /counselling-backend/index.php?route=payments/payment-save
[2026-05-09 10:22:57] [INFO] Payment processing started for request: {"student_id":"299","amount":"11800","payment_mode":"cash"} | User ID: 31 | URI: /counselling-backend/index.php?route=payments/payment-save
[2026-05-09 10:22:57] [INFO] Payment validation passed for student 299. Proceeding with payment record creation. | User ID: 31 | URI: /counselling-backend/index.php?route=payments/payment-save
[2026-05-09 10:22:57] [INFO] Database transaction started for student 299 payment processing. | User ID: 31 | URI: /counselling-backend/index.php?route=payments/payment-save
[2026-05-09 10:22:57] [SUCCESS] Payment record created: ID 3347, Receipt: 0, Component: tuition_fee_part1 | User ID: 31 | URI: /counselling-backend/index.php?route=payments/payment-save
[2026-05-09 10:22:57] [INFO] Synchronized tbl_student_fee_allocation for student 299 | User ID: 31 | URI: /counselling-backend/index.php?route=payments/payment-save
[2026-05-09 10:22:57] [INFO] Attempting to enroll student 299 after payment. | User ID: 31 | URI: /counselling-backend/index.php?route=payments/payment-save
[2026-05-09 10:22:57] [SUCCESS] Student 299 enrolled successfully. Enrollment ID: 2346 | User ID: 31 | URI: /counselling-backend/index.php?route=payments/payment-save
[2026-05-09 10:22:57] [INFO] Payment transaction log created for payment ID: 3347 | User ID: 31 | URI: /counselling-backend/index.php?route=payments/payment-save
[2026-05-09 10:22:57] [SUCCESS] Payment transaction committed successfully for student 299. Receipt No:  | User ID: 31 | URI: /counselling-backend/index.php?route=payments/payment-save
[2026-05-09 10:23:40] [INFO] Payment processing started for request: {"student_id":"540","amount":"11800","payment_mode":"cash"} | User ID: 31 | URI: /counselling-backend/index.php?route=payments/payment-save
[2026-05-09 10:23:40] [INFO] Payment validation passed for student 540. Proceeding with payment record creation. | User ID: 31 | URI: /counselling-backend/index.php?route=payments/payment-save
[2026-05-09 10:23:40] [INFO] Database transaction started for student 540 payment processing. | User ID: 31 | URI: /counselling-backend/index.php?route=payments/payment-save
[2026-05-09 10:23:40] [SUCCESS] Payment record created: ID 3348, Receipt: 0, Component: tuition_fee_part1 | User ID: 31 | URI: /counselling-backend/index.php?route=payments/payment-save
[2026-05-09 10:23:40] [INFO] Synchronized tbl_student_fee_allocation for student 540 | User ID: 31 | URI: /counselling-backend/index.php?route=payments/payment-save
[2026-05-09 10:23:40] [INFO] Attempting to enroll student 540 after payment. | User ID: 31 | URI: /counselling-backend/index.php?route=payments/payment-save
[2026-05-09 10:23:40] [SUCCESS] Student 540 enrolled successfully. Enrollment ID: 2347 | User ID: 31 | URI: /counselling-backend/index.php?route=payments/payment-save
[2026-05-09 10:23:40] [INFO] Payment transaction log created for payment ID: 3348 | User ID: 31 | URI: /counselling-backend/index.php?route=payments/payment-save
[2026-05-09 10:23:40] [SUCCESS] Payment transaction committed successfully for student 540. Receipt No:  | User ID: 31 | URI: /counselling-backend/index.php?route=payments/payment-save
[2026-05-09 10:25:09] [INFO] Payment processing started for request: {"student_id":"89","amount":"11800","payment_mode":"cash"} | User ID: 31 | URI: /counselling-backend/index.php?route=payments/payment-save
[2026-05-09 10:25:09] [INFO] Payment validation passed for student 89. Proceeding with payment record creation. | User ID: 31 | URI: /counselling-backend/index.php?route=payments/payment-save
[2026-05-09 10:25:09] [INFO] Database transaction started for student 89 payment processing. | User ID: 31 | URI: /counselling-backend/index.php?route=payments/payment-save
[2026-05-09 10:25:09] [SUCCESS] Payment record created: ID 3349, Receipt: 0, Component: tuition_fee_part1 | User ID: 31 | URI: /counselling-backend/index.php?route=payments/payment-save
[2026-05-09 10:25:09] [INFO] Synchronized tbl_student_fee_allocation for student 89 | User ID: 31 | URI: /counselling-backend/index.php?route=payments/payment-save
[2026-05-09 10:25:09] [INFO] Attempting to enroll student 89 after payment. | User ID: 31 | URI: /counselling-backend/index.php?route=payments/payment-save
[2026-05-09 10:25:09] [SUCCESS] Student 89 enrolled successfully. Enrollment ID: 2348 | User ID: 31 | URI: /counselling-backend/index.php?route=payments/payment-save
[2026-05-09 10:25:09] [INFO] Payment transaction log created for payment ID: 3349 | User ID: 31 | URI: /counselling-backend/index.php?route=payments/payment-save
[2026-05-09 10:25:09] [SUCCESS] Payment transaction committed successfully for student 89. Receipt No:  | User ID: 31 | URI: /counselling-backend/index.php?route=payments/payment-save
[2026-05-09 10:25:35] [INFO] Payment processing started for request: {"student_id":"101","amount":"11800","payment_mode":"cash"} | User ID: 31 | URI: /counselling-backend/index.php?route=payments/payment-save
[2026-05-09 10:25:35] [INFO] Payment validation passed for student 101. Proceeding with payment record creation. | User ID: 31 | URI: /counselling-backend/index.php?route=payments/payment-save
[2026-05-09 10:25:35] [INFO] Database transaction started for student 101 payment processing. | User ID: 31 | URI: /counselling-backend/index.php?route=payments/payment-save
[2026-05-09 10:25:35] [SUCCESS] Payment record created: ID 3350, Receipt: 0, Component: tuition_fee_part1 | User ID: 31 | URI: /counselling-backend/index.php?route=payments/payment-save
[2026-05-09 10:25:35] [INFO] Synchronized tbl_student_fee_allocation for student 101 | User ID: 31 | URI: /counselling-backend/index.php?route=payments/payment-save
[2026-05-09 10:25:35] [INFO] Attempting to enroll student 101 after payment. | User ID: 31 | URI: /counselling-backend/index.php?route=payments/payment-save
[2026-05-09 10:25:35] [SUCCESS] Student 101 enrolled successfully. Enrollment ID: 2349 | User ID: 31 | URI: /counselling-backend/index.php?route=payments/payment-save
[2026-05-09 10:25:35] [INFO] Payment transaction log created for payment ID: 3350 | User ID: 31 | URI: /counselling-backend/index.php?route=payments/payment-save
[2026-05-09 10:25:35] [SUCCESS] Payment transaction committed successfully for student 101. Receipt No:  | User ID: 31 | URI: /counselling-backend/index.php?route=payments/payment-save
[2026-05-09 10:37:26] [INFO] Payment processing started for request: {"student_id":"1490","amount":"38600","payment_mode":"cash"} | User ID: 31 | URI: /counselling-backend/index.php?route=payments/payment-save
[2026-05-09 10:37:26] [INFO] Payment validation passed for student 1490. Proceeding with payment record creation. | User ID: 31 | URI: /counselling-backend/index.php?route=payments/payment-save
[2026-05-09 10:37:26] [INFO] Database transaction started for student 1490 payment processing. | User ID: 31 | URI: /counselling-backend/index.php?route=payments/payment-save
[2026-05-09 10:37:26] [INFO] Generating receipt number - Student: 1490, Fee Component: tuition_fee_part2 | User ID: 31 | URI: /counselling-backend/index.php?route=payments/payment-save
[2026-05-09 10:37:26] [SUCCESS] Payment record created: ID 3351, Receipt: 239, Component: tuition_fee_part2 | User ID: 31 | URI: /counselling-backend/index.php?route=payments/payment-save
[2026-05-09 10:37:26] [INFO] Synchronized tbl_student_fee_allocation for student 1490 | User ID: 31 | URI: /counselling-backend/index.php?route=payments/payment-save
[2026-05-09 10:37:26] [INFO] Generating receipt number - Student: 1490, Fee Component: transport_fee | User ID: 31 | URI: /counselling-backend/index.php?route=payments/payment-save
[2026-05-09 10:37:26] [SUCCESS] Payment record created: ID 3352, Receipt: 38, Component: transport_fee | User ID: 31 | URI: /counselling-backend/index.php?route=payments/payment-save
[2026-05-09 10:37:26] [INFO] Synchronized tbl_student_fee_allocation for student 1490 | User ID: 31 | URI: /counselling-backend/index.php?route=payments/payment-save
[2026-05-09 10:37:26] [INFO] Payment transaction log created for payment ID: 3351 | User ID: 31 | URI: /counselling-backend/index.php?route=payments/payment-save
[2026-05-09 10:37:26] [SUCCESS] Payment transaction committed successfully for student 1490. Receipt No: 239, 38 | User ID: 31 | URI: /counselling-backend/index.php?route=payments/payment-save
[2026-05-09 10:37:26] [INFO] Updated student requirement flags for student 1490: transport_required = 'Yes' | User ID: 31 | URI: /counselling-backend/index.php?route=payments/payment-save
[2026-05-09 11:15:04] [INFO] Payment processing started for request: {"student_id":"1928","amount":"10000","payment_mode":"cash"} | User ID: 31 | URI: /counselling-backend/index.php?route=payments/payment-save
[2026-05-09 11:15:04] [INFO] Payment validation passed for student 1928. Proceeding with payment record creation. | User ID: 31 | URI: /counselling-backend/index.php?route=payments/payment-save
[2026-05-09 11:15:04] [INFO] Database transaction started for student 1928 payment processing. | User ID: 31 | URI: /counselling-backend/index.php?route=payments/payment-save
[2026-05-09 11:15:04] [INFO] Generating receipt number - Student: 1928, Fee Component: hostel_fee | User ID: 31 | URI: /counselling-backend/index.php?route=payments/payment-save
[2026-05-09 11:15:04] [SUCCESS] Payment record created: ID 3357, Receipt: 58, Component: hostel_fee | User ID: 31 | URI: /counselling-backend/index.php?route=payments/payment-save
[2026-05-09 11:15:04] [INFO] Synchronized tbl_student_fee_allocation for student 1928 | User ID: 31 | URI: /counselling-backend/index.php?route=payments/payment-save
[2026-05-09 11:15:04] [INFO] Payment transaction log created for payment ID: 3357 | User ID: 31 | URI: /counselling-backend/index.php?route=payments/payment-save
[2026-05-09 11:15:04] [SUCCESS] Payment transaction committed successfully for student 1928. Receipt No: 58 | User ID: 31 | URI: /counselling-backend/index.php?route=payments/payment-save
[2026-05-09 11:15:04] [INFO] Updated student requirement flags for student 1928: hostel_required = 'Yes' | User ID: 31 | URI: /counselling-backend/index.php?route=payments/payment-save
[2026-05-09 11:15:57] [INFO] Payment processing started for request: {"student_id":"2011","amount":"10000","payment_mode":"cash"} | User ID: 31 | URI: /counselling-backend/index.php?route=payments/payment-save
[2026-05-09 11:15:57] [INFO] Payment validation passed for student 2011. Proceeding with payment record creation. | User ID: 31 | URI: /counselling-backend/index.php?route=payments/payment-save
[2026-05-09 11:15:57] [INFO] Database transaction started for student 2011 payment processing. | User ID: 31 | URI: /counselling-backend/index.php?route=payments/payment-save
[2026-05-09 11:15:57] [INFO] Generating receipt number - Student: 2011, Fee Component: hostel_fee | User ID: 31 | URI: /counselling-backend/index.php?route=payments/payment-save
[2026-05-09 11:15:57] [SUCCESS] Payment record created: ID 3358, Receipt: 59, Component: hostel_fee | User ID: 31 | URI: /counselling-backend/index.php?route=payments/payment-save
[2026-05-09 11:15:57] [INFO] Synchronized tbl_student_fee_allocation for student 2011 | User ID: 31 | URI: /counselling-backend/index.php?route=payments/payment-save
[2026-05-09 11:15:57] [INFO] Payment transaction log created for payment ID: 3358 | User ID: 31 | URI: /counselling-backend/index.php?route=payments/payment-save
[2026-05-09 11:15:57] [SUCCESS] Payment transaction committed successfully for student 2011. Receipt No: 59 | User ID: 31 | URI: /counselling-backend/index.php?route=payments/payment-save
[2026-05-09 11:15:57] [INFO] Updated student requirement flags for student 2011: hostel_required = 'Yes' | User ID: 31 | URI: /counselling-backend/index.php?route=payments/payment-save
[2026-05-09 11:46:10] [INFO] Payment processing started for request: {"student_id":"1674","amount":"98980","payment_mode":"cheque"} | User ID: 31 | URI: /counselling-backend/index.php?route=payments/payment-save
[2026-05-09 11:46:10] [INFO] Payment validation passed for student 1674. Proceeding with payment record creation. | User ID: 31 | URI: /counselling-backend/index.php?route=payments/payment-save
[2026-05-09 11:46:10] [INFO] Database transaction started for student 1674 payment processing. | User ID: 31 | URI: /counselling-backend/index.php?route=payments/payment-save
[2026-05-09 11:46:10] [INFO] Generating receipt number - Student: 1674, Fee Component: school_fee | User ID: 31 | URI: /counselling-backend/index.php?route=payments/payment-save
[2026-05-09 11:46:10] [SUCCESS] Payment record created: ID 3359, Receipt: 202, Component: school_fee | User ID: 31 | URI: /counselling-backend/index.php?route=payments/payment-save
[2026-05-09 11:46:10] [INFO] Synchronized tbl_student_fee_allocation for student 1674 | User ID: 31 | URI: /counselling-backend/index.php?route=payments/payment-save
[2026-05-09 11:46:10] [INFO] Generating receipt number - Student: 1674, Fee Component: trust_facilities_fee | User ID: 31 | URI: /counselling-backend/index.php?route=payments/payment-save
[2026-05-09 11:46:10] [SUCCESS] Payment record created: ID 3360, Receipt: 249, Component: trust_facilities_fee | User ID: 31 | URI: /counselling-backend/index.php?route=payments/payment-save
[2026-05-09 11:46:10] [INFO] Synchronized tbl_student_fee_allocation for student 1674 | User ID: 31 | URI: /counselling-backend/index.php?route=payments/payment-save
[2026-05-09 11:46:10] [INFO] Generating receipt number - Student: 1674, Fee Component: tuition_fee_part2 | User ID: 31 | URI: /counselling-backend/index.php?route=payments/payment-save
[2026-05-09 11:46:10] [SUCCESS] Payment record created: ID 3361, Receipt: 241, Component: tuition_fee_part2 | User ID: 31 | URI: /counselling-backend/index.php?route=payments/payment-save
[2026-05-09 11:46:10] [INFO] Synchronized tbl_student_fee_allocation for student 1674 | User ID: 31 | URI: /counselling-backend/index.php?route=payments/payment-save
[2026-05-09 11:46:10] [INFO] Payment transaction log created for payment ID: 3359 | User ID: 31 | URI: /counselling-backend/index.php?route=payments/payment-save
[2026-05-09 11:46:10] [SUCCESS] Payment transaction committed successfully for student 1674. Receipt No: 202, 249, 241 | User ID: 31 | URI: /counselling-backend/index.php?route=payments/payment-save
[2026-05-09 12:59:13] [INFO] Fetching student information for admission confirm - Student ID: 3420, Counsellor ID: 143 | User ID: 143 | URI: /counselling-backend/index.php?route=students/admission-confirm-save
[2026-05-09 12:59:13] [INFO] Student information fetched successfully - Student: TANIYA, Course ID: 1, Medium ID: 1, Group ID: 2 | User ID: 143 | URI: /counselling-backend/index.php?route=students/admission-confirm-save
[2026-05-09 12:59:13] [INFO] Fetching fee configuration - Course ID: 1, Medium ID: 1, Group ID: 2 | User ID: 143 | URI: /counselling-backend/index.php?route=students/admission-confirm-save
[2026-05-09 12:59:13] [INFO] Fee configuration fetched successfully - School Fee: ₹15000, Trust Fee: ₹15000, Tuition Part 1: ₹10000, Token Amount (with GST): ₹11800 | User ID: 143 | URI: /counselling-backend/index.php?route=students/admission-confirm-save
[2026-05-09 13:42:50] [INFO] Payment processing started for request: {"student_id":"3421","amount":"25000","payment_mode":"cash"} | User ID: 31 | URI: /counselling-backend/index.php?route=payments/payment-save
[2026-05-09 13:42:50] [INFO] Payment validation passed for student 3421. Proceeding with payment record creation. | User ID: 31 | URI: /counselling-backend/index.php?route=payments/payment-save
[2026-05-09 13:42:50] [INFO] Database transaction started for student 3421 payment processing. | User ID: 31 | URI: /counselling-backend/index.php?route=payments/payment-save
[2026-05-09 13:42:50] [INFO] Generating receipt number - Student: 3421, Fee Component: trust_facilities_fee | User ID: 31 | URI: /counselling-backend/index.php?route=payments/payment-save
[2026-05-09 13:42:50] [SUCCESS] Payment record created: ID 3369, Receipt: 252, Component: trust_facilities_fee | User ID: 31 | URI: /counselling-backend/index.php?route=payments/payment-save
[2026-05-09 13:42:50] [INFO] Synchronized tbl_student_fee_allocation for student 3421 | User ID: 31 | URI: /counselling-backend/index.php?route=payments/payment-save
[2026-05-09 13:42:50] [INFO] Payment transaction log created for payment ID: 3369 | User ID: 31 | URI: /counselling-backend/index.php?route=payments/payment-save
[2026-05-09 13:42:50] [SUCCESS] Payment transaction committed successfully for student 3421. Receipt No: 252 | User ID: 31 | URI: /counselling-backend/index.php?route=payments/payment-save
[2026-05-09 14:42:18] [INFO] Fetching student information for admission confirm - Student ID: 3422, Counsellor ID: 143 | User ID: 143 | URI: /counselling-backend/index.php?route=students/admission-confirm-save
[2026-05-09 14:42:18] [INFO] Student information fetched successfully - Student: YANA, Course ID: 2, Medium ID: 2, Group ID: 2 | User ID: 143 | URI: /counselling-backend/index.php?route=students/admission-confirm-save
[2026-05-09 14:42:18] [INFO] Fetching fee configuration - Course ID: 2, Medium ID: 2, Group ID: 2 | User ID: 143 | URI: /counselling-backend/index.php?route=students/admission-confirm-save
[2026-05-09 14:42:18] [INFO] Fee configuration fetched successfully - School Fee: ₹15000, Trust Fee: ₹15000, Tuition Part 1: ₹10000, Token Amount (with GST): ₹11800 | User ID: 143 | URI: /counselling-backend/index.php?route=students/admission-confirm-save
[2026-05-09 15:38:38] [INFO] Fetching student information for admission confirm - Student ID: 3423, Counsellor ID: 143 | User ID: 143 | URI: /counselling-backend/index.php?route=students/admission-confirm-save
[2026-05-09 15:38:38] [INFO] Student information fetched successfully - Student: ALIRAZA, Course ID: 2, Medium ID: 2, Group ID: 3 | User ID: 143 | URI: /counselling-backend/index.php?route=students/admission-confirm-save
[2026-05-09 15:38:38] [INFO] Fetching fee configuration - Course ID: 2, Medium ID: 2, Group ID: 3 | User ID: 143 | URI: /counselling-backend/index.php?route=students/admission-confirm-save
[2026-05-09 15:38:38] [INFO] Fee configuration fetched successfully - School Fee: ₹15000, Trust Fee: ₹15000, Tuition Part 1: ₹10000, Token Amount (with GST): ₹11800 | User ID: 143 | URI: /counselling-backend/index.php?route=students/admission-confirm-save
[2026-05-09 16:23:12] [INFO] Payment processing started for request: {"student_id":"1575","amount":"21600","payment_mode":"cheque"} | User ID: 31 | URI: /counselling-backend/index.php?route=payments/payment-save
[2026-05-09 16:23:12] [INFO] Payment validation passed for student 1575. Proceeding with payment record creation. | User ID: 31 | URI: /counselling-backend/index.php?route=payments/payment-save
[2026-05-09 16:23:12] [INFO] Database transaction started for student 1575 payment processing. | User ID: 31 | URI: /counselling-backend/index.php?route=payments/payment-save
[2026-05-09 16:23:12] [INFO] Generating receipt number - Student: 1575, Fee Component: transport_fee | User ID: 31 | URI: /counselling-backend/index.php?route=payments/payment-save
[2026-05-09 16:23:12] [SUCCESS] Payment record created: ID 3371, Receipt: 39, Component: transport_fee | User ID: 31 | URI: /counselling-backend/index.php?route=payments/payment-save
[2026-05-09 16:23:12] [INFO] Synchronized tbl_student_fee_allocation for student 1575 | User ID: 31 | URI: /counselling-backend/index.php?route=payments/payment-save
[2026-05-09 16:23:12] [INFO] Payment transaction log created for payment ID: 3371 | User ID: 31 | URI: /counselling-backend/index.php?route=payments/payment-save
[2026-05-09 16:23:12] [SUCCESS] Payment transaction committed successfully for student 1575. Receipt No: 39 | User ID: 31 | URI: /counselling-backend/index.php?route=payments/payment-save
[2026-05-09 16:23:13] [INFO] Updated student requirement flags for student 1575: transport_required = 'Yes' | User ID: 31 | URI: /counselling-backend/index.php?route=payments/payment-save
[2026-05-09 16:40:33] [INFO] Fetching student information for admission confirm - Student ID: 3424, Counsellor ID: 143 | User ID: 143 | URI: /counselling-backend/index.php?route=students/admission-confirm-save
[2026-05-09 16:40:33] [INFO] Student information fetched successfully - Student: MEET, Course ID: 2, Medium ID: 2, Group ID: 2 | User ID: 143 | URI: /counselling-backend/index.php?route=students/admission-confirm-save
[2026-05-09 16:40:33] [INFO] Fetching fee configuration - Course ID: 2, Medium ID: 2, Group ID: 2 | User ID: 143 | URI: /counselling-backend/index.php?route=students/admission-confirm-save
[2026-05-09 16:40:33] [INFO] Fee configuration fetched successfully - School Fee: ₹15000, Trust Fee: ₹15000, Tuition Part 1: ₹10000, Token Amount (with GST): ₹11800 | User ID: 143 | URI: /counselling-backend/index.php?route=students/admission-confirm-save
[2026-05-09 16:41:26] [INFO] Fetching student information for admission confirm - Student ID: 3425, Counsellor ID: 143 | User ID: 143 | URI: /counselling-backend/index.php?route=students/admission-confirm-save
[2026-05-09 16:41:26] [INFO] Student information fetched successfully - Student: PRIYANSHEE, Course ID: 2, Medium ID: 2, Group ID: 2 | User ID: 143 | URI: /counselling-backend/index.php?route=students/admission-confirm-save
[2026-05-09 16:41:26] [INFO] Fetching fee configuration - Course ID: 2, Medium ID: 2, Group ID: 2 | User ID: 143 | URI: /counselling-backend/index.php?route=students/admission-confirm-save
[2026-05-09 16:41:26] [INFO] Fee configuration fetched successfully - School Fee: ₹15000, Trust Fee: ₹15000, Tuition Part 1: ₹10000, Token Amount (with GST): ₹11800 | User ID: 143 | URI: /counselling-backend/index.php?route=students/admission-confirm-save
[2026-05-09 16:42:19] [INFO] Fetching student information for admission confirm - Student ID: 3426, Counsellor ID: 143 | User ID: 143 | URI: /counselling-backend/index.php?route=students/admission-confirm-save
[2026-05-09 16:42:19] [INFO] Student information fetched successfully - Student: ANJALI, Course ID: 2, Medium ID: 2, Group ID: 2 | User ID: 143 | URI: /counselling-backend/index.php?route=students/admission-confirm-save
[2026-05-09 16:42:19] [INFO] Fetching fee configuration - Course ID: 2, Medium ID: 2, Group ID: 2 | User ID: 143 | URI: /counselling-backend/index.php?route=students/admission-confirm-save
[2026-05-09 16:42:19] [INFO] Fee configuration fetched successfully - School Fee: ₹15000, Trust Fee: ₹15000, Tuition Part 1: ₹10000, Token Amount (with GST): ₹11800 | User ID: 143 | URI: /counselling-backend/index.php?route=students/admission-confirm-save
[2026-05-09 16:43:13] [INFO] Fetching student information for admission confirm - Student ID: 3427, Counsellor ID: 143 | User ID: 143 | URI: /counselling-backend/index.php?route=students/admission-confirm-save
[2026-05-09 16:43:13] [INFO] Student information fetched successfully - Student: ARYAN, Course ID: 1, Medium ID: 1, Group ID: 2 | User ID: 143 | URI: /counselling-backend/index.php?route=students/admission-confirm-save
[2026-05-09 16:43:13] [INFO] Fetching fee configuration - Course ID: 1, Medium ID: 1, Group ID: 2 | User ID: 143 | URI: /counselling-backend/index.php?route=students/admission-confirm-save
[2026-05-09 16:43:13] [INFO] Fee configuration fetched successfully - School Fee: ₹15000, Trust Fee: ₹15000, Tuition Part 1: ₹10000, Token Amount (with GST): ₹11800 | User ID: 143 | URI: /counselling-backend/index.php?route=students/admission-confirm-save
[2026-05-09 16:44:34] [INFO] Fetching student information for admission confirm - Student ID: 3428, Counsellor ID: 143 | User ID: 143 | URI: /counselling-backend/index.php?route=students/admission-confirm-save
[2026-05-09 16:44:34] [INFO] Student information fetched successfully - Student: PRATYUSHA, Course ID: 2, Medium ID: 2, Group ID: 2 | User ID: 143 | URI: /counselling-backend/index.php?route=students/admission-confirm-save
[2026-05-09 16:44:34] [INFO] Fetching fee configuration - Course ID: 2, Medium ID: 2, Group ID: 2 | User ID: 143 | URI: /counselling-backend/index.php?route=students/admission-confirm-save
[2026-05-09 16:44:34] [INFO] Fee configuration fetched successfully - School Fee: ₹15000, Trust Fee: ₹15000, Tuition Part 1: ₹10000, Token Amount (with GST): ₹11800 | User ID: 143 | URI: /counselling-backend/index.php?route=students/admission-confirm-save
[2026-05-09 16:45:34] [INFO] Fetching student information for admission confirm - Student ID: 3429, Counsellor ID: 143 | User ID: 143 | URI: /counselling-backend/index.php?route=students/admission-confirm-save
[2026-05-09 16:45:34] [INFO] Student information fetched successfully - Student: KHUSHI, Course ID: 2, Medium ID: 2, Group ID: 2 | User ID: 143 | URI: /counselling-backend/index.php?route=students/admission-confirm-save
[2026-05-09 16:45:34] [INFO] Fetching fee configuration - Course ID: 2, Medium ID: 2, Group ID: 2 | User ID: 143 | URI: /counselling-backend/index.php?route=students/admission-confirm-save
[2026-05-09 16:45:34] [INFO] Fee configuration fetched successfully - School Fee: ₹15000, Trust Fee: ₹15000, Tuition Part 1: ₹10000, Token Amount (with GST): ₹11800 | User ID: 143 | URI: /counselling-backend/index.php?route=students/admission-confirm-save
[2026-05-09 16:47:43] [INFO] Fetching student information for admission confirm - Student ID: 3430, Counsellor ID: 143 | User ID: 143 | URI: /counselling-backend/index.php?route=students/admission-confirm-save
[2026-05-09 16:47:43] [INFO] Student information fetched successfully - Student: HETSHREE, Course ID: 2, Medium ID: 2, Group ID: 2 | User ID: 143 | URI: /counselling-backend/index.php?route=students/admission-confirm-save
[2026-05-09 16:47:43] [INFO] Fetching fee configuration - Course ID: 2, Medium ID: 2, Group ID: 2 | User ID: 143 | URI: /counselling-backend/index.php?route=students/admission-confirm-save
[2026-05-09 16:47:43] [INFO] Fee configuration fetched successfully - School Fee: ₹15000, Trust Fee: ₹15000, Tuition Part 1: ₹10000, Token Amount (with GST): ₹11800 | User ID: 143 | URI: /counselling-backend/index.php?route=students/admission-confirm-save
[2026-05-09 16:52:10] [INFO] Fetching student information for admission confirm - Student ID: 3431, Counsellor ID: 143 | User ID: 143 | URI: /counselling-backend/index.php?route=students/admission-confirm-save
[2026-05-09 16:52:10] [INFO] Student information fetched successfully - Student: KRISHA, Course ID: 1, Medium ID: 1, Group ID: 2 | User ID: 143 | URI: /counselling-backend/index.php?route=students/admission-confirm-save
[2026-05-09 16:52:10] [INFO] Fetching fee configuration - Course ID: 1, Medium ID: 1, Group ID: 2 | User ID: 143 | URI: /counselling-backend/index.php?route=students/admission-confirm-save
[2026-05-09 16:52:10] [INFO] Fee configuration fetched successfully - School Fee: ₹15000, Trust Fee: ₹15000, Tuition Part 1: ₹10000, Token Amount (with GST): ₹11800 | User ID: 143 | URI: /counselling-backend/index.php?route=students/admission-confirm-save
[2026-05-09 17:00:17] [INFO] Payment processing started for request: {"student_id":"2380","amount":"98980","payment_mode":"cheque"} | User ID: 31 | URI: /counselling-backend/index.php?route=payments/payment-save
[2026-05-09 17:00:17] [INFO] Payment validation passed for student 2380. Proceeding with payment record creation. | User ID: 31 | URI: /counselling-backend/index.php?route=payments/payment-save
[2026-05-09 17:00:17] [INFO] Database transaction started for student 2380 payment processing. | User ID: 31 | URI: /counselling-backend/index.php?route=payments/payment-save
[2026-05-09 17:00:17] [INFO] Generating receipt number - Student: 2380, Fee Component: school_fee | User ID: 31 | URI: /counselling-backend/index.php?route=payments/payment-save
[2026-05-09 17:00:17] [SUCCESS] Payment record created: ID 3372, Receipt: 42, Component: school_fee | User ID: 31 | URI: /counselling-backend/index.php?route=payments/payment-save
[2026-05-09 17:00:17] [INFO] Synchronized tbl_student_fee_allocation for student 2380 | User ID: 31 | URI: /counselling-backend/index.php?route=payments/payment-save
[2026-05-09 17:00:17] [INFO] Generating receipt number - Student: 2380, Fee Component: trust_facilities_fee | User ID: 31 | URI: /counselling-backend/index.php?route=payments/payment-save
[2026-05-09 17:00:17] [SUCCESS] Payment record created: ID 3373, Receipt: 253, Component: trust_facilities_fee | User ID: 31 | URI: /counselling-backend/index.php?route=payments/payment-save
[2026-05-09 17:00:17] [INFO] Synchronized tbl_student_fee_allocation for student 2380 | User ID: 31 | URI: /counselling-backend/index.php?route=payments/payment-save
[2026-05-09 17:00:17] [INFO] Generating receipt number - Student: 2380, Fee Component: tuition_fee_part2 | User ID: 31 | URI: /counselling-backend/index.php?route=payments/payment-save
[2026-05-09 17:00:17] [SUCCESS] Payment record created: ID 3374, Receipt: 243, Component: tuition_fee_part2 | User ID: 31 | URI: /counselling-backend/index.php?route=payments/payment-save
[2026-05-09 17:00:17] [INFO] Synchronized tbl_student_fee_allocation for student 2380 | User ID: 31 | URI: /counselling-backend/index.php?route=payments/payment-save
[2026-05-09 17:00:17] [INFO] Payment transaction log created for payment ID: 3372 | User ID: 31 | URI: /counselling-backend/index.php?route=payments/payment-save
[2026-05-09 17:00:17] [SUCCESS] Payment transaction committed successfully for student 2380. Receipt No: 42, 253, 243 | User ID: 31 | URI: /counselling-backend/index.php?route=payments/payment-save
[2026-05-09 17:03:26] [INFO] Payment processing started for request: {"student_id":"2029","amount":"10000","payment_mode":"cash"} | User ID: 31 | URI: /counselling-backend/index.php?route=payments/payment-save
[2026-05-09 17:03:26] [INFO] Payment validation passed for student 2029. Proceeding with payment record creation. | User ID: 31 | URI: /counselling-backend/index.php?route=payments/payment-save
[2026-05-09 17:03:26] [INFO] Database transaction started for student 2029 payment processing. | User ID: 31 | URI: /counselling-backend/index.php?route=payments/payment-save
[2026-05-09 17:03:26] [INFO] Generating receipt number - Student: 2029, Fee Component: hostel_security | User ID: 31 | URI: /counselling-backend/index.php?route=payments/payment-save
[2026-05-09 17:03:26] [SUCCESS] Payment record created: ID 3375, Receipt: 63, Component: hostel_security | User ID: 31 | URI: /counselling-backend/index.php?route=payments/payment-save
[2026-05-09 17:03:26] [INFO] Synchronized tbl_student_fee_allocation for student 2029 | User ID: 31 | URI: /counselling-backend/index.php?route=payments/payment-save
[2026-05-09 17:03:26] [INFO] Payment transaction log created for payment ID: 3375 | User ID: 31 | URI: /counselling-backend/index.php?route=payments/payment-save
[2026-05-09 17:03:26] [SUCCESS] Payment transaction committed successfully for student 2029. Receipt No: 63 | User ID: 31 | URI: /counselling-backend/index.php?route=payments/payment-save
[2026-05-09 17:14:43] [INFO] Fetching student information for admission confirm - Student ID: 3432, Counsellor ID: 143 | User ID: 143 | URI: /counselling-backend/index.php?route=students/admission-confirm-save
[2026-05-09 17:14:43] [INFO] Student information fetched successfully - Student: MEERA, Course ID: 2, Medium ID: 2, Group ID: 2 | User ID: 143 | URI: /counselling-backend/index.php?route=students/admission-confirm-save
[2026-05-09 17:14:43] [INFO] Fetching fee configuration - Course ID: 2, Medium ID: 2, Group ID: 2 | User ID: 143 | URI: /counselling-backend/index.php?route=students/admission-confirm-save
[2026-05-09 17:14:43] [INFO] Fee configuration fetched successfully - School Fee: ₹15000, Trust Fee: ₹15000, Tuition Part 1: ₹10000, Token Amount (with GST): ₹11800 | User ID: 143 | URI: /counselling-backend/index.php?route=students/admission-confirm-save
[2026-05-09 17:37:49] [INFO] Fetching student information for admission confirm - Student ID: 3434, Counsellor ID: 143 | User ID: 143 | URI: /counselling-backend/index.php?route=students/admission-confirm-save
[2026-05-09 17:37:49] [INFO] Student information fetched successfully - Student: KAMIL, Course ID: 1, Medium ID: 1, Group ID: 3 | User ID: 143 | URI: /counselling-backend/index.php?route=students/admission-confirm-save
[2026-05-09 17:37:49] [INFO] Fetching fee configuration - Course ID: 1, Medium ID: 1, Group ID: 3 | User ID: 143 | URI: /counselling-backend/index.php?route=students/admission-confirm-save
[2026-05-09 17:37:49] [INFO] Fee configuration fetched successfully - School Fee: ₹15000, Trust Fee: ₹15000, Tuition Part 1: ₹10000, Token Amount (with GST): ₹11800 | User ID: 143 | URI: /counselling-backend/index.php?route=students/admission-confirm-save
[2026-05-09 17:39:54] [INFO] Fetching student information for admission confirm - Student ID: 3435, Counsellor ID: 143 | User ID: 143 | URI: /counselling-backend/index.php?route=students/admission-confirm-save
[2026-05-09 17:39:54] [INFO] Student information fetched successfully - Student: MEET, Course ID: 1, Medium ID: 1, Group ID: 3 | User ID: 143 | URI: /counselling-backend/index.php?route=students/admission-confirm-save
[2026-05-09 17:39:54] [INFO] Fetching fee configuration - Course ID: 1, Medium ID: 1, Group ID: 3 | User ID: 143 | URI: /counselling-backend/index.php?route=students/admission-confirm-save
[2026-05-09 17:39:54] [INFO] Fee configuration fetched successfully - School Fee: ₹15000, Trust Fee: ₹15000, Tuition Part 1: ₹10000, Token Amount (with GST): ₹11800 | User ID: 143 | URI: /counselling-backend/index.php?route=students/admission-confirm-save
[2026-05-09 17:41:33] [INFO] Fetching student information for admission confirm - Student ID: 3436, Counsellor ID: 143 | User ID: 143 | URI: /counselling-backend/index.php?route=students/admission-confirm-save
[2026-05-09 17:41:33] [INFO] Student information fetched successfully - Student: HILL, Course ID: 1, Medium ID: 1, Group ID: 3 | User ID: 143 | URI: /counselling-backend/index.php?route=students/admission-confirm-save
[2026-05-09 17:41:33] [INFO] Fetching fee configuration - Course ID: 1, Medium ID: 1, Group ID: 3 | User ID: 143 | URI: /counselling-backend/index.php?route=students/admission-confirm-save
[2026-05-09 17:41:33] [INFO] Fee configuration fetched successfully - School Fee: ₹15000, Trust Fee: ₹15000, Tuition Part 1: ₹10000, Token Amount (with GST): ₹11800 | User ID: 143 | URI: /counselling-backend/index.php?route=students/admission-confirm-save
[2026-05-09 17:43:14] [INFO] Fetching student information for admission confirm - Student ID: 3437, Counsellor ID: 143 | User ID: 143 | URI: /counselling-backend/index.php?route=students/admission-confirm-save
[2026-05-09 17:43:14] [INFO] Student information fetched successfully - Student: NAITIK, Course ID: 1, Medium ID: 1, Group ID: 3 | User ID: 143 | URI: /counselling-backend/index.php?route=students/admission-confirm-save
[2026-05-09 17:43:14] [INFO] Fetching fee configuration - Course ID: 1, Medium ID: 1, Group ID: 3 | User ID: 143 | URI: /counselling-backend/index.php?route=students/admission-confirm-save
[2026-05-09 17:43:14] [INFO] Fee configuration fetched successfully - School Fee: ₹15000, Trust Fee: ₹15000, Tuition Part 1: ₹10000, Token Amount (with GST): ₹11800 | User ID: 143 | URI: /counselling-backend/index.php?route=students/admission-confirm-save
[2026-05-09 17:44:16] [INFO] Fetching student information for admission confirm - Student ID: 3438, Counsellor ID: 143 | User ID: 143 | URI: /counselling-backend/index.php?route=students/admission-confirm-save
[2026-05-09 17:44:16] [INFO] Student information fetched successfully - Student: KEVAL, Course ID: 1, Medium ID: 1, Group ID: 3 | User ID: 143 | URI: /counselling-backend/index.php?route=students/admission-confirm-save
[2026-05-09 17:44:16] [INFO] Fetching fee configuration - Course ID: 1, Medium ID: 1, Group ID: 3 | User ID: 143 | URI: /counselling-backend/index.php?route=students/admission-confirm-save
[2026-05-09 17:44:16] [INFO] Fee configuration fetched successfully - School Fee: ₹15000, Trust Fee: ₹15000, Tuition Part 1: ₹10000, Token Amount (with GST): ₹11800 | User ID: 143 | URI: /counselling-backend/index.php?route=students/admission-confirm-save
[2026-05-09 17:45:32] [INFO] Fetching student information for admission confirm - Student ID: 3439, Counsellor ID: 143 | User ID: 143 | URI: /counselling-backend/index.php?route=students/admission-confirm-save
[2026-05-09 17:45:32] [INFO] Student information fetched successfully - Student: MEHULBHAI, Course ID: 1, Medium ID: 1, Group ID: 3 | User ID: 143 | URI: /counselling-backend/index.php?route=students/admission-confirm-save
[2026-05-09 17:45:32] [INFO] Fetching fee configuration - Course ID: 1, Medium ID: 1, Group ID: 3 | User ID: 143 | URI: /counselling-backend/index.php?route=students/admission-confirm-save
[2026-05-09 17:45:32] [INFO] Fee configuration fetched successfully - School Fee: ₹15000, Trust Fee: ₹15000, Tuition Part 1: ₹10000, Token Amount (with GST): ₹11800 | User ID: 143 | URI: /counselling-backend/index.php?route=students/admission-confirm-save
