[2026-05-16 08:31:08] [INFO] Synchronized tbl_student_fee_allocation for student 3469 after cancellation | User ID: 70 | URI: /counselling-backend/index.php?route=payments/cancel-receipt
[2026-05-16 08:31:08] [SUCCESS] Receipt 0 (5363) cancelled successfully by User 70. | User ID: 70 | URI: /counselling-backend/index.php?route=payments/cancel-receipt
[2026-05-16 08:31:43] [INFO] Payment processing started for request: {"student_id":"3469","amount":"10000","payment_mode":"cash"} | User ID: 31 | URI: /counselling-backend/index.php?route=payments/payment-save
[2026-05-16 08:31:43] [INFO] Payment validation passed for student 3469. Proceeding with payment record creation. | User ID: 31 | URI: /counselling-backend/index.php?route=payments/payment-save
[2026-05-16 08:31:43] [INFO] Database transaction started for student 3469 payment processing. | User ID: 31 | URI: /counselling-backend/index.php?route=payments/payment-save
[2026-05-16 08:31:43] [SUCCESS] Payment record created: ID 5389, Receipt: 0, Component: hostel_security | User ID: 31 | URI: /counselling-backend/index.php?route=payments/payment-save
[2026-05-16 08:31:43] [INFO] Synchronized tbl_student_fee_allocation for student 3469 | User ID: 31 | URI: /counselling-backend/index.php?route=payments/payment-save
[2026-05-16 08:31:43] [INFO] Payment transaction log created for payment ID: 5389 | User ID: 31 | URI: /counselling-backend/index.php?route=payments/payment-save
[2026-05-16 08:31:43] [SUCCESS] Payment transaction committed successfully for student 3469. Receipt No:  | User ID: 31 | URI: /counselling-backend/index.php?route=payments/payment-save
[2026-05-16 08:48:37] [INFO] Payment processing started for request: {"student_id":"2220","amount":"95440","payment_mode":"cheque"} | User ID: 70 | URI: /counselling-backend/index.php?route=payments/payment-save
[2026-05-16 08:48:37] [INFO] Payment validation passed for student 2220. Proceeding with payment record creation. | User ID: 70 | URI: /counselling-backend/index.php?route=payments/payment-save
[2026-05-16 08:48:37] [INFO] Database transaction started for student 2220 payment processing. | User ID: 70 | URI: /counselling-backend/index.php?route=payments/payment-save
[2026-05-16 08:48:37] [INFO] Generating receipt number - Student: 2220, Fee Component: school_fee | User ID: 70 | URI: /counselling-backend/index.php?route=payments/payment-save
[2026-05-16 08:48:37] [SUCCESS] Payment record created: ID 5390, Receipt: 258, Component: school_fee | User ID: 70 | URI: /counselling-backend/index.php?route=payments/payment-save
[2026-05-16 08:48:37] [INFO] Synchronized tbl_student_fee_allocation for student 2220 | User ID: 70 | URI: /counselling-backend/index.php?route=payments/payment-save
[2026-05-16 08:48:37] [INFO] Generating receipt number - Student: 2220, Fee Component: trust_facilities_fee | User ID: 70 | URI: /counselling-backend/index.php?route=payments/payment-save
[2026-05-16 08:48:37] [SUCCESS] Payment record created: ID 5391, Receipt: 327, Component: trust_facilities_fee | User ID: 70 | URI: /counselling-backend/index.php?route=payments/payment-save
[2026-05-16 08:48:37] [INFO] Synchronized tbl_student_fee_allocation for student 2220 | User ID: 70 | URI: /counselling-backend/index.php?route=payments/payment-save
[2026-05-16 08:48:37] [INFO] Generating receipt number - Student: 2220, Fee Component: tuition_fee_part2 | User ID: 70 | URI: /counselling-backend/index.php?route=payments/payment-save
[2026-05-16 08:48:37] [SUCCESS] Payment record created: ID 5392, Receipt: 309, Component: tuition_fee_part2 | User ID: 70 | URI: /counselling-backend/index.php?route=payments/payment-save
[2026-05-16 08:48:37] [INFO] Synchronized tbl_student_fee_allocation for student 2220 | User ID: 70 | URI: /counselling-backend/index.php?route=payments/payment-save
[2026-05-16 08:48:37] [INFO] Payment transaction log created for payment ID: 5390 | User ID: 70 | URI: /counselling-backend/index.php?route=payments/payment-save
[2026-05-16 08:48:37] [SUCCESS] Payment transaction committed successfully for student 2220. Receipt No: 258, 327, 309 | User ID: 70 | URI: /counselling-backend/index.php?route=payments/payment-save
[2026-05-16 10:44:36] [INFO] Payment processing started for request: {"student_id":"1534","amount":"98980","payment_mode":"cash"} | User ID: 70 | URI: /counselling-backend/index.php?route=payments/payment-save
[2026-05-16 10:44:36] [INFO] Payment validation passed for student 1534. Proceeding with payment record creation. | User ID: 70 | URI: /counselling-backend/index.php?route=payments/payment-save
[2026-05-16 10:44:36] [INFO] Database transaction started for student 1534 payment processing. | User ID: 70 | URI: /counselling-backend/index.php?route=payments/payment-save
[2026-05-16 10:44:36] [INFO] Generating receipt number - Student: 1534, Fee Component: school_fee | User ID: 70 | URI: /counselling-backend/index.php?route=payments/payment-save
[2026-05-16 10:44:36] [SUCCESS] Payment record created: ID 5394, Receipt: 259, Component: school_fee | User ID: 70 | URI: /counselling-backend/index.php?route=payments/payment-save
[2026-05-16 10:44:36] [INFO] Synchronized tbl_student_fee_allocation for student 1534 | User ID: 70 | URI: /counselling-backend/index.php?route=payments/payment-save
[2026-05-16 10:44:36] [INFO] Generating receipt number - Student: 1534, Fee Component: trust_facilities_fee | User ID: 70 | URI: /counselling-backend/index.php?route=payments/payment-save
[2026-05-16 10:44:36] [SUCCESS] Payment record created: ID 5395, Receipt: 328, Component: trust_facilities_fee | User ID: 70 | URI: /counselling-backend/index.php?route=payments/payment-save
[2026-05-16 10:44:36] [INFO] Synchronized tbl_student_fee_allocation for student 1534 | User ID: 70 | URI: /counselling-backend/index.php?route=payments/payment-save
[2026-05-16 10:44:36] [INFO] Generating receipt number - Student: 1534, Fee Component: tuition_fee_part2 | User ID: 70 | URI: /counselling-backend/index.php?route=payments/payment-save
[2026-05-16 10:44:36] [SUCCESS] Payment record created: ID 5396, Receipt: 310, Component: tuition_fee_part2 | User ID: 70 | URI: /counselling-backend/index.php?route=payments/payment-save
[2026-05-16 10:44:36] [INFO] Synchronized tbl_student_fee_allocation for student 1534 | User ID: 70 | URI: /counselling-backend/index.php?route=payments/payment-save
[2026-05-16 10:44:36] [INFO] Payment transaction log created for payment ID: 5394 | User ID: 70 | URI: /counselling-backend/index.php?route=payments/payment-save
[2026-05-16 10:44:36] [SUCCESS] Payment transaction committed successfully for student 1534. Receipt No: 259, 328, 310 | User ID: 70 | URI: /counselling-backend/index.php?route=payments/payment-save
[2026-05-16 11:25:00] [INFO] Payment processing started for request: {"student_id":"1591","amount":"98980","payment_mode":"cash"} | User ID: 31 | URI: /counselling-backend/index.php?route=payments/payment-save
[2026-05-16 11:25:00] [INFO] Payment validation passed for student 1591. Proceeding with payment record creation. | User ID: 31 | URI: /counselling-backend/index.php?route=payments/payment-save
[2026-05-16 11:25:00] [INFO] Database transaction started for student 1591 payment processing. | User ID: 31 | URI: /counselling-backend/index.php?route=payments/payment-save
[2026-05-16 11:25:00] [INFO] Generating receipt number - Student: 1591, Fee Component: school_fee | User ID: 31 | URI: /counselling-backend/index.php?route=payments/payment-save
[2026-05-16 11:25:00] [SUCCESS] Payment record created: ID 5397, Receipt: 260, Component: school_fee | User ID: 31 | URI: /counselling-backend/index.php?route=payments/payment-save
[2026-05-16 11:25:00] [INFO] Synchronized tbl_student_fee_allocation for student 1591 | User ID: 31 | URI: /counselling-backend/index.php?route=payments/payment-save
[2026-05-16 11:25:00] [INFO] Generating receipt number - Student: 1591, Fee Component: trust_facilities_fee | User ID: 31 | URI: /counselling-backend/index.php?route=payments/payment-save
[2026-05-16 11:25:00] [SUCCESS] Payment record created: ID 5398, Receipt: 329, Component: trust_facilities_fee | User ID: 31 | URI: /counselling-backend/index.php?route=payments/payment-save
[2026-05-16 11:25:00] [INFO] Synchronized tbl_student_fee_allocation for student 1591 | User ID: 31 | URI: /counselling-backend/index.php?route=payments/payment-save
[2026-05-16 11:25:00] [INFO] Generating receipt number - Student: 1591, Fee Component: tuition_fee_part2 | User ID: 31 | URI: /counselling-backend/index.php?route=payments/payment-save
[2026-05-16 11:25:00] [SUCCESS] Payment record created: ID 5399, Receipt: 311, Component: tuition_fee_part2 | User ID: 31 | URI: /counselling-backend/index.php?route=payments/payment-save
[2026-05-16 11:25:00] [INFO] Synchronized tbl_student_fee_allocation for student 1591 | User ID: 31 | URI: /counselling-backend/index.php?route=payments/payment-save
[2026-05-16 11:25:00] [INFO] Payment transaction log created for payment ID: 5397 | User ID: 31 | URI: /counselling-backend/index.php?route=payments/payment-save
[2026-05-16 11:25:00] [SUCCESS] Payment transaction committed successfully for student 1591. Receipt No: 260, 329, 311 | User ID: 31 | URI: /counselling-backend/index.php?route=payments/payment-save
[2026-05-16 11:47:35] [INFO] Payment processing started for request: {"student_id":"1444","amount":"81280","payment_mode":"cash"} | User ID: 31 | URI: /counselling-backend/index.php?route=payments/payment-save
[2026-05-16 11:47:35] [INFO] Payment validation passed for student 1444. Proceeding with payment record creation. | User ID: 31 | URI: /counselling-backend/index.php?route=payments/payment-save
[2026-05-16 11:47:35] [INFO] Database transaction started for student 1444 payment processing. | User ID: 31 | URI: /counselling-backend/index.php?route=payments/payment-save
[2026-05-16 11:47:35] [INFO] Generating receipt number - Student: 1444, Fee Component: school_fee | User ID: 31 | URI: /counselling-backend/index.php?route=payments/payment-save
[2026-05-16 11:47:35] [SUCCESS] Payment record created: ID 5400, Receipt: 261, Component: school_fee | User ID: 31 | URI: /counselling-backend/index.php?route=payments/payment-save
[2026-05-16 11:47:35] [INFO] Synchronized tbl_student_fee_allocation for student 1444 | User ID: 31 | URI: /counselling-backend/index.php?route=payments/payment-save
[2026-05-16 11:47:35] [INFO] Generating receipt number - Student: 1444, Fee Component: trust_facilities_fee | User ID: 31 | URI: /counselling-backend/index.php?route=payments/payment-save
[2026-05-16 11:47:35] [SUCCESS] Payment record created: ID 5401, Receipt: 330, Component: trust_facilities_fee | User ID: 31 | URI: /counselling-backend/index.php?route=payments/payment-save
[2026-05-16 11:47:35] [INFO] Synchronized tbl_student_fee_allocation for student 1444 | User ID: 31 | URI: /counselling-backend/index.php?route=payments/payment-save
[2026-05-16 11:47:35] [INFO] Generating receipt number - Student: 1444, Fee Component: tuition_fee_part2 | User ID: 31 | URI: /counselling-backend/index.php?route=payments/payment-save
[2026-05-16 11:47:35] [SUCCESS] Payment record created: ID 5402, Receipt: 312, Component: tuition_fee_part2 | User ID: 31 | URI: /counselling-backend/index.php?route=payments/payment-save
[2026-05-16 11:47:35] [INFO] Synchronized tbl_student_fee_allocation for student 1444 | User ID: 31 | URI: /counselling-backend/index.php?route=payments/payment-save
[2026-05-16 11:47:35] [INFO] Payment transaction log created for payment ID: 5400 | User ID: 31 | URI: /counselling-backend/index.php?route=payments/payment-save
[2026-05-16 11:47:35] [SUCCESS] Payment transaction committed successfully for student 1444. Receipt No: 261, 330, 312 | User ID: 31 | URI: /counselling-backend/index.php?route=payments/payment-save
